<?xml version="1.0" encoding="UTF-8" ?>
<testsuite errors="619" failures="0" hostname="gleison-Inspiron-5448" name="RandoopTest" tests="619" time="0.65" timestamp="2017-04-20T00:23:34">
  <properties>
    <property name="java.vendor" value="Oracle Corporation" />
    <property name="test.name" value="RandoopTest1.class" />
    <property name="sun.java.launcher" value="SUN_STANDARD" />
    <property name="sun.management.compiler" value="HotSpot 64-Bit Tiered Compilers" />
    <property name="emma.filter" value="" />
    <property name="lib" value="/home/gleison/JUnit/Source/bin" />
    <property name="os.name" value="Linux" />
    <property name="sun.boot.class.path" value="/usr/lib/jvm/java-8-oracle/jre/lib/resources.jar:/usr/lib/jvm/java-8-oracle/jre/lib/rt.jar:/usr/lib/jvm/java-8-oracle/jre/lib/sunrsasign.jar:/usr/lib/jvm/java-8-oracle/jre/lib/jsse.jar:/usr/lib/jvm/java-8-oracle/jre/lib/jce.jar:/usr/lib/jvm/java-8-oracle/jre/lib/charsets.jar:/usr/lib/jvm/java-8-oracle/jre/lib/jfr.jar:/usr/lib/jvm/java-8-oracle/jre/classes" />
    <property name="out.instr.dir" value="/tmp/SafeRefactor20//tests/tests/bin_source//outinstr" />
    <property name="sun.desktop" value="gnome" />
    <property name="java.vm.specification.vendor" value="Oracle Corporation" />
    <property name="java.runtime.version" value="1.8.0_121-b13" />
    <property name="user.name" value="gleison" />
    <property name="user.language" value="pt" />
    <property name="sun.boot.library.path" value="/usr/lib/jvm/java-8-oracle/jre/lib/amd64" />
    <property name="ant.project.default-target" value="run_target" />
    <property name="ant.project.name" value="RefactoringProject" />
    <property name="java.version" value="1.8.0_121" />
    <property name="user.timezone" value="" />
    <property name="sun.arch.data.model" value="64" />
    <property name="emma.coverage.out.file" value="/tmp/SafeRefactor20//tests/tests/bin_source//coverage/coverage.emma" />
    <property name="java.endorsed.dirs" value="/usr/lib/jvm/java-8-oracle/jre/lib/endorsed" />
    <property name="sun.cpu.isalist" value="" />
    <property name="sun.jnu.encoding" value="UTF-8" />
    <property name="file.encoding.pkg" value="sun.io" />
    <property name="file.separator" value="/" />
    <property name="java.specification.name" value="Java Platform API Specification" />
    <property name="java.class.version" value="52.0" />
    <property name="user.country" value="BR" />
    <property name="java.home" value="/usr/lib/jvm/java-8-oracle/jre" />
    <property name="java.vm.info" value="mixed mode" />
    <property name="os.version" value="4.4.0-72-generic" />
    <property name="path.separator" value=":" />
    <property name="java.vm.version" value="25.121-b13" />
    <property name="java.awt.printerjob" value="sun.print.PSPrinterJob" />
    <property name="sun.io.unicode.encoding" value="UnicodeLittle" />
    <property name="awt.toolkit" value="sun.awt.X11.XToolkit" />
    <property name="coverage.dir" value="/tmp/SafeRefactor20//tests/tests/bin_source//coverage" />
    <property name="user.home" value="/home/gleison" />
    <property name="target" value="/home/gleison/JUnit/Source" />
    <property name="java.specification.vendor" value="Oracle Corporation" />
    <property name="java.library.path" value="/usr/java/packages/lib/amd64:/usr/lib64:/lib64:/lib:/usr/lib" />
    <property name="java.vendor.url" value="http://java.oracle.com/" />
    <property name="java.vm.vendor" value="Oracle Corporation" />
    <property name="java.runtime.name" value="Java(TM) SE Runtime Environment" />
    <property name="sun.java.command" value="org.apache.tools.ant.taskdefs.optional.junit.JUnitTestRunner RandoopTest filtertrace=true haltOnError=false haltOnFailure=false formatter=org.apache.tools.ant.taskdefs.optional.junit.SummaryJUnitResultFormatter showoutput=false outputtoformatters=true logfailedtests=true logtestlistenerevents=true formatter=org.apache.tools.ant.taskdefs.optional.junit.XMLJUnitResultFormatter,/home/gleison/workspace/saferefactor2/TEST-RandoopTest.xml crashfile=/home/gleison/workspace/saferefactor2/junitvmwatcher802298658171669615.properties propsfile=/home/gleison/workspace/saferefactor2/junit3850727258304860007.properties" />
    <property name="ant.file.RefactoringProject" value="file:/home/gleison/workspace/saferefactor2/bin/build_coverage.xml" />
    <property name="java.class.path" value="/tmp/SafeRefactor20/tests/tests/bin_source/outinstr:/home/gleison/JUnit/Source/bin:/home/gleison/workspace/saferefactor2/bin:/home/gleison/workspace/saferefactor2/lib/ant-junit.jar:/home/gleison/workspace/saferefactor2/lib/ant-launcher.jar:/home/gleison/workspace/saferefactor2/lib/ant.jar:/home/gleison/workspace/saferefactor2/lib/asm-3.0.jar:/home/gleison/workspace/saferefactor2/lib/aspectjrt.jar:/home/gleison/workspace/saferefactor2/lib/aspectjtools.jar:/home/gleison/workspace/saferefactor2/lib/emma_ant.jar:/home/gleison/workspace/saferefactor2/lib/emma.jar:/home/gleison/workspace/saferefactor2/lib/jakarta-oro-2.0.8.jar:/home/gleison/workspace/saferefactor2/lib/javaparser-1.0.8.jar:/home/gleison/workspace/saferefactor2/lib/jdom-1.1.3.jar:/home/gleison/workspace/saferefactor2/lib/junit-4.5.jar:/home/gleison/workspace/saferefactor2/lib/org.eclipse.jdt.core_3.2.3.v_686_R32x.jar:/home/gleison/workspace/saferefactor2/lib/plume.jar:/home/gleison/workspace/saferefactor2/lib/commons-lang3-3.5.jar:/tmp/SafeRefactor20/tests/tests/bin_source" />
    <property name="ant.version" value="Apache Ant version 1.8.1 compiled on April 30 2010" />
    <property name="targetBin" value="/home/gleison/JUnit/Source/bin" />
    <property name="java.vm.specification.name" value="Java Virtual Machine Specification" />
    <property name="java.vm.specification.version" value="1.8" />
    <property name="sun.cpu.endian" value="little" />
    <property name="sun.os.patch.level" value="unknown" />
    <property name="java.io.tmpdir" value="/tmp" />
    <property name="targetSrc" value="/home/gleison/JUnit/Source/src" />
    <property name="java.vendor.url.bug" value="http://bugreport.sun.com/bugreport/" />
    <property name="os.arch" value="amd64" />
    <property name="java.awt.graphicsenv" value="sun.awt.X11GraphicsEnvironment" />
    <property name="java.ext.dirs" value="/usr/lib/jvm/java-8-oracle/jre/lib/ext:/usr/java/packages/lib/ext" />
    <property name="user.dir" value="/home/gleison/workspace/saferefactor2" />
    <property name="emma.coverage.out.merge" value="false" />
    <property name="line.separator" value="
" />
    <property name="java.vm.name" value="Java HotSpot(TM) 64-Bit Server VM" />
    <property name="ant.file.type.RefactoringProject" value="url" />
    <property name="basedir" value="/home/gleison/workspace/saferefactor2" />
    <property name="ant.java.version" value="1.6" />
    <property name="ant.core.lib" value="/home/gleison/workspace/saferefactor2/lib/ant.jar" />
    <property name="tests.folder" value="/tmp/SafeRefactor20//tests/tests/bin_source/" />
    <property name="emma.enabled" value="true" />
    <property name="file.encoding" value="UTF-8" />
    <property name="java.specification.version" value="1.8" />
    <property name="src.dir" value="/home/gleison/JUnit/Source/src" />
    <property name="out.dir" value="/home/gleison/JUnit/Source/bin" />
  </properties>
  <testcase classname="RandoopTest0" name="test4" time="0.009">
    <error message="Expecting a stackmap frame at branch target 11
Exception Details:
  Location:
    A.k(J)I @4: ifnonnull
  Reason:
    Expected stackmap frame at this location.
  Bytecode:
    0x0000000: b200 1859 c700 0757 b800 2204 324e 100a
    0x0000010: 2d03 0454 ac                           
" type="java.lang.VerifyError">java.lang.VerifyError: Expecting a stackmap frame at branch target 11
Exception Details:
  Location:
    A.k(J)I @4: ifnonnull
  Reason:
    Expected stackmap frame at this location.
  Bytecode:
    0x0000000: b200 1859 c700 0757 b800 2204 324e 100a
    0x0000010: 2d03 0454 ac                           

	at RandoopTest0.test4(RandoopTest0.java:92)
</error>
  </testcase>
  <testcase classname="RandoopTest0" name="test5" time="0.002">
    <error message="Expecting a stackmap frame at branch target 11
Exception Details:
  Location:
    A.k(J)I @4: ifnonnull
  Reason:
    Expected stackmap frame at this location.
  Bytecode:
    0x0000000: b200 1859 c700 0757 b800 2204 324e 100a
    0x0000010: 2d03 0454 ac                           
" type="java.lang.VerifyError">java.lang.VerifyError: Expecting a stackmap frame at branch target 11
Exception Details:
  Location:
    A.k(J)I @4: ifnonnull
  Reason:
    Expected stackmap frame at this location.
  Bytecode:
    0x0000000: b200 1859 c700 0757 b800 2204 324e 100a
    0x0000010: 2d03 0454 ac                           

	at RandoopTest0.test5(RandoopTest0.java:137)
</error>
  </testcase>
  <testcase classname="RandoopTest0" name="test6" time="0.001">
    <error message="Expecting a stackmap frame at branch target 11
Exception Details:
  Location:
    A.k(J)I @4: ifnonnull
  Reason:
    Expected stackmap frame at this location.
  Bytecode:
    0x0000000: b200 1859 c700 0757 b800 2204 324e 100a
    0x0000010: 2d03 0454 ac                           
" type="java.lang.VerifyError">java.lang.VerifyError: Expecting a stackmap frame at branch target 11
Exception Details:
  Location:
    A.k(J)I @4: ifnonnull
  Reason:
    Expected stackmap frame at this location.
  Bytecode:
    0x0000000: b200 1859 c700 0757 b800 2204 324e 100a
    0x0000010: 2d03 0454 ac                           

	at RandoopTest0.test6(RandoopTest0.java:158)
</error>
  </testcase>
  <testcase classname="RandoopTest0" name="test7" time="0.002">
    <error message="Expecting a stackmap frame at branch target 11
Exception Details:
  Location:
    A.k(J)I @4: ifnonnull
  Reason:
    Expected stackmap frame at this location.
  Bytecode:
    0x0000000: b200 1859 c700 0757 b800 2204 324e 100a
    0x0000010: 2d03 0454 ac                           
" type="java.lang.VerifyError">java.lang.VerifyError: Expecting a stackmap frame at branch target 11
Exception Details:
  Location:
    A.k(J)I @4: ifnonnull
  Reason:
    Expected stackmap frame at this location.
  Bytecode:
    0x0000000: b200 1859 c700 0757 b800 2204 324e 100a
    0x0000010: 2d03 0454 ac                           

	at RandoopTest0.test7(RandoopTest0.java:187)
</error>
  </testcase>
  <testcase classname="RandoopTest0" name="test8" time="0.001">
    <error message="Expecting a stackmap frame at branch target 11
Exception Details:
  Location:
    A.k(J)I @4: ifnonnull
  Reason:
    Expected stackmap frame at this location.
  Bytecode:
    0x0000000: b200 1859 c700 0757 b800 2204 324e 100a
    0x0000010: 2d03 0454 ac                           
" type="java.lang.VerifyError">java.lang.VerifyError: Expecting a stackmap frame at branch target 11
Exception Details:
  Location:
    A.k(J)I @4: ifnonnull
  Reason:
    Expected stackmap frame at this location.
  Bytecode:
    0x0000000: b200 1859 c700 0757 b800 2204 324e 100a
    0x0000010: 2d03 0454 ac                           

	at RandoopTest0.test8(RandoopTest0.java:244)
</error>
  </testcase>
  <testcase classname="RandoopTest0" name="test9" time="0.001">
    <error message="Expecting a stackmap frame at branch target 11
Exception Details:
  Location:
    A.k(J)I @4: ifnonnull
  Reason:
    Expected stackmap frame at this location.
  Bytecode:
    0x0000000: b200 1859 c700 0757 b800 2204 324e 100a
    0x0000010: 2d03 0454 ac                           
" type="java.lang.VerifyError">java.lang.VerifyError: Expecting a stackmap frame at branch target 11
Exception Details:
  Location:
    A.k(J)I @4: ifnonnull
  Reason:
    Expected stackmap frame at this location.
  Bytecode:
    0x0000000: b200 1859 c700 0757 b800 2204 324e 100a
    0x0000010: 2d03 0454 ac                           

	at RandoopTest0.test9(RandoopTest0.java:301)
</error>
  </testcase>
  <testcase classname="RandoopTest0" name="test10" time="0.001">
    <error message="Expecting a stackmap frame at branch target 11
Exception Details:
  Location:
    A.k(J)I @4: ifnonnull
  Reason:
    Expected stackmap frame at this location.
  Bytecode:
    0x0000000: b200 1859 c700 0757 b800 2204 324e 100a
    0x0000010: 2d03 0454 ac                           
" type="java.lang.VerifyError">java.lang.VerifyError: Expecting a stackmap frame at branch target 11
Exception Details:
  Location:
    A.k(J)I @4: ifnonnull
  Reason:
    Expected stackmap frame at this location.
  Bytecode:
    0x0000000: b200 1859 c700 0757 b800 2204 324e 100a
    0x0000010: 2d03 0454 ac                           

	at RandoopTest0.test10(RandoopTest0.java:334)
</error>
  </testcase>
  <testcase classname="RandoopTest0" name="test59" time="0.001">
    <error message="Expecting a stackmap frame at branch target 11
Exception Details:
  Location:
    A.k(J)I @4: ifnonnull
  Reason:
    Expected stackmap frame at this location.
  Bytecode:
    0x0000000: b200 1859 c700 0757 b800 2204 324e 100a
    0x0000010: 2d03 0454 ac                           
" type="java.lang.VerifyError">java.lang.VerifyError: Expecting a stackmap frame at branch target 11
Exception Details:
  Location:
    A.k(J)I @4: ifnonnull
  Reason:
    Expected stackmap frame at this location.
  Bytecode:
    0x0000000: b200 1859 c700 0757 b800 2204 324e 100a
    0x0000010: 2d03 0454 ac                           

	at RandoopTest0.test59(RandoopTest0.java:2295)
</error>
  </testcase>
  <testcase classname="RandoopTest0" name="test60" time="0.001">
    <error message="Expecting a stackmap frame at branch target 11
Exception Details:
  Location:
    A.k(J)I @4: ifnonnull
  Reason:
    Expected stackmap frame at this location.
  Bytecode:
    0x0000000: b200 1859 c700 0757 b800 2204 324e 100a
    0x0000010: 2d03 0454 ac                           
" type="java.lang.VerifyError">java.lang.VerifyError: Expecting a stackmap frame at branch target 11
Exception Details:
  Location:
    A.k(J)I @4: ifnonnull
  Reason:
    Expected stackmap frame at this location.
  Bytecode:
    0x0000000: b200 1859 c700 0757 b800 2204 324e 100a
    0x0000010: 2d03 0454 ac                           

	at RandoopTest0.test60(RandoopTest0.java:2324)
</error>
  </testcase>
  <testcase classname="RandoopTest0" name="test61" time="0.002">
    <error message="Expecting a stackmap frame at branch target 11
Exception Details:
  Location:
    A.k(J)I @4: ifnonnull
  Reason:
    Expected stackmap frame at this location.
  Bytecode:
    0x0000000: b200 1859 c700 0757 b800 2204 324e 100a
    0x0000010: 2d03 0454 ac                           
" type="java.lang.VerifyError">java.lang.VerifyError: Expecting a stackmap frame at branch target 11
Exception Details:
  Location:
    A.k(J)I @4: ifnonnull
  Reason:
    Expected stackmap frame at this location.
  Bytecode:
    0x0000000: b200 1859 c700 0757 b800 2204 324e 100a
    0x0000010: 2d03 0454 ac                           

	at RandoopTest0.test61(RandoopTest0.java:2357)
</error>
  </testcase>
  <testcase classname="RandoopTest0" name="test62" time="0.001">
    <error message="Expecting a stackmap frame at branch target 11
Exception Details:
  Location:
    A.k(J)I @4: ifnonnull
  Reason:
    Expected stackmap frame at this location.
  Bytecode:
    0x0000000: b200 1859 c700 0757 b800 2204 324e 100a
    0x0000010: 2d03 0454 ac                           
" type="java.lang.VerifyError">java.lang.VerifyError: Expecting a stackmap frame at branch target 11
Exception Details:
  Location:
    A.k(J)I @4: ifnonnull
  Reason:
    Expected stackmap frame at this location.
  Bytecode:
    0x0000000: b200 1859 c700 0757 b800 2204 324e 100a
    0x0000010: 2d03 0454 ac                           

	at RandoopTest0.test62(RandoopTest0.java:2410)
</error>
  </testcase>
  <testcase classname="RandoopTest0" name="test63" time="0.001">
    <error message="Expecting a stackmap frame at branch target 11
Exception Details:
  Location:
    A.k(J)I @4: ifnonnull
  Reason:
    Expected stackmap frame at this location.
  Bytecode:
    0x0000000: b200 1859 c700 0757 b800 2204 324e 100a
    0x0000010: 2d03 0454 ac                           
" type="java.lang.VerifyError">java.lang.VerifyError: Expecting a stackmap frame at branch target 11
Exception Details:
  Location:
    A.k(J)I @4: ifnonnull
  Reason:
    Expected stackmap frame at this location.
  Bytecode:
    0x0000000: b200 1859 c700 0757 b800 2204 324e 100a
    0x0000010: 2d03 0454 ac                           

	at RandoopTest0.test63(RandoopTest0.java:2451)
</error>
  </testcase>
  <testcase classname="RandoopTest0" name="test64" time="0.001">
    <error message="Expecting a stackmap frame at branch target 11
Exception Details:
  Location:
    A.k(J)I @4: ifnonnull
  Reason:
    Expected stackmap frame at this location.
  Bytecode:
    0x0000000: b200 1859 c700 0757 b800 2204 324e 100a
    0x0000010: 2d03 0454 ac                           
" type="java.lang.VerifyError">java.lang.VerifyError: Expecting a stackmap frame at branch target 11
Exception Details:
  Location:
    A.k(J)I @4: ifnonnull
  Reason:
    Expected stackmap frame at this location.
  Bytecode:
    0x0000000: b200 1859 c700 0757 b800 2204 324e 100a
    0x0000010: 2d03 0454 ac                           

	at RandoopTest0.test64(RandoopTest0.java:2500)
</error>
  </testcase>
  <testcase classname="RandoopTest0" name="test65" time="0.001">
    <error message="Expecting a stackmap frame at branch target 11
Exception Details:
  Location:
    A.k(J)I @4: ifnonnull
  Reason:
    Expected stackmap frame at this location.
  Bytecode:
    0x0000000: b200 1859 c700 0757 b800 2204 324e 100a
    0x0000010: 2d03 0454 ac                           
" type="java.lang.VerifyError">java.lang.VerifyError: Expecting a stackmap frame at branch target 11
Exception Details:
  Location:
    A.k(J)I @4: ifnonnull
  Reason:
    Expected stackmap frame at this location.
  Bytecode:
    0x0000000: b200 1859 c700 0757 b800 2204 324e 100a
    0x0000010: 2d03 0454 ac                           

	at RandoopTest0.test65(RandoopTest0.java:2549)
</error>
  </testcase>
  <testcase classname="RandoopTest0" name="test66" time="0.001">
    <error message="Expecting a stackmap frame at branch target 11
Exception Details:
  Location:
    A.k(J)I @4: ifnonnull
  Reason:
    Expected stackmap frame at this location.
  Bytecode:
    0x0000000: b200 1859 c700 0757 b800 2204 324e 100a
    0x0000010: 2d03 0454 ac                           
" type="java.lang.VerifyError">java.lang.VerifyError: Expecting a stackmap frame at branch target 11
Exception Details:
  Location:
    A.k(J)I @4: ifnonnull
  Reason:
    Expected stackmap frame at this location.
  Bytecode:
    0x0000000: b200 1859 c700 0757 b800 2204 324e 100a
    0x0000010: 2d03 0454 ac                           

	at RandoopTest0.test66(RandoopTest0.java:2582)
</error>
  </testcase>
  <testcase classname="RandoopTest0" name="test67" time="0.001">
    <error message="Expecting a stackmap frame at branch target 11
Exception Details:
  Location:
    A.k(J)I @4: ifnonnull
  Reason:
    Expected stackmap frame at this location.
  Bytecode:
    0x0000000: b200 1859 c700 0757 b800 2204 324e 100a
    0x0000010: 2d03 0454 ac                           
" type="java.lang.VerifyError">java.lang.VerifyError: Expecting a stackmap frame at branch target 11
Exception Details:
  Location:
    A.k(J)I @4: ifnonnull
  Reason:
    Expected stackmap frame at this location.
  Bytecode:
    0x0000000: b200 1859 c700 0757 b800 2204 324e 100a
    0x0000010: 2d03 0454 ac                           

	at RandoopTest0.test67(RandoopTest0.java:2623)
</error>
  </testcase>
  <testcase classname="RandoopTest0" name="test68" time="0.001">
    <error message="Expecting a stackmap frame at branch target 11
Exception Details:
  Location:
    A.k(J)I @4: ifnonnull
  Reason:
    Expected stackmap frame at this location.
  Bytecode:
    0x0000000: b200 1859 c700 0757 b800 2204 324e 100a
    0x0000010: 2d03 0454 ac                           
" type="java.lang.VerifyError">java.lang.VerifyError: Expecting a stackmap frame at branch target 11
Exception Details:
  Location:
    A.k(J)I @4: ifnonnull
  Reason:
    Expected stackmap frame at this location.
  Bytecode:
    0x0000000: b200 1859 c700 0757 b800 2204 324e 100a
    0x0000010: 2d03 0454 ac                           

	at RandoopTest0.test68(RandoopTest0.java:2668)
</error>
  </testcase>
  <testcase classname="RandoopTest0" name="test69" time="0.001">
    <error message="Expecting a stackmap frame at branch target 11
Exception Details:
  Location:
    A.k(J)I @4: ifnonnull
  Reason:
    Expected stackmap frame at this location.
  Bytecode:
    0x0000000: b200 1859 c700 0757 b800 2204 324e 100a
    0x0000010: 2d03 0454 ac                           
" type="java.lang.VerifyError">java.lang.VerifyError: Expecting a stackmap frame at branch target 11
Exception Details:
  Location:
    A.k(J)I @4: ifnonnull
  Reason:
    Expected stackmap frame at this location.
  Bytecode:
    0x0000000: b200 1859 c700 0757 b800 2204 324e 100a
    0x0000010: 2d03 0454 ac                           

	at RandoopTest0.test69(RandoopTest0.java:2721)
</error>
  </testcase>
  <testcase classname="RandoopTest0" name="test70" time="0.001">
    <error message="Expecting a stackmap frame at branch target 11
Exception Details:
  Location:
    A.k(J)I @4: ifnonnull
  Reason:
    Expected stackmap frame at this location.
  Bytecode:
    0x0000000: b200 1859 c700 0757 b800 2204 324e 100a
    0x0000010: 2d03 0454 ac                           
" type="java.lang.VerifyError">java.lang.VerifyError: Expecting a stackmap frame at branch target 11
Exception Details:
  Location:
    A.k(J)I @4: ifnonnull
  Reason:
    Expected stackmap frame at this location.
  Bytecode:
    0x0000000: b200 1859 c700 0757 b800 2204 324e 100a
    0x0000010: 2d03 0454 ac                           

	at RandoopTest0.test70(RandoopTest0.java:2746)
</error>
  </testcase>
  <testcase classname="RandoopTest0" name="test71" time="0.001">
    <error message="Expecting a stackmap frame at branch target 11
Exception Details:
  Location:
    A.k(J)I @4: ifnonnull
  Reason:
    Expected stackmap frame at this location.
  Bytecode:
    0x0000000: b200 1859 c700 0757 b800 2204 324e 100a
    0x0000010: 2d03 0454 ac                           
" type="java.lang.VerifyError">java.lang.VerifyError: Expecting a stackmap frame at branch target 11
Exception Details:
  Location:
    A.k(J)I @4: ifnonnull
  Reason:
    Expected stackmap frame at this location.
  Bytecode:
    0x0000000: b200 1859 c700 0757 b800 2204 324e 100a
    0x0000010: 2d03 0454 ac                           

	at RandoopTest0.test71(RandoopTest0.java:2799)
</error>
  </testcase>
  <testcase classname="RandoopTest0" name="test72" time="0.0">
    <error message="Expecting a stackmap frame at branch target 11
Exception Details:
  Location:
    A.k(J)I @4: ifnonnull
  Reason:
    Expected stackmap frame at this location.
  Bytecode:
    0x0000000: b200 1859 c700 0757 b800 2204 324e 100a
    0x0000010: 2d03 0454 ac                           
" type="java.lang.VerifyError">java.lang.VerifyError: Expecting a stackmap frame at branch target 11
Exception Details:
  Location:
    A.k(J)I @4: ifnonnull
  Reason:
    Expected stackmap frame at this location.
  Bytecode:
    0x0000000: b200 1859 c700 0757 b800 2204 324e 100a
    0x0000010: 2d03 0454 ac                           

	at RandoopTest0.test72(RandoopTest0.java:2852)
</error>
  </testcase>
  <testcase classname="RandoopTest0" name="test73" time="0.001">
    <error message="Expecting a stackmap frame at branch target 11
Exception Details:
  Location:
    A.k(J)I @4: ifnonnull
  Reason:
    Expected stackmap frame at this location.
  Bytecode:
    0x0000000: b200 1859 c700 0757 b800 2204 324e 100a
    0x0000010: 2d03 0454 ac                           
" type="java.lang.VerifyError">java.lang.VerifyError: Expecting a stackmap frame at branch target 11
Exception Details:
  Location:
    A.k(J)I @4: ifnonnull
  Reason:
    Expected stackmap frame at this location.
  Bytecode:
    0x0000000: b200 1859 c700 0757 b800 2204 324e 100a
    0x0000010: 2d03 0454 ac                           

	at RandoopTest0.test73(RandoopTest0.java:2897)
</error>
  </testcase>
  <testcase classname="RandoopTest0" name="test74" time="0.001">
    <error message="Expecting a stackmap frame at branch target 11
Exception Details:
  Location:
    A.k(J)I @4: ifnonnull
  Reason:
    Expected stackmap frame at this location.
  Bytecode:
    0x0000000: b200 1859 c700 0757 b800 2204 324e 100a
    0x0000010: 2d03 0454 ac                           
" type="java.lang.VerifyError">java.lang.VerifyError: Expecting a stackmap frame at branch target 11
Exception Details:
  Location:
    A.k(J)I @4: ifnonnull
  Reason:
    Expected stackmap frame at this location.
  Bytecode:
    0x0000000: b200 1859 c700 0757 b800 2204 324e 100a
    0x0000010: 2d03 0454 ac                           

	at RandoopTest0.test74(RandoopTest0.java:2926)
</error>
  </testcase>
  <testcase classname="RandoopTest0" name="test75" time="0.001">
    <error message="Expecting a stackmap frame at branch target 11
Exception Details:
  Location:
    A.k(J)I @4: ifnonnull
  Reason:
    Expected stackmap frame at this location.
  Bytecode:
    0x0000000: b200 1859 c700 0757 b800 2204 324e 100a
    0x0000010: 2d03 0454 ac                           
" type="java.lang.VerifyError">java.lang.VerifyError: Expecting a stackmap frame at branch target 11
Exception Details:
  Location:
    A.k(J)I @4: ifnonnull
  Reason:
    Expected stackmap frame at this location.
  Bytecode:
    0x0000000: b200 1859 c700 0757 b800 2204 324e 100a
    0x0000010: 2d03 0454 ac                           

	at RandoopTest0.test75(RandoopTest0.java:2987)
</error>
  </testcase>
  <testcase classname="RandoopTest0" name="test76" time="0.001">
    <error message="Expecting a stackmap frame at branch target 11
Exception Details:
  Location:
    A.k(J)I @4: ifnonnull
  Reason:
    Expected stackmap frame at this location.
  Bytecode:
    0x0000000: b200 1859 c700 0757 b800 2204 324e 100a
    0x0000010: 2d03 0454 ac                           
" type="java.lang.VerifyError">java.lang.VerifyError: Expecting a stackmap frame at branch target 11
Exception Details:
  Location:
    A.k(J)I @4: ifnonnull
  Reason:
    Expected stackmap frame at this location.
  Bytecode:
    0x0000000: b200 1859 c700 0757 b800 2204 324e 100a
    0x0000010: 2d03 0454 ac                           

	at RandoopTest0.test76(RandoopTest0.java:3016)
</error>
  </testcase>
  <testcase classname="RandoopTest0" name="test77" time="0.001">
    <error message="Expecting a stackmap frame at branch target 11
Exception Details:
  Location:
    A.k(J)I @4: ifnonnull
  Reason:
    Expected stackmap frame at this location.
  Bytecode:
    0x0000000: b200 1859 c700 0757 b800 2204 324e 100a
    0x0000010: 2d03 0454 ac                           
" type="java.lang.VerifyError">java.lang.VerifyError: Expecting a stackmap frame at branch target 11
Exception Details:
  Location:
    A.k(J)I @4: ifnonnull
  Reason:
    Expected stackmap frame at this location.
  Bytecode:
    0x0000000: b200 1859 c700 0757 b800 2204 324e 100a
    0x0000010: 2d03 0454 ac                           

	at RandoopTest0.test77(RandoopTest0.java:3057)
</error>
  </testcase>
  <testcase classname="RandoopTest0" name="test78" time="0.001">
    <error message="Expecting a stackmap frame at branch target 11
Exception Details:
  Location:
    A.k(J)I @4: ifnonnull
  Reason:
    Expected stackmap frame at this location.
  Bytecode:
    0x0000000: b200 1859 c700 0757 b800 2204 324e 100a
    0x0000010: 2d03 0454 ac                           
" type="java.lang.VerifyError">java.lang.VerifyError: Expecting a stackmap frame at branch target 11
Exception Details:
  Location:
    A.k(J)I @4: ifnonnull
  Reason:
    Expected stackmap frame at this location.
  Bytecode:
    0x0000000: b200 1859 c700 0757 b800 2204 324e 100a
    0x0000010: 2d03 0454 ac                           

	at RandoopTest0.test78(RandoopTest0.java:3098)
</error>
  </testcase>
  <testcase classname="RandoopTest0" name="test79" time="0.001">
    <error message="Expecting a stackmap frame at branch target 11
Exception Details:
  Location:
    A.k(J)I @4: ifnonnull
  Reason:
    Expected stackmap frame at this location.
  Bytecode:
    0x0000000: b200 1859 c700 0757 b800 2204 324e 100a
    0x0000010: 2d03 0454 ac                           
" type="java.lang.VerifyError">java.lang.VerifyError: Expecting a stackmap frame at branch target 11
Exception Details:
  Location:
    A.k(J)I @4: ifnonnull
  Reason:
    Expected stackmap frame at this location.
  Bytecode:
    0x0000000: b200 1859 c700 0757 b800 2204 324e 100a
    0x0000010: 2d03 0454 ac                           

	at RandoopTest0.test79(RandoopTest0.java:3139)
</error>
  </testcase>
  <testcase classname="RandoopTest0" name="test80" time="0.001">
    <error message="Expecting a stackmap frame at branch target 11
Exception Details:
  Location:
    A.k(J)I @4: ifnonnull
  Reason:
    Expected stackmap frame at this location.
  Bytecode:
    0x0000000: b200 1859 c700 0757 b800 2204 324e 100a
    0x0000010: 2d03 0454 ac                           
" type="java.lang.VerifyError">java.lang.VerifyError: Expecting a stackmap frame at branch target 11
Exception Details:
  Location:
    A.k(J)I @4: ifnonnull
  Reason:
    Expected stackmap frame at this location.
  Bytecode:
    0x0000000: b200 1859 c700 0757 b800 2204 324e 100a
    0x0000010: 2d03 0454 ac                           

	at RandoopTest0.test80(RandoopTest0.java:3168)
</error>
  </testcase>
  <testcase classname="RandoopTest0" name="test81" time="0.001">
    <error message="Expecting a stackmap frame at branch target 11
Exception Details:
  Location:
    A.k(J)I @4: ifnonnull
  Reason:
    Expected stackmap frame at this location.
  Bytecode:
    0x0000000: b200 1859 c700 0757 b800 2204 324e 100a
    0x0000010: 2d03 0454 ac                           
" type="java.lang.VerifyError">java.lang.VerifyError: Expecting a stackmap frame at branch target 11
Exception Details:
  Location:
    A.k(J)I @4: ifnonnull
  Reason:
    Expected stackmap frame at this location.
  Bytecode:
    0x0000000: b200 1859 c700 0757 b800 2204 324e 100a
    0x0000010: 2d03 0454 ac                           

	at RandoopTest0.test81(RandoopTest0.java:3201)
</error>
  </testcase>
  <testcase classname="RandoopTest0" name="test82" time="0.001">
    <error message="Expecting a stackmap frame at branch target 11
Exception Details:
  Location:
    A.k(J)I @4: ifnonnull
  Reason:
    Expected stackmap frame at this location.
  Bytecode:
    0x0000000: b200 1859 c700 0757 b800 2204 324e 100a
    0x0000010: 2d03 0454 ac                           
" type="java.lang.VerifyError">java.lang.VerifyError: Expecting a stackmap frame at branch target 11
Exception Details:
  Location:
    A.k(J)I @4: ifnonnull
  Reason:
    Expected stackmap frame at this location.
  Bytecode:
    0x0000000: b200 1859 c700 0757 b800 2204 324e 100a
    0x0000010: 2d03 0454 ac                           

	at RandoopTest0.test82(RandoopTest0.java:3222)
</error>
  </testcase>
  <testcase classname="RandoopTest0" name="test83" time="0.001">
    <error message="Expecting a stackmap frame at branch target 11
Exception Details:
  Location:
    A.k(J)I @4: ifnonnull
  Reason:
    Expected stackmap frame at this location.
  Bytecode:
    0x0000000: b200 1859 c700 0757 b800 2204 324e 100a
    0x0000010: 2d03 0454 ac                           
" type="java.lang.VerifyError">java.lang.VerifyError: Expecting a stackmap frame at branch target 11
Exception Details:
  Location:
    A.k(J)I @4: ifnonnull
  Reason:
    Expected stackmap frame at this location.
  Bytecode:
    0x0000000: b200 1859 c700 0757 b800 2204 324e 100a
    0x0000010: 2d03 0454 ac                           

	at RandoopTest0.test83(RandoopTest0.java:3251)
</error>
  </testcase>
  <testcase classname="RandoopTest0" name="test84" time="0.001">
    <error message="Expecting a stackmap frame at branch target 11
Exception Details:
  Location:
    A.k(J)I @4: ifnonnull
  Reason:
    Expected stackmap frame at this location.
  Bytecode:
    0x0000000: b200 1859 c700 0757 b800 2204 324e 100a
    0x0000010: 2d03 0454 ac                           
" type="java.lang.VerifyError">java.lang.VerifyError: Expecting a stackmap frame at branch target 11
Exception Details:
  Location:
    A.k(J)I @4: ifnonnull
  Reason:
    Expected stackmap frame at this location.
  Bytecode:
    0x0000000: b200 1859 c700 0757 b800 2204 324e 100a
    0x0000010: 2d03 0454 ac                           

	at RandoopTest0.test84(RandoopTest0.java:3300)
</error>
  </testcase>
  <testcase classname="RandoopTest0" name="test85" time="0.0">
    <error message="Expecting a stackmap frame at branch target 11
Exception Details:
  Location:
    A.k(J)I @4: ifnonnull
  Reason:
    Expected stackmap frame at this location.
  Bytecode:
    0x0000000: b200 1859 c700 0757 b800 2204 324e 100a
    0x0000010: 2d03 0454 ac                           
" type="java.lang.VerifyError">java.lang.VerifyError: Expecting a stackmap frame at branch target 11
Exception Details:
  Location:
    A.k(J)I @4: ifnonnull
  Reason:
    Expected stackmap frame at this location.
  Bytecode:
    0x0000000: b200 1859 c700 0757 b800 2204 324e 100a
    0x0000010: 2d03 0454 ac                           

	at RandoopTest0.test85(RandoopTest0.java:3373)
</error>
  </testcase>
  <testcase classname="RandoopTest0" name="test86" time="0.0">
    <error message="Expecting a stackmap frame at branch target 11
Exception Details:
  Location:
    A.k(J)I @4: ifnonnull
  Reason:
    Expected stackmap frame at this location.
  Bytecode:
    0x0000000: b200 1859 c700 0757 b800 2204 324e 100a
    0x0000010: 2d03 0454 ac                           
" type="java.lang.VerifyError">java.lang.VerifyError: Expecting a stackmap frame at branch target 11
Exception Details:
  Location:
    A.k(J)I @4: ifnonnull
  Reason:
    Expected stackmap frame at this location.
  Bytecode:
    0x0000000: b200 1859 c700 0757 b800 2204 324e 100a
    0x0000010: 2d03 0454 ac                           

	at RandoopTest0.test86(RandoopTest0.java:3422)
</error>
  </testcase>
  <testcase classname="RandoopTest0" name="test87" time="0.0">
    <error message="Expecting a stackmap frame at branch target 11
Exception Details:
  Location:
    A.k(J)I @4: ifnonnull
  Reason:
    Expected stackmap frame at this location.
  Bytecode:
    0x0000000: b200 1859 c700 0757 b800 2204 324e 100a
    0x0000010: 2d03 0454 ac                           
" type="java.lang.VerifyError">java.lang.VerifyError: Expecting a stackmap frame at branch target 11
Exception Details:
  Location:
    A.k(J)I @4: ifnonnull
  Reason:
    Expected stackmap frame at this location.
  Bytecode:
    0x0000000: b200 1859 c700 0757 b800 2204 324e 100a
    0x0000010: 2d03 0454 ac                           

	at RandoopTest0.test87(RandoopTest0.java:3475)
</error>
  </testcase>
  <testcase classname="RandoopTest0" name="test88" time="0.0">
    <error message="Expecting a stackmap frame at branch target 11
Exception Details:
  Location:
    A.k(J)I @4: ifnonnull
  Reason:
    Expected stackmap frame at this location.
  Bytecode:
    0x0000000: b200 1859 c700 0757 b800 2204 324e 100a
    0x0000010: 2d03 0454 ac                           
" type="java.lang.VerifyError">java.lang.VerifyError: Expecting a stackmap frame at branch target 11
Exception Details:
  Location:
    A.k(J)I @4: ifnonnull
  Reason:
    Expected stackmap frame at this location.
  Bytecode:
    0x0000000: b200 1859 c700 0757 b800 2204 324e 100a
    0x0000010: 2d03 0454 ac                           

	at RandoopTest0.test88(RandoopTest0.java:3516)
</error>
  </testcase>
  <testcase classname="RandoopTest0" name="test89" time="0.0">
    <error message="Expecting a stackmap frame at branch target 11
Exception Details:
  Location:
    A.k(J)I @4: ifnonnull
  Reason:
    Expected stackmap frame at this location.
  Bytecode:
    0x0000000: b200 1859 c700 0757 b800 2204 324e 100a
    0x0000010: 2d03 0454 ac                           
" type="java.lang.VerifyError">java.lang.VerifyError: Expecting a stackmap frame at branch target 11
Exception Details:
  Location:
    A.k(J)I @4: ifnonnull
  Reason:
    Expected stackmap frame at this location.
  Bytecode:
    0x0000000: b200 1859 c700 0757 b800 2204 324e 100a
    0x0000010: 2d03 0454 ac                           

	at RandoopTest0.test89(RandoopTest0.java:3537)
</error>
  </testcase>
  <testcase classname="RandoopTest0" name="test90" time="0.001">
    <error message="Expecting a stackmap frame at branch target 11
Exception Details:
  Location:
    A.k(J)I @4: ifnonnull
  Reason:
    Expected stackmap frame at this location.
  Bytecode:
    0x0000000: b200 1859 c700 0757 b800 2204 324e 100a
    0x0000010: 2d03 0454 ac                           
" type="java.lang.VerifyError">java.lang.VerifyError: Expecting a stackmap frame at branch target 11
Exception Details:
  Location:
    A.k(J)I @4: ifnonnull
  Reason:
    Expected stackmap frame at this location.
  Bytecode:
    0x0000000: b200 1859 c700 0757 b800 2204 324e 100a
    0x0000010: 2d03 0454 ac                           

	at RandoopTest0.test90(RandoopTest0.java:3558)
</error>
  </testcase>
  <testcase classname="RandoopTest0" name="test91" time="0.001">
    <error message="Expecting a stackmap frame at branch target 11
Exception Details:
  Location:
    A.k(J)I @4: ifnonnull
  Reason:
    Expected stackmap frame at this location.
  Bytecode:
    0x0000000: b200 1859 c700 0757 b800 2204 324e 100a
    0x0000010: 2d03 0454 ac                           
" type="java.lang.VerifyError">java.lang.VerifyError: Expecting a stackmap frame at branch target 11
Exception Details:
  Location:
    A.k(J)I @4: ifnonnull
  Reason:
    Expected stackmap frame at this location.
  Bytecode:
    0x0000000: b200 1859 c700 0757 b800 2204 324e 100a
    0x0000010: 2d03 0454 ac                           

	at RandoopTest0.test91(RandoopTest0.java:3595)
</error>
  </testcase>
  <testcase classname="RandoopTest0" name="test92" time="0.001">
    <error message="Expecting a stackmap frame at branch target 11
Exception Details:
  Location:
    A.k(J)I @4: ifnonnull
  Reason:
    Expected stackmap frame at this location.
  Bytecode:
    0x0000000: b200 1859 c700 0757 b800 2204 324e 100a
    0x0000010: 2d03 0454 ac                           
" type="java.lang.VerifyError">java.lang.VerifyError: Expecting a stackmap frame at branch target 11
Exception Details:
  Location:
    A.k(J)I @4: ifnonnull
  Reason:
    Expected stackmap frame at this location.
  Bytecode:
    0x0000000: b200 1859 c700 0757 b800 2204 324e 100a
    0x0000010: 2d03 0454 ac                           

	at RandoopTest0.test92(RandoopTest0.java:3628)
</error>
  </testcase>
  <testcase classname="RandoopTest0" name="test93" time="0.001">
    <error message="Expecting a stackmap frame at branch target 11
Exception Details:
  Location:
    A.k(J)I @4: ifnonnull
  Reason:
    Expected stackmap frame at this location.
  Bytecode:
    0x0000000: b200 1859 c700 0757 b800 2204 324e 100a
    0x0000010: 2d03 0454 ac                           
" type="java.lang.VerifyError">java.lang.VerifyError: Expecting a stackmap frame at branch target 11
Exception Details:
  Location:
    A.k(J)I @4: ifnonnull
  Reason:
    Expected stackmap frame at this location.
  Bytecode:
    0x0000000: b200 1859 c700 0757 b800 2204 324e 100a
    0x0000010: 2d03 0454 ac                           

	at RandoopTest0.test93(RandoopTest0.java:3665)
</error>
  </testcase>
  <testcase classname="RandoopTest0" name="test94" time="0.001">
    <error message="Expecting a stackmap frame at branch target 11
Exception Details:
  Location:
    A.k(J)I @4: ifnonnull
  Reason:
    Expected stackmap frame at this location.
  Bytecode:
    0x0000000: b200 1859 c700 0757 b800 2204 324e 100a
    0x0000010: 2d03 0454 ac                           
" type="java.lang.VerifyError">java.lang.VerifyError: Expecting a stackmap frame at branch target 11
Exception Details:
  Location:
    A.k(J)I @4: ifnonnull
  Reason:
    Expected stackmap frame at this location.
  Bytecode:
    0x0000000: b200 1859 c700 0757 b800 2204 324e 100a
    0x0000010: 2d03 0454 ac                           

	at RandoopTest0.test94(RandoopTest0.java:3714)
</error>
  </testcase>
  <testcase classname="RandoopTest0" name="test95" time="0.0">
    <error message="Expecting a stackmap frame at branch target 11
Exception Details:
  Location:
    A.k(J)I @4: ifnonnull
  Reason:
    Expected stackmap frame at this location.
  Bytecode:
    0x0000000: b200 1859 c700 0757 b800 2204 324e 100a
    0x0000010: 2d03 0454 ac                           
" type="java.lang.VerifyError">java.lang.VerifyError: Expecting a stackmap frame at branch target 11
Exception Details:
  Location:
    A.k(J)I @4: ifnonnull
  Reason:
    Expected stackmap frame at this location.
  Bytecode:
    0x0000000: b200 1859 c700 0757 b800 2204 324e 100a
    0x0000010: 2d03 0454 ac                           

	at RandoopTest0.test95(RandoopTest0.java:3747)
</error>
  </testcase>
  <testcase classname="RandoopTest0" name="test96" time="0.001">
    <error message="Expecting a stackmap frame at branch target 11
Exception Details:
  Location:
    A.k(J)I @4: ifnonnull
  Reason:
    Expected stackmap frame at this location.
  Bytecode:
    0x0000000: b200 1859 c700 0757 b800 2204 324e 100a
    0x0000010: 2d03 0454 ac                           
" type="java.lang.VerifyError">java.lang.VerifyError: Expecting a stackmap frame at branch target 11
Exception Details:
  Location:
    A.k(J)I @4: ifnonnull
  Reason:
    Expected stackmap frame at this location.
  Bytecode:
    0x0000000: b200 1859 c700 0757 b800 2204 324e 100a
    0x0000010: 2d03 0454 ac                           

	at RandoopTest0.test96(RandoopTest0.java:3836)
</error>
  </testcase>
  <testcase classname="RandoopTest0" name="test97" time="0.0">
    <error message="Expecting a stackmap frame at branch target 11
Exception Details:
  Location:
    A.k(J)I @4: ifnonnull
  Reason:
    Expected stackmap frame at this location.
  Bytecode:
    0x0000000: b200 1859 c700 0757 b800 2204 324e 100a
    0x0000010: 2d03 0454 ac                           
" type="java.lang.VerifyError">java.lang.VerifyError: Expecting a stackmap frame at branch target 11
Exception Details:
  Location:
    A.k(J)I @4: ifnonnull
  Reason:
    Expected stackmap frame at this location.
  Bytecode:
    0x0000000: b200 1859 c700 0757 b800 2204 324e 100a
    0x0000010: 2d03 0454 ac                           

	at RandoopTest0.test97(RandoopTest0.java:3889)
</error>
  </testcase>
  <testcase classname="RandoopTest0" name="test98" time="0.001">
    <error message="Expecting a stackmap frame at branch target 11
Exception Details:
  Location:
    A.k(J)I @4: ifnonnull
  Reason:
    Expected stackmap frame at this location.
  Bytecode:
    0x0000000: b200 1859 c700 0757 b800 2204 324e 100a
    0x0000010: 2d03 0454 ac                           
" type="java.lang.VerifyError">java.lang.VerifyError: Expecting a stackmap frame at branch target 11
Exception Details:
  Location:
    A.k(J)I @4: ifnonnull
  Reason:
    Expected stackmap frame at this location.
  Bytecode:
    0x0000000: b200 1859 c700 0757 b800 2204 324e 100a
    0x0000010: 2d03 0454 ac                           

	at RandoopTest0.test98(RandoopTest0.java:3938)
</error>
  </testcase>
  <testcase classname="RandoopTest0" name="test99" time="0.0">
    <error message="Expecting a stackmap frame at branch target 11
Exception Details:
  Location:
    A.k(J)I @4: ifnonnull
  Reason:
    Expected stackmap frame at this location.
  Bytecode:
    0x0000000: b200 1859 c700 0757 b800 2204 324e 100a
    0x0000010: 2d03 0454 ac                           
" type="java.lang.VerifyError">java.lang.VerifyError: Expecting a stackmap frame at branch target 11
Exception Details:
  Location:
    A.k(J)I @4: ifnonnull
  Reason:
    Expected stackmap frame at this location.
  Bytecode:
    0x0000000: b200 1859 c700 0757 b800 2204 324e 100a
    0x0000010: 2d03 0454 ac                           

	at RandoopTest0.test99(RandoopTest0.java:3971)
</error>
  </testcase>
  <testcase classname="RandoopTest0" name="test100" time="0.001">
    <error message="Expecting a stackmap frame at branch target 11
Exception Details:
  Location:
    A.k(J)I @4: ifnonnull
  Reason:
    Expected stackmap frame at this location.
  Bytecode:
    0x0000000: b200 1859 c700 0757 b800 2204 324e 100a
    0x0000010: 2d03 0454 ac                           
" type="java.lang.VerifyError">java.lang.VerifyError: Expecting a stackmap frame at branch target 11
Exception Details:
  Location:
    A.k(J)I @4: ifnonnull
  Reason:
    Expected stackmap frame at this location.
  Bytecode:
    0x0000000: b200 1859 c700 0757 b800 2204 324e 100a
    0x0000010: 2d03 0454 ac                           

	at RandoopTest0.test100(RandoopTest0.java:4008)
</error>
  </testcase>
  <testcase classname="RandoopTest0" name="test101" time="0.0">
    <error message="Expecting a stackmap frame at branch target 11
Exception Details:
  Location:
    A.k(J)I @4: ifnonnull
  Reason:
    Expected stackmap frame at this location.
  Bytecode:
    0x0000000: b200 1859 c700 0757 b800 2204 324e 100a
    0x0000010: 2d03 0454 ac                           
" type="java.lang.VerifyError">java.lang.VerifyError: Expecting a stackmap frame at branch target 11
Exception Details:
  Location:
    A.k(J)I @4: ifnonnull
  Reason:
    Expected stackmap frame at this location.
  Bytecode:
    0x0000000: b200 1859 c700 0757 b800 2204 324e 100a
    0x0000010: 2d03 0454 ac                           

	at RandoopTest0.test101(RandoopTest0.java:4065)
</error>
  </testcase>
  <testcase classname="RandoopTest0" name="test102" time="0.0">
    <error message="Expecting a stackmap frame at branch target 11
Exception Details:
  Location:
    A.k(J)I @4: ifnonnull
  Reason:
    Expected stackmap frame at this location.
  Bytecode:
    0x0000000: b200 1859 c700 0757 b800 2204 324e 100a
    0x0000010: 2d03 0454 ac                           
" type="java.lang.VerifyError">java.lang.VerifyError: Expecting a stackmap frame at branch target 11
Exception Details:
  Location:
    A.k(J)I @4: ifnonnull
  Reason:
    Expected stackmap frame at this location.
  Bytecode:
    0x0000000: b200 1859 c700 0757 b800 2204 324e 100a
    0x0000010: 2d03 0454 ac                           

	at RandoopTest0.test102(RandoopTest0.java:4094)
</error>
  </testcase>
  <testcase classname="RandoopTest0" name="test103" time="0.001">
    <error message="Expecting a stackmap frame at branch target 11
Exception Details:
  Location:
    A.k(J)I @4: ifnonnull
  Reason:
    Expected stackmap frame at this location.
  Bytecode:
    0x0000000: b200 1859 c700 0757 b800 2204 324e 100a
    0x0000010: 2d03 0454 ac                           
" type="java.lang.VerifyError">java.lang.VerifyError: Expecting a stackmap frame at branch target 11
Exception Details:
  Location:
    A.k(J)I @4: ifnonnull
  Reason:
    Expected stackmap frame at this location.
  Bytecode:
    0x0000000: b200 1859 c700 0757 b800 2204 324e 100a
    0x0000010: 2d03 0454 ac                           

	at RandoopTest0.test103(RandoopTest0.java:4119)
</error>
  </testcase>
  <testcase classname="RandoopTest0" name="test104" time="0.001">
    <error message="Expecting a stackmap frame at branch target 11
Exception Details:
  Location:
    A.k(J)I @4: ifnonnull
  Reason:
    Expected stackmap frame at this location.
  Bytecode:
    0x0000000: b200 1859 c700 0757 b800 2204 324e 100a
    0x0000010: 2d03 0454 ac                           
" type="java.lang.VerifyError">java.lang.VerifyError: Expecting a stackmap frame at branch target 11
Exception Details:
  Location:
    A.k(J)I @4: ifnonnull
  Reason:
    Expected stackmap frame at this location.
  Bytecode:
    0x0000000: b200 1859 c700 0757 b800 2204 324e 100a
    0x0000010: 2d03 0454 ac                           

	at RandoopTest0.test104(RandoopTest0.java:4168)
</error>
  </testcase>
  <testcase classname="RandoopTest0" name="test105" time="0.007">
    <error message="Expecting a stackmap frame at branch target 11
Exception Details:
  Location:
    A.k(J)I @4: ifnonnull
  Reason:
    Expected stackmap frame at this location.
  Bytecode:
    0x0000000: b200 1859 c700 0757 b800 2204 324e 100a
    0x0000010: 2d03 0454 ac                           
" type="java.lang.VerifyError">java.lang.VerifyError: Expecting a stackmap frame at branch target 11
Exception Details:
  Location:
    A.k(J)I @4: ifnonnull
  Reason:
    Expected stackmap frame at this location.
  Bytecode:
    0x0000000: b200 1859 c700 0757 b800 2204 324e 100a
    0x0000010: 2d03 0454 ac                           

	at RandoopTest0.test105(RandoopTest0.java:4217)
</error>
  </testcase>
  <testcase classname="RandoopTest0" name="test106" time="0.0">
    <error message="Expecting a stackmap frame at branch target 11
Exception Details:
  Location:
    A.k(J)I @4: ifnonnull
  Reason:
    Expected stackmap frame at this location.
  Bytecode:
    0x0000000: b200 1859 c700 0757 b800 2204 324e 100a
    0x0000010: 2d03 0454 ac                           
" type="java.lang.VerifyError">java.lang.VerifyError: Expecting a stackmap frame at branch target 11
Exception Details:
  Location:
    A.k(J)I @4: ifnonnull
  Reason:
    Expected stackmap frame at this location.
  Bytecode:
    0x0000000: b200 1859 c700 0757 b800 2204 324e 100a
    0x0000010: 2d03 0454 ac                           

	at RandoopTest0.test106(RandoopTest0.java:4254)
</error>
  </testcase>
  <testcase classname="RandoopTest0" name="test107" time="0.001">
    <error message="Expecting a stackmap frame at branch target 11
Exception Details:
  Location:
    A.k(J)I @4: ifnonnull
  Reason:
    Expected stackmap frame at this location.
  Bytecode:
    0x0000000: b200 1859 c700 0757 b800 2204 324e 100a
    0x0000010: 2d03 0454 ac                           
" type="java.lang.VerifyError">java.lang.VerifyError: Expecting a stackmap frame at branch target 11
Exception Details:
  Location:
    A.k(J)I @4: ifnonnull
  Reason:
    Expected stackmap frame at this location.
  Bytecode:
    0x0000000: b200 1859 c700 0757 b800 2204 324e 100a
    0x0000010: 2d03 0454 ac                           

	at RandoopTest0.test107(RandoopTest0.java:4315)
</error>
  </testcase>
  <testcase classname="RandoopTest0" name="test108" time="0.0">
    <error message="Expecting a stackmap frame at branch target 11
Exception Details:
  Location:
    A.k(J)I @4: ifnonnull
  Reason:
    Expected stackmap frame at this location.
  Bytecode:
    0x0000000: b200 1859 c700 0757 b800 2204 324e 100a
    0x0000010: 2d03 0454 ac                           
" type="java.lang.VerifyError">java.lang.VerifyError: Expecting a stackmap frame at branch target 11
Exception Details:
  Location:
    A.k(J)I @4: ifnonnull
  Reason:
    Expected stackmap frame at this location.
  Bytecode:
    0x0000000: b200 1859 c700 0757 b800 2204 324e 100a
    0x0000010: 2d03 0454 ac                           

	at RandoopTest0.test108(RandoopTest0.java:4344)
</error>
  </testcase>
  <testcase classname="RandoopTest0" name="test109" time="0.001">
    <error message="Expecting a stackmap frame at branch target 11
Exception Details:
  Location:
    A.k(J)I @4: ifnonnull
  Reason:
    Expected stackmap frame at this location.
  Bytecode:
    0x0000000: b200 1859 c700 0757 b800 2204 324e 100a
    0x0000010: 2d03 0454 ac                           
" type="java.lang.VerifyError">java.lang.VerifyError: Expecting a stackmap frame at branch target 11
Exception Details:
  Location:
    A.k(J)I @4: ifnonnull
  Reason:
    Expected stackmap frame at this location.
  Bytecode:
    0x0000000: b200 1859 c700 0757 b800 2204 324e 100a
    0x0000010: 2d03 0454 ac                           

	at RandoopTest0.test109(RandoopTest0.java:4409)
</error>
  </testcase>
  <testcase classname="RandoopTest0" name="test110" time="0.0">
    <error message="Expecting a stackmap frame at branch target 11
Exception Details:
  Location:
    A.k(J)I @4: ifnonnull
  Reason:
    Expected stackmap frame at this location.
  Bytecode:
    0x0000000: b200 1859 c700 0757 b800 2204 324e 100a
    0x0000010: 2d03 0454 ac                           
" type="java.lang.VerifyError">java.lang.VerifyError: Expecting a stackmap frame at branch target 11
Exception Details:
  Location:
    A.k(J)I @4: ifnonnull
  Reason:
    Expected stackmap frame at this location.
  Bytecode:
    0x0000000: b200 1859 c700 0757 b800 2204 324e 100a
    0x0000010: 2d03 0454 ac                           

	at RandoopTest0.test110(RandoopTest0.java:4462)
</error>
  </testcase>
  <testcase classname="RandoopTest0" name="test111" time="0.001">
    <error message="Expecting a stackmap frame at branch target 11
Exception Details:
  Location:
    A.k(J)I @4: ifnonnull
  Reason:
    Expected stackmap frame at this location.
  Bytecode:
    0x0000000: b200 1859 c700 0757 b800 2204 324e 100a
    0x0000010: 2d03 0454 ac                           
" type="java.lang.VerifyError">java.lang.VerifyError: Expecting a stackmap frame at branch target 11
Exception Details:
  Location:
    A.k(J)I @4: ifnonnull
  Reason:
    Expected stackmap frame at this location.
  Bytecode:
    0x0000000: b200 1859 c700 0757 b800 2204 324e 100a
    0x0000010: 2d03 0454 ac                           

	at RandoopTest0.test111(RandoopTest0.java:4499)
</error>
  </testcase>
  <testcase classname="RandoopTest0" name="test112" time="0.001">
    <error message="Expecting a stackmap frame at branch target 11
Exception Details:
  Location:
    A.k(J)I @4: ifnonnull
  Reason:
    Expected stackmap frame at this location.
  Bytecode:
    0x0000000: b200 1859 c700 0757 b800 2204 324e 100a
    0x0000010: 2d03 0454 ac                           
" type="java.lang.VerifyError">java.lang.VerifyError: Expecting a stackmap frame at branch target 11
Exception Details:
  Location:
    A.k(J)I @4: ifnonnull
  Reason:
    Expected stackmap frame at this location.
  Bytecode:
    0x0000000: b200 1859 c700 0757 b800 2204 324e 100a
    0x0000010: 2d03 0454 ac                           

	at RandoopTest0.test112(RandoopTest0.java:4536)
</error>
  </testcase>
  <testcase classname="RandoopTest0" name="test113" time="0.001">
    <error message="Expecting a stackmap frame at branch target 11
Exception Details:
  Location:
    A.k(J)I @4: ifnonnull
  Reason:
    Expected stackmap frame at this location.
  Bytecode:
    0x0000000: b200 1859 c700 0757 b800 2204 324e 100a
    0x0000010: 2d03 0454 ac                           
" type="java.lang.VerifyError">java.lang.VerifyError: Expecting a stackmap frame at branch target 11
Exception Details:
  Location:
    A.k(J)I @4: ifnonnull
  Reason:
    Expected stackmap frame at this location.
  Bytecode:
    0x0000000: b200 1859 c700 0757 b800 2204 324e 100a
    0x0000010: 2d03 0454 ac                           

	at RandoopTest0.test113(RandoopTest0.java:4609)
</error>
  </testcase>
  <testcase classname="RandoopTest0" name="test114" time="0.001">
    <error message="Expecting a stackmap frame at branch target 11
Exception Details:
  Location:
    A.k(J)I @4: ifnonnull
  Reason:
    Expected stackmap frame at this location.
  Bytecode:
    0x0000000: b200 1859 c700 0757 b800 2204 324e 100a
    0x0000010: 2d03 0454 ac                           
" type="java.lang.VerifyError">java.lang.VerifyError: Expecting a stackmap frame at branch target 11
Exception Details:
  Location:
    A.k(J)I @4: ifnonnull
  Reason:
    Expected stackmap frame at this location.
  Bytecode:
    0x0000000: b200 1859 c700 0757 b800 2204 324e 100a
    0x0000010: 2d03 0454 ac                           

	at RandoopTest0.test114(RandoopTest0.java:4658)
</error>
  </testcase>
  <testcase classname="RandoopTest0" name="test115" time="0.0">
    <error message="Expecting a stackmap frame at branch target 11
Exception Details:
  Location:
    A.k(J)I @4: ifnonnull
  Reason:
    Expected stackmap frame at this location.
  Bytecode:
    0x0000000: b200 1859 c700 0757 b800 2204 324e 100a
    0x0000010: 2d03 0454 ac                           
" type="java.lang.VerifyError">java.lang.VerifyError: Expecting a stackmap frame at branch target 11
Exception Details:
  Location:
    A.k(J)I @4: ifnonnull
  Reason:
    Expected stackmap frame at this location.
  Bytecode:
    0x0000000: b200 1859 c700 0757 b800 2204 324e 100a
    0x0000010: 2d03 0454 ac                           

	at RandoopTest0.test115(RandoopTest0.java:4699)
</error>
  </testcase>
  <testcase classname="RandoopTest0" name="test116" time="0.0">
    <error message="Expecting a stackmap frame at branch target 11
Exception Details:
  Location:
    A.k(J)I @4: ifnonnull
  Reason:
    Expected stackmap frame at this location.
  Bytecode:
    0x0000000: b200 1859 c700 0757 b800 2204 324e 100a
    0x0000010: 2d03 0454 ac                           
" type="java.lang.VerifyError">java.lang.VerifyError: Expecting a stackmap frame at branch target 11
Exception Details:
  Location:
    A.k(J)I @4: ifnonnull
  Reason:
    Expected stackmap frame at this location.
  Bytecode:
    0x0000000: b200 1859 c700 0757 b800 2204 324e 100a
    0x0000010: 2d03 0454 ac                           

	at RandoopTest0.test116(RandoopTest0.java:4740)
</error>
  </testcase>
  <testcase classname="RandoopTest0" name="test117" time="0.0">
    <error message="Expecting a stackmap frame at branch target 11
Exception Details:
  Location:
    A.k(J)I @4: ifnonnull
  Reason:
    Expected stackmap frame at this location.
  Bytecode:
    0x0000000: b200 1859 c700 0757 b800 2204 324e 100a
    0x0000010: 2d03 0454 ac                           
" type="java.lang.VerifyError">java.lang.VerifyError: Expecting a stackmap frame at branch target 11
Exception Details:
  Location:
    A.k(J)I @4: ifnonnull
  Reason:
    Expected stackmap frame at this location.
  Bytecode:
    0x0000000: b200 1859 c700 0757 b800 2204 324e 100a
    0x0000010: 2d03 0454 ac                           

	at RandoopTest0.test117(RandoopTest0.java:4805)
</error>
  </testcase>
  <testcase classname="RandoopTest0" name="test11" time="0.001">
    <error message="Expecting a stackmap frame at branch target 11
Exception Details:
  Location:
    A.k(J)I @4: ifnonnull
  Reason:
    Expected stackmap frame at this location.
  Bytecode:
    0x0000000: b200 1859 c700 0757 b800 2204 324e 100a
    0x0000010: 2d03 0454 ac                           
" type="java.lang.VerifyError">java.lang.VerifyError: Expecting a stackmap frame at branch target 11
Exception Details:
  Location:
    A.k(J)I @4: ifnonnull
  Reason:
    Expected stackmap frame at this location.
  Bytecode:
    0x0000000: b200 1859 c700 0757 b800 2204 324e 100a
    0x0000010: 2d03 0454 ac                           

	at RandoopTest0.test11(RandoopTest0.java:363)
</error>
  </testcase>
  <testcase classname="RandoopTest0" name="test12" time="0.0">
    <error message="Expecting a stackmap frame at branch target 11
Exception Details:
  Location:
    A.k(J)I @4: ifnonnull
  Reason:
    Expected stackmap frame at this location.
  Bytecode:
    0x0000000: b200 1859 c700 0757 b800 2204 324e 100a
    0x0000010: 2d03 0454 ac                           
" type="java.lang.VerifyError">java.lang.VerifyError: Expecting a stackmap frame at branch target 11
Exception Details:
  Location:
    A.k(J)I @4: ifnonnull
  Reason:
    Expected stackmap frame at this location.
  Bytecode:
    0x0000000: b200 1859 c700 0757 b800 2204 324e 100a
    0x0000010: 2d03 0454 ac                           

	at RandoopTest0.test12(RandoopTest0.java:404)
</error>
  </testcase>
  <testcase classname="RandoopTest0" name="test13" time="0.001">
    <error message="Expecting a stackmap frame at branch target 11
Exception Details:
  Location:
    A.k(J)I @4: ifnonnull
  Reason:
    Expected stackmap frame at this location.
  Bytecode:
    0x0000000: b200 1859 c700 0757 b800 2204 324e 100a
    0x0000010: 2d03 0454 ac                           
" type="java.lang.VerifyError">java.lang.VerifyError: Expecting a stackmap frame at branch target 11
Exception Details:
  Location:
    A.k(J)I @4: ifnonnull
  Reason:
    Expected stackmap frame at this location.
  Bytecode:
    0x0000000: b200 1859 c700 0757 b800 2204 324e 100a
    0x0000010: 2d03 0454 ac                           

	at RandoopTest0.test13(RandoopTest0.java:445)
</error>
  </testcase>
  <testcase classname="RandoopTest0" name="test14" time="0.001">
    <error message="Expecting a stackmap frame at branch target 11
Exception Details:
  Location:
    A.k(J)I @4: ifnonnull
  Reason:
    Expected stackmap frame at this location.
  Bytecode:
    0x0000000: b200 1859 c700 0757 b800 2204 324e 100a
    0x0000010: 2d03 0454 ac                           
" type="java.lang.VerifyError">java.lang.VerifyError: Expecting a stackmap frame at branch target 11
Exception Details:
  Location:
    A.k(J)I @4: ifnonnull
  Reason:
    Expected stackmap frame at this location.
  Bytecode:
    0x0000000: b200 1859 c700 0757 b800 2204 324e 100a
    0x0000010: 2d03 0454 ac                           

	at RandoopTest0.test14(RandoopTest0.java:474)
</error>
  </testcase>
  <testcase classname="RandoopTest0" name="test15" time="0.0">
    <error message="Expecting a stackmap frame at branch target 11
Exception Details:
  Location:
    A.k(J)I @4: ifnonnull
  Reason:
    Expected stackmap frame at this location.
  Bytecode:
    0x0000000: b200 1859 c700 0757 b800 2204 324e 100a
    0x0000010: 2d03 0454 ac                           
" type="java.lang.VerifyError">java.lang.VerifyError: Expecting a stackmap frame at branch target 11
Exception Details:
  Location:
    A.k(J)I @4: ifnonnull
  Reason:
    Expected stackmap frame at this location.
  Bytecode:
    0x0000000: b200 1859 c700 0757 b800 2204 324e 100a
    0x0000010: 2d03 0454 ac                           

	at RandoopTest0.test15(RandoopTest0.java:499)
</error>
  </testcase>
  <testcase classname="RandoopTest0" name="test16" time="0.0">
    <error message="Expecting a stackmap frame at branch target 11
Exception Details:
  Location:
    A.k(J)I @4: ifnonnull
  Reason:
    Expected stackmap frame at this location.
  Bytecode:
    0x0000000: b200 1859 c700 0757 b800 2204 324e 100a
    0x0000010: 2d03 0454 ac                           
" type="java.lang.VerifyError">java.lang.VerifyError: Expecting a stackmap frame at branch target 11
Exception Details:
  Location:
    A.k(J)I @4: ifnonnull
  Reason:
    Expected stackmap frame at this location.
  Bytecode:
    0x0000000: b200 1859 c700 0757 b800 2204 324e 100a
    0x0000010: 2d03 0454 ac                           

	at RandoopTest0.test16(RandoopTest0.java:536)
</error>
  </testcase>
  <testcase classname="RandoopTest0" name="test17" time="0.001">
    <error message="Expecting a stackmap frame at branch target 11
Exception Details:
  Location:
    A.k(J)I @4: ifnonnull
  Reason:
    Expected stackmap frame at this location.
  Bytecode:
    0x0000000: b200 1859 c700 0757 b800 2204 324e 100a
    0x0000010: 2d03 0454 ac                           
" type="java.lang.VerifyError">java.lang.VerifyError: Expecting a stackmap frame at branch target 11
Exception Details:
  Location:
    A.k(J)I @4: ifnonnull
  Reason:
    Expected stackmap frame at this location.
  Bytecode:
    0x0000000: b200 1859 c700 0757 b800 2204 324e 100a
    0x0000010: 2d03 0454 ac                           

	at RandoopTest0.test17(RandoopTest0.java:585)
</error>
  </testcase>
  <testcase classname="RandoopTest0" name="test18" time="0.0">
    <error message="Expecting a stackmap frame at branch target 11
Exception Details:
  Location:
    A.k(J)I @4: ifnonnull
  Reason:
    Expected stackmap frame at this location.
  Bytecode:
    0x0000000: b200 1859 c700 0757 b800 2204 324e 100a
    0x0000010: 2d03 0454 ac                           
" type="java.lang.VerifyError">java.lang.VerifyError: Expecting a stackmap frame at branch target 11
Exception Details:
  Location:
    A.k(J)I @4: ifnonnull
  Reason:
    Expected stackmap frame at this location.
  Bytecode:
    0x0000000: b200 1859 c700 0757 b800 2204 324e 100a
    0x0000010: 2d03 0454 ac                           

	at RandoopTest0.test18(RandoopTest0.java:622)
</error>
  </testcase>
  <testcase classname="RandoopTest0" name="test19" time="0.001">
    <error message="Expecting a stackmap frame at branch target 11
Exception Details:
  Location:
    A.k(J)I @4: ifnonnull
  Reason:
    Expected stackmap frame at this location.
  Bytecode:
    0x0000000: b200 1859 c700 0757 b800 2204 324e 100a
    0x0000010: 2d03 0454 ac                           
" type="java.lang.VerifyError">java.lang.VerifyError: Expecting a stackmap frame at branch target 11
Exception Details:
  Location:
    A.k(J)I @4: ifnonnull
  Reason:
    Expected stackmap frame at this location.
  Bytecode:
    0x0000000: b200 1859 c700 0757 b800 2204 324e 100a
    0x0000010: 2d03 0454 ac                           

	at RandoopTest0.test19(RandoopTest0.java:655)
</error>
  </testcase>
  <testcase classname="RandoopTest0" name="test20" time="0.0">
    <error message="Expecting a stackmap frame at branch target 11
Exception Details:
  Location:
    A.k(J)I @4: ifnonnull
  Reason:
    Expected stackmap frame at this location.
  Bytecode:
    0x0000000: b200 1859 c700 0757 b800 2204 324e 100a
    0x0000010: 2d03 0454 ac                           
" type="java.lang.VerifyError">java.lang.VerifyError: Expecting a stackmap frame at branch target 11
Exception Details:
  Location:
    A.k(J)I @4: ifnonnull
  Reason:
    Expected stackmap frame at this location.
  Bytecode:
    0x0000000: b200 1859 c700 0757 b800 2204 324e 100a
    0x0000010: 2d03 0454 ac                           

	at RandoopTest0.test20(RandoopTest0.java:692)
</error>
  </testcase>
  <testcase classname="RandoopTest0" name="test21" time="0.001">
    <error message="Expecting a stackmap frame at branch target 11
Exception Details:
  Location:
    A.k(J)I @4: ifnonnull
  Reason:
    Expected stackmap frame at this location.
  Bytecode:
    0x0000000: b200 1859 c700 0757 b800 2204 324e 100a
    0x0000010: 2d03 0454 ac                           
" type="java.lang.VerifyError">java.lang.VerifyError: Expecting a stackmap frame at branch target 11
Exception Details:
  Location:
    A.k(J)I @4: ifnonnull
  Reason:
    Expected stackmap frame at this location.
  Bytecode:
    0x0000000: b200 1859 c700 0757 b800 2204 324e 100a
    0x0000010: 2d03 0454 ac                           

	at RandoopTest0.test21(RandoopTest0.java:741)
</error>
  </testcase>
  <testcase classname="RandoopTest0" name="test22" time="0.0">
    <error message="Expecting a stackmap frame at branch target 11
Exception Details:
  Location:
    A.k(J)I @4: ifnonnull
  Reason:
    Expected stackmap frame at this location.
  Bytecode:
    0x0000000: b200 1859 c700 0757 b800 2204 324e 100a
    0x0000010: 2d03 0454 ac                           
" type="java.lang.VerifyError">java.lang.VerifyError: Expecting a stackmap frame at branch target 11
Exception Details:
  Location:
    A.k(J)I @4: ifnonnull
  Reason:
    Expected stackmap frame at this location.
  Bytecode:
    0x0000000: b200 1859 c700 0757 b800 2204 324e 100a
    0x0000010: 2d03 0454 ac                           

	at RandoopTest0.test22(RandoopTest0.java:778)
</error>
  </testcase>
  <testcase classname="RandoopTest0" name="test23" time="0.001">
    <error message="Expecting a stackmap frame at branch target 11
Exception Details:
  Location:
    A.k(J)I @4: ifnonnull
  Reason:
    Expected stackmap frame at this location.
  Bytecode:
    0x0000000: b200 1859 c700 0757 b800 2204 324e 100a
    0x0000010: 2d03 0454 ac                           
" type="java.lang.VerifyError">java.lang.VerifyError: Expecting a stackmap frame at branch target 11
Exception Details:
  Location:
    A.k(J)I @4: ifnonnull
  Reason:
    Expected stackmap frame at this location.
  Bytecode:
    0x0000000: b200 1859 c700 0757 b800 2204 324e 100a
    0x0000010: 2d03 0454 ac                           

	at RandoopTest0.test23(RandoopTest0.java:807)
</error>
  </testcase>
  <testcase classname="RandoopTest0" name="test24" time="0.0">
    <error message="Expecting a stackmap frame at branch target 11
Exception Details:
  Location:
    A.k(J)I @4: ifnonnull
  Reason:
    Expected stackmap frame at this location.
  Bytecode:
    0x0000000: b200 1859 c700 0757 b800 2204 324e 100a
    0x0000010: 2d03 0454 ac                           
" type="java.lang.VerifyError">java.lang.VerifyError: Expecting a stackmap frame at branch target 11
Exception Details:
  Location:
    A.k(J)I @4: ifnonnull
  Reason:
    Expected stackmap frame at this location.
  Bytecode:
    0x0000000: b200 1859 c700 0757 b800 2204 324e 100a
    0x0000010: 2d03 0454 ac                           

	at RandoopTest0.test24(RandoopTest0.java:840)
</error>
  </testcase>
  <testcase classname="RandoopTest0" name="test25" time="0.001">
    <error message="Expecting a stackmap frame at branch target 11
Exception Details:
  Location:
    A.k(J)I @4: ifnonnull
  Reason:
    Expected stackmap frame at this location.
  Bytecode:
    0x0000000: b200 1859 c700 0757 b800 2204 324e 100a
    0x0000010: 2d03 0454 ac                           
" type="java.lang.VerifyError">java.lang.VerifyError: Expecting a stackmap frame at branch target 11
Exception Details:
  Location:
    A.k(J)I @4: ifnonnull
  Reason:
    Expected stackmap frame at this location.
  Bytecode:
    0x0000000: b200 1859 c700 0757 b800 2204 324e 100a
    0x0000010: 2d03 0454 ac                           

	at RandoopTest0.test25(RandoopTest0.java:885)
</error>
  </testcase>
  <testcase classname="RandoopTest0" name="test26" time="0.001">
    <error message="Expecting a stackmap frame at branch target 11
Exception Details:
  Location:
    A.k(J)I @4: ifnonnull
  Reason:
    Expected stackmap frame at this location.
  Bytecode:
    0x0000000: b200 1859 c700 0757 b800 2204 324e 100a
    0x0000010: 2d03 0454 ac                           
" type="java.lang.VerifyError">java.lang.VerifyError: Expecting a stackmap frame at branch target 11
Exception Details:
  Location:
    A.k(J)I @4: ifnonnull
  Reason:
    Expected stackmap frame at this location.
  Bytecode:
    0x0000000: b200 1859 c700 0757 b800 2204 324e 100a
    0x0000010: 2d03 0454 ac                           

	at RandoopTest0.test26(RandoopTest0.java:918)
</error>
  </testcase>
  <testcase classname="RandoopTest0" name="test27" time="0.0">
    <error message="Expecting a stackmap frame at branch target 11
Exception Details:
  Location:
    A.k(J)I @4: ifnonnull
  Reason:
    Expected stackmap frame at this location.
  Bytecode:
    0x0000000: b200 1859 c700 0757 b800 2204 324e 100a
    0x0000010: 2d03 0454 ac                           
" type="java.lang.VerifyError">java.lang.VerifyError: Expecting a stackmap frame at branch target 11
Exception Details:
  Location:
    A.k(J)I @4: ifnonnull
  Reason:
    Expected stackmap frame at this location.
  Bytecode:
    0x0000000: b200 1859 c700 0757 b800 2204 324e 100a
    0x0000010: 2d03 0454 ac                           

	at RandoopTest0.test27(RandoopTest0.java:943)
</error>
  </testcase>
  <testcase classname="RandoopTest0" name="test28" time="0.001">
    <error message="Expecting a stackmap frame at branch target 11
Exception Details:
  Location:
    A.k(J)I @4: ifnonnull
  Reason:
    Expected stackmap frame at this location.
  Bytecode:
    0x0000000: b200 1859 c700 0757 b800 2204 324e 100a
    0x0000010: 2d03 0454 ac                           
" type="java.lang.VerifyError">java.lang.VerifyError: Expecting a stackmap frame at branch target 11
Exception Details:
  Location:
    A.k(J)I @4: ifnonnull
  Reason:
    Expected stackmap frame at this location.
  Bytecode:
    0x0000000: b200 1859 c700 0757 b800 2204 324e 100a
    0x0000010: 2d03 0454 ac                           

	at RandoopTest0.test28(RandoopTest0.java:980)
</error>
  </testcase>
  <testcase classname="RandoopTest0" name="test29" time="0.0">
    <error message="Expecting a stackmap frame at branch target 11
Exception Details:
  Location:
    A.k(J)I @4: ifnonnull
  Reason:
    Expected stackmap frame at this location.
  Bytecode:
    0x0000000: b200 1859 c700 0757 b800 2204 324e 100a
    0x0000010: 2d03 0454 ac                           
" type="java.lang.VerifyError">java.lang.VerifyError: Expecting a stackmap frame at branch target 11
Exception Details:
  Location:
    A.k(J)I @4: ifnonnull
  Reason:
    Expected stackmap frame at this location.
  Bytecode:
    0x0000000: b200 1859 c700 0757 b800 2204 324e 100a
    0x0000010: 2d03 0454 ac                           

	at RandoopTest0.test29(RandoopTest0.java:1013)
</error>
  </testcase>
  <testcase classname="RandoopTest0" name="test30" time="0.001">
    <error message="Expecting a stackmap frame at branch target 11
Exception Details:
  Location:
    A.k(J)I @4: ifnonnull
  Reason:
    Expected stackmap frame at this location.
  Bytecode:
    0x0000000: b200 1859 c700 0757 b800 2204 324e 100a
    0x0000010: 2d03 0454 ac                           
" type="java.lang.VerifyError">java.lang.VerifyError: Expecting a stackmap frame at branch target 11
Exception Details:
  Location:
    A.k(J)I @4: ifnonnull
  Reason:
    Expected stackmap frame at this location.
  Bytecode:
    0x0000000: b200 1859 c700 0757 b800 2204 324e 100a
    0x0000010: 2d03 0454 ac                           

	at RandoopTest0.test30(RandoopTest0.java:1062)
</error>
  </testcase>
  <testcase classname="RandoopTest0" name="test31" time="0.0">
    <error message="Expecting a stackmap frame at branch target 11
Exception Details:
  Location:
    A.k(J)I @4: ifnonnull
  Reason:
    Expected stackmap frame at this location.
  Bytecode:
    0x0000000: b200 1859 c700 0757 b800 2204 324e 100a
    0x0000010: 2d03 0454 ac                           
" type="java.lang.VerifyError">java.lang.VerifyError: Expecting a stackmap frame at branch target 11
Exception Details:
  Location:
    A.k(J)I @4: ifnonnull
  Reason:
    Expected stackmap frame at this location.
  Bytecode:
    0x0000000: b200 1859 c700 0757 b800 2204 324e 100a
    0x0000010: 2d03 0454 ac                           

	at RandoopTest0.test31(RandoopTest0.java:1135)
</error>
  </testcase>
  <testcase classname="RandoopTest0" name="test32" time="0.0">
    <error message="Expecting a stackmap frame at branch target 11
Exception Details:
  Location:
    A.k(J)I @4: ifnonnull
  Reason:
    Expected stackmap frame at this location.
  Bytecode:
    0x0000000: b200 1859 c700 0757 b800 2204 324e 100a
    0x0000010: 2d03 0454 ac                           
" type="java.lang.VerifyError">java.lang.VerifyError: Expecting a stackmap frame at branch target 11
Exception Details:
  Location:
    A.k(J)I @4: ifnonnull
  Reason:
    Expected stackmap frame at this location.
  Bytecode:
    0x0000000: b200 1859 c700 0757 b800 2204 324e 100a
    0x0000010: 2d03 0454 ac                           

	at RandoopTest0.test32(RandoopTest0.java:1172)
</error>
  </testcase>
  <testcase classname="RandoopTest0" name="test33" time="0.0">
    <error message="Expecting a stackmap frame at branch target 11
Exception Details:
  Location:
    A.k(J)I @4: ifnonnull
  Reason:
    Expected stackmap frame at this location.
  Bytecode:
    0x0000000: b200 1859 c700 0757 b800 2204 324e 100a
    0x0000010: 2d03 0454 ac                           
" type="java.lang.VerifyError">java.lang.VerifyError: Expecting a stackmap frame at branch target 11
Exception Details:
  Location:
    A.k(J)I @4: ifnonnull
  Reason:
    Expected stackmap frame at this location.
  Bytecode:
    0x0000000: b200 1859 c700 0757 b800 2204 324e 100a
    0x0000010: 2d03 0454 ac                           

	at RandoopTest0.test33(RandoopTest0.java:1201)
</error>
  </testcase>
  <testcase classname="RandoopTest0" name="test34" time="0.0">
    <error message="Expecting a stackmap frame at branch target 11
Exception Details:
  Location:
    A.k(J)I @4: ifnonnull
  Reason:
    Expected stackmap frame at this location.
  Bytecode:
    0x0000000: b200 1859 c700 0757 b800 2204 324e 100a
    0x0000010: 2d03 0454 ac                           
" type="java.lang.VerifyError">java.lang.VerifyError: Expecting a stackmap frame at branch target 11
Exception Details:
  Location:
    A.k(J)I @4: ifnonnull
  Reason:
    Expected stackmap frame at this location.
  Bytecode:
    0x0000000: b200 1859 c700 0757 b800 2204 324e 100a
    0x0000010: 2d03 0454 ac                           

	at RandoopTest0.test34(RandoopTest0.java:1246)
</error>
  </testcase>
  <testcase classname="RandoopTest0" name="test35" time="0.0">
    <error message="Expecting a stackmap frame at branch target 11
Exception Details:
  Location:
    A.k(J)I @4: ifnonnull
  Reason:
    Expected stackmap frame at this location.
  Bytecode:
    0x0000000: b200 1859 c700 0757 b800 2204 324e 100a
    0x0000010: 2d03 0454 ac                           
" type="java.lang.VerifyError">java.lang.VerifyError: Expecting a stackmap frame at branch target 11
Exception Details:
  Location:
    A.k(J)I @4: ifnonnull
  Reason:
    Expected stackmap frame at this location.
  Bytecode:
    0x0000000: b200 1859 c700 0757 b800 2204 324e 100a
    0x0000010: 2d03 0454 ac                           

	at RandoopTest0.test35(RandoopTest0.java:1303)
</error>
  </testcase>
  <testcase classname="RandoopTest0" name="test36" time="0.0">
    <error message="Expecting a stackmap frame at branch target 11
Exception Details:
  Location:
    A.k(J)I @4: ifnonnull
  Reason:
    Expected stackmap frame at this location.
  Bytecode:
    0x0000000: b200 1859 c700 0757 b800 2204 324e 100a
    0x0000010: 2d03 0454 ac                           
" type="java.lang.VerifyError">java.lang.VerifyError: Expecting a stackmap frame at branch target 11
Exception Details:
  Location:
    A.k(J)I @4: ifnonnull
  Reason:
    Expected stackmap frame at this location.
  Bytecode:
    0x0000000: b200 1859 c700 0757 b800 2204 324e 100a
    0x0000010: 2d03 0454 ac                           

	at RandoopTest0.test36(RandoopTest0.java:1336)
</error>
  </testcase>
  <testcase classname="RandoopTest0" name="test37" time="0.0">
    <error message="Expecting a stackmap frame at branch target 11
Exception Details:
  Location:
    A.k(J)I @4: ifnonnull
  Reason:
    Expected stackmap frame at this location.
  Bytecode:
    0x0000000: b200 1859 c700 0757 b800 2204 324e 100a
    0x0000010: 2d03 0454 ac                           
" type="java.lang.VerifyError">java.lang.VerifyError: Expecting a stackmap frame at branch target 11
Exception Details:
  Location:
    A.k(J)I @4: ifnonnull
  Reason:
    Expected stackmap frame at this location.
  Bytecode:
    0x0000000: b200 1859 c700 0757 b800 2204 324e 100a
    0x0000010: 2d03 0454 ac                           

	at RandoopTest0.test37(RandoopTest0.java:1369)
</error>
  </testcase>
  <testcase classname="RandoopTest0" name="test38" time="0.001">
    <error message="Expecting a stackmap frame at branch target 11
Exception Details:
  Location:
    A.k(J)I @4: ifnonnull
  Reason:
    Expected stackmap frame at this location.
  Bytecode:
    0x0000000: b200 1859 c700 0757 b800 2204 324e 100a
    0x0000010: 2d03 0454 ac                           
" type="java.lang.VerifyError">java.lang.VerifyError: Expecting a stackmap frame at branch target 11
Exception Details:
  Location:
    A.k(J)I @4: ifnonnull
  Reason:
    Expected stackmap frame at this location.
  Bytecode:
    0x0000000: b200 1859 c700 0757 b800 2204 324e 100a
    0x0000010: 2d03 0454 ac                           

	at RandoopTest0.test38(RandoopTest0.java:1390)
</error>
  </testcase>
  <testcase classname="RandoopTest0" name="test39" time="0.001">
    <error message="Expecting a stackmap frame at branch target 11
Exception Details:
  Location:
    A.k(J)I @4: ifnonnull
  Reason:
    Expected stackmap frame at this location.
  Bytecode:
    0x0000000: b200 1859 c700 0757 b800 2204 324e 100a
    0x0000010: 2d03 0454 ac                           
" type="java.lang.VerifyError">java.lang.VerifyError: Expecting a stackmap frame at branch target 11
Exception Details:
  Location:
    A.k(J)I @4: ifnonnull
  Reason:
    Expected stackmap frame at this location.
  Bytecode:
    0x0000000: b200 1859 c700 0757 b800 2204 324e 100a
    0x0000010: 2d03 0454 ac                           

	at RandoopTest0.test39(RandoopTest0.java:1427)
</error>
  </testcase>
  <testcase classname="RandoopTest0" name="test40" time="0.0">
    <error message="Expecting a stackmap frame at branch target 11
Exception Details:
  Location:
    A.k(J)I @4: ifnonnull
  Reason:
    Expected stackmap frame at this location.
  Bytecode:
    0x0000000: b200 1859 c700 0757 b800 2204 324e 100a
    0x0000010: 2d03 0454 ac                           
" type="java.lang.VerifyError">java.lang.VerifyError: Expecting a stackmap frame at branch target 11
Exception Details:
  Location:
    A.k(J)I @4: ifnonnull
  Reason:
    Expected stackmap frame at this location.
  Bytecode:
    0x0000000: b200 1859 c700 0757 b800 2204 324e 100a
    0x0000010: 2d03 0454 ac                           

	at RandoopTest0.test40(RandoopTest0.java:1508)
</error>
  </testcase>
  <testcase classname="RandoopTest0" name="test41" time="0.001">
    <error message="Expecting a stackmap frame at branch target 11
Exception Details:
  Location:
    A.k(J)I @4: ifnonnull
  Reason:
    Expected stackmap frame at this location.
  Bytecode:
    0x0000000: b200 1859 c700 0757 b800 2204 324e 100a
    0x0000010: 2d03 0454 ac                           
" type="java.lang.VerifyError">java.lang.VerifyError: Expecting a stackmap frame at branch target 11
Exception Details:
  Location:
    A.k(J)I @4: ifnonnull
  Reason:
    Expected stackmap frame at this location.
  Bytecode:
    0x0000000: b200 1859 c700 0757 b800 2204 324e 100a
    0x0000010: 2d03 0454 ac                           

	at RandoopTest0.test41(RandoopTest0.java:1549)
</error>
  </testcase>
  <testcase classname="RandoopTest0" name="test42" time="0.0">
    <error message="Expecting a stackmap frame at branch target 11
Exception Details:
  Location:
    A.k(J)I @4: ifnonnull
  Reason:
    Expected stackmap frame at this location.
  Bytecode:
    0x0000000: b200 1859 c700 0757 b800 2204 324e 100a
    0x0000010: 2d03 0454 ac                           
" type="java.lang.VerifyError">java.lang.VerifyError: Expecting a stackmap frame at branch target 11
Exception Details:
  Location:
    A.k(J)I @4: ifnonnull
  Reason:
    Expected stackmap frame at this location.
  Bytecode:
    0x0000000: b200 1859 c700 0757 b800 2204 324e 100a
    0x0000010: 2d03 0454 ac                           

	at RandoopTest0.test42(RandoopTest0.java:1602)
</error>
  </testcase>
  <testcase classname="RandoopTest0" name="test43" time="0.001">
    <error message="Expecting a stackmap frame at branch target 11
Exception Details:
  Location:
    A.k(J)I @4: ifnonnull
  Reason:
    Expected stackmap frame at this location.
  Bytecode:
    0x0000000: b200 1859 c700 0757 b800 2204 324e 100a
    0x0000010: 2d03 0454 ac                           
" type="java.lang.VerifyError">java.lang.VerifyError: Expecting a stackmap frame at branch target 11
Exception Details:
  Location:
    A.k(J)I @4: ifnonnull
  Reason:
    Expected stackmap frame at this location.
  Bytecode:
    0x0000000: b200 1859 c700 0757 b800 2204 324e 100a
    0x0000010: 2d03 0454 ac                           

	at RandoopTest0.test43(RandoopTest0.java:1647)
</error>
  </testcase>
  <testcase classname="RandoopTest0" name="test44" time="0.0">
    <error message="Expecting a stackmap frame at branch target 11
Exception Details:
  Location:
    A.k(J)I @4: ifnonnull
  Reason:
    Expected stackmap frame at this location.
  Bytecode:
    0x0000000: b200 1859 c700 0757 b800 2204 324e 100a
    0x0000010: 2d03 0454 ac                           
" type="java.lang.VerifyError">java.lang.VerifyError: Expecting a stackmap frame at branch target 11
Exception Details:
  Location:
    A.k(J)I @4: ifnonnull
  Reason:
    Expected stackmap frame at this location.
  Bytecode:
    0x0000000: b200 1859 c700 0757 b800 2204 324e 100a
    0x0000010: 2d03 0454 ac                           

	at RandoopTest0.test44(RandoopTest0.java:1672)
</error>
  </testcase>
  <testcase classname="RandoopTest0" name="test45" time="0.001">
    <error message="Expecting a stackmap frame at branch target 11
Exception Details:
  Location:
    A.k(J)I @4: ifnonnull
  Reason:
    Expected stackmap frame at this location.
  Bytecode:
    0x0000000: b200 1859 c700 0757 b800 2204 324e 100a
    0x0000010: 2d03 0454 ac                           
" type="java.lang.VerifyError">java.lang.VerifyError: Expecting a stackmap frame at branch target 11
Exception Details:
  Location:
    A.k(J)I @4: ifnonnull
  Reason:
    Expected stackmap frame at this location.
  Bytecode:
    0x0000000: b200 1859 c700 0757 b800 2204 324e 100a
    0x0000010: 2d03 0454 ac                           

	at RandoopTest0.test45(RandoopTest0.java:1705)
</error>
  </testcase>
  <testcase classname="RandoopTest0" name="test46" time="0.0">
    <error message="Expecting a stackmap frame at branch target 11
Exception Details:
  Location:
    A.k(J)I @4: ifnonnull
  Reason:
    Expected stackmap frame at this location.
  Bytecode:
    0x0000000: b200 1859 c700 0757 b800 2204 324e 100a
    0x0000010: 2d03 0454 ac                           
" type="java.lang.VerifyError">java.lang.VerifyError: Expecting a stackmap frame at branch target 11
Exception Details:
  Location:
    A.k(J)I @4: ifnonnull
  Reason:
    Expected stackmap frame at this location.
  Bytecode:
    0x0000000: b200 1859 c700 0757 b800 2204 324e 100a
    0x0000010: 2d03 0454 ac                           

	at RandoopTest0.test46(RandoopTest0.java:1770)
</error>
  </testcase>
  <testcase classname="RandoopTest0" name="test47" time="0.0">
    <error message="Expecting a stackmap frame at branch target 11
Exception Details:
  Location:
    A.k(J)I @4: ifnonnull
  Reason:
    Expected stackmap frame at this location.
  Bytecode:
    0x0000000: b200 1859 c700 0757 b800 2204 324e 100a
    0x0000010: 2d03 0454 ac                           
" type="java.lang.VerifyError">java.lang.VerifyError: Expecting a stackmap frame at branch target 11
Exception Details:
  Location:
    A.k(J)I @4: ifnonnull
  Reason:
    Expected stackmap frame at this location.
  Bytecode:
    0x0000000: b200 1859 c700 0757 b800 2204 324e 100a
    0x0000010: 2d03 0454 ac                           

	at RandoopTest0.test47(RandoopTest0.java:1827)
</error>
  </testcase>
  <testcase classname="RandoopTest0" name="test48" time="0.0">
    <error message="Expecting a stackmap frame at branch target 11
Exception Details:
  Location:
    A.k(J)I @4: ifnonnull
  Reason:
    Expected stackmap frame at this location.
  Bytecode:
    0x0000000: b200 1859 c700 0757 b800 2204 324e 100a
    0x0000010: 2d03 0454 ac                           
" type="java.lang.VerifyError">java.lang.VerifyError: Expecting a stackmap frame at branch target 11
Exception Details:
  Location:
    A.k(J)I @4: ifnonnull
  Reason:
    Expected stackmap frame at this location.
  Bytecode:
    0x0000000: b200 1859 c700 0757 b800 2204 324e 100a
    0x0000010: 2d03 0454 ac                           

	at RandoopTest0.test48(RandoopTest0.java:1880)
</error>
  </testcase>
  <testcase classname="RandoopTest0" name="test49" time="0.0">
    <error message="Expecting a stackmap frame at branch target 11
Exception Details:
  Location:
    A.k(J)I @4: ifnonnull
  Reason:
    Expected stackmap frame at this location.
  Bytecode:
    0x0000000: b200 1859 c700 0757 b800 2204 324e 100a
    0x0000010: 2d03 0454 ac                           
" type="java.lang.VerifyError">java.lang.VerifyError: Expecting a stackmap frame at branch target 11
Exception Details:
  Location:
    A.k(J)I @4: ifnonnull
  Reason:
    Expected stackmap frame at this location.
  Bytecode:
    0x0000000: b200 1859 c700 0757 b800 2204 324e 100a
    0x0000010: 2d03 0454 ac                           

	at RandoopTest0.test49(RandoopTest0.java:1909)
</error>
  </testcase>
  <testcase classname="RandoopTest0" name="test50" time="0.004">
    <error message="Expecting a stackmap frame at branch target 11
Exception Details:
  Location:
    A.k(J)I @4: ifnonnull
  Reason:
    Expected stackmap frame at this location.
  Bytecode:
    0x0000000: b200 1859 c700 0757 b800 2204 324e 100a
    0x0000010: 2d03 0454 ac                           
" type="java.lang.VerifyError">java.lang.VerifyError: Expecting a stackmap frame at branch target 11
Exception Details:
  Location:
    A.k(J)I @4: ifnonnull
  Reason:
    Expected stackmap frame at this location.
  Bytecode:
    0x0000000: b200 1859 c700 0757 b800 2204 324e 100a
    0x0000010: 2d03 0454 ac                           

	at RandoopTest0.test50(RandoopTest0.java:1942)
</error>
  </testcase>
  <testcase classname="RandoopTest0" name="test51" time="0.0">
    <error message="Expecting a stackmap frame at branch target 11
Exception Details:
  Location:
    A.k(J)I @4: ifnonnull
  Reason:
    Expected stackmap frame at this location.
  Bytecode:
    0x0000000: b200 1859 c700 0757 b800 2204 324e 100a
    0x0000010: 2d03 0454 ac                           
" type="java.lang.VerifyError">java.lang.VerifyError: Expecting a stackmap frame at branch target 11
Exception Details:
  Location:
    A.k(J)I @4: ifnonnull
  Reason:
    Expected stackmap frame at this location.
  Bytecode:
    0x0000000: b200 1859 c700 0757 b800 2204 324e 100a
    0x0000010: 2d03 0454 ac                           

	at RandoopTest0.test51(RandoopTest0.java:1967)
</error>
  </testcase>
  <testcase classname="RandoopTest0" name="test52" time="0.001">
    <error message="Expecting a stackmap frame at branch target 11
Exception Details:
  Location:
    A.k(J)I @4: ifnonnull
  Reason:
    Expected stackmap frame at this location.
  Bytecode:
    0x0000000: b200 1859 c700 0757 b800 2204 324e 100a
    0x0000010: 2d03 0454 ac                           
" type="java.lang.VerifyError">java.lang.VerifyError: Expecting a stackmap frame at branch target 11
Exception Details:
  Location:
    A.k(J)I @4: ifnonnull
  Reason:
    Expected stackmap frame at this location.
  Bytecode:
    0x0000000: b200 1859 c700 0757 b800 2204 324e 100a
    0x0000010: 2d03 0454 ac                           

	at RandoopTest0.test52(RandoopTest0.java:2004)
</error>
  </testcase>
  <testcase classname="RandoopTest0" name="test53" time="0.0">
    <error message="Expecting a stackmap frame at branch target 11
Exception Details:
  Location:
    A.k(J)I @4: ifnonnull
  Reason:
    Expected stackmap frame at this location.
  Bytecode:
    0x0000000: b200 1859 c700 0757 b800 2204 324e 100a
    0x0000010: 2d03 0454 ac                           
" type="java.lang.VerifyError">java.lang.VerifyError: Expecting a stackmap frame at branch target 11
Exception Details:
  Location:
    A.k(J)I @4: ifnonnull
  Reason:
    Expected stackmap frame at this location.
  Bytecode:
    0x0000000: b200 1859 c700 0757 b800 2204 324e 100a
    0x0000010: 2d03 0454 ac                           

	at RandoopTest0.test53(RandoopTest0.java:2045)
</error>
  </testcase>
  <testcase classname="RandoopTest0" name="test54" time="0.0">
    <error message="Expecting a stackmap frame at branch target 11
Exception Details:
  Location:
    A.k(J)I @4: ifnonnull
  Reason:
    Expected stackmap frame at this location.
  Bytecode:
    0x0000000: b200 1859 c700 0757 b800 2204 324e 100a
    0x0000010: 2d03 0454 ac                           
" type="java.lang.VerifyError">java.lang.VerifyError: Expecting a stackmap frame at branch target 11
Exception Details:
  Location:
    A.k(J)I @4: ifnonnull
  Reason:
    Expected stackmap frame at this location.
  Bytecode:
    0x0000000: b200 1859 c700 0757 b800 2204 324e 100a
    0x0000010: 2d03 0454 ac                           

	at RandoopTest0.test54(RandoopTest0.java:2082)
</error>
  </testcase>
  <testcase classname="RandoopTest0" name="test55" time="0.001">
    <error message="Expecting a stackmap frame at branch target 11
Exception Details:
  Location:
    A.k(J)I @4: ifnonnull
  Reason:
    Expected stackmap frame at this location.
  Bytecode:
    0x0000000: b200 1859 c700 0757 b800 2204 324e 100a
    0x0000010: 2d03 0454 ac                           
" type="java.lang.VerifyError">java.lang.VerifyError: Expecting a stackmap frame at branch target 11
Exception Details:
  Location:
    A.k(J)I @4: ifnonnull
  Reason:
    Expected stackmap frame at this location.
  Bytecode:
    0x0000000: b200 1859 c700 0757 b800 2204 324e 100a
    0x0000010: 2d03 0454 ac                           

	at RandoopTest0.test55(RandoopTest0.java:2139)
</error>
  </testcase>
  <testcase classname="RandoopTest0" name="test56" time="0.0">
    <error message="Expecting a stackmap frame at branch target 11
Exception Details:
  Location:
    A.k(J)I @4: ifnonnull
  Reason:
    Expected stackmap frame at this location.
  Bytecode:
    0x0000000: b200 1859 c700 0757 b800 2204 324e 100a
    0x0000010: 2d03 0454 ac                           
" type="java.lang.VerifyError">java.lang.VerifyError: Expecting a stackmap frame at branch target 11
Exception Details:
  Location:
    A.k(J)I @4: ifnonnull
  Reason:
    Expected stackmap frame at this location.
  Bytecode:
    0x0000000: b200 1859 c700 0757 b800 2204 324e 100a
    0x0000010: 2d03 0454 ac                           

	at RandoopTest0.test56(RandoopTest0.java:2176)
</error>
  </testcase>
  <testcase classname="RandoopTest0" name="test57" time="0.0">
    <error message="Expecting a stackmap frame at branch target 11
Exception Details:
  Location:
    A.k(J)I @4: ifnonnull
  Reason:
    Expected stackmap frame at this location.
  Bytecode:
    0x0000000: b200 1859 c700 0757 b800 2204 324e 100a
    0x0000010: 2d03 0454 ac                           
" type="java.lang.VerifyError">java.lang.VerifyError: Expecting a stackmap frame at branch target 11
Exception Details:
  Location:
    A.k(J)I @4: ifnonnull
  Reason:
    Expected stackmap frame at this location.
  Bytecode:
    0x0000000: b200 1859 c700 0757 b800 2204 324e 100a
    0x0000010: 2d03 0454 ac                           

	at RandoopTest0.test57(RandoopTest0.java:2213)
</error>
  </testcase>
  <testcase classname="RandoopTest0" name="test58" time="0.0">
    <error message="Expecting a stackmap frame at branch target 11
Exception Details:
  Location:
    A.k(J)I @4: ifnonnull
  Reason:
    Expected stackmap frame at this location.
  Bytecode:
    0x0000000: b200 1859 c700 0757 b800 2204 324e 100a
    0x0000010: 2d03 0454 ac                           
" type="java.lang.VerifyError">java.lang.VerifyError: Expecting a stackmap frame at branch target 11
Exception Details:
  Location:
    A.k(J)I @4: ifnonnull
  Reason:
    Expected stackmap frame at this location.
  Bytecode:
    0x0000000: b200 1859 c700 0757 b800 2204 324e 100a
    0x0000010: 2d03 0454 ac                           

	at RandoopTest0.test58(RandoopTest0.java:2246)
</error>
  </testcase>
  <testcase classname="RandoopTest0" name="test118" time="0.0">
    <error message="Expecting a stackmap frame at branch target 11
Exception Details:
  Location:
    A.k(J)I @4: ifnonnull
  Reason:
    Expected stackmap frame at this location.
  Bytecode:
    0x0000000: b200 1859 c700 0757 b800 2204 324e 100a
    0x0000010: 2d03 0454 ac                           
" type="java.lang.VerifyError">java.lang.VerifyError: Expecting a stackmap frame at branch target 11
Exception Details:
  Location:
    A.k(J)I @4: ifnonnull
  Reason:
    Expected stackmap frame at this location.
  Bytecode:
    0x0000000: b200 1859 c700 0757 b800 2204 324e 100a
    0x0000010: 2d03 0454 ac                           

	at RandoopTest0.test118(RandoopTest0.java:4846)
</error>
  </testcase>
  <testcase classname="RandoopTest0" name="test119" time="0.0">
    <error message="Expecting a stackmap frame at branch target 11
Exception Details:
  Location:
    A.k(J)I @4: ifnonnull
  Reason:
    Expected stackmap frame at this location.
  Bytecode:
    0x0000000: b200 1859 c700 0757 b800 2204 324e 100a
    0x0000010: 2d03 0454 ac                           
" type="java.lang.VerifyError">java.lang.VerifyError: Expecting a stackmap frame at branch target 11
Exception Details:
  Location:
    A.k(J)I @4: ifnonnull
  Reason:
    Expected stackmap frame at this location.
  Bytecode:
    0x0000000: b200 1859 c700 0757 b800 2204 324e 100a
    0x0000010: 2d03 0454 ac                           

	at RandoopTest0.test119(RandoopTest0.java:4903)
</error>
  </testcase>
  <testcase classname="RandoopTest0" name="test120" time="0.0">
    <error message="Expecting a stackmap frame at branch target 11
Exception Details:
  Location:
    A.k(J)I @4: ifnonnull
  Reason:
    Expected stackmap frame at this location.
  Bytecode:
    0x0000000: b200 1859 c700 0757 b800 2204 324e 100a
    0x0000010: 2d03 0454 ac                           
" type="java.lang.VerifyError">java.lang.VerifyError: Expecting a stackmap frame at branch target 11
Exception Details:
  Location:
    A.k(J)I @4: ifnonnull
  Reason:
    Expected stackmap frame at this location.
  Bytecode:
    0x0000000: b200 1859 c700 0757 b800 2204 324e 100a
    0x0000010: 2d03 0454 ac                           

	at RandoopTest0.test120(RandoopTest0.java:4944)
</error>
  </testcase>
  <testcase classname="RandoopTest0" name="test121" time="0.001">
    <error message="Expecting a stackmap frame at branch target 11
Exception Details:
  Location:
    A.k(J)I @4: ifnonnull
  Reason:
    Expected stackmap frame at this location.
  Bytecode:
    0x0000000: b200 1859 c700 0757 b800 2204 324e 100a
    0x0000010: 2d03 0454 ac                           
" type="java.lang.VerifyError">java.lang.VerifyError: Expecting a stackmap frame at branch target 11
Exception Details:
  Location:
    A.k(J)I @4: ifnonnull
  Reason:
    Expected stackmap frame at this location.
  Bytecode:
    0x0000000: b200 1859 c700 0757 b800 2204 324e 100a
    0x0000010: 2d03 0454 ac                           

	at RandoopTest0.test121(RandoopTest0.java:4973)
</error>
  </testcase>
  <testcase classname="RandoopTest0" name="test122" time="0.0">
    <error message="Expecting a stackmap frame at branch target 11
Exception Details:
  Location:
    A.k(J)I @4: ifnonnull
  Reason:
    Expected stackmap frame at this location.
  Bytecode:
    0x0000000: b200 1859 c700 0757 b800 2204 324e 100a
    0x0000010: 2d03 0454 ac                           
" type="java.lang.VerifyError">java.lang.VerifyError: Expecting a stackmap frame at branch target 11
Exception Details:
  Location:
    A.k(J)I @4: ifnonnull
  Reason:
    Expected stackmap frame at this location.
  Bytecode:
    0x0000000: b200 1859 c700 0757 b800 2204 324e 100a
    0x0000010: 2d03 0454 ac                           

	at RandoopTest0.test122(RandoopTest0.java:5010)
</error>
  </testcase>
  <testcase classname="RandoopTest0" name="test123" time="0.0">
    <error message="Expecting a stackmap frame at branch target 11
Exception Details:
  Location:
    A.k(J)I @4: ifnonnull
  Reason:
    Expected stackmap frame at this location.
  Bytecode:
    0x0000000: b200 1859 c700 0757 b800 2204 324e 100a
    0x0000010: 2d03 0454 ac                           
" type="java.lang.VerifyError">java.lang.VerifyError: Expecting a stackmap frame at branch target 11
Exception Details:
  Location:
    A.k(J)I @4: ifnonnull
  Reason:
    Expected stackmap frame at this location.
  Bytecode:
    0x0000000: b200 1859 c700 0757 b800 2204 324e 100a
    0x0000010: 2d03 0454 ac                           

	at RandoopTest0.test123(RandoopTest0.java:5047)
</error>
  </testcase>
  <testcase classname="RandoopTest0" name="test124" time="0.001">
    <error message="Expecting a stackmap frame at branch target 11
Exception Details:
  Location:
    A.k(J)I @4: ifnonnull
  Reason:
    Expected stackmap frame at this location.
  Bytecode:
    0x0000000: b200 1859 c700 0757 b800 2204 324e 100a
    0x0000010: 2d03 0454 ac                           
" type="java.lang.VerifyError">java.lang.VerifyError: Expecting a stackmap frame at branch target 11
Exception Details:
  Location:
    A.k(J)I @4: ifnonnull
  Reason:
    Expected stackmap frame at this location.
  Bytecode:
    0x0000000: b200 1859 c700 0757 b800 2204 324e 100a
    0x0000010: 2d03 0454 ac                           

	at RandoopTest0.test124(RandoopTest0.java:5088)
</error>
  </testcase>
  <testcase classname="RandoopTest0" name="test125" time="0.0">
    <error message="Expecting a stackmap frame at branch target 11
Exception Details:
  Location:
    A.k(J)I @4: ifnonnull
  Reason:
    Expected stackmap frame at this location.
  Bytecode:
    0x0000000: b200 1859 c700 0757 b800 2204 324e 100a
    0x0000010: 2d03 0454 ac                           
" type="java.lang.VerifyError">java.lang.VerifyError: Expecting a stackmap frame at branch target 11
Exception Details:
  Location:
    A.k(J)I @4: ifnonnull
  Reason:
    Expected stackmap frame at this location.
  Bytecode:
    0x0000000: b200 1859 c700 0757 b800 2204 324e 100a
    0x0000010: 2d03 0454 ac                           

	at RandoopTest0.test125(RandoopTest0.java:5125)
</error>
  </testcase>
  <testcase classname="RandoopTest0" name="test126" time="0.001">
    <error message="Expecting a stackmap frame at branch target 11
Exception Details:
  Location:
    A.k(J)I @4: ifnonnull
  Reason:
    Expected stackmap frame at this location.
  Bytecode:
    0x0000000: b200 1859 c700 0757 b800 2204 324e 100a
    0x0000010: 2d03 0454 ac                           
" type="java.lang.VerifyError">java.lang.VerifyError: Expecting a stackmap frame at branch target 11
Exception Details:
  Location:
    A.k(J)I @4: ifnonnull
  Reason:
    Expected stackmap frame at this location.
  Bytecode:
    0x0000000: b200 1859 c700 0757 b800 2204 324e 100a
    0x0000010: 2d03 0454 ac                           

	at RandoopTest0.test126(RandoopTest0.java:5182)
</error>
  </testcase>
  <testcase classname="RandoopTest0" name="test127" time="0.0">
    <error message="Expecting a stackmap frame at branch target 11
Exception Details:
  Location:
    A.k(J)I @4: ifnonnull
  Reason:
    Expected stackmap frame at this location.
  Bytecode:
    0x0000000: b200 1859 c700 0757 b800 2204 324e 100a
    0x0000010: 2d03 0454 ac                           
" type="java.lang.VerifyError">java.lang.VerifyError: Expecting a stackmap frame at branch target 11
Exception Details:
  Location:
    A.k(J)I @4: ifnonnull
  Reason:
    Expected stackmap frame at this location.
  Bytecode:
    0x0000000: b200 1859 c700 0757 b800 2204 324e 100a
    0x0000010: 2d03 0454 ac                           

	at RandoopTest0.test127(RandoopTest0.java:5211)
</error>
  </testcase>
  <testcase classname="RandoopTest0" name="test128" time="0.001">
    <error message="Expecting a stackmap frame at branch target 11
Exception Details:
  Location:
    A.k(J)I @4: ifnonnull
  Reason:
    Expected stackmap frame at this location.
  Bytecode:
    0x0000000: b200 1859 c700 0757 b800 2204 324e 100a
    0x0000010: 2d03 0454 ac                           
" type="java.lang.VerifyError">java.lang.VerifyError: Expecting a stackmap frame at branch target 11
Exception Details:
  Location:
    A.k(J)I @4: ifnonnull
  Reason:
    Expected stackmap frame at this location.
  Bytecode:
    0x0000000: b200 1859 c700 0757 b800 2204 324e 100a
    0x0000010: 2d03 0454 ac                           

	at RandoopTest0.test128(RandoopTest0.java:5264)
</error>
  </testcase>
  <testcase classname="RandoopTest0" name="test129" time="0.0">
    <error message="Expecting a stackmap frame at branch target 11
Exception Details:
  Location:
    A.k(J)I @4: ifnonnull
  Reason:
    Expected stackmap frame at this location.
  Bytecode:
    0x0000000: b200 1859 c700 0757 b800 2204 324e 100a
    0x0000010: 2d03 0454 ac                           
" type="java.lang.VerifyError">java.lang.VerifyError: Expecting a stackmap frame at branch target 11
Exception Details:
  Location:
    A.k(J)I @4: ifnonnull
  Reason:
    Expected stackmap frame at this location.
  Bytecode:
    0x0000000: b200 1859 c700 0757 b800 2204 324e 100a
    0x0000010: 2d03 0454 ac                           

	at RandoopTest0.test129(RandoopTest0.java:5293)
</error>
  </testcase>
  <testcase classname="RandoopTest0" name="test130" time="0.0">
    <error message="Expecting a stackmap frame at branch target 11
Exception Details:
  Location:
    A.k(J)I @4: ifnonnull
  Reason:
    Expected stackmap frame at this location.
  Bytecode:
    0x0000000: b200 1859 c700 0757 b800 2204 324e 100a
    0x0000010: 2d03 0454 ac                           
" type="java.lang.VerifyError">java.lang.VerifyError: Expecting a stackmap frame at branch target 11
Exception Details:
  Location:
    A.k(J)I @4: ifnonnull
  Reason:
    Expected stackmap frame at this location.
  Bytecode:
    0x0000000: b200 1859 c700 0757 b800 2204 324e 100a
    0x0000010: 2d03 0454 ac                           

	at RandoopTest0.test130(RandoopTest0.java:5338)
</error>
  </testcase>
  <testcase classname="RandoopTest0" name="test131" time="0.0">
    <error message="Expecting a stackmap frame at branch target 11
Exception Details:
  Location:
    A.k(J)I @4: ifnonnull
  Reason:
    Expected stackmap frame at this location.
  Bytecode:
    0x0000000: b200 1859 c700 0757 b800 2204 324e 100a
    0x0000010: 2d03 0454 ac                           
" type="java.lang.VerifyError">java.lang.VerifyError: Expecting a stackmap frame at branch target 11
Exception Details:
  Location:
    A.k(J)I @4: ifnonnull
  Reason:
    Expected stackmap frame at this location.
  Bytecode:
    0x0000000: b200 1859 c700 0757 b800 2204 324e 100a
    0x0000010: 2d03 0454 ac                           

	at RandoopTest0.test131(RandoopTest0.java:5367)
</error>
  </testcase>
  <testcase classname="RandoopTest0" name="test132" time="0.001">
    <error message="Expecting a stackmap frame at branch target 11
Exception Details:
  Location:
    A.k(J)I @4: ifnonnull
  Reason:
    Expected stackmap frame at this location.
  Bytecode:
    0x0000000: b200 1859 c700 0757 b800 2204 324e 100a
    0x0000010: 2d03 0454 ac                           
" type="java.lang.VerifyError">java.lang.VerifyError: Expecting a stackmap frame at branch target 11
Exception Details:
  Location:
    A.k(J)I @4: ifnonnull
  Reason:
    Expected stackmap frame at this location.
  Bytecode:
    0x0000000: b200 1859 c700 0757 b800 2204 324e 100a
    0x0000010: 2d03 0454 ac                           

	at RandoopTest0.test132(RandoopTest0.java:5404)
</error>
  </testcase>
  <testcase classname="RandoopTest0" name="test133" time="0.0">
    <error message="Expecting a stackmap frame at branch target 11
Exception Details:
  Location:
    A.k(J)I @4: ifnonnull
  Reason:
    Expected stackmap frame at this location.
  Bytecode:
    0x0000000: b200 1859 c700 0757 b800 2204 324e 100a
    0x0000010: 2d03 0454 ac                           
" type="java.lang.VerifyError">java.lang.VerifyError: Expecting a stackmap frame at branch target 11
Exception Details:
  Location:
    A.k(J)I @4: ifnonnull
  Reason:
    Expected stackmap frame at this location.
  Bytecode:
    0x0000000: b200 1859 c700 0757 b800 2204 324e 100a
    0x0000010: 2d03 0454 ac                           

	at RandoopTest0.test133(RandoopTest0.java:5461)
</error>
  </testcase>
  <testcase classname="RandoopTest0" name="test134" time="0.001">
    <error message="Expecting a stackmap frame at branch target 11
Exception Details:
  Location:
    A.k(J)I @4: ifnonnull
  Reason:
    Expected stackmap frame at this location.
  Bytecode:
    0x0000000: b200 1859 c700 0757 b800 2204 324e 100a
    0x0000010: 2d03 0454 ac                           
" type="java.lang.VerifyError">java.lang.VerifyError: Expecting a stackmap frame at branch target 11
Exception Details:
  Location:
    A.k(J)I @4: ifnonnull
  Reason:
    Expected stackmap frame at this location.
  Bytecode:
    0x0000000: b200 1859 c700 0757 b800 2204 324e 100a
    0x0000010: 2d03 0454 ac                           

	at RandoopTest0.test134(RandoopTest0.java:5506)
</error>
  </testcase>
  <testcase classname="RandoopTest0" name="test135" time="0.0">
    <error message="Expecting a stackmap frame at branch target 11
Exception Details:
  Location:
    A.k(J)I @4: ifnonnull
  Reason:
    Expected stackmap frame at this location.
  Bytecode:
    0x0000000: b200 1859 c700 0757 b800 2204 324e 100a
    0x0000010: 2d03 0454 ac                           
" type="java.lang.VerifyError">java.lang.VerifyError: Expecting a stackmap frame at branch target 11
Exception Details:
  Location:
    A.k(J)I @4: ifnonnull
  Reason:
    Expected stackmap frame at this location.
  Bytecode:
    0x0000000: b200 1859 c700 0757 b800 2204 324e 100a
    0x0000010: 2d03 0454 ac                           

	at RandoopTest0.test135(RandoopTest0.java:5543)
</error>
  </testcase>
  <testcase classname="RandoopTest0" name="test136" time="0.001">
    <error message="Expecting a stackmap frame at branch target 11
Exception Details:
  Location:
    A.k(J)I @4: ifnonnull
  Reason:
    Expected stackmap frame at this location.
  Bytecode:
    0x0000000: b200 1859 c700 0757 b800 2204 324e 100a
    0x0000010: 2d03 0454 ac                           
" type="java.lang.VerifyError">java.lang.VerifyError: Expecting a stackmap frame at branch target 11
Exception Details:
  Location:
    A.k(J)I @4: ifnonnull
  Reason:
    Expected stackmap frame at this location.
  Bytecode:
    0x0000000: b200 1859 c700 0757 b800 2204 324e 100a
    0x0000010: 2d03 0454 ac                           

	at RandoopTest0.test136(RandoopTest0.java:5572)
</error>
  </testcase>
  <testcase classname="RandoopTest0" name="test137" time="0.001">
    <error message="Expecting a stackmap frame at branch target 11
Exception Details:
  Location:
    A.k(J)I @4: ifnonnull
  Reason:
    Expected stackmap frame at this location.
  Bytecode:
    0x0000000: b200 1859 c700 0757 b800 2204 324e 100a
    0x0000010: 2d03 0454 ac                           
" type="java.lang.VerifyError">java.lang.VerifyError: Expecting a stackmap frame at branch target 11
Exception Details:
  Location:
    A.k(J)I @4: ifnonnull
  Reason:
    Expected stackmap frame at this location.
  Bytecode:
    0x0000000: b200 1859 c700 0757 b800 2204 324e 100a
    0x0000010: 2d03 0454 ac                           

	at RandoopTest0.test137(RandoopTest0.java:5609)
</error>
  </testcase>
  <testcase classname="RandoopTest0" name="test138" time="0.001">
    <error message="Expecting a stackmap frame at branch target 11
Exception Details:
  Location:
    A.k(J)I @4: ifnonnull
  Reason:
    Expected stackmap frame at this location.
  Bytecode:
    0x0000000: b200 1859 c700 0757 b800 2204 324e 100a
    0x0000010: 2d03 0454 ac                           
" type="java.lang.VerifyError">java.lang.VerifyError: Expecting a stackmap frame at branch target 11
Exception Details:
  Location:
    A.k(J)I @4: ifnonnull
  Reason:
    Expected stackmap frame at this location.
  Bytecode:
    0x0000000: b200 1859 c700 0757 b800 2204 324e 100a
    0x0000010: 2d03 0454 ac                           

	at RandoopTest0.test138(RandoopTest0.java:5650)
</error>
  </testcase>
  <testcase classname="RandoopTest0" name="test139" time="0.0">
    <error message="Expecting a stackmap frame at branch target 11
Exception Details:
  Location:
    A.k(J)I @4: ifnonnull
  Reason:
    Expected stackmap frame at this location.
  Bytecode:
    0x0000000: b200 1859 c700 0757 b800 2204 324e 100a
    0x0000010: 2d03 0454 ac                           
" type="java.lang.VerifyError">java.lang.VerifyError: Expecting a stackmap frame at branch target 11
Exception Details:
  Location:
    A.k(J)I @4: ifnonnull
  Reason:
    Expected stackmap frame at this location.
  Bytecode:
    0x0000000: b200 1859 c700 0757 b800 2204 324e 100a
    0x0000010: 2d03 0454 ac                           

	at RandoopTest0.test139(RandoopTest0.java:5671)
</error>
  </testcase>
  <testcase classname="RandoopTest0" name="test140" time="0.001">
    <error message="Expecting a stackmap frame at branch target 11
Exception Details:
  Location:
    A.k(J)I @4: ifnonnull
  Reason:
    Expected stackmap frame at this location.
  Bytecode:
    0x0000000: b200 1859 c700 0757 b800 2204 324e 100a
    0x0000010: 2d03 0454 ac                           
" type="java.lang.VerifyError">java.lang.VerifyError: Expecting a stackmap frame at branch target 11
Exception Details:
  Location:
    A.k(J)I @4: ifnonnull
  Reason:
    Expected stackmap frame at this location.
  Bytecode:
    0x0000000: b200 1859 c700 0757 b800 2204 324e 100a
    0x0000010: 2d03 0454 ac                           

	at RandoopTest0.test140(RandoopTest0.java:5744)
</error>
  </testcase>
  <testcase classname="RandoopTest0" name="test141" time="0.001">
    <error message="Expecting a stackmap frame at branch target 11
Exception Details:
  Location:
    A.k(J)I @4: ifnonnull
  Reason:
    Expected stackmap frame at this location.
  Bytecode:
    0x0000000: b200 1859 c700 0757 b800 2204 324e 100a
    0x0000010: 2d03 0454 ac                           
" type="java.lang.VerifyError">java.lang.VerifyError: Expecting a stackmap frame at branch target 11
Exception Details:
  Location:
    A.k(J)I @4: ifnonnull
  Reason:
    Expected stackmap frame at this location.
  Bytecode:
    0x0000000: b200 1859 c700 0757 b800 2204 324e 100a
    0x0000010: 2d03 0454 ac                           

	at RandoopTest0.test141(RandoopTest0.java:5773)
</error>
  </testcase>
  <testcase classname="RandoopTest0" name="test142" time="0.0">
    <error message="Expecting a stackmap frame at branch target 11
Exception Details:
  Location:
    A.k(J)I @4: ifnonnull
  Reason:
    Expected stackmap frame at this location.
  Bytecode:
    0x0000000: b200 1859 c700 0757 b800 2204 324e 100a
    0x0000010: 2d03 0454 ac                           
" type="java.lang.VerifyError">java.lang.VerifyError: Expecting a stackmap frame at branch target 11
Exception Details:
  Location:
    A.k(J)I @4: ifnonnull
  Reason:
    Expected stackmap frame at this location.
  Bytecode:
    0x0000000: b200 1859 c700 0757 b800 2204 324e 100a
    0x0000010: 2d03 0454 ac                           

	at RandoopTest0.test142(RandoopTest0.java:5830)
</error>
  </testcase>
  <testcase classname="RandoopTest0" name="test143" time="0.001">
    <error message="Expecting a stackmap frame at branch target 11
Exception Details:
  Location:
    A.k(J)I @4: ifnonnull
  Reason:
    Expected stackmap frame at this location.
  Bytecode:
    0x0000000: b200 1859 c700 0757 b800 2204 324e 100a
    0x0000010: 2d03 0454 ac                           
" type="java.lang.VerifyError">java.lang.VerifyError: Expecting a stackmap frame at branch target 11
Exception Details:
  Location:
    A.k(J)I @4: ifnonnull
  Reason:
    Expected stackmap frame at this location.
  Bytecode:
    0x0000000: b200 1859 c700 0757 b800 2204 324e 100a
    0x0000010: 2d03 0454 ac                           

	at RandoopTest0.test143(RandoopTest0.java:5887)
</error>
  </testcase>
  <testcase classname="RandoopTest0" name="test144" time="0.0">
    <error message="Expecting a stackmap frame at branch target 11
Exception Details:
  Location:
    A.k(J)I @4: ifnonnull
  Reason:
    Expected stackmap frame at this location.
  Bytecode:
    0x0000000: b200 1859 c700 0757 b800 2204 324e 100a
    0x0000010: 2d03 0454 ac                           
" type="java.lang.VerifyError">java.lang.VerifyError: Expecting a stackmap frame at branch target 11
Exception Details:
  Location:
    A.k(J)I @4: ifnonnull
  Reason:
    Expected stackmap frame at this location.
  Bytecode:
    0x0000000: b200 1859 c700 0757 b800 2204 324e 100a
    0x0000010: 2d03 0454 ac                           

	at RandoopTest0.test144(RandoopTest0.java:5940)
</error>
  </testcase>
  <testcase classname="RandoopTest0" name="test145" time="0.001">
    <error message="Expecting a stackmap frame at branch target 11
Exception Details:
  Location:
    A.k(J)I @4: ifnonnull
  Reason:
    Expected stackmap frame at this location.
  Bytecode:
    0x0000000: b200 1859 c700 0757 b800 2204 324e 100a
    0x0000010: 2d03 0454 ac                           
" type="java.lang.VerifyError">java.lang.VerifyError: Expecting a stackmap frame at branch target 11
Exception Details:
  Location:
    A.k(J)I @4: ifnonnull
  Reason:
    Expected stackmap frame at this location.
  Bytecode:
    0x0000000: b200 1859 c700 0757 b800 2204 324e 100a
    0x0000010: 2d03 0454 ac                           

	at RandoopTest0.test145(RandoopTest0.java:5969)
</error>
  </testcase>
  <testcase classname="RandoopTest0" name="test146" time="0.001">
    <error message="Expecting a stackmap frame at branch target 11
Exception Details:
  Location:
    A.k(J)I @4: ifnonnull
  Reason:
    Expected stackmap frame at this location.
  Bytecode:
    0x0000000: b200 1859 c700 0757 b800 2204 324e 100a
    0x0000010: 2d03 0454 ac                           
" type="java.lang.VerifyError">java.lang.VerifyError: Expecting a stackmap frame at branch target 11
Exception Details:
  Location:
    A.k(J)I @4: ifnonnull
  Reason:
    Expected stackmap frame at this location.
  Bytecode:
    0x0000000: b200 1859 c700 0757 b800 2204 324e 100a
    0x0000010: 2d03 0454 ac                           

	at RandoopTest0.test146(RandoopTest0.java:5998)
</error>
  </testcase>
  <testcase classname="RandoopTest0" name="test147" time="0.0">
    <error message="Expecting a stackmap frame at branch target 11
Exception Details:
  Location:
    A.k(J)I @4: ifnonnull
  Reason:
    Expected stackmap frame at this location.
  Bytecode:
    0x0000000: b200 1859 c700 0757 b800 2204 324e 100a
    0x0000010: 2d03 0454 ac                           
" type="java.lang.VerifyError">java.lang.VerifyError: Expecting a stackmap frame at branch target 11
Exception Details:
  Location:
    A.k(J)I @4: ifnonnull
  Reason:
    Expected stackmap frame at this location.
  Bytecode:
    0x0000000: b200 1859 c700 0757 b800 2204 324e 100a
    0x0000010: 2d03 0454 ac                           

	at RandoopTest0.test147(RandoopTest0.java:6043)
</error>
  </testcase>
  <testcase classname="RandoopTest0" name="test148" time="0.001">
    <error message="Expecting a stackmap frame at branch target 11
Exception Details:
  Location:
    A.k(J)I @4: ifnonnull
  Reason:
    Expected stackmap frame at this location.
  Bytecode:
    0x0000000: b200 1859 c700 0757 b800 2204 324e 100a
    0x0000010: 2d03 0454 ac                           
" type="java.lang.VerifyError">java.lang.VerifyError: Expecting a stackmap frame at branch target 11
Exception Details:
  Location:
    A.k(J)I @4: ifnonnull
  Reason:
    Expected stackmap frame at this location.
  Bytecode:
    0x0000000: b200 1859 c700 0757 b800 2204 324e 100a
    0x0000010: 2d03 0454 ac                           

	at RandoopTest0.test148(RandoopTest0.java:6072)
</error>
  </testcase>
  <testcase classname="RandoopTest0" name="test149" time="0.0">
    <error message="Expecting a stackmap frame at branch target 11
Exception Details:
  Location:
    A.k(J)I @4: ifnonnull
  Reason:
    Expected stackmap frame at this location.
  Bytecode:
    0x0000000: b200 1859 c700 0757 b800 2204 324e 100a
    0x0000010: 2d03 0454 ac                           
" type="java.lang.VerifyError">java.lang.VerifyError: Expecting a stackmap frame at branch target 11
Exception Details:
  Location:
    A.k(J)I @4: ifnonnull
  Reason:
    Expected stackmap frame at this location.
  Bytecode:
    0x0000000: b200 1859 c700 0757 b800 2204 324e 100a
    0x0000010: 2d03 0454 ac                           

	at RandoopTest0.test149(RandoopTest0.java:6113)
</error>
  </testcase>
  <testcase classname="RandoopTest0" name="test150" time="0.001">
    <error message="Expecting a stackmap frame at branch target 11
Exception Details:
  Location:
    A.k(J)I @4: ifnonnull
  Reason:
    Expected stackmap frame at this location.
  Bytecode:
    0x0000000: b200 1859 c700 0757 b800 2204 324e 100a
    0x0000010: 2d03 0454 ac                           
" type="java.lang.VerifyError">java.lang.VerifyError: Expecting a stackmap frame at branch target 11
Exception Details:
  Location:
    A.k(J)I @4: ifnonnull
  Reason:
    Expected stackmap frame at this location.
  Bytecode:
    0x0000000: b200 1859 c700 0757 b800 2204 324e 100a
    0x0000010: 2d03 0454 ac                           

	at RandoopTest0.test150(RandoopTest0.java:6162)
</error>
  </testcase>
  <testcase classname="RandoopTest0" name="test151" time="0.0">
    <error message="Expecting a stackmap frame at branch target 11
Exception Details:
  Location:
    A.k(J)I @4: ifnonnull
  Reason:
    Expected stackmap frame at this location.
  Bytecode:
    0x0000000: b200 1859 c700 0757 b800 2204 324e 100a
    0x0000010: 2d03 0454 ac                           
" type="java.lang.VerifyError">java.lang.VerifyError: Expecting a stackmap frame at branch target 11
Exception Details:
  Location:
    A.k(J)I @4: ifnonnull
  Reason:
    Expected stackmap frame at this location.
  Bytecode:
    0x0000000: b200 1859 c700 0757 b800 2204 324e 100a
    0x0000010: 2d03 0454 ac                           

	at RandoopTest0.test151(RandoopTest0.java:6195)
</error>
  </testcase>
  <testcase classname="RandoopTest0" name="test152" time="0.0">
    <error message="Expecting a stackmap frame at branch target 11
Exception Details:
  Location:
    A.k(J)I @4: ifnonnull
  Reason:
    Expected stackmap frame at this location.
  Bytecode:
    0x0000000: b200 1859 c700 0757 b800 2204 324e 100a
    0x0000010: 2d03 0454 ac                           
" type="java.lang.VerifyError">java.lang.VerifyError: Expecting a stackmap frame at branch target 11
Exception Details:
  Location:
    A.k(J)I @4: ifnonnull
  Reason:
    Expected stackmap frame at this location.
  Bytecode:
    0x0000000: b200 1859 c700 0757 b800 2204 324e 100a
    0x0000010: 2d03 0454 ac                           

	at RandoopTest0.test152(RandoopTest0.java:6224)
</error>
  </testcase>
  <testcase classname="RandoopTest0" name="test153" time="0.0">
    <error message="Expecting a stackmap frame at branch target 11
Exception Details:
  Location:
    A.k(J)I @4: ifnonnull
  Reason:
    Expected stackmap frame at this location.
  Bytecode:
    0x0000000: b200 1859 c700 0757 b800 2204 324e 100a
    0x0000010: 2d03 0454 ac                           
" type="java.lang.VerifyError">java.lang.VerifyError: Expecting a stackmap frame at branch target 11
Exception Details:
  Location:
    A.k(J)I @4: ifnonnull
  Reason:
    Expected stackmap frame at this location.
  Bytecode:
    0x0000000: b200 1859 c700 0757 b800 2204 324e 100a
    0x0000010: 2d03 0454 ac                           

	at RandoopTest0.test153(RandoopTest0.java:6261)
</error>
  </testcase>
  <testcase classname="RandoopTest0" name="test154" time="0.0">
    <error message="Expecting a stackmap frame at branch target 11
Exception Details:
  Location:
    A.k(J)I @4: ifnonnull
  Reason:
    Expected stackmap frame at this location.
  Bytecode:
    0x0000000: b200 1859 c700 0757 b800 2204 324e 100a
    0x0000010: 2d03 0454 ac                           
" type="java.lang.VerifyError">java.lang.VerifyError: Expecting a stackmap frame at branch target 11
Exception Details:
  Location:
    A.k(J)I @4: ifnonnull
  Reason:
    Expected stackmap frame at this location.
  Bytecode:
    0x0000000: b200 1859 c700 0757 b800 2204 324e 100a
    0x0000010: 2d03 0454 ac                           

	at RandoopTest0.test154(RandoopTest0.java:6318)
</error>
  </testcase>
  <testcase classname="RandoopTest0" name="test155" time="0.001">
    <error message="Expecting a stackmap frame at branch target 11
Exception Details:
  Location:
    A.k(J)I @4: ifnonnull
  Reason:
    Expected stackmap frame at this location.
  Bytecode:
    0x0000000: b200 1859 c700 0757 b800 2204 324e 100a
    0x0000010: 2d03 0454 ac                           
" type="java.lang.VerifyError">java.lang.VerifyError: Expecting a stackmap frame at branch target 11
Exception Details:
  Location:
    A.k(J)I @4: ifnonnull
  Reason:
    Expected stackmap frame at this location.
  Bytecode:
    0x0000000: b200 1859 c700 0757 b800 2204 324e 100a
    0x0000010: 2d03 0454 ac                           

	at RandoopTest0.test155(RandoopTest0.java:6399)
</error>
  </testcase>
  <testcase classname="RandoopTest0" name="test156" time="0.0">
    <error message="Expecting a stackmap frame at branch target 11
Exception Details:
  Location:
    A.k(J)I @4: ifnonnull
  Reason:
    Expected stackmap frame at this location.
  Bytecode:
    0x0000000: b200 1859 c700 0757 b800 2204 324e 100a
    0x0000010: 2d03 0454 ac                           
" type="java.lang.VerifyError">java.lang.VerifyError: Expecting a stackmap frame at branch target 11
Exception Details:
  Location:
    A.k(J)I @4: ifnonnull
  Reason:
    Expected stackmap frame at this location.
  Bytecode:
    0x0000000: b200 1859 c700 0757 b800 2204 324e 100a
    0x0000010: 2d03 0454 ac                           

	at RandoopTest0.test156(RandoopTest0.java:6464)
</error>
  </testcase>
  <testcase classname="RandoopTest0" name="test157" time="0.043">
    <error message="Expecting a stackmap frame at branch target 11
Exception Details:
  Location:
    A.k(J)I @4: ifnonnull
  Reason:
    Expected stackmap frame at this location.
  Bytecode:
    0x0000000: b200 1859 c700 0757 b800 2204 324e 100a
    0x0000010: 2d03 0454 ac                           
" type="java.lang.VerifyError">java.lang.VerifyError: Expecting a stackmap frame at branch target 11
Exception Details:
  Location:
    A.k(J)I @4: ifnonnull
  Reason:
    Expected stackmap frame at this location.
  Bytecode:
    0x0000000: b200 1859 c700 0757 b800 2204 324e 100a
    0x0000010: 2d03 0454 ac                           

	at RandoopTest0.test157(RandoopTest0.java:6505)
</error>
  </testcase>
  <testcase classname="RandoopTest0" name="test158" time="0.0">
    <error message="Expecting a stackmap frame at branch target 11
Exception Details:
  Location:
    A.k(J)I @4: ifnonnull
  Reason:
    Expected stackmap frame at this location.
  Bytecode:
    0x0000000: b200 1859 c700 0757 b800 2204 324e 100a
    0x0000010: 2d03 0454 ac                           
" type="java.lang.VerifyError">java.lang.VerifyError: Expecting a stackmap frame at branch target 11
Exception Details:
  Location:
    A.k(J)I @4: ifnonnull
  Reason:
    Expected stackmap frame at this location.
  Bytecode:
    0x0000000: b200 1859 c700 0757 b800 2204 324e 100a
    0x0000010: 2d03 0454 ac                           

	at RandoopTest0.test158(RandoopTest0.java:6566)
</error>
  </testcase>
  <testcase classname="RandoopTest0" name="test159" time="0.0">
    <error message="Expecting a stackmap frame at branch target 11
Exception Details:
  Location:
    A.k(J)I @4: ifnonnull
  Reason:
    Expected stackmap frame at this location.
  Bytecode:
    0x0000000: b200 1859 c700 0757 b800 2204 324e 100a
    0x0000010: 2d03 0454 ac                           
" type="java.lang.VerifyError">java.lang.VerifyError: Expecting a stackmap frame at branch target 11
Exception Details:
  Location:
    A.k(J)I @4: ifnonnull
  Reason:
    Expected stackmap frame at this location.
  Bytecode:
    0x0000000: b200 1859 c700 0757 b800 2204 324e 100a
    0x0000010: 2d03 0454 ac                           

	at RandoopTest0.test159(RandoopTest0.java:6631)
</error>
  </testcase>
  <testcase classname="RandoopTest0" name="test160" time="0.001">
    <error message="Expecting a stackmap frame at branch target 11
Exception Details:
  Location:
    A.k(J)I @4: ifnonnull
  Reason:
    Expected stackmap frame at this location.
  Bytecode:
    0x0000000: b200 1859 c700 0757 b800 2204 324e 100a
    0x0000010: 2d03 0454 ac                           
" type="java.lang.VerifyError">java.lang.VerifyError: Expecting a stackmap frame at branch target 11
Exception Details:
  Location:
    A.k(J)I @4: ifnonnull
  Reason:
    Expected stackmap frame at this location.
  Bytecode:
    0x0000000: b200 1859 c700 0757 b800 2204 324e 100a
    0x0000010: 2d03 0454 ac                           

	at RandoopTest0.test160(RandoopTest0.java:6668)
</error>
  </testcase>
  <testcase classname="RandoopTest0" name="test161" time="0.0">
    <error message="Expecting a stackmap frame at branch target 11
Exception Details:
  Location:
    A.k(J)I @4: ifnonnull
  Reason:
    Expected stackmap frame at this location.
  Bytecode:
    0x0000000: b200 1859 c700 0757 b800 2204 324e 100a
    0x0000010: 2d03 0454 ac                           
" type="java.lang.VerifyError">java.lang.VerifyError: Expecting a stackmap frame at branch target 11
Exception Details:
  Location:
    A.k(J)I @4: ifnonnull
  Reason:
    Expected stackmap frame at this location.
  Bytecode:
    0x0000000: b200 1859 c700 0757 b800 2204 324e 100a
    0x0000010: 2d03 0454 ac                           

	at RandoopTest0.test161(RandoopTest0.java:6713)
</error>
  </testcase>
  <testcase classname="RandoopTest0" name="test162" time="0.001">
    <error message="Expecting a stackmap frame at branch target 11
Exception Details:
  Location:
    A.k(J)I @4: ifnonnull
  Reason:
    Expected stackmap frame at this location.
  Bytecode:
    0x0000000: b200 1859 c700 0757 b800 2204 324e 100a
    0x0000010: 2d03 0454 ac                           
" type="java.lang.VerifyError">java.lang.VerifyError: Expecting a stackmap frame at branch target 11
Exception Details:
  Location:
    A.k(J)I @4: ifnonnull
  Reason:
    Expected stackmap frame at this location.
  Bytecode:
    0x0000000: b200 1859 c700 0757 b800 2204 324e 100a
    0x0000010: 2d03 0454 ac                           

	at RandoopTest0.test162(RandoopTest0.java:6762)
</error>
  </testcase>
  <testcase classname="RandoopTest0" name="test163" time="0.0">
    <error message="Expecting a stackmap frame at branch target 11
Exception Details:
  Location:
    A.k(J)I @4: ifnonnull
  Reason:
    Expected stackmap frame at this location.
  Bytecode:
    0x0000000: b200 1859 c700 0757 b800 2204 324e 100a
    0x0000010: 2d03 0454 ac                           
" type="java.lang.VerifyError">java.lang.VerifyError: Expecting a stackmap frame at branch target 11
Exception Details:
  Location:
    A.k(J)I @4: ifnonnull
  Reason:
    Expected stackmap frame at this location.
  Bytecode:
    0x0000000: b200 1859 c700 0757 b800 2204 324e 100a
    0x0000010: 2d03 0454 ac                           

	at RandoopTest0.test163(RandoopTest0.java:6787)
</error>
  </testcase>
  <testcase classname="RandoopTest0" name="test164" time="0.0">
    <error message="Expecting a stackmap frame at branch target 11
Exception Details:
  Location:
    A.k(J)I @4: ifnonnull
  Reason:
    Expected stackmap frame at this location.
  Bytecode:
    0x0000000: b200 1859 c700 0757 b800 2204 324e 100a
    0x0000010: 2d03 0454 ac                           
" type="java.lang.VerifyError">java.lang.VerifyError: Expecting a stackmap frame at branch target 11
Exception Details:
  Location:
    A.k(J)I @4: ifnonnull
  Reason:
    Expected stackmap frame at this location.
  Bytecode:
    0x0000000: b200 1859 c700 0757 b800 2204 324e 100a
    0x0000010: 2d03 0454 ac                           

	at RandoopTest0.test164(RandoopTest0.java:6840)
</error>
  </testcase>
  <testcase classname="RandoopTest0" name="test165" time="0.001">
    <error message="Expecting a stackmap frame at branch target 11
Exception Details:
  Location:
    A.k(J)I @4: ifnonnull
  Reason:
    Expected stackmap frame at this location.
  Bytecode:
    0x0000000: b200 1859 c700 0757 b800 2204 324e 100a
    0x0000010: 2d03 0454 ac                           
" type="java.lang.VerifyError">java.lang.VerifyError: Expecting a stackmap frame at branch target 11
Exception Details:
  Location:
    A.k(J)I @4: ifnonnull
  Reason:
    Expected stackmap frame at this location.
  Bytecode:
    0x0000000: b200 1859 c700 0757 b800 2204 324e 100a
    0x0000010: 2d03 0454 ac                           

	at RandoopTest0.test165(RandoopTest0.java:6869)
</error>
  </testcase>
  <testcase classname="RandoopTest0" name="test166" time="0.0">
    <error message="Expecting a stackmap frame at branch target 11
Exception Details:
  Location:
    A.k(J)I @4: ifnonnull
  Reason:
    Expected stackmap frame at this location.
  Bytecode:
    0x0000000: b200 1859 c700 0757 b800 2204 324e 100a
    0x0000010: 2d03 0454 ac                           
" type="java.lang.VerifyError">java.lang.VerifyError: Expecting a stackmap frame at branch target 11
Exception Details:
  Location:
    A.k(J)I @4: ifnonnull
  Reason:
    Expected stackmap frame at this location.
  Bytecode:
    0x0000000: b200 1859 c700 0757 b800 2204 324e 100a
    0x0000010: 2d03 0454 ac                           

	at RandoopTest0.test166(RandoopTest0.java:6898)
</error>
  </testcase>
  <testcase classname="RandoopTest0" name="test167" time="0.001">
    <error message="Expecting a stackmap frame at branch target 11
Exception Details:
  Location:
    A.k(J)I @4: ifnonnull
  Reason:
    Expected stackmap frame at this location.
  Bytecode:
    0x0000000: b200 1859 c700 0757 b800 2204 324e 100a
    0x0000010: 2d03 0454 ac                           
" type="java.lang.VerifyError">java.lang.VerifyError: Expecting a stackmap frame at branch target 11
Exception Details:
  Location:
    A.k(J)I @4: ifnonnull
  Reason:
    Expected stackmap frame at this location.
  Bytecode:
    0x0000000: b200 1859 c700 0757 b800 2204 324e 100a
    0x0000010: 2d03 0454 ac                           

	at RandoopTest0.test167(RandoopTest0.java:6939)
</error>
  </testcase>
  <testcase classname="RandoopTest0" name="test168" time="0.0">
    <error message="Expecting a stackmap frame at branch target 11
Exception Details:
  Location:
    A.k(J)I @4: ifnonnull
  Reason:
    Expected stackmap frame at this location.
  Bytecode:
    0x0000000: b200 1859 c700 0757 b800 2204 324e 100a
    0x0000010: 2d03 0454 ac                           
" type="java.lang.VerifyError">java.lang.VerifyError: Expecting a stackmap frame at branch target 11
Exception Details:
  Location:
    A.k(J)I @4: ifnonnull
  Reason:
    Expected stackmap frame at this location.
  Bytecode:
    0x0000000: b200 1859 c700 0757 b800 2204 324e 100a
    0x0000010: 2d03 0454 ac                           

	at RandoopTest0.test168(RandoopTest0.java:7004)
</error>
  </testcase>
  <testcase classname="RandoopTest0" name="test169" time="0.001">
    <error message="Expecting a stackmap frame at branch target 11
Exception Details:
  Location:
    A.k(J)I @4: ifnonnull
  Reason:
    Expected stackmap frame at this location.
  Bytecode:
    0x0000000: b200 1859 c700 0757 b800 2204 324e 100a
    0x0000010: 2d03 0454 ac                           
" type="java.lang.VerifyError">java.lang.VerifyError: Expecting a stackmap frame at branch target 11
Exception Details:
  Location:
    A.k(J)I @4: ifnonnull
  Reason:
    Expected stackmap frame at this location.
  Bytecode:
    0x0000000: b200 1859 c700 0757 b800 2204 324e 100a
    0x0000010: 2d03 0454 ac                           

	at RandoopTest0.test169(RandoopTest0.java:7037)
</error>
  </testcase>
  <testcase classname="RandoopTest0" name="test170" time="0.0">
    <error message="Expecting a stackmap frame at branch target 11
Exception Details:
  Location:
    A.k(J)I @4: ifnonnull
  Reason:
    Expected stackmap frame at this location.
  Bytecode:
    0x0000000: b200 1859 c700 0757 b800 2204 324e 100a
    0x0000010: 2d03 0454 ac                           
" type="java.lang.VerifyError">java.lang.VerifyError: Expecting a stackmap frame at branch target 11
Exception Details:
  Location:
    A.k(J)I @4: ifnonnull
  Reason:
    Expected stackmap frame at this location.
  Bytecode:
    0x0000000: b200 1859 c700 0757 b800 2204 324e 100a
    0x0000010: 2d03 0454 ac                           

	at RandoopTest0.test170(RandoopTest0.java:7078)
</error>
  </testcase>
  <testcase classname="RandoopTest0" name="test171" time="0.0">
    <error message="Expecting a stackmap frame at branch target 11
Exception Details:
  Location:
    A.k(J)I @4: ifnonnull
  Reason:
    Expected stackmap frame at this location.
  Bytecode:
    0x0000000: b200 1859 c700 0757 b800 2204 324e 100a
    0x0000010: 2d03 0454 ac                           
" type="java.lang.VerifyError">java.lang.VerifyError: Expecting a stackmap frame at branch target 11
Exception Details:
  Location:
    A.k(J)I @4: ifnonnull
  Reason:
    Expected stackmap frame at this location.
  Bytecode:
    0x0000000: b200 1859 c700 0757 b800 2204 324e 100a
    0x0000010: 2d03 0454 ac                           

	at RandoopTest0.test171(RandoopTest0.java:7107)
</error>
  </testcase>
  <testcase classname="RandoopTest0" name="test172" time="0.001">
    <error message="Expecting a stackmap frame at branch target 11
Exception Details:
  Location:
    A.k(J)I @4: ifnonnull
  Reason:
    Expected stackmap frame at this location.
  Bytecode:
    0x0000000: b200 1859 c700 0757 b800 2204 324e 100a
    0x0000010: 2d03 0454 ac                           
" type="java.lang.VerifyError">java.lang.VerifyError: Expecting a stackmap frame at branch target 11
Exception Details:
  Location:
    A.k(J)I @4: ifnonnull
  Reason:
    Expected stackmap frame at this location.
  Bytecode:
    0x0000000: b200 1859 c700 0757 b800 2204 324e 100a
    0x0000010: 2d03 0454 ac                           

	at RandoopTest0.test172(RandoopTest0.java:7140)
</error>
  </testcase>
  <testcase classname="RandoopTest0" name="test173" time="0.0">
    <error message="Expecting a stackmap frame at branch target 11
Exception Details:
  Location:
    A.k(J)I @4: ifnonnull
  Reason:
    Expected stackmap frame at this location.
  Bytecode:
    0x0000000: b200 1859 c700 0757 b800 2204 324e 100a
    0x0000010: 2d03 0454 ac                           
" type="java.lang.VerifyError">java.lang.VerifyError: Expecting a stackmap frame at branch target 11
Exception Details:
  Location:
    A.k(J)I @4: ifnonnull
  Reason:
    Expected stackmap frame at this location.
  Bytecode:
    0x0000000: b200 1859 c700 0757 b800 2204 324e 100a
    0x0000010: 2d03 0454 ac                           

	at RandoopTest0.test173(RandoopTest0.java:7173)
</error>
  </testcase>
  <testcase classname="RandoopTest0" name="test174" time="0.0">
    <error message="Expecting a stackmap frame at branch target 11
Exception Details:
  Location:
    A.k(J)I @4: ifnonnull
  Reason:
    Expected stackmap frame at this location.
  Bytecode:
    0x0000000: b200 1859 c700 0757 b800 2204 324e 100a
    0x0000010: 2d03 0454 ac                           
" type="java.lang.VerifyError">java.lang.VerifyError: Expecting a stackmap frame at branch target 11
Exception Details:
  Location:
    A.k(J)I @4: ifnonnull
  Reason:
    Expected stackmap frame at this location.
  Bytecode:
    0x0000000: b200 1859 c700 0757 b800 2204 324e 100a
    0x0000010: 2d03 0454 ac                           

	at RandoopTest0.test174(RandoopTest0.java:7210)
</error>
  </testcase>
  <testcase classname="RandoopTest0" name="test175" time="0.0">
    <error message="Expecting a stackmap frame at branch target 11
Exception Details:
  Location:
    A.k(J)I @4: ifnonnull
  Reason:
    Expected stackmap frame at this location.
  Bytecode:
    0x0000000: b200 1859 c700 0757 b800 2204 324e 100a
    0x0000010: 2d03 0454 ac                           
" type="java.lang.VerifyError">java.lang.VerifyError: Expecting a stackmap frame at branch target 11
Exception Details:
  Location:
    A.k(J)I @4: ifnonnull
  Reason:
    Expected stackmap frame at this location.
  Bytecode:
    0x0000000: b200 1859 c700 0757 b800 2204 324e 100a
    0x0000010: 2d03 0454 ac                           

	at RandoopTest0.test175(RandoopTest0.java:7287)
</error>
  </testcase>
  <testcase classname="RandoopTest0" name="test176" time="0.001">
    <error message="Expecting a stackmap frame at branch target 11
Exception Details:
  Location:
    A.k(J)I @4: ifnonnull
  Reason:
    Expected stackmap frame at this location.
  Bytecode:
    0x0000000: b200 1859 c700 0757 b800 2204 324e 100a
    0x0000010: 2d03 0454 ac                           
" type="java.lang.VerifyError">java.lang.VerifyError: Expecting a stackmap frame at branch target 11
Exception Details:
  Location:
    A.k(J)I @4: ifnonnull
  Reason:
    Expected stackmap frame at this location.
  Bytecode:
    0x0000000: b200 1859 c700 0757 b800 2204 324e 100a
    0x0000010: 2d03 0454 ac                           

	at RandoopTest0.test176(RandoopTest0.java:7328)
</error>
  </testcase>
  <testcase classname="RandoopTest0" name="test177" time="0.001">
    <error message="Expecting a stackmap frame at branch target 11
Exception Details:
  Location:
    A.k(J)I @4: ifnonnull
  Reason:
    Expected stackmap frame at this location.
  Bytecode:
    0x0000000: b200 1859 c700 0757 b800 2204 324e 100a
    0x0000010: 2d03 0454 ac                           
" type="java.lang.VerifyError">java.lang.VerifyError: Expecting a stackmap frame at branch target 11
Exception Details:
  Location:
    A.k(J)I @4: ifnonnull
  Reason:
    Expected stackmap frame at this location.
  Bytecode:
    0x0000000: b200 1859 c700 0757 b800 2204 324e 100a
    0x0000010: 2d03 0454 ac                           

	at RandoopTest0.test177(RandoopTest0.java:7385)
</error>
  </testcase>
  <testcase classname="RandoopTest0" name="test178" time="0.0">
    <error message="Expecting a stackmap frame at branch target 11
Exception Details:
  Location:
    A.k(J)I @4: ifnonnull
  Reason:
    Expected stackmap frame at this location.
  Bytecode:
    0x0000000: b200 1859 c700 0757 b800 2204 324e 100a
    0x0000010: 2d03 0454 ac                           
" type="java.lang.VerifyError">java.lang.VerifyError: Expecting a stackmap frame at branch target 11
Exception Details:
  Location:
    A.k(J)I @4: ifnonnull
  Reason:
    Expected stackmap frame at this location.
  Bytecode:
    0x0000000: b200 1859 c700 0757 b800 2204 324e 100a
    0x0000010: 2d03 0454 ac                           

	at RandoopTest0.test178(RandoopTest0.java:7414)
</error>
  </testcase>
  <testcase classname="RandoopTest0" name="test179" time="0.0">
    <error message="Expecting a stackmap frame at branch target 11
Exception Details:
  Location:
    A.k(J)I @4: ifnonnull
  Reason:
    Expected stackmap frame at this location.
  Bytecode:
    0x0000000: b200 1859 c700 0757 b800 2204 324e 100a
    0x0000010: 2d03 0454 ac                           
" type="java.lang.VerifyError">java.lang.VerifyError: Expecting a stackmap frame at branch target 11
Exception Details:
  Location:
    A.k(J)I @4: ifnonnull
  Reason:
    Expected stackmap frame at this location.
  Bytecode:
    0x0000000: b200 1859 c700 0757 b800 2204 324e 100a
    0x0000010: 2d03 0454 ac                           

	at RandoopTest0.test179(RandoopTest0.java:7459)
</error>
  </testcase>
  <testcase classname="RandoopTest0" name="test180" time="0.001">
    <error message="Expecting a stackmap frame at branch target 11
Exception Details:
  Location:
    A.k(J)I @4: ifnonnull
  Reason:
    Expected stackmap frame at this location.
  Bytecode:
    0x0000000: b200 1859 c700 0757 b800 2204 324e 100a
    0x0000010: 2d03 0454 ac                           
" type="java.lang.VerifyError">java.lang.VerifyError: Expecting a stackmap frame at branch target 11
Exception Details:
  Location:
    A.k(J)I @4: ifnonnull
  Reason:
    Expected stackmap frame at this location.
  Bytecode:
    0x0000000: b200 1859 c700 0757 b800 2204 324e 100a
    0x0000010: 2d03 0454 ac                           

	at RandoopTest0.test180(RandoopTest0.java:7504)
</error>
  </testcase>
  <testcase classname="RandoopTest0" name="test181" time="0.001">
    <error message="Expecting a stackmap frame at branch target 11
Exception Details:
  Location:
    A.k(J)I @4: ifnonnull
  Reason:
    Expected stackmap frame at this location.
  Bytecode:
    0x0000000: b200 1859 c700 0757 b800 2204 324e 100a
    0x0000010: 2d03 0454 ac                           
" type="java.lang.VerifyError">java.lang.VerifyError: Expecting a stackmap frame at branch target 11
Exception Details:
  Location:
    A.k(J)I @4: ifnonnull
  Reason:
    Expected stackmap frame at this location.
  Bytecode:
    0x0000000: b200 1859 c700 0757 b800 2204 324e 100a
    0x0000010: 2d03 0454 ac                           

	at RandoopTest0.test181(RandoopTest0.java:7561)
</error>
  </testcase>
  <testcase classname="RandoopTest0" name="test182" time="0.001">
    <error message="Expecting a stackmap frame at branch target 11
Exception Details:
  Location:
    A.k(J)I @4: ifnonnull
  Reason:
    Expected stackmap frame at this location.
  Bytecode:
    0x0000000: b200 1859 c700 0757 b800 2204 324e 100a
    0x0000010: 2d03 0454 ac                           
" type="java.lang.VerifyError">java.lang.VerifyError: Expecting a stackmap frame at branch target 11
Exception Details:
  Location:
    A.k(J)I @4: ifnonnull
  Reason:
    Expected stackmap frame at this location.
  Bytecode:
    0x0000000: b200 1859 c700 0757 b800 2204 324e 100a
    0x0000010: 2d03 0454 ac                           

	at RandoopTest0.test182(RandoopTest0.java:7582)
</error>
  </testcase>
  <testcase classname="RandoopTest0" name="test183" time="0.001">
    <error message="Expecting a stackmap frame at branch target 11
Exception Details:
  Location:
    A.k(J)I @4: ifnonnull
  Reason:
    Expected stackmap frame at this location.
  Bytecode:
    0x0000000: b200 1859 c700 0757 b800 2204 324e 100a
    0x0000010: 2d03 0454 ac                           
" type="java.lang.VerifyError">java.lang.VerifyError: Expecting a stackmap frame at branch target 11
Exception Details:
  Location:
    A.k(J)I @4: ifnonnull
  Reason:
    Expected stackmap frame at this location.
  Bytecode:
    0x0000000: b200 1859 c700 0757 b800 2204 324e 100a
    0x0000010: 2d03 0454 ac                           

	at RandoopTest0.test183(RandoopTest0.java:7659)
</error>
  </testcase>
  <testcase classname="RandoopTest0" name="test184" time="0.001">
    <error message="Expecting a stackmap frame at branch target 11
Exception Details:
  Location:
    A.k(J)I @4: ifnonnull
  Reason:
    Expected stackmap frame at this location.
  Bytecode:
    0x0000000: b200 1859 c700 0757 b800 2204 324e 100a
    0x0000010: 2d03 0454 ac                           
" type="java.lang.VerifyError">java.lang.VerifyError: Expecting a stackmap frame at branch target 11
Exception Details:
  Location:
    A.k(J)I @4: ifnonnull
  Reason:
    Expected stackmap frame at this location.
  Bytecode:
    0x0000000: b200 1859 c700 0757 b800 2204 324e 100a
    0x0000010: 2d03 0454 ac                           

	at RandoopTest0.test184(RandoopTest0.java:7704)
</error>
  </testcase>
  <testcase classname="RandoopTest0" name="test185" time="0.001">
    <error message="Expecting a stackmap frame at branch target 11
Exception Details:
  Location:
    A.k(J)I @4: ifnonnull
  Reason:
    Expected stackmap frame at this location.
  Bytecode:
    0x0000000: b200 1859 c700 0757 b800 2204 324e 100a
    0x0000010: 2d03 0454 ac                           
" type="java.lang.VerifyError">java.lang.VerifyError: Expecting a stackmap frame at branch target 11
Exception Details:
  Location:
    A.k(J)I @4: ifnonnull
  Reason:
    Expected stackmap frame at this location.
  Bytecode:
    0x0000000: b200 1859 c700 0757 b800 2204 324e 100a
    0x0000010: 2d03 0454 ac                           

	at RandoopTest0.test185(RandoopTest0.java:7749)
</error>
  </testcase>
  <testcase classname="RandoopTest0" name="test186" time="0.001">
    <error message="Expecting a stackmap frame at branch target 11
Exception Details:
  Location:
    A.k(J)I @4: ifnonnull
  Reason:
    Expected stackmap frame at this location.
  Bytecode:
    0x0000000: b200 1859 c700 0757 b800 2204 324e 100a
    0x0000010: 2d03 0454 ac                           
" type="java.lang.VerifyError">java.lang.VerifyError: Expecting a stackmap frame at branch target 11
Exception Details:
  Location:
    A.k(J)I @4: ifnonnull
  Reason:
    Expected stackmap frame at this location.
  Bytecode:
    0x0000000: b200 1859 c700 0757 b800 2204 324e 100a
    0x0000010: 2d03 0454 ac                           

	at RandoopTest0.test186(RandoopTest0.java:7826)
</error>
  </testcase>
  <testcase classname="RandoopTest0" name="test187" time="0.0">
    <error message="Expecting a stackmap frame at branch target 11
Exception Details:
  Location:
    A.k(J)I @4: ifnonnull
  Reason:
    Expected stackmap frame at this location.
  Bytecode:
    0x0000000: b200 1859 c700 0757 b800 2204 324e 100a
    0x0000010: 2d03 0454 ac                           
" type="java.lang.VerifyError">java.lang.VerifyError: Expecting a stackmap frame at branch target 11
Exception Details:
  Location:
    A.k(J)I @4: ifnonnull
  Reason:
    Expected stackmap frame at this location.
  Bytecode:
    0x0000000: b200 1859 c700 0757 b800 2204 324e 100a
    0x0000010: 2d03 0454 ac                           

	at RandoopTest0.test187(RandoopTest0.java:7895)
</error>
  </testcase>
  <testcase classname="RandoopTest0" name="test188" time="0.0">
    <error message="Expecting a stackmap frame at branch target 11
Exception Details:
  Location:
    A.k(J)I @4: ifnonnull
  Reason:
    Expected stackmap frame at this location.
  Bytecode:
    0x0000000: b200 1859 c700 0757 b800 2204 324e 100a
    0x0000010: 2d03 0454 ac                           
" type="java.lang.VerifyError">java.lang.VerifyError: Expecting a stackmap frame at branch target 11
Exception Details:
  Location:
    A.k(J)I @4: ifnonnull
  Reason:
    Expected stackmap frame at this location.
  Bytecode:
    0x0000000: b200 1859 c700 0757 b800 2204 324e 100a
    0x0000010: 2d03 0454 ac                           

	at RandoopTest0.test188(RandoopTest0.java:7952)
</error>
  </testcase>
  <testcase classname="RandoopTest0" name="test189" time="0.001">
    <error message="Expecting a stackmap frame at branch target 11
Exception Details:
  Location:
    A.k(J)I @4: ifnonnull
  Reason:
    Expected stackmap frame at this location.
  Bytecode:
    0x0000000: b200 1859 c700 0757 b800 2204 324e 100a
    0x0000010: 2d03 0454 ac                           
" type="java.lang.VerifyError">java.lang.VerifyError: Expecting a stackmap frame at branch target 11
Exception Details:
  Location:
    A.k(J)I @4: ifnonnull
  Reason:
    Expected stackmap frame at this location.
  Bytecode:
    0x0000000: b200 1859 c700 0757 b800 2204 324e 100a
    0x0000010: 2d03 0454 ac                           

	at RandoopTest0.test189(RandoopTest0.java:7997)
</error>
  </testcase>
  <testcase classname="RandoopTest0" name="test190" time="0.0">
    <error message="Expecting a stackmap frame at branch target 11
Exception Details:
  Location:
    A.k(J)I @4: ifnonnull
  Reason:
    Expected stackmap frame at this location.
  Bytecode:
    0x0000000: b200 1859 c700 0757 b800 2204 324e 100a
    0x0000010: 2d03 0454 ac                           
" type="java.lang.VerifyError">java.lang.VerifyError: Expecting a stackmap frame at branch target 11
Exception Details:
  Location:
    A.k(J)I @4: ifnonnull
  Reason:
    Expected stackmap frame at this location.
  Bytecode:
    0x0000000: b200 1859 c700 0757 b800 2204 324e 100a
    0x0000010: 2d03 0454 ac                           

	at RandoopTest0.test190(RandoopTest0.java:8050)
</error>
  </testcase>
  <testcase classname="RandoopTest0" name="test191" time="0.001">
    <error message="Expecting a stackmap frame at branch target 11
Exception Details:
  Location:
    A.k(J)I @4: ifnonnull
  Reason:
    Expected stackmap frame at this location.
  Bytecode:
    0x0000000: b200 1859 c700 0757 b800 2204 324e 100a
    0x0000010: 2d03 0454 ac                           
" type="java.lang.VerifyError">java.lang.VerifyError: Expecting a stackmap frame at branch target 11
Exception Details:
  Location:
    A.k(J)I @4: ifnonnull
  Reason:
    Expected stackmap frame at this location.
  Bytecode:
    0x0000000: b200 1859 c700 0757 b800 2204 324e 100a
    0x0000010: 2d03 0454 ac                           

	at RandoopTest0.test191(RandoopTest0.java:8111)
</error>
  </testcase>
  <testcase classname="RandoopTest0" name="test192" time="0.001">
    <error message="Expecting a stackmap frame at branch target 11
Exception Details:
  Location:
    A.k(J)I @4: ifnonnull
  Reason:
    Expected stackmap frame at this location.
  Bytecode:
    0x0000000: b200 1859 c700 0757 b800 2204 324e 100a
    0x0000010: 2d03 0454 ac                           
" type="java.lang.VerifyError">java.lang.VerifyError: Expecting a stackmap frame at branch target 11
Exception Details:
  Location:
    A.k(J)I @4: ifnonnull
  Reason:
    Expected stackmap frame at this location.
  Bytecode:
    0x0000000: b200 1859 c700 0757 b800 2204 324e 100a
    0x0000010: 2d03 0454 ac                           

	at RandoopTest0.test192(RandoopTest0.java:8156)
</error>
  </testcase>
  <testcase classname="RandoopTest0" name="test193" time="0.0">
    <error message="Expecting a stackmap frame at branch target 11
Exception Details:
  Location:
    A.k(J)I @4: ifnonnull
  Reason:
    Expected stackmap frame at this location.
  Bytecode:
    0x0000000: b200 1859 c700 0757 b800 2204 324e 100a
    0x0000010: 2d03 0454 ac                           
" type="java.lang.VerifyError">java.lang.VerifyError: Expecting a stackmap frame at branch target 11
Exception Details:
  Location:
    A.k(J)I @4: ifnonnull
  Reason:
    Expected stackmap frame at this location.
  Bytecode:
    0x0000000: b200 1859 c700 0757 b800 2204 324e 100a
    0x0000010: 2d03 0454 ac                           

	at RandoopTest0.test193(RandoopTest0.java:8201)
</error>
  </testcase>
  <testcase classname="RandoopTest0" name="test194" time="0.0">
    <error message="Expecting a stackmap frame at branch target 11
Exception Details:
  Location:
    A.k(J)I @4: ifnonnull
  Reason:
    Expected stackmap frame at this location.
  Bytecode:
    0x0000000: b200 1859 c700 0757 b800 2204 324e 100a
    0x0000010: 2d03 0454 ac                           
" type="java.lang.VerifyError">java.lang.VerifyError: Expecting a stackmap frame at branch target 11
Exception Details:
  Location:
    A.k(J)I @4: ifnonnull
  Reason:
    Expected stackmap frame at this location.
  Bytecode:
    0x0000000: b200 1859 c700 0757 b800 2204 324e 100a
    0x0000010: 2d03 0454 ac                           

	at RandoopTest0.test194(RandoopTest0.java:8262)
</error>
  </testcase>
  <testcase classname="RandoopTest0" name="test195" time="0.001">
    <error message="Expecting a stackmap frame at branch target 11
Exception Details:
  Location:
    A.k(J)I @4: ifnonnull
  Reason:
    Expected stackmap frame at this location.
  Bytecode:
    0x0000000: b200 1859 c700 0757 b800 2204 324e 100a
    0x0000010: 2d03 0454 ac                           
" type="java.lang.VerifyError">java.lang.VerifyError: Expecting a stackmap frame at branch target 11
Exception Details:
  Location:
    A.k(J)I @4: ifnonnull
  Reason:
    Expected stackmap frame at this location.
  Bytecode:
    0x0000000: b200 1859 c700 0757 b800 2204 324e 100a
    0x0000010: 2d03 0454 ac                           

	at RandoopTest0.test195(RandoopTest0.java:8327)
</error>
  </testcase>
  <testcase classname="RandoopTest0" name="test196" time="0.0">
    <error message="Expecting a stackmap frame at branch target 11
Exception Details:
  Location:
    A.k(J)I @4: ifnonnull
  Reason:
    Expected stackmap frame at this location.
  Bytecode:
    0x0000000: b200 1859 c700 0757 b800 2204 324e 100a
    0x0000010: 2d03 0454 ac                           
" type="java.lang.VerifyError">java.lang.VerifyError: Expecting a stackmap frame at branch target 11
Exception Details:
  Location:
    A.k(J)I @4: ifnonnull
  Reason:
    Expected stackmap frame at this location.
  Bytecode:
    0x0000000: b200 1859 c700 0757 b800 2204 324e 100a
    0x0000010: 2d03 0454 ac                           

	at RandoopTest0.test196(RandoopTest0.java:8368)
</error>
  </testcase>
  <testcase classname="RandoopTest0" name="test197" time="0.001">
    <error message="Expecting a stackmap frame at branch target 11
Exception Details:
  Location:
    A.k(J)I @4: ifnonnull
  Reason:
    Expected stackmap frame at this location.
  Bytecode:
    0x0000000: b200 1859 c700 0757 b800 2204 324e 100a
    0x0000010: 2d03 0454 ac                           
" type="java.lang.VerifyError">java.lang.VerifyError: Expecting a stackmap frame at branch target 11
Exception Details:
  Location:
    A.k(J)I @4: ifnonnull
  Reason:
    Expected stackmap frame at this location.
  Bytecode:
    0x0000000: b200 1859 c700 0757 b800 2204 324e 100a
    0x0000010: 2d03 0454 ac                           

	at RandoopTest0.test197(RandoopTest0.java:8421)
</error>
  </testcase>
  <testcase classname="RandoopTest0" name="test198" time="0.001">
    <error message="Expecting a stackmap frame at branch target 11
Exception Details:
  Location:
    A.k(J)I @4: ifnonnull
  Reason:
    Expected stackmap frame at this location.
  Bytecode:
    0x0000000: b200 1859 c700 0757 b800 2204 324e 100a
    0x0000010: 2d03 0454 ac                           
" type="java.lang.VerifyError">java.lang.VerifyError: Expecting a stackmap frame at branch target 11
Exception Details:
  Location:
    A.k(J)I @4: ifnonnull
  Reason:
    Expected stackmap frame at this location.
  Bytecode:
    0x0000000: b200 1859 c700 0757 b800 2204 324e 100a
    0x0000010: 2d03 0454 ac                           

	at RandoopTest0.test198(RandoopTest0.java:8470)
</error>
  </testcase>
  <testcase classname="RandoopTest0" name="test199" time="0.0">
    <error message="Expecting a stackmap frame at branch target 11
Exception Details:
  Location:
    A.k(J)I @4: ifnonnull
  Reason:
    Expected stackmap frame at this location.
  Bytecode:
    0x0000000: b200 1859 c700 0757 b800 2204 324e 100a
    0x0000010: 2d03 0454 ac                           
" type="java.lang.VerifyError">java.lang.VerifyError: Expecting a stackmap frame at branch target 11
Exception Details:
  Location:
    A.k(J)I @4: ifnonnull
  Reason:
    Expected stackmap frame at this location.
  Bytecode:
    0x0000000: b200 1859 c700 0757 b800 2204 324e 100a
    0x0000010: 2d03 0454 ac                           

	at RandoopTest0.test199(RandoopTest0.java:8503)
</error>
  </testcase>
  <testcase classname="RandoopTest0" name="test200" time="0.001">
    <error message="Expecting a stackmap frame at branch target 11
Exception Details:
  Location:
    A.k(J)I @4: ifnonnull
  Reason:
    Expected stackmap frame at this location.
  Bytecode:
    0x0000000: b200 1859 c700 0757 b800 2204 324e 100a
    0x0000010: 2d03 0454 ac                           
" type="java.lang.VerifyError">java.lang.VerifyError: Expecting a stackmap frame at branch target 11
Exception Details:
  Location:
    A.k(J)I @4: ifnonnull
  Reason:
    Expected stackmap frame at this location.
  Bytecode:
    0x0000000: b200 1859 c700 0757 b800 2204 324e 100a
    0x0000010: 2d03 0454 ac                           

	at RandoopTest0.test200(RandoopTest0.java:8564)
</error>
  </testcase>
  <testcase classname="RandoopTest0" name="test201" time="0.001">
    <error message="Expecting a stackmap frame at branch target 11
Exception Details:
  Location:
    A.k(J)I @4: ifnonnull
  Reason:
    Expected stackmap frame at this location.
  Bytecode:
    0x0000000: b200 1859 c700 0757 b800 2204 324e 100a
    0x0000010: 2d03 0454 ac                           
" type="java.lang.VerifyError">java.lang.VerifyError: Expecting a stackmap frame at branch target 11
Exception Details:
  Location:
    A.k(J)I @4: ifnonnull
  Reason:
    Expected stackmap frame at this location.
  Bytecode:
    0x0000000: b200 1859 c700 0757 b800 2204 324e 100a
    0x0000010: 2d03 0454 ac                           

	at RandoopTest0.test201(RandoopTest0.java:8601)
</error>
  </testcase>
  <testcase classname="RandoopTest0" name="test202" time="0.001">
    <error message="Expecting a stackmap frame at branch target 11
Exception Details:
  Location:
    A.k(J)I @4: ifnonnull
  Reason:
    Expected stackmap frame at this location.
  Bytecode:
    0x0000000: b200 1859 c700 0757 b800 2204 324e 100a
    0x0000010: 2d03 0454 ac                           
" type="java.lang.VerifyError">java.lang.VerifyError: Expecting a stackmap frame at branch target 11
Exception Details:
  Location:
    A.k(J)I @4: ifnonnull
  Reason:
    Expected stackmap frame at this location.
  Bytecode:
    0x0000000: b200 1859 c700 0757 b800 2204 324e 100a
    0x0000010: 2d03 0454 ac                           

	at RandoopTest0.test202(RandoopTest0.java:8666)
</error>
  </testcase>
  <testcase classname="RandoopTest0" name="test203" time="0.0">
    <error message="Expecting a stackmap frame at branch target 11
Exception Details:
  Location:
    A.k(J)I @4: ifnonnull
  Reason:
    Expected stackmap frame at this location.
  Bytecode:
    0x0000000: b200 1859 c700 0757 b800 2204 324e 100a
    0x0000010: 2d03 0454 ac                           
" type="java.lang.VerifyError">java.lang.VerifyError: Expecting a stackmap frame at branch target 11
Exception Details:
  Location:
    A.k(J)I @4: ifnonnull
  Reason:
    Expected stackmap frame at this location.
  Bytecode:
    0x0000000: b200 1859 c700 0757 b800 2204 324e 100a
    0x0000010: 2d03 0454 ac                           

	at RandoopTest0.test203(RandoopTest0.java:8715)
</error>
  </testcase>
  <testcase classname="RandoopTest0" name="test204" time="0.0">
    <error message="Expecting a stackmap frame at branch target 11
Exception Details:
  Location:
    A.k(J)I @4: ifnonnull
  Reason:
    Expected stackmap frame at this location.
  Bytecode:
    0x0000000: b200 1859 c700 0757 b800 2204 324e 100a
    0x0000010: 2d03 0454 ac                           
" type="java.lang.VerifyError">java.lang.VerifyError: Expecting a stackmap frame at branch target 11
Exception Details:
  Location:
    A.k(J)I @4: ifnonnull
  Reason:
    Expected stackmap frame at this location.
  Bytecode:
    0x0000000: b200 1859 c700 0757 b800 2204 324e 100a
    0x0000010: 2d03 0454 ac                           

	at RandoopTest0.test204(RandoopTest0.java:8788)
</error>
  </testcase>
  <testcase classname="RandoopTest0" name="test205" time="0.001">
    <error message="Expecting a stackmap frame at branch target 11
Exception Details:
  Location:
    A.k(J)I @4: ifnonnull
  Reason:
    Expected stackmap frame at this location.
  Bytecode:
    0x0000000: b200 1859 c700 0757 b800 2204 324e 100a
    0x0000010: 2d03 0454 ac                           
" type="java.lang.VerifyError">java.lang.VerifyError: Expecting a stackmap frame at branch target 11
Exception Details:
  Location:
    A.k(J)I @4: ifnonnull
  Reason:
    Expected stackmap frame at this location.
  Bytecode:
    0x0000000: b200 1859 c700 0757 b800 2204 324e 100a
    0x0000010: 2d03 0454 ac                           

	at RandoopTest0.test205(RandoopTest0.java:8845)
</error>
  </testcase>
  <testcase classname="RandoopTest0" name="test206" time="0.0">
    <error message="Expecting a stackmap frame at branch target 11
Exception Details:
  Location:
    A.k(J)I @4: ifnonnull
  Reason:
    Expected stackmap frame at this location.
  Bytecode:
    0x0000000: b200 1859 c700 0757 b800 2204 324e 100a
    0x0000010: 2d03 0454 ac                           
" type="java.lang.VerifyError">java.lang.VerifyError: Expecting a stackmap frame at branch target 11
Exception Details:
  Location:
    A.k(J)I @4: ifnonnull
  Reason:
    Expected stackmap frame at this location.
  Bytecode:
    0x0000000: b200 1859 c700 0757 b800 2204 324e 100a
    0x0000010: 2d03 0454 ac                           

	at RandoopTest0.test206(RandoopTest0.java:8886)
</error>
  </testcase>
  <testcase classname="RandoopTest0" name="test207" time="0.001">
    <error message="Expecting a stackmap frame at branch target 11
Exception Details:
  Location:
    A.k(J)I @4: ifnonnull
  Reason:
    Expected stackmap frame at this location.
  Bytecode:
    0x0000000: b200 1859 c700 0757 b800 2204 324e 100a
    0x0000010: 2d03 0454 ac                           
" type="java.lang.VerifyError">java.lang.VerifyError: Expecting a stackmap frame at branch target 11
Exception Details:
  Location:
    A.k(J)I @4: ifnonnull
  Reason:
    Expected stackmap frame at this location.
  Bytecode:
    0x0000000: b200 1859 c700 0757 b800 2204 324e 100a
    0x0000010: 2d03 0454 ac                           

	at RandoopTest0.test207(RandoopTest0.java:8911)
</error>
  </testcase>
  <testcase classname="RandoopTest0" name="test208" time="0.0">
    <error message="Expecting a stackmap frame at branch target 11
Exception Details:
  Location:
    A.k(J)I @4: ifnonnull
  Reason:
    Expected stackmap frame at this location.
  Bytecode:
    0x0000000: b200 1859 c700 0757 b800 2204 324e 100a
    0x0000010: 2d03 0454 ac                           
" type="java.lang.VerifyError">java.lang.VerifyError: Expecting a stackmap frame at branch target 11
Exception Details:
  Location:
    A.k(J)I @4: ifnonnull
  Reason:
    Expected stackmap frame at this location.
  Bytecode:
    0x0000000: b200 1859 c700 0757 b800 2204 324e 100a
    0x0000010: 2d03 0454 ac                           

	at RandoopTest0.test208(RandoopTest0.java:8932)
</error>
  </testcase>
  <testcase classname="RandoopTest0" name="test209" time="0.001">
    <error message="Expecting a stackmap frame at branch target 11
Exception Details:
  Location:
    A.k(J)I @4: ifnonnull
  Reason:
    Expected stackmap frame at this location.
  Bytecode:
    0x0000000: b200 1859 c700 0757 b800 2204 324e 100a
    0x0000010: 2d03 0454 ac                           
" type="java.lang.VerifyError">java.lang.VerifyError: Expecting a stackmap frame at branch target 11
Exception Details:
  Location:
    A.k(J)I @4: ifnonnull
  Reason:
    Expected stackmap frame at this location.
  Bytecode:
    0x0000000: b200 1859 c700 0757 b800 2204 324e 100a
    0x0000010: 2d03 0454 ac                           

	at RandoopTest0.test209(RandoopTest0.java:8953)
</error>
  </testcase>
  <testcase classname="RandoopTest0" name="test210" time="0.001">
    <error message="Expecting a stackmap frame at branch target 11
Exception Details:
  Location:
    A.k(J)I @4: ifnonnull
  Reason:
    Expected stackmap frame at this location.
  Bytecode:
    0x0000000: b200 1859 c700 0757 b800 2204 324e 100a
    0x0000010: 2d03 0454 ac                           
" type="java.lang.VerifyError">java.lang.VerifyError: Expecting a stackmap frame at branch target 11
Exception Details:
  Location:
    A.k(J)I @4: ifnonnull
  Reason:
    Expected stackmap frame at this location.
  Bytecode:
    0x0000000: b200 1859 c700 0757 b800 2204 324e 100a
    0x0000010: 2d03 0454 ac                           

	at RandoopTest0.test210(RandoopTest0.java:8986)
</error>
  </testcase>
  <testcase classname="RandoopTest0" name="test211" time="0.0">
    <error message="Expecting a stackmap frame at branch target 11
Exception Details:
  Location:
    A.k(J)I @4: ifnonnull
  Reason:
    Expected stackmap frame at this location.
  Bytecode:
    0x0000000: b200 1859 c700 0757 b800 2204 324e 100a
    0x0000010: 2d03 0454 ac                           
" type="java.lang.VerifyError">java.lang.VerifyError: Expecting a stackmap frame at branch target 11
Exception Details:
  Location:
    A.k(J)I @4: ifnonnull
  Reason:
    Expected stackmap frame at this location.
  Bytecode:
    0x0000000: b200 1859 c700 0757 b800 2204 324e 100a
    0x0000010: 2d03 0454 ac                           

	at RandoopTest0.test211(RandoopTest0.java:9023)
</error>
  </testcase>
  <testcase classname="RandoopTest0" name="test212" time="0.0">
    <error message="Expecting a stackmap frame at branch target 11
Exception Details:
  Location:
    A.k(J)I @4: ifnonnull
  Reason:
    Expected stackmap frame at this location.
  Bytecode:
    0x0000000: b200 1859 c700 0757 b800 2204 324e 100a
    0x0000010: 2d03 0454 ac                           
" type="java.lang.VerifyError">java.lang.VerifyError: Expecting a stackmap frame at branch target 11
Exception Details:
  Location:
    A.k(J)I @4: ifnonnull
  Reason:
    Expected stackmap frame at this location.
  Bytecode:
    0x0000000: b200 1859 c700 0757 b800 2204 324e 100a
    0x0000010: 2d03 0454 ac                           

	at RandoopTest0.test212(RandoopTest0.java:9080)
</error>
  </testcase>
  <testcase classname="RandoopTest0" name="test213" time="0.001">
    <error message="Expecting a stackmap frame at branch target 11
Exception Details:
  Location:
    A.k(J)I @4: ifnonnull
  Reason:
    Expected stackmap frame at this location.
  Bytecode:
    0x0000000: b200 1859 c700 0757 b800 2204 324e 100a
    0x0000010: 2d03 0454 ac                           
" type="java.lang.VerifyError">java.lang.VerifyError: Expecting a stackmap frame at branch target 11
Exception Details:
  Location:
    A.k(J)I @4: ifnonnull
  Reason:
    Expected stackmap frame at this location.
  Bytecode:
    0x0000000: b200 1859 c700 0757 b800 2204 324e 100a
    0x0000010: 2d03 0454 ac                           

	at RandoopTest0.test213(RandoopTest0.java:9137)
</error>
  </testcase>
  <testcase classname="RandoopTest0" name="test214" time="0.0">
    <error message="Expecting a stackmap frame at branch target 11
Exception Details:
  Location:
    A.k(J)I @4: ifnonnull
  Reason:
    Expected stackmap frame at this location.
  Bytecode:
    0x0000000: b200 1859 c700 0757 b800 2204 324e 100a
    0x0000010: 2d03 0454 ac                           
" type="java.lang.VerifyError">java.lang.VerifyError: Expecting a stackmap frame at branch target 11
Exception Details:
  Location:
    A.k(J)I @4: ifnonnull
  Reason:
    Expected stackmap frame at this location.
  Bytecode:
    0x0000000: b200 1859 c700 0757 b800 2204 324e 100a
    0x0000010: 2d03 0454 ac                           

	at RandoopTest0.test214(RandoopTest0.java:9190)
</error>
  </testcase>
  <testcase classname="RandoopTest0" name="test215" time="0.001">
    <error message="Expecting a stackmap frame at branch target 11
Exception Details:
  Location:
    A.k(J)I @4: ifnonnull
  Reason:
    Expected stackmap frame at this location.
  Bytecode:
    0x0000000: b200 1859 c700 0757 b800 2204 324e 100a
    0x0000010: 2d03 0454 ac                           
" type="java.lang.VerifyError">java.lang.VerifyError: Expecting a stackmap frame at branch target 11
Exception Details:
  Location:
    A.k(J)I @4: ifnonnull
  Reason:
    Expected stackmap frame at this location.
  Bytecode:
    0x0000000: b200 1859 c700 0757 b800 2204 324e 100a
    0x0000010: 2d03 0454 ac                           

	at RandoopTest0.test215(RandoopTest0.java:9251)
</error>
  </testcase>
  <testcase classname="RandoopTest0" name="test216" time="0.0">
    <error message="Expecting a stackmap frame at branch target 11
Exception Details:
  Location:
    A.k(J)I @4: ifnonnull
  Reason:
    Expected stackmap frame at this location.
  Bytecode:
    0x0000000: b200 1859 c700 0757 b800 2204 324e 100a
    0x0000010: 2d03 0454 ac                           
" type="java.lang.VerifyError">java.lang.VerifyError: Expecting a stackmap frame at branch target 11
Exception Details:
  Location:
    A.k(J)I @4: ifnonnull
  Reason:
    Expected stackmap frame at this location.
  Bytecode:
    0x0000000: b200 1859 c700 0757 b800 2204 324e 100a
    0x0000010: 2d03 0454 ac                           

	at RandoopTest0.test216(RandoopTest0.java:9284)
</error>
  </testcase>
  <testcase classname="RandoopTest0" name="test217" time="0.001">
    <error message="Expecting a stackmap frame at branch target 11
Exception Details:
  Location:
    A.k(J)I @4: ifnonnull
  Reason:
    Expected stackmap frame at this location.
  Bytecode:
    0x0000000: b200 1859 c700 0757 b800 2204 324e 100a
    0x0000010: 2d03 0454 ac                           
" type="java.lang.VerifyError">java.lang.VerifyError: Expecting a stackmap frame at branch target 11
Exception Details:
  Location:
    A.k(J)I @4: ifnonnull
  Reason:
    Expected stackmap frame at this location.
  Bytecode:
    0x0000000: b200 1859 c700 0757 b800 2204 324e 100a
    0x0000010: 2d03 0454 ac                           

	at RandoopTest0.test217(RandoopTest0.java:9321)
</error>
  </testcase>
  <testcase classname="RandoopTest0" name="test218" time="0.0">
    <error message="Expecting a stackmap frame at branch target 11
Exception Details:
  Location:
    A.k(J)I @4: ifnonnull
  Reason:
    Expected stackmap frame at this location.
  Bytecode:
    0x0000000: b200 1859 c700 0757 b800 2204 324e 100a
    0x0000010: 2d03 0454 ac                           
" type="java.lang.VerifyError">java.lang.VerifyError: Expecting a stackmap frame at branch target 11
Exception Details:
  Location:
    A.k(J)I @4: ifnonnull
  Reason:
    Expected stackmap frame at this location.
  Bytecode:
    0x0000000: b200 1859 c700 0757 b800 2204 324e 100a
    0x0000010: 2d03 0454 ac                           

	at RandoopTest0.test218(RandoopTest0.java:9370)
</error>
  </testcase>
  <testcase classname="RandoopTest0" name="test219" time="0.0">
    <error message="Expecting a stackmap frame at branch target 11
Exception Details:
  Location:
    A.k(J)I @4: ifnonnull
  Reason:
    Expected stackmap frame at this location.
  Bytecode:
    0x0000000: b200 1859 c700 0757 b800 2204 324e 100a
    0x0000010: 2d03 0454 ac                           
" type="java.lang.VerifyError">java.lang.VerifyError: Expecting a stackmap frame at branch target 11
Exception Details:
  Location:
    A.k(J)I @4: ifnonnull
  Reason:
    Expected stackmap frame at this location.
  Bytecode:
    0x0000000: b200 1859 c700 0757 b800 2204 324e 100a
    0x0000010: 2d03 0454 ac                           

	at RandoopTest0.test219(RandoopTest0.java:9427)
</error>
  </testcase>
  <testcase classname="RandoopTest0" name="test220" time="0.0">
    <error message="Expecting a stackmap frame at branch target 11
Exception Details:
  Location:
    A.k(J)I @4: ifnonnull
  Reason:
    Expected stackmap frame at this location.
  Bytecode:
    0x0000000: b200 1859 c700 0757 b800 2204 324e 100a
    0x0000010: 2d03 0454 ac                           
" type="java.lang.VerifyError">java.lang.VerifyError: Expecting a stackmap frame at branch target 11
Exception Details:
  Location:
    A.k(J)I @4: ifnonnull
  Reason:
    Expected stackmap frame at this location.
  Bytecode:
    0x0000000: b200 1859 c700 0757 b800 2204 324e 100a
    0x0000010: 2d03 0454 ac                           

	at RandoopTest0.test220(RandoopTest0.java:9472)
</error>
  </testcase>
  <testcase classname="RandoopTest0" name="test221" time="0.0">
    <error message="Expecting a stackmap frame at branch target 11
Exception Details:
  Location:
    A.k(J)I @4: ifnonnull
  Reason:
    Expected stackmap frame at this location.
  Bytecode:
    0x0000000: b200 1859 c700 0757 b800 2204 324e 100a
    0x0000010: 2d03 0454 ac                           
" type="java.lang.VerifyError">java.lang.VerifyError: Expecting a stackmap frame at branch target 11
Exception Details:
  Location:
    A.k(J)I @4: ifnonnull
  Reason:
    Expected stackmap frame at this location.
  Bytecode:
    0x0000000: b200 1859 c700 0757 b800 2204 324e 100a
    0x0000010: 2d03 0454 ac                           

	at RandoopTest0.test221(RandoopTest0.java:9517)
</error>
  </testcase>
  <testcase classname="RandoopTest0" name="test222" time="0.001">
    <error message="Expecting a stackmap frame at branch target 11
Exception Details:
  Location:
    A.k(J)I @4: ifnonnull
  Reason:
    Expected stackmap frame at this location.
  Bytecode:
    0x0000000: b200 1859 c700 0757 b800 2204 324e 100a
    0x0000010: 2d03 0454 ac                           
" type="java.lang.VerifyError">java.lang.VerifyError: Expecting a stackmap frame at branch target 11
Exception Details:
  Location:
    A.k(J)I @4: ifnonnull
  Reason:
    Expected stackmap frame at this location.
  Bytecode:
    0x0000000: b200 1859 c700 0757 b800 2204 324e 100a
    0x0000010: 2d03 0454 ac                           

	at RandoopTest0.test222(RandoopTest0.java:9554)
</error>
  </testcase>
  <testcase classname="RandoopTest0" name="test223" time="0.0">
    <error message="Expecting a stackmap frame at branch target 11
Exception Details:
  Location:
    A.k(J)I @4: ifnonnull
  Reason:
    Expected stackmap frame at this location.
  Bytecode:
    0x0000000: b200 1859 c700 0757 b800 2204 324e 100a
    0x0000010: 2d03 0454 ac                           
" type="java.lang.VerifyError">java.lang.VerifyError: Expecting a stackmap frame at branch target 11
Exception Details:
  Location:
    A.k(J)I @4: ifnonnull
  Reason:
    Expected stackmap frame at this location.
  Bytecode:
    0x0000000: b200 1859 c700 0757 b800 2204 324e 100a
    0x0000010: 2d03 0454 ac                           

	at RandoopTest0.test223(RandoopTest0.java:9615)
</error>
  </testcase>
  <testcase classname="RandoopTest0" name="test224" time="0.001">
    <error message="Expecting a stackmap frame at branch target 11
Exception Details:
  Location:
    A.k(J)I @4: ifnonnull
  Reason:
    Expected stackmap frame at this location.
  Bytecode:
    0x0000000: b200 1859 c700 0757 b800 2204 324e 100a
    0x0000010: 2d03 0454 ac                           
" type="java.lang.VerifyError">java.lang.VerifyError: Expecting a stackmap frame at branch target 11
Exception Details:
  Location:
    A.k(J)I @4: ifnonnull
  Reason:
    Expected stackmap frame at this location.
  Bytecode:
    0x0000000: b200 1859 c700 0757 b800 2204 324e 100a
    0x0000010: 2d03 0454 ac                           

	at RandoopTest0.test224(RandoopTest0.java:9660)
</error>
  </testcase>
  <testcase classname="RandoopTest0" name="test225" time="0.001">
    <error message="Expecting a stackmap frame at branch target 11
Exception Details:
  Location:
    A.k(J)I @4: ifnonnull
  Reason:
    Expected stackmap frame at this location.
  Bytecode:
    0x0000000: b200 1859 c700 0757 b800 2204 324e 100a
    0x0000010: 2d03 0454 ac                           
" type="java.lang.VerifyError">java.lang.VerifyError: Expecting a stackmap frame at branch target 11
Exception Details:
  Location:
    A.k(J)I @4: ifnonnull
  Reason:
    Expected stackmap frame at this location.
  Bytecode:
    0x0000000: b200 1859 c700 0757 b800 2204 324e 100a
    0x0000010: 2d03 0454 ac                           

	at RandoopTest0.test225(RandoopTest0.java:9685)
</error>
  </testcase>
  <testcase classname="RandoopTest0" name="test226" time="0.0">
    <error message="Expecting a stackmap frame at branch target 11
Exception Details:
  Location:
    A.k(J)I @4: ifnonnull
  Reason:
    Expected stackmap frame at this location.
  Bytecode:
    0x0000000: b200 1859 c700 0757 b800 2204 324e 100a
    0x0000010: 2d03 0454 ac                           
" type="java.lang.VerifyError">java.lang.VerifyError: Expecting a stackmap frame at branch target 11
Exception Details:
  Location:
    A.k(J)I @4: ifnonnull
  Reason:
    Expected stackmap frame at this location.
  Bytecode:
    0x0000000: b200 1859 c700 0757 b800 2204 324e 100a
    0x0000010: 2d03 0454 ac                           

	at RandoopTest0.test226(RandoopTest0.java:9718)
</error>
  </testcase>
  <testcase classname="RandoopTest0" name="test227" time="0.001">
    <error message="Expecting a stackmap frame at branch target 11
Exception Details:
  Location:
    A.k(J)I @4: ifnonnull
  Reason:
    Expected stackmap frame at this location.
  Bytecode:
    0x0000000: b200 1859 c700 0757 b800 2204 324e 100a
    0x0000010: 2d03 0454 ac                           
" type="java.lang.VerifyError">java.lang.VerifyError: Expecting a stackmap frame at branch target 11
Exception Details:
  Location:
    A.k(J)I @4: ifnonnull
  Reason:
    Expected stackmap frame at this location.
  Bytecode:
    0x0000000: b200 1859 c700 0757 b800 2204 324e 100a
    0x0000010: 2d03 0454 ac                           

	at RandoopTest0.test227(RandoopTest0.java:9767)
</error>
  </testcase>
  <testcase classname="RandoopTest0" name="test228" time="0.001">
    <error message="Expecting a stackmap frame at branch target 11
Exception Details:
  Location:
    A.k(J)I @4: ifnonnull
  Reason:
    Expected stackmap frame at this location.
  Bytecode:
    0x0000000: b200 1859 c700 0757 b800 2204 324e 100a
    0x0000010: 2d03 0454 ac                           
" type="java.lang.VerifyError">java.lang.VerifyError: Expecting a stackmap frame at branch target 11
Exception Details:
  Location:
    A.k(J)I @4: ifnonnull
  Reason:
    Expected stackmap frame at this location.
  Bytecode:
    0x0000000: b200 1859 c700 0757 b800 2204 324e 100a
    0x0000010: 2d03 0454 ac                           

	at RandoopTest0.test228(RandoopTest0.java:9804)
</error>
  </testcase>
  <testcase classname="RandoopTest0" name="test229" time="0.0">
    <error message="Expecting a stackmap frame at branch target 11
Exception Details:
  Location:
    A.k(J)I @4: ifnonnull
  Reason:
    Expected stackmap frame at this location.
  Bytecode:
    0x0000000: b200 1859 c700 0757 b800 2204 324e 100a
    0x0000010: 2d03 0454 ac                           
" type="java.lang.VerifyError">java.lang.VerifyError: Expecting a stackmap frame at branch target 11
Exception Details:
  Location:
    A.k(J)I @4: ifnonnull
  Reason:
    Expected stackmap frame at this location.
  Bytecode:
    0x0000000: b200 1859 c700 0757 b800 2204 324e 100a
    0x0000010: 2d03 0454 ac                           

	at RandoopTest0.test229(RandoopTest0.java:9873)
</error>
  </testcase>
  <testcase classname="RandoopTest0" name="test230" time="0.001">
    <error message="Expecting a stackmap frame at branch target 11
Exception Details:
  Location:
    A.k(J)I @4: ifnonnull
  Reason:
    Expected stackmap frame at this location.
  Bytecode:
    0x0000000: b200 1859 c700 0757 b800 2204 324e 100a
    0x0000010: 2d03 0454 ac                           
" type="java.lang.VerifyError">java.lang.VerifyError: Expecting a stackmap frame at branch target 11
Exception Details:
  Location:
    A.k(J)I @4: ifnonnull
  Reason:
    Expected stackmap frame at this location.
  Bytecode:
    0x0000000: b200 1859 c700 0757 b800 2204 324e 100a
    0x0000010: 2d03 0454 ac                           

	at RandoopTest0.test230(RandoopTest0.java:9898)
</error>
  </testcase>
  <testcase classname="RandoopTest0" name="test231" time="0.0">
    <error message="Expecting a stackmap frame at branch target 11
Exception Details:
  Location:
    A.k(J)I @4: ifnonnull
  Reason:
    Expected stackmap frame at this location.
  Bytecode:
    0x0000000: b200 1859 c700 0757 b800 2204 324e 100a
    0x0000010: 2d03 0454 ac                           
" type="java.lang.VerifyError">java.lang.VerifyError: Expecting a stackmap frame at branch target 11
Exception Details:
  Location:
    A.k(J)I @4: ifnonnull
  Reason:
    Expected stackmap frame at this location.
  Bytecode:
    0x0000000: b200 1859 c700 0757 b800 2204 324e 100a
    0x0000010: 2d03 0454 ac                           

	at RandoopTest0.test231(RandoopTest0.java:9939)
</error>
  </testcase>
  <testcase classname="RandoopTest0" name="test232" time="0.0">
    <error message="Expecting a stackmap frame at branch target 11
Exception Details:
  Location:
    A.k(J)I @4: ifnonnull
  Reason:
    Expected stackmap frame at this location.
  Bytecode:
    0x0000000: b200 1859 c700 0757 b800 2204 324e 100a
    0x0000010: 2d03 0454 ac                           
" type="java.lang.VerifyError">java.lang.VerifyError: Expecting a stackmap frame at branch target 11
Exception Details:
  Location:
    A.k(J)I @4: ifnonnull
  Reason:
    Expected stackmap frame at this location.
  Bytecode:
    0x0000000: b200 1859 c700 0757 b800 2204 324e 100a
    0x0000010: 2d03 0454 ac                           

	at RandoopTest0.test232(RandoopTest0.java:9968)
</error>
  </testcase>
  <testcase classname="RandoopTest0" name="test233" time="0.001">
    <error message="Expecting a stackmap frame at branch target 11
Exception Details:
  Location:
    A.k(J)I @4: ifnonnull
  Reason:
    Expected stackmap frame at this location.
  Bytecode:
    0x0000000: b200 1859 c700 0757 b800 2204 324e 100a
    0x0000010: 2d03 0454 ac                           
" type="java.lang.VerifyError">java.lang.VerifyError: Expecting a stackmap frame at branch target 11
Exception Details:
  Location:
    A.k(J)I @4: ifnonnull
  Reason:
    Expected stackmap frame at this location.
  Bytecode:
    0x0000000: b200 1859 c700 0757 b800 2204 324e 100a
    0x0000010: 2d03 0454 ac                           

	at RandoopTest0.test233(RandoopTest0.java:10045)
</error>
  </testcase>
  <testcase classname="RandoopTest0" name="test234" time="0.0">
    <error message="Expecting a stackmap frame at branch target 11
Exception Details:
  Location:
    A.k(J)I @4: ifnonnull
  Reason:
    Expected stackmap frame at this location.
  Bytecode:
    0x0000000: b200 1859 c700 0757 b800 2204 324e 100a
    0x0000010: 2d03 0454 ac                           
" type="java.lang.VerifyError">java.lang.VerifyError: Expecting a stackmap frame at branch target 11
Exception Details:
  Location:
    A.k(J)I @4: ifnonnull
  Reason:
    Expected stackmap frame at this location.
  Bytecode:
    0x0000000: b200 1859 c700 0757 b800 2204 324e 100a
    0x0000010: 2d03 0454 ac                           

	at RandoopTest0.test234(RandoopTest0.java:10102)
</error>
  </testcase>
  <testcase classname="RandoopTest0" name="test235" time="0.0">
    <error message="Expecting a stackmap frame at branch target 11
Exception Details:
  Location:
    A.k(J)I @4: ifnonnull
  Reason:
    Expected stackmap frame at this location.
  Bytecode:
    0x0000000: b200 1859 c700 0757 b800 2204 324e 100a
    0x0000010: 2d03 0454 ac                           
" type="java.lang.VerifyError">java.lang.VerifyError: Expecting a stackmap frame at branch target 11
Exception Details:
  Location:
    A.k(J)I @4: ifnonnull
  Reason:
    Expected stackmap frame at this location.
  Bytecode:
    0x0000000: b200 1859 c700 0757 b800 2204 324e 100a
    0x0000010: 2d03 0454 ac                           

	at RandoopTest0.test235(RandoopTest0.java:10155)
</error>
  </testcase>
  <testcase classname="RandoopTest0" name="test236" time="0.0">
    <error message="Expecting a stackmap frame at branch target 11
Exception Details:
  Location:
    A.k(J)I @4: ifnonnull
  Reason:
    Expected stackmap frame at this location.
  Bytecode:
    0x0000000: b200 1859 c700 0757 b800 2204 324e 100a
    0x0000010: 2d03 0454 ac                           
" type="java.lang.VerifyError">java.lang.VerifyError: Expecting a stackmap frame at branch target 11
Exception Details:
  Location:
    A.k(J)I @4: ifnonnull
  Reason:
    Expected stackmap frame at this location.
  Bytecode:
    0x0000000: b200 1859 c700 0757 b800 2204 324e 100a
    0x0000010: 2d03 0454 ac                           

	at RandoopTest0.test236(RandoopTest0.java:10212)
</error>
  </testcase>
  <testcase classname="RandoopTest0" name="test237" time="0.0">
    <error message="Expecting a stackmap frame at branch target 11
Exception Details:
  Location:
    A.k(J)I @4: ifnonnull
  Reason:
    Expected stackmap frame at this location.
  Bytecode:
    0x0000000: b200 1859 c700 0757 b800 2204 324e 100a
    0x0000010: 2d03 0454 ac                           
" type="java.lang.VerifyError">java.lang.VerifyError: Expecting a stackmap frame at branch target 11
Exception Details:
  Location:
    A.k(J)I @4: ifnonnull
  Reason:
    Expected stackmap frame at this location.
  Bytecode:
    0x0000000: b200 1859 c700 0757 b800 2204 324e 100a
    0x0000010: 2d03 0454 ac                           

	at RandoopTest0.test237(RandoopTest0.java:10289)
</error>
  </testcase>
  <testcase classname="RandoopTest0" name="test238" time="0.001">
    <error message="Expecting a stackmap frame at branch target 11
Exception Details:
  Location:
    A.k(J)I @4: ifnonnull
  Reason:
    Expected stackmap frame at this location.
  Bytecode:
    0x0000000: b200 1859 c700 0757 b800 2204 324e 100a
    0x0000010: 2d03 0454 ac                           
" type="java.lang.VerifyError">java.lang.VerifyError: Expecting a stackmap frame at branch target 11
Exception Details:
  Location:
    A.k(J)I @4: ifnonnull
  Reason:
    Expected stackmap frame at this location.
  Bytecode:
    0x0000000: b200 1859 c700 0757 b800 2204 324e 100a
    0x0000010: 2d03 0454 ac                           

	at RandoopTest0.test238(RandoopTest0.java:10362)
</error>
  </testcase>
  <testcase classname="RandoopTest0" name="test239" time="0.0">
    <error message="Expecting a stackmap frame at branch target 11
Exception Details:
  Location:
    A.k(J)I @4: ifnonnull
  Reason:
    Expected stackmap frame at this location.
  Bytecode:
    0x0000000: b200 1859 c700 0757 b800 2204 324e 100a
    0x0000010: 2d03 0454 ac                           
" type="java.lang.VerifyError">java.lang.VerifyError: Expecting a stackmap frame at branch target 11
Exception Details:
  Location:
    A.k(J)I @4: ifnonnull
  Reason:
    Expected stackmap frame at this location.
  Bytecode:
    0x0000000: b200 1859 c700 0757 b800 2204 324e 100a
    0x0000010: 2d03 0454 ac                           

	at RandoopTest0.test239(RandoopTest0.java:10387)
</error>
  </testcase>
  <testcase classname="RandoopTest0" name="test240" time="0.001">
    <error message="Expecting a stackmap frame at branch target 11
Exception Details:
  Location:
    A.k(J)I @4: ifnonnull
  Reason:
    Expected stackmap frame at this location.
  Bytecode:
    0x0000000: b200 1859 c700 0757 b800 2204 324e 100a
    0x0000010: 2d03 0454 ac                           
" type="java.lang.VerifyError">java.lang.VerifyError: Expecting a stackmap frame at branch target 11
Exception Details:
  Location:
    A.k(J)I @4: ifnonnull
  Reason:
    Expected stackmap frame at this location.
  Bytecode:
    0x0000000: b200 1859 c700 0757 b800 2204 324e 100a
    0x0000010: 2d03 0454 ac                           

	at RandoopTest0.test240(RandoopTest0.java:10444)
</error>
  </testcase>
  <testcase classname="RandoopTest0" name="test241" time="0.0">
    <error message="Expecting a stackmap frame at branch target 11
Exception Details:
  Location:
    A.k(J)I @4: ifnonnull
  Reason:
    Expected stackmap frame at this location.
  Bytecode:
    0x0000000: b200 1859 c700 0757 b800 2204 324e 100a
    0x0000010: 2d03 0454 ac                           
" type="java.lang.VerifyError">java.lang.VerifyError: Expecting a stackmap frame at branch target 11
Exception Details:
  Location:
    A.k(J)I @4: ifnonnull
  Reason:
    Expected stackmap frame at this location.
  Bytecode:
    0x0000000: b200 1859 c700 0757 b800 2204 324e 100a
    0x0000010: 2d03 0454 ac                           

	at RandoopTest0.test241(RandoopTest0.java:10477)
</error>
  </testcase>
  <testcase classname="RandoopTest0" name="test242" time="0.0">
    <error message="Expecting a stackmap frame at branch target 11
Exception Details:
  Location:
    A.k(J)I @4: ifnonnull
  Reason:
    Expected stackmap frame at this location.
  Bytecode:
    0x0000000: b200 1859 c700 0757 b800 2204 324e 100a
    0x0000010: 2d03 0454 ac                           
" type="java.lang.VerifyError">java.lang.VerifyError: Expecting a stackmap frame at branch target 11
Exception Details:
  Location:
    A.k(J)I @4: ifnonnull
  Reason:
    Expected stackmap frame at this location.
  Bytecode:
    0x0000000: b200 1859 c700 0757 b800 2204 324e 100a
    0x0000010: 2d03 0454 ac                           

	at RandoopTest0.test242(RandoopTest0.java:10522)
</error>
  </testcase>
  <testcase classname="RandoopTest0" name="test243" time="0.001">
    <error message="Expecting a stackmap frame at branch target 11
Exception Details:
  Location:
    A.k(J)I @4: ifnonnull
  Reason:
    Expected stackmap frame at this location.
  Bytecode:
    0x0000000: b200 1859 c700 0757 b800 2204 324e 100a
    0x0000010: 2d03 0454 ac                           
" type="java.lang.VerifyError">java.lang.VerifyError: Expecting a stackmap frame at branch target 11
Exception Details:
  Location:
    A.k(J)I @4: ifnonnull
  Reason:
    Expected stackmap frame at this location.
  Bytecode:
    0x0000000: b200 1859 c700 0757 b800 2204 324e 100a
    0x0000010: 2d03 0454 ac                           

	at RandoopTest0.test243(RandoopTest0.java:10611)
</error>
  </testcase>
  <testcase classname="RandoopTest0" name="test244" time="0.0">
    <error message="Expecting a stackmap frame at branch target 11
Exception Details:
  Location:
    A.k(J)I @4: ifnonnull
  Reason:
    Expected stackmap frame at this location.
  Bytecode:
    0x0000000: b200 1859 c700 0757 b800 2204 324e 100a
    0x0000010: 2d03 0454 ac                           
" type="java.lang.VerifyError">java.lang.VerifyError: Expecting a stackmap frame at branch target 11
Exception Details:
  Location:
    A.k(J)I @4: ifnonnull
  Reason:
    Expected stackmap frame at this location.
  Bytecode:
    0x0000000: b200 1859 c700 0757 b800 2204 324e 100a
    0x0000010: 2d03 0454 ac                           

	at RandoopTest0.test244(RandoopTest0.java:10660)
</error>
  </testcase>
  <testcase classname="RandoopTest0" name="test245" time="0.001">
    <error message="Expecting a stackmap frame at branch target 11
Exception Details:
  Location:
    A.k(J)I @4: ifnonnull
  Reason:
    Expected stackmap frame at this location.
  Bytecode:
    0x0000000: b200 1859 c700 0757 b800 2204 324e 100a
    0x0000010: 2d03 0454 ac                           
" type="java.lang.VerifyError">java.lang.VerifyError: Expecting a stackmap frame at branch target 11
Exception Details:
  Location:
    A.k(J)I @4: ifnonnull
  Reason:
    Expected stackmap frame at this location.
  Bytecode:
    0x0000000: b200 1859 c700 0757 b800 2204 324e 100a
    0x0000010: 2d03 0454 ac                           

	at RandoopTest0.test245(RandoopTest0.java:10693)
</error>
  </testcase>
  <testcase classname="RandoopTest0" name="test246" time="0.0">
    <error message="Expecting a stackmap frame at branch target 11
Exception Details:
  Location:
    A.k(J)I @4: ifnonnull
  Reason:
    Expected stackmap frame at this location.
  Bytecode:
    0x0000000: b200 1859 c700 0757 b800 2204 324e 100a
    0x0000010: 2d03 0454 ac                           
" type="java.lang.VerifyError">java.lang.VerifyError: Expecting a stackmap frame at branch target 11
Exception Details:
  Location:
    A.k(J)I @4: ifnonnull
  Reason:
    Expected stackmap frame at this location.
  Bytecode:
    0x0000000: b200 1859 c700 0757 b800 2204 324e 100a
    0x0000010: 2d03 0454 ac                           

	at RandoopTest0.test246(RandoopTest0.java:10722)
</error>
  </testcase>
  <testcase classname="RandoopTest0" name="test247" time="0.001">
    <error message="Expecting a stackmap frame at branch target 11
Exception Details:
  Location:
    A.k(J)I @4: ifnonnull
  Reason:
    Expected stackmap frame at this location.
  Bytecode:
    0x0000000: b200 1859 c700 0757 b800 2204 324e 100a
    0x0000010: 2d03 0454 ac                           
" type="java.lang.VerifyError">java.lang.VerifyError: Expecting a stackmap frame at branch target 11
Exception Details:
  Location:
    A.k(J)I @4: ifnonnull
  Reason:
    Expected stackmap frame at this location.
  Bytecode:
    0x0000000: b200 1859 c700 0757 b800 2204 324e 100a
    0x0000010: 2d03 0454 ac                           

	at RandoopTest0.test247(RandoopTest0.java:10747)
</error>
  </testcase>
  <testcase classname="RandoopTest0" name="test248" time="0.001">
    <error message="Expecting a stackmap frame at branch target 11
Exception Details:
  Location:
    A.k(J)I @4: ifnonnull
  Reason:
    Expected stackmap frame at this location.
  Bytecode:
    0x0000000: b200 1859 c700 0757 b800 2204 324e 100a
    0x0000010: 2d03 0454 ac                           
" type="java.lang.VerifyError">java.lang.VerifyError: Expecting a stackmap frame at branch target 11
Exception Details:
  Location:
    A.k(J)I @4: ifnonnull
  Reason:
    Expected stackmap frame at this location.
  Bytecode:
    0x0000000: b200 1859 c700 0757 b800 2204 324e 100a
    0x0000010: 2d03 0454 ac                           

	at RandoopTest0.test248(RandoopTest0.java:10796)
</error>
  </testcase>
  <testcase classname="RandoopTest0" name="test249" time="0.0">
    <error message="Expecting a stackmap frame at branch target 11
Exception Details:
  Location:
    A.k(J)I @4: ifnonnull
  Reason:
    Expected stackmap frame at this location.
  Bytecode:
    0x0000000: b200 1859 c700 0757 b800 2204 324e 100a
    0x0000010: 2d03 0454 ac                           
" type="java.lang.VerifyError">java.lang.VerifyError: Expecting a stackmap frame at branch target 11
Exception Details:
  Location:
    A.k(J)I @4: ifnonnull
  Reason:
    Expected stackmap frame at this location.
  Bytecode:
    0x0000000: b200 1859 c700 0757 b800 2204 324e 100a
    0x0000010: 2d03 0454 ac                           

	at RandoopTest0.test249(RandoopTest0.java:10849)
</error>
  </testcase>
  <testcase classname="RandoopTest0" name="test250" time="0.0">
    <error message="Expecting a stackmap frame at branch target 11
Exception Details:
  Location:
    A.k(J)I @4: ifnonnull
  Reason:
    Expected stackmap frame at this location.
  Bytecode:
    0x0000000: b200 1859 c700 0757 b800 2204 324e 100a
    0x0000010: 2d03 0454 ac                           
" type="java.lang.VerifyError">java.lang.VerifyError: Expecting a stackmap frame at branch target 11
Exception Details:
  Location:
    A.k(J)I @4: ifnonnull
  Reason:
    Expected stackmap frame at this location.
  Bytecode:
    0x0000000: b200 1859 c700 0757 b800 2204 324e 100a
    0x0000010: 2d03 0454 ac                           

	at RandoopTest0.test250(RandoopTest0.java:10874)
</error>
  </testcase>
  <testcase classname="RandoopTest0" name="test251" time="0.001">
    <error message="Expecting a stackmap frame at branch target 11
Exception Details:
  Location:
    A.k(J)I @4: ifnonnull
  Reason:
    Expected stackmap frame at this location.
  Bytecode:
    0x0000000: b200 1859 c700 0757 b800 2204 324e 100a
    0x0000010: 2d03 0454 ac                           
" type="java.lang.VerifyError">java.lang.VerifyError: Expecting a stackmap frame at branch target 11
Exception Details:
  Location:
    A.k(J)I @4: ifnonnull
  Reason:
    Expected stackmap frame at this location.
  Bytecode:
    0x0000000: b200 1859 c700 0757 b800 2204 324e 100a
    0x0000010: 2d03 0454 ac                           

	at RandoopTest0.test251(RandoopTest0.java:10935)
</error>
  </testcase>
  <testcase classname="RandoopTest0" name="test252" time="0.0">
    <error message="Expecting a stackmap frame at branch target 11
Exception Details:
  Location:
    A.k(J)I @4: ifnonnull
  Reason:
    Expected stackmap frame at this location.
  Bytecode:
    0x0000000: b200 1859 c700 0757 b800 2204 324e 100a
    0x0000010: 2d03 0454 ac                           
" type="java.lang.VerifyError">java.lang.VerifyError: Expecting a stackmap frame at branch target 11
Exception Details:
  Location:
    A.k(J)I @4: ifnonnull
  Reason:
    Expected stackmap frame at this location.
  Bytecode:
    0x0000000: b200 1859 c700 0757 b800 2204 324e 100a
    0x0000010: 2d03 0454 ac                           

	at RandoopTest0.test252(RandoopTest0.java:10980)
</error>
  </testcase>
  <testcase classname="RandoopTest0" name="test253" time="0.044">
    <error message="Expecting a stackmap frame at branch target 11
Exception Details:
  Location:
    A.k(J)I @4: ifnonnull
  Reason:
    Expected stackmap frame at this location.
  Bytecode:
    0x0000000: b200 1859 c700 0757 b800 2204 324e 100a
    0x0000010: 2d03 0454 ac                           
" type="java.lang.VerifyError">java.lang.VerifyError: Expecting a stackmap frame at branch target 11
Exception Details:
  Location:
    A.k(J)I @4: ifnonnull
  Reason:
    Expected stackmap frame at this location.
  Bytecode:
    0x0000000: b200 1859 c700 0757 b800 2204 324e 100a
    0x0000010: 2d03 0454 ac                           

	at RandoopTest0.test253(RandoopTest0.java:11033)
</error>
  </testcase>
  <testcase classname="RandoopTest0" name="test254" time="0.001">
    <error message="Expecting a stackmap frame at branch target 11
Exception Details:
  Location:
    A.k(J)I @4: ifnonnull
  Reason:
    Expected stackmap frame at this location.
  Bytecode:
    0x0000000: b200 1859 c700 0757 b800 2204 324e 100a
    0x0000010: 2d03 0454 ac                           
" type="java.lang.VerifyError">java.lang.VerifyError: Expecting a stackmap frame at branch target 11
Exception Details:
  Location:
    A.k(J)I @4: ifnonnull
  Reason:
    Expected stackmap frame at this location.
  Bytecode:
    0x0000000: b200 1859 c700 0757 b800 2204 324e 100a
    0x0000010: 2d03 0454 ac                           

	at RandoopTest0.test254(RandoopTest0.java:11058)
</error>
  </testcase>
  <testcase classname="RandoopTest0" name="test255" time="0.0">
    <error message="Expecting a stackmap frame at branch target 11
Exception Details:
  Location:
    A.k(J)I @4: ifnonnull
  Reason:
    Expected stackmap frame at this location.
  Bytecode:
    0x0000000: b200 1859 c700 0757 b800 2204 324e 100a
    0x0000010: 2d03 0454 ac                           
" type="java.lang.VerifyError">java.lang.VerifyError: Expecting a stackmap frame at branch target 11
Exception Details:
  Location:
    A.k(J)I @4: ifnonnull
  Reason:
    Expected stackmap frame at this location.
  Bytecode:
    0x0000000: b200 1859 c700 0757 b800 2204 324e 100a
    0x0000010: 2d03 0454 ac                           

	at RandoopTest0.test255(RandoopTest0.java:11087)
</error>
  </testcase>
  <testcase classname="RandoopTest0" name="test256" time="0.001">
    <error message="Expecting a stackmap frame at branch target 11
Exception Details:
  Location:
    A.k(J)I @4: ifnonnull
  Reason:
    Expected stackmap frame at this location.
  Bytecode:
    0x0000000: b200 1859 c700 0757 b800 2204 324e 100a
    0x0000010: 2d03 0454 ac                           
" type="java.lang.VerifyError">java.lang.VerifyError: Expecting a stackmap frame at branch target 11
Exception Details:
  Location:
    A.k(J)I @4: ifnonnull
  Reason:
    Expected stackmap frame at this location.
  Bytecode:
    0x0000000: b200 1859 c700 0757 b800 2204 324e 100a
    0x0000010: 2d03 0454 ac                           

	at RandoopTest0.test256(RandoopTest0.java:11152)
</error>
  </testcase>
  <testcase classname="RandoopTest0" name="test257" time="0.0">
    <error message="Expecting a stackmap frame at branch target 11
Exception Details:
  Location:
    A.k(J)I @4: ifnonnull
  Reason:
    Expected stackmap frame at this location.
  Bytecode:
    0x0000000: b200 1859 c700 0757 b800 2204 324e 100a
    0x0000010: 2d03 0454 ac                           
" type="java.lang.VerifyError">java.lang.VerifyError: Expecting a stackmap frame at branch target 11
Exception Details:
  Location:
    A.k(J)I @4: ifnonnull
  Reason:
    Expected stackmap frame at this location.
  Bytecode:
    0x0000000: b200 1859 c700 0757 b800 2204 324e 100a
    0x0000010: 2d03 0454 ac                           

	at RandoopTest0.test257(RandoopTest0.java:11185)
</error>
  </testcase>
  <testcase classname="RandoopTest0" name="test258" time="0.0">
    <error message="Expecting a stackmap frame at branch target 11
Exception Details:
  Location:
    A.k(J)I @4: ifnonnull
  Reason:
    Expected stackmap frame at this location.
  Bytecode:
    0x0000000: b200 1859 c700 0757 b800 2204 324e 100a
    0x0000010: 2d03 0454 ac                           
" type="java.lang.VerifyError">java.lang.VerifyError: Expecting a stackmap frame at branch target 11
Exception Details:
  Location:
    A.k(J)I @4: ifnonnull
  Reason:
    Expected stackmap frame at this location.
  Bytecode:
    0x0000000: b200 1859 c700 0757 b800 2204 324e 100a
    0x0000010: 2d03 0454 ac                           

	at RandoopTest0.test258(RandoopTest0.java:11230)
</error>
  </testcase>
  <testcase classname="RandoopTest0" name="test259" time="0.0">
    <error message="Expecting a stackmap frame at branch target 11
Exception Details:
  Location:
    A.k(J)I @4: ifnonnull
  Reason:
    Expected stackmap frame at this location.
  Bytecode:
    0x0000000: b200 1859 c700 0757 b800 2204 324e 100a
    0x0000010: 2d03 0454 ac                           
" type="java.lang.VerifyError">java.lang.VerifyError: Expecting a stackmap frame at branch target 11
Exception Details:
  Location:
    A.k(J)I @4: ifnonnull
  Reason:
    Expected stackmap frame at this location.
  Bytecode:
    0x0000000: b200 1859 c700 0757 b800 2204 324e 100a
    0x0000010: 2d03 0454 ac                           

	at RandoopTest0.test259(RandoopTest0.java:11255)
</error>
  </testcase>
  <testcase classname="RandoopTest0" name="test260" time="0.001">
    <error message="Expecting a stackmap frame at branch target 11
Exception Details:
  Location:
    A.k(J)I @4: ifnonnull
  Reason:
    Expected stackmap frame at this location.
  Bytecode:
    0x0000000: b200 1859 c700 0757 b800 2204 324e 100a
    0x0000010: 2d03 0454 ac                           
" type="java.lang.VerifyError">java.lang.VerifyError: Expecting a stackmap frame at branch target 11
Exception Details:
  Location:
    A.k(J)I @4: ifnonnull
  Reason:
    Expected stackmap frame at this location.
  Bytecode:
    0x0000000: b200 1859 c700 0757 b800 2204 324e 100a
    0x0000010: 2d03 0454 ac                           

	at RandoopTest0.test260(RandoopTest0.java:11300)
</error>
  </testcase>
  <testcase classname="RandoopTest0" name="test261" time="0.0">
    <error message="Expecting a stackmap frame at branch target 11
Exception Details:
  Location:
    A.k(J)I @4: ifnonnull
  Reason:
    Expected stackmap frame at this location.
  Bytecode:
    0x0000000: b200 1859 c700 0757 b800 2204 324e 100a
    0x0000010: 2d03 0454 ac                           
" type="java.lang.VerifyError">java.lang.VerifyError: Expecting a stackmap frame at branch target 11
Exception Details:
  Location:
    A.k(J)I @4: ifnonnull
  Reason:
    Expected stackmap frame at this location.
  Bytecode:
    0x0000000: b200 1859 c700 0757 b800 2204 324e 100a
    0x0000010: 2d03 0454 ac                           

	at RandoopTest0.test261(RandoopTest0.java:11361)
</error>
  </testcase>
  <testcase classname="RandoopTest0" name="test262" time="0.0">
    <error message="Expecting a stackmap frame at branch target 11
Exception Details:
  Location:
    A.k(J)I @4: ifnonnull
  Reason:
    Expected stackmap frame at this location.
  Bytecode:
    0x0000000: b200 1859 c700 0757 b800 2204 324e 100a
    0x0000010: 2d03 0454 ac                           
" type="java.lang.VerifyError">java.lang.VerifyError: Expecting a stackmap frame at branch target 11
Exception Details:
  Location:
    A.k(J)I @4: ifnonnull
  Reason:
    Expected stackmap frame at this location.
  Bytecode:
    0x0000000: b200 1859 c700 0757 b800 2204 324e 100a
    0x0000010: 2d03 0454 ac                           

	at RandoopTest0.test262(RandoopTest0.java:11402)
</error>
  </testcase>
  <testcase classname="RandoopTest0" name="test263" time="0.001">
    <error message="Expecting a stackmap frame at branch target 11
Exception Details:
  Location:
    A.k(J)I @4: ifnonnull
  Reason:
    Expected stackmap frame at this location.
  Bytecode:
    0x0000000: b200 1859 c700 0757 b800 2204 324e 100a
    0x0000010: 2d03 0454 ac                           
" type="java.lang.VerifyError">java.lang.VerifyError: Expecting a stackmap frame at branch target 11
Exception Details:
  Location:
    A.k(J)I @4: ifnonnull
  Reason:
    Expected stackmap frame at this location.
  Bytecode:
    0x0000000: b200 1859 c700 0757 b800 2204 324e 100a
    0x0000010: 2d03 0454 ac                           

	at RandoopTest0.test263(RandoopTest0.java:11483)
</error>
  </testcase>
  <testcase classname="RandoopTest0" name="test264" time="0.0">
    <error message="Expecting a stackmap frame at branch target 11
Exception Details:
  Location:
    A.k(J)I @4: ifnonnull
  Reason:
    Expected stackmap frame at this location.
  Bytecode:
    0x0000000: b200 1859 c700 0757 b800 2204 324e 100a
    0x0000010: 2d03 0454 ac                           
" type="java.lang.VerifyError">java.lang.VerifyError: Expecting a stackmap frame at branch target 11
Exception Details:
  Location:
    A.k(J)I @4: ifnonnull
  Reason:
    Expected stackmap frame at this location.
  Bytecode:
    0x0000000: b200 1859 c700 0757 b800 2204 324e 100a
    0x0000010: 2d03 0454 ac                           

	at RandoopTest0.test264(RandoopTest0.java:11540)
</error>
  </testcase>
  <testcase classname="RandoopTest0" name="test265" time="0.0">
    <error message="Expecting a stackmap frame at branch target 11
Exception Details:
  Location:
    A.k(J)I @4: ifnonnull
  Reason:
    Expected stackmap frame at this location.
  Bytecode:
    0x0000000: b200 1859 c700 0757 b800 2204 324e 100a
    0x0000010: 2d03 0454 ac                           
" type="java.lang.VerifyError">java.lang.VerifyError: Expecting a stackmap frame at branch target 11
Exception Details:
  Location:
    A.k(J)I @4: ifnonnull
  Reason:
    Expected stackmap frame at this location.
  Bytecode:
    0x0000000: b200 1859 c700 0757 b800 2204 324e 100a
    0x0000010: 2d03 0454 ac                           

	at RandoopTest0.test265(RandoopTest0.java:11585)
</error>
  </testcase>
  <testcase classname="RandoopTest0" name="test266" time="0.001">
    <error message="Expecting a stackmap frame at branch target 11
Exception Details:
  Location:
    A.k(J)I @4: ifnonnull
  Reason:
    Expected stackmap frame at this location.
  Bytecode:
    0x0000000: b200 1859 c700 0757 b800 2204 324e 100a
    0x0000010: 2d03 0454 ac                           
" type="java.lang.VerifyError">java.lang.VerifyError: Expecting a stackmap frame at branch target 11
Exception Details:
  Location:
    A.k(J)I @4: ifnonnull
  Reason:
    Expected stackmap frame at this location.
  Bytecode:
    0x0000000: b200 1859 c700 0757 b800 2204 324e 100a
    0x0000010: 2d03 0454 ac                           

	at RandoopTest0.test266(RandoopTest0.java:11634)
</error>
  </testcase>
  <testcase classname="RandoopTest0" name="test267" time="0.0">
    <error message="Expecting a stackmap frame at branch target 11
Exception Details:
  Location:
    A.k(J)I @4: ifnonnull
  Reason:
    Expected stackmap frame at this location.
  Bytecode:
    0x0000000: b200 1859 c700 0757 b800 2204 324e 100a
    0x0000010: 2d03 0454 ac                           
" type="java.lang.VerifyError">java.lang.VerifyError: Expecting a stackmap frame at branch target 11
Exception Details:
  Location:
    A.k(J)I @4: ifnonnull
  Reason:
    Expected stackmap frame at this location.
  Bytecode:
    0x0000000: b200 1859 c700 0757 b800 2204 324e 100a
    0x0000010: 2d03 0454 ac                           

	at RandoopTest0.test267(RandoopTest0.java:11703)
</error>
  </testcase>
  <testcase classname="RandoopTest0" name="test268" time="0.0">
    <error message="Expecting a stackmap frame at branch target 11
Exception Details:
  Location:
    A.k(J)I @4: ifnonnull
  Reason:
    Expected stackmap frame at this location.
  Bytecode:
    0x0000000: b200 1859 c700 0757 b800 2204 324e 100a
    0x0000010: 2d03 0454 ac                           
" type="java.lang.VerifyError">java.lang.VerifyError: Expecting a stackmap frame at branch target 11
Exception Details:
  Location:
    A.k(J)I @4: ifnonnull
  Reason:
    Expected stackmap frame at this location.
  Bytecode:
    0x0000000: b200 1859 c700 0757 b800 2204 324e 100a
    0x0000010: 2d03 0454 ac                           

	at RandoopTest0.test268(RandoopTest0.java:11744)
</error>
  </testcase>
  <testcase classname="RandoopTest0" name="test269" time="0.0">
    <error message="Expecting a stackmap frame at branch target 11
Exception Details:
  Location:
    A.k(J)I @4: ifnonnull
  Reason:
    Expected stackmap frame at this location.
  Bytecode:
    0x0000000: b200 1859 c700 0757 b800 2204 324e 100a
    0x0000010: 2d03 0454 ac                           
" type="java.lang.VerifyError">java.lang.VerifyError: Expecting a stackmap frame at branch target 11
Exception Details:
  Location:
    A.k(J)I @4: ifnonnull
  Reason:
    Expected stackmap frame at this location.
  Bytecode:
    0x0000000: b200 1859 c700 0757 b800 2204 324e 100a
    0x0000010: 2d03 0454 ac                           

	at RandoopTest0.test269(RandoopTest0.java:11769)
</error>
  </testcase>
  <testcase classname="RandoopTest0" name="test270" time="0.0">
    <error message="Expecting a stackmap frame at branch target 11
Exception Details:
  Location:
    A.k(J)I @4: ifnonnull
  Reason:
    Expected stackmap frame at this location.
  Bytecode:
    0x0000000: b200 1859 c700 0757 b800 2204 324e 100a
    0x0000010: 2d03 0454 ac                           
" type="java.lang.VerifyError">java.lang.VerifyError: Expecting a stackmap frame at branch target 11
Exception Details:
  Location:
    A.k(J)I @4: ifnonnull
  Reason:
    Expected stackmap frame at this location.
  Bytecode:
    0x0000000: b200 1859 c700 0757 b800 2204 324e 100a
    0x0000010: 2d03 0454 ac                           

	at RandoopTest0.test270(RandoopTest0.java:11794)
</error>
  </testcase>
  <testcase classname="RandoopTest0" name="test271" time="0.001">
    <error message="Expecting a stackmap frame at branch target 11
Exception Details:
  Location:
    A.k(J)I @4: ifnonnull
  Reason:
    Expected stackmap frame at this location.
  Bytecode:
    0x0000000: b200 1859 c700 0757 b800 2204 324e 100a
    0x0000010: 2d03 0454 ac                           
" type="java.lang.VerifyError">java.lang.VerifyError: Expecting a stackmap frame at branch target 11
Exception Details:
  Location:
    A.k(J)I @4: ifnonnull
  Reason:
    Expected stackmap frame at this location.
  Bytecode:
    0x0000000: b200 1859 c700 0757 b800 2204 324e 100a
    0x0000010: 2d03 0454 ac                           

	at RandoopTest0.test271(RandoopTest0.java:11827)
</error>
  </testcase>
  <testcase classname="RandoopTest0" name="test272" time="0.0">
    <error message="Expecting a stackmap frame at branch target 11
Exception Details:
  Location:
    A.k(J)I @4: ifnonnull
  Reason:
    Expected stackmap frame at this location.
  Bytecode:
    0x0000000: b200 1859 c700 0757 b800 2204 324e 100a
    0x0000010: 2d03 0454 ac                           
" type="java.lang.VerifyError">java.lang.VerifyError: Expecting a stackmap frame at branch target 11
Exception Details:
  Location:
    A.k(J)I @4: ifnonnull
  Reason:
    Expected stackmap frame at this location.
  Bytecode:
    0x0000000: b200 1859 c700 0757 b800 2204 324e 100a
    0x0000010: 2d03 0454 ac                           

	at RandoopTest0.test272(RandoopTest0.java:11876)
</error>
  </testcase>
  <testcase classname="RandoopTest0" name="test273" time="0.0">
    <error message="Expecting a stackmap frame at branch target 11
Exception Details:
  Location:
    A.k(J)I @4: ifnonnull
  Reason:
    Expected stackmap frame at this location.
  Bytecode:
    0x0000000: b200 1859 c700 0757 b800 2204 324e 100a
    0x0000010: 2d03 0454 ac                           
" type="java.lang.VerifyError">java.lang.VerifyError: Expecting a stackmap frame at branch target 11
Exception Details:
  Location:
    A.k(J)I @4: ifnonnull
  Reason:
    Expected stackmap frame at this location.
  Bytecode:
    0x0000000: b200 1859 c700 0757 b800 2204 324e 100a
    0x0000010: 2d03 0454 ac                           

	at RandoopTest0.test273(RandoopTest0.java:11917)
</error>
  </testcase>
  <testcase classname="RandoopTest0" name="test274" time="0.001">
    <error message="Expecting a stackmap frame at branch target 11
Exception Details:
  Location:
    A.k(J)I @4: ifnonnull
  Reason:
    Expected stackmap frame at this location.
  Bytecode:
    0x0000000: b200 1859 c700 0757 b800 2204 324e 100a
    0x0000010: 2d03 0454 ac                           
" type="java.lang.VerifyError">java.lang.VerifyError: Expecting a stackmap frame at branch target 11
Exception Details:
  Location:
    A.k(J)I @4: ifnonnull
  Reason:
    Expected stackmap frame at this location.
  Bytecode:
    0x0000000: b200 1859 c700 0757 b800 2204 324e 100a
    0x0000010: 2d03 0454 ac                           

	at RandoopTest0.test274(RandoopTest0.java:11978)
</error>
  </testcase>
  <testcase classname="RandoopTest0" name="test275" time="0.0">
    <error message="Expecting a stackmap frame at branch target 11
Exception Details:
  Location:
    A.k(J)I @4: ifnonnull
  Reason:
    Expected stackmap frame at this location.
  Bytecode:
    0x0000000: b200 1859 c700 0757 b800 2204 324e 100a
    0x0000010: 2d03 0454 ac                           
" type="java.lang.VerifyError">java.lang.VerifyError: Expecting a stackmap frame at branch target 11
Exception Details:
  Location:
    A.k(J)I @4: ifnonnull
  Reason:
    Expected stackmap frame at this location.
  Bytecode:
    0x0000000: b200 1859 c700 0757 b800 2204 324e 100a
    0x0000010: 2d03 0454 ac                           

	at RandoopTest0.test275(RandoopTest0.java:12027)
</error>
  </testcase>
  <testcase classname="RandoopTest0" name="test276" time="0.0">
    <error message="Expecting a stackmap frame at branch target 11
Exception Details:
  Location:
    A.k(J)I @4: ifnonnull
  Reason:
    Expected stackmap frame at this location.
  Bytecode:
    0x0000000: b200 1859 c700 0757 b800 2204 324e 100a
    0x0000010: 2d03 0454 ac                           
" type="java.lang.VerifyError">java.lang.VerifyError: Expecting a stackmap frame at branch target 11
Exception Details:
  Location:
    A.k(J)I @4: ifnonnull
  Reason:
    Expected stackmap frame at this location.
  Bytecode:
    0x0000000: b200 1859 c700 0757 b800 2204 324e 100a
    0x0000010: 2d03 0454 ac                           

	at RandoopTest0.test276(RandoopTest0.java:12084)
</error>
  </testcase>
  <testcase classname="RandoopTest0" name="test277" time="0.0">
    <error message="Expecting a stackmap frame at branch target 11
Exception Details:
  Location:
    A.k(J)I @4: ifnonnull
  Reason:
    Expected stackmap frame at this location.
  Bytecode:
    0x0000000: b200 1859 c700 0757 b800 2204 324e 100a
    0x0000010: 2d03 0454 ac                           
" type="java.lang.VerifyError">java.lang.VerifyError: Expecting a stackmap frame at branch target 11
Exception Details:
  Location:
    A.k(J)I @4: ifnonnull
  Reason:
    Expected stackmap frame at this location.
  Bytecode:
    0x0000000: b200 1859 c700 0757 b800 2204 324e 100a
    0x0000010: 2d03 0454 ac                           

	at RandoopTest0.test277(RandoopTest0.java:12141)
</error>
  </testcase>
  <testcase classname="RandoopTest0" name="test278" time="0.0">
    <error message="Expecting a stackmap frame at branch target 11
Exception Details:
  Location:
    A.k(J)I @4: ifnonnull
  Reason:
    Expected stackmap frame at this location.
  Bytecode:
    0x0000000: b200 1859 c700 0757 b800 2204 324e 100a
    0x0000010: 2d03 0454 ac                           
" type="java.lang.VerifyError">java.lang.VerifyError: Expecting a stackmap frame at branch target 11
Exception Details:
  Location:
    A.k(J)I @4: ifnonnull
  Reason:
    Expected stackmap frame at this location.
  Bytecode:
    0x0000000: b200 1859 c700 0757 b800 2204 324e 100a
    0x0000010: 2d03 0454 ac                           

	at RandoopTest0.test278(RandoopTest0.java:12170)
</error>
  </testcase>
  <testcase classname="RandoopTest0" name="test279" time="0.0">
    <error message="Expecting a stackmap frame at branch target 11
Exception Details:
  Location:
    A.k(J)I @4: ifnonnull
  Reason:
    Expected stackmap frame at this location.
  Bytecode:
    0x0000000: b200 1859 c700 0757 b800 2204 324e 100a
    0x0000010: 2d03 0454 ac                           
" type="java.lang.VerifyError">java.lang.VerifyError: Expecting a stackmap frame at branch target 11
Exception Details:
  Location:
    A.k(J)I @4: ifnonnull
  Reason:
    Expected stackmap frame at this location.
  Bytecode:
    0x0000000: b200 1859 c700 0757 b800 2204 324e 100a
    0x0000010: 2d03 0454 ac                           

	at RandoopTest0.test279(RandoopTest0.java:12223)
</error>
  </testcase>
  <testcase classname="RandoopTest0" name="test280" time="0.0">
    <error message="Expecting a stackmap frame at branch target 11
Exception Details:
  Location:
    A.k(J)I @4: ifnonnull
  Reason:
    Expected stackmap frame at this location.
  Bytecode:
    0x0000000: b200 1859 c700 0757 b800 2204 324e 100a
    0x0000010: 2d03 0454 ac                           
" type="java.lang.VerifyError">java.lang.VerifyError: Expecting a stackmap frame at branch target 11
Exception Details:
  Location:
    A.k(J)I @4: ifnonnull
  Reason:
    Expected stackmap frame at this location.
  Bytecode:
    0x0000000: b200 1859 c700 0757 b800 2204 324e 100a
    0x0000010: 2d03 0454 ac                           

	at RandoopTest0.test280(RandoopTest0.java:12284)
</error>
  </testcase>
  <testcase classname="RandoopTest0" name="test281" time="0.0">
    <error message="Expecting a stackmap frame at branch target 11
Exception Details:
  Location:
    A.k(J)I @4: ifnonnull
  Reason:
    Expected stackmap frame at this location.
  Bytecode:
    0x0000000: b200 1859 c700 0757 b800 2204 324e 100a
    0x0000010: 2d03 0454 ac                           
" type="java.lang.VerifyError">java.lang.VerifyError: Expecting a stackmap frame at branch target 11
Exception Details:
  Location:
    A.k(J)I @4: ifnonnull
  Reason:
    Expected stackmap frame at this location.
  Bytecode:
    0x0000000: b200 1859 c700 0757 b800 2204 324e 100a
    0x0000010: 2d03 0454 ac                           

	at RandoopTest0.test281(RandoopTest0.java:12341)
</error>
  </testcase>
  <testcase classname="RandoopTest0" name="test282" time="0.001">
    <error message="Expecting a stackmap frame at branch target 11
Exception Details:
  Location:
    A.k(J)I @4: ifnonnull
  Reason:
    Expected stackmap frame at this location.
  Bytecode:
    0x0000000: b200 1859 c700 0757 b800 2204 324e 100a
    0x0000010: 2d03 0454 ac                           
" type="java.lang.VerifyError">java.lang.VerifyError: Expecting a stackmap frame at branch target 11
Exception Details:
  Location:
    A.k(J)I @4: ifnonnull
  Reason:
    Expected stackmap frame at this location.
  Bytecode:
    0x0000000: b200 1859 c700 0757 b800 2204 324e 100a
    0x0000010: 2d03 0454 ac                           

	at RandoopTest0.test282(RandoopTest0.java:12378)
</error>
  </testcase>
  <testcase classname="RandoopTest0" name="test283" time="0.0">
    <error message="Expecting a stackmap frame at branch target 11
Exception Details:
  Location:
    A.k(J)I @4: ifnonnull
  Reason:
    Expected stackmap frame at this location.
  Bytecode:
    0x0000000: b200 1859 c700 0757 b800 2204 324e 100a
    0x0000010: 2d03 0454 ac                           
" type="java.lang.VerifyError">java.lang.VerifyError: Expecting a stackmap frame at branch target 11
Exception Details:
  Location:
    A.k(J)I @4: ifnonnull
  Reason:
    Expected stackmap frame at this location.
  Bytecode:
    0x0000000: b200 1859 c700 0757 b800 2204 324e 100a
    0x0000010: 2d03 0454 ac                           

	at RandoopTest0.test283(RandoopTest0.java:12407)
</error>
  </testcase>
  <testcase classname="RandoopTest0" name="test284" time="0.0">
    <error message="Expecting a stackmap frame at branch target 11
Exception Details:
  Location:
    A.k(J)I @4: ifnonnull
  Reason:
    Expected stackmap frame at this location.
  Bytecode:
    0x0000000: b200 1859 c700 0757 b800 2204 324e 100a
    0x0000010: 2d03 0454 ac                           
" type="java.lang.VerifyError">java.lang.VerifyError: Expecting a stackmap frame at branch target 11
Exception Details:
  Location:
    A.k(J)I @4: ifnonnull
  Reason:
    Expected stackmap frame at this location.
  Bytecode:
    0x0000000: b200 1859 c700 0757 b800 2204 324e 100a
    0x0000010: 2d03 0454 ac                           

	at RandoopTest0.test284(RandoopTest0.java:12448)
</error>
  </testcase>
  <testcase classname="RandoopTest0" name="test285" time="0.001">
    <error message="Expecting a stackmap frame at branch target 11
Exception Details:
  Location:
    A.k(J)I @4: ifnonnull
  Reason:
    Expected stackmap frame at this location.
  Bytecode:
    0x0000000: b200 1859 c700 0757 b800 2204 324e 100a
    0x0000010: 2d03 0454 ac                           
" type="java.lang.VerifyError">java.lang.VerifyError: Expecting a stackmap frame at branch target 11
Exception Details:
  Location:
    A.k(J)I @4: ifnonnull
  Reason:
    Expected stackmap frame at this location.
  Bytecode:
    0x0000000: b200 1859 c700 0757 b800 2204 324e 100a
    0x0000010: 2d03 0454 ac                           

	at RandoopTest0.test285(RandoopTest0.java:12501)
</error>
  </testcase>
  <testcase classname="RandoopTest0" name="test286" time="0.0">
    <error message="Expecting a stackmap frame at branch target 11
Exception Details:
  Location:
    A.k(J)I @4: ifnonnull
  Reason:
    Expected stackmap frame at this location.
  Bytecode:
    0x0000000: b200 1859 c700 0757 b800 2204 324e 100a
    0x0000010: 2d03 0454 ac                           
" type="java.lang.VerifyError">java.lang.VerifyError: Expecting a stackmap frame at branch target 11
Exception Details:
  Location:
    A.k(J)I @4: ifnonnull
  Reason:
    Expected stackmap frame at this location.
  Bytecode:
    0x0000000: b200 1859 c700 0757 b800 2204 324e 100a
    0x0000010: 2d03 0454 ac                           

	at RandoopTest0.test286(RandoopTest0.java:12562)
</error>
  </testcase>
  <testcase classname="RandoopTest0" name="test287" time="0.001">
    <error message="Expecting a stackmap frame at branch target 11
Exception Details:
  Location:
    A.k(J)I @4: ifnonnull
  Reason:
    Expected stackmap frame at this location.
  Bytecode:
    0x0000000: b200 1859 c700 0757 b800 2204 324e 100a
    0x0000010: 2d03 0454 ac                           
" type="java.lang.VerifyError">java.lang.VerifyError: Expecting a stackmap frame at branch target 11
Exception Details:
  Location:
    A.k(J)I @4: ifnonnull
  Reason:
    Expected stackmap frame at this location.
  Bytecode:
    0x0000000: b200 1859 c700 0757 b800 2204 324e 100a
    0x0000010: 2d03 0454 ac                           

	at RandoopTest0.test287(RandoopTest0.java:12603)
</error>
  </testcase>
  <testcase classname="RandoopTest0" name="test288" time="0.0">
    <error message="Expecting a stackmap frame at branch target 11
Exception Details:
  Location:
    A.k(J)I @4: ifnonnull
  Reason:
    Expected stackmap frame at this location.
  Bytecode:
    0x0000000: b200 1859 c700 0757 b800 2204 324e 100a
    0x0000010: 2d03 0454 ac                           
" type="java.lang.VerifyError">java.lang.VerifyError: Expecting a stackmap frame at branch target 11
Exception Details:
  Location:
    A.k(J)I @4: ifnonnull
  Reason:
    Expected stackmap frame at this location.
  Bytecode:
    0x0000000: b200 1859 c700 0757 b800 2204 324e 100a
    0x0000010: 2d03 0454 ac                           

	at RandoopTest0.test288(RandoopTest0.java:12644)
</error>
  </testcase>
  <testcase classname="RandoopTest0" name="test289" time="0.001">
    <error message="Expecting a stackmap frame at branch target 11
Exception Details:
  Location:
    A.k(J)I @4: ifnonnull
  Reason:
    Expected stackmap frame at this location.
  Bytecode:
    0x0000000: b200 1859 c700 0757 b800 2204 324e 100a
    0x0000010: 2d03 0454 ac                           
" type="java.lang.VerifyError">java.lang.VerifyError: Expecting a stackmap frame at branch target 11
Exception Details:
  Location:
    A.k(J)I @4: ifnonnull
  Reason:
    Expected stackmap frame at this location.
  Bytecode:
    0x0000000: b200 1859 c700 0757 b800 2204 324e 100a
    0x0000010: 2d03 0454 ac                           

	at RandoopTest0.test289(RandoopTest0.java:12709)
</error>
  </testcase>
  <testcase classname="RandoopTest0" name="test290" time="0.0">
    <error message="Expecting a stackmap frame at branch target 11
Exception Details:
  Location:
    A.k(J)I @4: ifnonnull
  Reason:
    Expected stackmap frame at this location.
  Bytecode:
    0x0000000: b200 1859 c700 0757 b800 2204 324e 100a
    0x0000010: 2d03 0454 ac                           
" type="java.lang.VerifyError">java.lang.VerifyError: Expecting a stackmap frame at branch target 11
Exception Details:
  Location:
    A.k(J)I @4: ifnonnull
  Reason:
    Expected stackmap frame at this location.
  Bytecode:
    0x0000000: b200 1859 c700 0757 b800 2204 324e 100a
    0x0000010: 2d03 0454 ac                           

	at RandoopTest0.test290(RandoopTest0.java:12770)
</error>
  </testcase>
  <testcase classname="RandoopTest0" name="test291" time="0.001">
    <error message="Expecting a stackmap frame at branch target 11
Exception Details:
  Location:
    A.k(J)I @4: ifnonnull
  Reason:
    Expected stackmap frame at this location.
  Bytecode:
    0x0000000: b200 1859 c700 0757 b800 2204 324e 100a
    0x0000010: 2d03 0454 ac                           
" type="java.lang.VerifyError">java.lang.VerifyError: Expecting a stackmap frame at branch target 11
Exception Details:
  Location:
    A.k(J)I @4: ifnonnull
  Reason:
    Expected stackmap frame at this location.
  Bytecode:
    0x0000000: b200 1859 c700 0757 b800 2204 324e 100a
    0x0000010: 2d03 0454 ac                           

	at RandoopTest0.test291(RandoopTest0.java:12803)
</error>
  </testcase>
  <testcase classname="RandoopTest0" name="test292" time="0.0">
    <error message="Expecting a stackmap frame at branch target 11
Exception Details:
  Location:
    A.k(J)I @4: ifnonnull
  Reason:
    Expected stackmap frame at this location.
  Bytecode:
    0x0000000: b200 1859 c700 0757 b800 2204 324e 100a
    0x0000010: 2d03 0454 ac                           
" type="java.lang.VerifyError">java.lang.VerifyError: Expecting a stackmap frame at branch target 11
Exception Details:
  Location:
    A.k(J)I @4: ifnonnull
  Reason:
    Expected stackmap frame at this location.
  Bytecode:
    0x0000000: b200 1859 c700 0757 b800 2204 324e 100a
    0x0000010: 2d03 0454 ac                           

	at RandoopTest0.test292(RandoopTest0.java:12824)
</error>
  </testcase>
  <testcase classname="RandoopTest0" name="test293" time="0.0">
    <error message="Expecting a stackmap frame at branch target 11
Exception Details:
  Location:
    A.k(J)I @4: ifnonnull
  Reason:
    Expected stackmap frame at this location.
  Bytecode:
    0x0000000: b200 1859 c700 0757 b800 2204 324e 100a
    0x0000010: 2d03 0454 ac                           
" type="java.lang.VerifyError">java.lang.VerifyError: Expecting a stackmap frame at branch target 11
Exception Details:
  Location:
    A.k(J)I @4: ifnonnull
  Reason:
    Expected stackmap frame at this location.
  Bytecode:
    0x0000000: b200 1859 c700 0757 b800 2204 324e 100a
    0x0000010: 2d03 0454 ac                           

	at RandoopTest0.test293(RandoopTest0.java:12901)
</error>
  </testcase>
  <testcase classname="RandoopTest0" name="test294" time="0.0">
    <error message="Expecting a stackmap frame at branch target 11
Exception Details:
  Location:
    A.k(J)I @4: ifnonnull
  Reason:
    Expected stackmap frame at this location.
  Bytecode:
    0x0000000: b200 1859 c700 0757 b800 2204 324e 100a
    0x0000010: 2d03 0454 ac                           
" type="java.lang.VerifyError">java.lang.VerifyError: Expecting a stackmap frame at branch target 11
Exception Details:
  Location:
    A.k(J)I @4: ifnonnull
  Reason:
    Expected stackmap frame at this location.
  Bytecode:
    0x0000000: b200 1859 c700 0757 b800 2204 324e 100a
    0x0000010: 2d03 0454 ac                           

	at RandoopTest0.test294(RandoopTest0.java:12946)
</error>
  </testcase>
  <testcase classname="RandoopTest0" name="test295" time="0.0">
    <error message="Expecting a stackmap frame at branch target 11
Exception Details:
  Location:
    A.k(J)I @4: ifnonnull
  Reason:
    Expected stackmap frame at this location.
  Bytecode:
    0x0000000: b200 1859 c700 0757 b800 2204 324e 100a
    0x0000010: 2d03 0454 ac                           
" type="java.lang.VerifyError">java.lang.VerifyError: Expecting a stackmap frame at branch target 11
Exception Details:
  Location:
    A.k(J)I @4: ifnonnull
  Reason:
    Expected stackmap frame at this location.
  Bytecode:
    0x0000000: b200 1859 c700 0757 b800 2204 324e 100a
    0x0000010: 2d03 0454 ac                           

	at RandoopTest0.test295(RandoopTest0.java:12983)
</error>
  </testcase>
  <testcase classname="RandoopTest0" name="test296" time="0.001">
    <error message="Expecting a stackmap frame at branch target 11
Exception Details:
  Location:
    A.k(J)I @4: ifnonnull
  Reason:
    Expected stackmap frame at this location.
  Bytecode:
    0x0000000: b200 1859 c700 0757 b800 2204 324e 100a
    0x0000010: 2d03 0454 ac                           
" type="java.lang.VerifyError">java.lang.VerifyError: Expecting a stackmap frame at branch target 11
Exception Details:
  Location:
    A.k(J)I @4: ifnonnull
  Reason:
    Expected stackmap frame at this location.
  Bytecode:
    0x0000000: b200 1859 c700 0757 b800 2204 324e 100a
    0x0000010: 2d03 0454 ac                           

	at RandoopTest0.test296(RandoopTest0.java:13060)
</error>
  </testcase>
  <testcase classname="RandoopTest0" name="test297" time="0.0">
    <error message="Expecting a stackmap frame at branch target 11
Exception Details:
  Location:
    A.k(J)I @4: ifnonnull
  Reason:
    Expected stackmap frame at this location.
  Bytecode:
    0x0000000: b200 1859 c700 0757 b800 2204 324e 100a
    0x0000010: 2d03 0454 ac                           
" type="java.lang.VerifyError">java.lang.VerifyError: Expecting a stackmap frame at branch target 11
Exception Details:
  Location:
    A.k(J)I @4: ifnonnull
  Reason:
    Expected stackmap frame at this location.
  Bytecode:
    0x0000000: b200 1859 c700 0757 b800 2204 324e 100a
    0x0000010: 2d03 0454 ac                           

	at RandoopTest0.test297(RandoopTest0.java:13085)
</error>
  </testcase>
  <testcase classname="RandoopTest0" name="test298" time="0.0">
    <error message="Expecting a stackmap frame at branch target 11
Exception Details:
  Location:
    A.k(J)I @4: ifnonnull
  Reason:
    Expected stackmap frame at this location.
  Bytecode:
    0x0000000: b200 1859 c700 0757 b800 2204 324e 100a
    0x0000010: 2d03 0454 ac                           
" type="java.lang.VerifyError">java.lang.VerifyError: Expecting a stackmap frame at branch target 11
Exception Details:
  Location:
    A.k(J)I @4: ifnonnull
  Reason:
    Expected stackmap frame at this location.
  Bytecode:
    0x0000000: b200 1859 c700 0757 b800 2204 324e 100a
    0x0000010: 2d03 0454 ac                           

	at RandoopTest0.test298(RandoopTest0.java:13118)
</error>
  </testcase>
  <testcase classname="RandoopTest0" name="test299" time="0.001">
    <error message="Expecting a stackmap frame at branch target 11
Exception Details:
  Location:
    A.k(J)I @4: ifnonnull
  Reason:
    Expected stackmap frame at this location.
  Bytecode:
    0x0000000: b200 1859 c700 0757 b800 2204 324e 100a
    0x0000010: 2d03 0454 ac                           
" type="java.lang.VerifyError">java.lang.VerifyError: Expecting a stackmap frame at branch target 11
Exception Details:
  Location:
    A.k(J)I @4: ifnonnull
  Reason:
    Expected stackmap frame at this location.
  Bytecode:
    0x0000000: b200 1859 c700 0757 b800 2204 324e 100a
    0x0000010: 2d03 0454 ac                           

	at RandoopTest0.test299(RandoopTest0.java:13143)
</error>
  </testcase>
  <testcase classname="RandoopTest0" name="test300" time="0.0">
    <error message="Expecting a stackmap frame at branch target 11
Exception Details:
  Location:
    A.k(J)I @4: ifnonnull
  Reason:
    Expected stackmap frame at this location.
  Bytecode:
    0x0000000: b200 1859 c700 0757 b800 2204 324e 100a
    0x0000010: 2d03 0454 ac                           
" type="java.lang.VerifyError">java.lang.VerifyError: Expecting a stackmap frame at branch target 11
Exception Details:
  Location:
    A.k(J)I @4: ifnonnull
  Reason:
    Expected stackmap frame at this location.
  Bytecode:
    0x0000000: b200 1859 c700 0757 b800 2204 324e 100a
    0x0000010: 2d03 0454 ac                           

	at RandoopTest0.test300(RandoopTest0.java:13176)
</error>
  </testcase>
  <testcase classname="RandoopTest0" name="test301" time="0.0">
    <error message="Expecting a stackmap frame at branch target 11
Exception Details:
  Location:
    A.k(J)I @4: ifnonnull
  Reason:
    Expected stackmap frame at this location.
  Bytecode:
    0x0000000: b200 1859 c700 0757 b800 2204 324e 100a
    0x0000010: 2d03 0454 ac                           
" type="java.lang.VerifyError">java.lang.VerifyError: Expecting a stackmap frame at branch target 11
Exception Details:
  Location:
    A.k(J)I @4: ifnonnull
  Reason:
    Expected stackmap frame at this location.
  Bytecode:
    0x0000000: b200 1859 c700 0757 b800 2204 324e 100a
    0x0000010: 2d03 0454 ac                           

	at RandoopTest0.test301(RandoopTest0.java:13249)
</error>
  </testcase>
  <testcase classname="RandoopTest0" name="test302" time="0.0">
    <error message="Expecting a stackmap frame at branch target 11
Exception Details:
  Location:
    A.k(J)I @4: ifnonnull
  Reason:
    Expected stackmap frame at this location.
  Bytecode:
    0x0000000: b200 1859 c700 0757 b800 2204 324e 100a
    0x0000010: 2d03 0454 ac                           
" type="java.lang.VerifyError">java.lang.VerifyError: Expecting a stackmap frame at branch target 11
Exception Details:
  Location:
    A.k(J)I @4: ifnonnull
  Reason:
    Expected stackmap frame at this location.
  Bytecode:
    0x0000000: b200 1859 c700 0757 b800 2204 324e 100a
    0x0000010: 2d03 0454 ac                           

	at RandoopTest0.test302(RandoopTest0.java:13306)
</error>
  </testcase>
  <testcase classname="RandoopTest0" name="test303" time="0.001">
    <error message="Expecting a stackmap frame at branch target 11
Exception Details:
  Location:
    A.k(J)I @4: ifnonnull
  Reason:
    Expected stackmap frame at this location.
  Bytecode:
    0x0000000: b200 1859 c700 0757 b800 2204 324e 100a
    0x0000010: 2d03 0454 ac                           
" type="java.lang.VerifyError">java.lang.VerifyError: Expecting a stackmap frame at branch target 11
Exception Details:
  Location:
    A.k(J)I @4: ifnonnull
  Reason:
    Expected stackmap frame at this location.
  Bytecode:
    0x0000000: b200 1859 c700 0757 b800 2204 324e 100a
    0x0000010: 2d03 0454 ac                           

	at RandoopTest0.test303(RandoopTest0.java:13363)
</error>
  </testcase>
  <testcase classname="RandoopTest0" name="test304" time="0.0">
    <error message="Expecting a stackmap frame at branch target 11
Exception Details:
  Location:
    A.k(J)I @4: ifnonnull
  Reason:
    Expected stackmap frame at this location.
  Bytecode:
    0x0000000: b200 1859 c700 0757 b800 2204 324e 100a
    0x0000010: 2d03 0454 ac                           
" type="java.lang.VerifyError">java.lang.VerifyError: Expecting a stackmap frame at branch target 11
Exception Details:
  Location:
    A.k(J)I @4: ifnonnull
  Reason:
    Expected stackmap frame at this location.
  Bytecode:
    0x0000000: b200 1859 c700 0757 b800 2204 324e 100a
    0x0000010: 2d03 0454 ac                           

	at RandoopTest0.test304(RandoopTest0.java:13424)
</error>
  </testcase>
  <testcase classname="RandoopTest0" name="test305" time="0.0">
    <error message="Expecting a stackmap frame at branch target 11
Exception Details:
  Location:
    A.k(J)I @4: ifnonnull
  Reason:
    Expected stackmap frame at this location.
  Bytecode:
    0x0000000: b200 1859 c700 0757 b800 2204 324e 100a
    0x0000010: 2d03 0454 ac                           
" type="java.lang.VerifyError">java.lang.VerifyError: Expecting a stackmap frame at branch target 11
Exception Details:
  Location:
    A.k(J)I @4: ifnonnull
  Reason:
    Expected stackmap frame at this location.
  Bytecode:
    0x0000000: b200 1859 c700 0757 b800 2204 324e 100a
    0x0000010: 2d03 0454 ac                           

	at RandoopTest0.test305(RandoopTest0.java:13497)
</error>
  </testcase>
  <testcase classname="RandoopTest0" name="test306" time="0.001">
    <error message="Expecting a stackmap frame at branch target 11
Exception Details:
  Location:
    A.k(J)I @4: ifnonnull
  Reason:
    Expected stackmap frame at this location.
  Bytecode:
    0x0000000: b200 1859 c700 0757 b800 2204 324e 100a
    0x0000010: 2d03 0454 ac                           
" type="java.lang.VerifyError">java.lang.VerifyError: Expecting a stackmap frame at branch target 11
Exception Details:
  Location:
    A.k(J)I @4: ifnonnull
  Reason:
    Expected stackmap frame at this location.
  Bytecode:
    0x0000000: b200 1859 c700 0757 b800 2204 324e 100a
    0x0000010: 2d03 0454 ac                           

	at RandoopTest0.test306(RandoopTest0.java:13550)
</error>
  </testcase>
  <testcase classname="RandoopTest0" name="test307" time="0.0">
    <error message="Expecting a stackmap frame at branch target 11
Exception Details:
  Location:
    A.k(J)I @4: ifnonnull
  Reason:
    Expected stackmap frame at this location.
  Bytecode:
    0x0000000: b200 1859 c700 0757 b800 2204 324e 100a
    0x0000010: 2d03 0454 ac                           
" type="java.lang.VerifyError">java.lang.VerifyError: Expecting a stackmap frame at branch target 11
Exception Details:
  Location:
    A.k(J)I @4: ifnonnull
  Reason:
    Expected stackmap frame at this location.
  Bytecode:
    0x0000000: b200 1859 c700 0757 b800 2204 324e 100a
    0x0000010: 2d03 0454 ac                           

	at RandoopTest0.test307(RandoopTest0.java:13579)
</error>
  </testcase>
  <testcase classname="RandoopTest0" name="test308" time="0.0">
    <error message="Expecting a stackmap frame at branch target 11
Exception Details:
  Location:
    A.k(J)I @4: ifnonnull
  Reason:
    Expected stackmap frame at this location.
  Bytecode:
    0x0000000: b200 1859 c700 0757 b800 2204 324e 100a
    0x0000010: 2d03 0454 ac                           
" type="java.lang.VerifyError">java.lang.VerifyError: Expecting a stackmap frame at branch target 11
Exception Details:
  Location:
    A.k(J)I @4: ifnonnull
  Reason:
    Expected stackmap frame at this location.
  Bytecode:
    0x0000000: b200 1859 c700 0757 b800 2204 324e 100a
    0x0000010: 2d03 0454 ac                           

	at RandoopTest0.test308(RandoopTest0.java:13668)
</error>
  </testcase>
  <testcase classname="RandoopTest0" name="test309" time="0.0">
    <error message="Expecting a stackmap frame at branch target 11
Exception Details:
  Location:
    A.k(J)I @4: ifnonnull
  Reason:
    Expected stackmap frame at this location.
  Bytecode:
    0x0000000: b200 1859 c700 0757 b800 2204 324e 100a
    0x0000010: 2d03 0454 ac                           
" type="java.lang.VerifyError">java.lang.VerifyError: Expecting a stackmap frame at branch target 11
Exception Details:
  Location:
    A.k(J)I @4: ifnonnull
  Reason:
    Expected stackmap frame at this location.
  Bytecode:
    0x0000000: b200 1859 c700 0757 b800 2204 324e 100a
    0x0000010: 2d03 0454 ac                           

	at RandoopTest0.test309(RandoopTest0.java:13733)
</error>
  </testcase>
  <testcase classname="RandoopTest0" name="test310" time="0.001">
    <error message="Expecting a stackmap frame at branch target 11
Exception Details:
  Location:
    A.k(J)I @4: ifnonnull
  Reason:
    Expected stackmap frame at this location.
  Bytecode:
    0x0000000: b200 1859 c700 0757 b800 2204 324e 100a
    0x0000010: 2d03 0454 ac                           
" type="java.lang.VerifyError">java.lang.VerifyError: Expecting a stackmap frame at branch target 11
Exception Details:
  Location:
    A.k(J)I @4: ifnonnull
  Reason:
    Expected stackmap frame at this location.
  Bytecode:
    0x0000000: b200 1859 c700 0757 b800 2204 324e 100a
    0x0000010: 2d03 0454 ac                           

	at RandoopTest0.test310(RandoopTest0.java:13774)
</error>
  </testcase>
  <testcase classname="RandoopTest0" name="test311" time="0.0">
    <error message="Expecting a stackmap frame at branch target 11
Exception Details:
  Location:
    A.k(J)I @4: ifnonnull
  Reason:
    Expected stackmap frame at this location.
  Bytecode:
    0x0000000: b200 1859 c700 0757 b800 2204 324e 100a
    0x0000010: 2d03 0454 ac                           
" type="java.lang.VerifyError">java.lang.VerifyError: Expecting a stackmap frame at branch target 11
Exception Details:
  Location:
    A.k(J)I @4: ifnonnull
  Reason:
    Expected stackmap frame at this location.
  Bytecode:
    0x0000000: b200 1859 c700 0757 b800 2204 324e 100a
    0x0000010: 2d03 0454 ac                           

	at RandoopTest0.test311(RandoopTest0.java:13815)
</error>
  </testcase>
  <testcase classname="RandoopTest0" name="test312" time="0.001">
    <error message="Expecting a stackmap frame at branch target 11
Exception Details:
  Location:
    A.k(J)I @4: ifnonnull
  Reason:
    Expected stackmap frame at this location.
  Bytecode:
    0x0000000: b200 1859 c700 0757 b800 2204 324e 100a
    0x0000010: 2d03 0454 ac                           
" type="java.lang.VerifyError">java.lang.VerifyError: Expecting a stackmap frame at branch target 11
Exception Details:
  Location:
    A.k(J)I @4: ifnonnull
  Reason:
    Expected stackmap frame at this location.
  Bytecode:
    0x0000000: b200 1859 c700 0757 b800 2204 324e 100a
    0x0000010: 2d03 0454 ac                           

	at RandoopTest0.test312(RandoopTest0.java:13856)
</error>
  </testcase>
  <testcase classname="RandoopTest0" name="test313" time="0.0">
    <error message="Expecting a stackmap frame at branch target 11
Exception Details:
  Location:
    A.k(J)I @4: ifnonnull
  Reason:
    Expected stackmap frame at this location.
  Bytecode:
    0x0000000: b200 1859 c700 0757 b800 2204 324e 100a
    0x0000010: 2d03 0454 ac                           
" type="java.lang.VerifyError">java.lang.VerifyError: Expecting a stackmap frame at branch target 11
Exception Details:
  Location:
    A.k(J)I @4: ifnonnull
  Reason:
    Expected stackmap frame at this location.
  Bytecode:
    0x0000000: b200 1859 c700 0757 b800 2204 324e 100a
    0x0000010: 2d03 0454 ac                           

	at RandoopTest0.test313(RandoopTest0.java:13893)
</error>
  </testcase>
  <testcase classname="RandoopTest0" name="test314" time="0.0">
    <error message="Expecting a stackmap frame at branch target 11
Exception Details:
  Location:
    A.k(J)I @4: ifnonnull
  Reason:
    Expected stackmap frame at this location.
  Bytecode:
    0x0000000: b200 1859 c700 0757 b800 2204 324e 100a
    0x0000010: 2d03 0454 ac                           
" type="java.lang.VerifyError">java.lang.VerifyError: Expecting a stackmap frame at branch target 11
Exception Details:
  Location:
    A.k(J)I @4: ifnonnull
  Reason:
    Expected stackmap frame at this location.
  Bytecode:
    0x0000000: b200 1859 c700 0757 b800 2204 324e 100a
    0x0000010: 2d03 0454 ac                           

	at RandoopTest0.test314(RandoopTest0.java:13950)
</error>
  </testcase>
  <testcase classname="RandoopTest0" name="test315" time="0.0">
    <error message="Expecting a stackmap frame at branch target 11
Exception Details:
  Location:
    A.k(J)I @4: ifnonnull
  Reason:
    Expected stackmap frame at this location.
  Bytecode:
    0x0000000: b200 1859 c700 0757 b800 2204 324e 100a
    0x0000010: 2d03 0454 ac                           
" type="java.lang.VerifyError">java.lang.VerifyError: Expecting a stackmap frame at branch target 11
Exception Details:
  Location:
    A.k(J)I @4: ifnonnull
  Reason:
    Expected stackmap frame at this location.
  Bytecode:
    0x0000000: b200 1859 c700 0757 b800 2204 324e 100a
    0x0000010: 2d03 0454 ac                           

	at RandoopTest0.test315(RandoopTest0.java:13979)
</error>
  </testcase>
  <testcase classname="RandoopTest0" name="test316" time="0.001">
    <error message="Expecting a stackmap frame at branch target 11
Exception Details:
  Location:
    A.k(J)I @4: ifnonnull
  Reason:
    Expected stackmap frame at this location.
  Bytecode:
    0x0000000: b200 1859 c700 0757 b800 2204 324e 100a
    0x0000010: 2d03 0454 ac                           
" type="java.lang.VerifyError">java.lang.VerifyError: Expecting a stackmap frame at branch target 11
Exception Details:
  Location:
    A.k(J)I @4: ifnonnull
  Reason:
    Expected stackmap frame at this location.
  Bytecode:
    0x0000000: b200 1859 c700 0757 b800 2204 324e 100a
    0x0000010: 2d03 0454 ac                           

	at RandoopTest0.test316(RandoopTest0.java:14016)
</error>
  </testcase>
  <testcase classname="RandoopTest0" name="test317" time="0.0">
    <error message="Expecting a stackmap frame at branch target 11
Exception Details:
  Location:
    A.k(J)I @4: ifnonnull
  Reason:
    Expected stackmap frame at this location.
  Bytecode:
    0x0000000: b200 1859 c700 0757 b800 2204 324e 100a
    0x0000010: 2d03 0454 ac                           
" type="java.lang.VerifyError">java.lang.VerifyError: Expecting a stackmap frame at branch target 11
Exception Details:
  Location:
    A.k(J)I @4: ifnonnull
  Reason:
    Expected stackmap frame at this location.
  Bytecode:
    0x0000000: b200 1859 c700 0757 b800 2204 324e 100a
    0x0000010: 2d03 0454 ac                           

	at RandoopTest0.test317(RandoopTest0.java:14041)
</error>
  </testcase>
  <testcase classname="RandoopTest0" name="test318" time="0.0">
    <error message="Expecting a stackmap frame at branch target 11
Exception Details:
  Location:
    A.k(J)I @4: ifnonnull
  Reason:
    Expected stackmap frame at this location.
  Bytecode:
    0x0000000: b200 1859 c700 0757 b800 2204 324e 100a
    0x0000010: 2d03 0454 ac                           
" type="java.lang.VerifyError">java.lang.VerifyError: Expecting a stackmap frame at branch target 11
Exception Details:
  Location:
    A.k(J)I @4: ifnonnull
  Reason:
    Expected stackmap frame at this location.
  Bytecode:
    0x0000000: b200 1859 c700 0757 b800 2204 324e 100a
    0x0000010: 2d03 0454 ac                           

	at RandoopTest0.test318(RandoopTest0.java:14106)
</error>
  </testcase>
  <testcase classname="RandoopTest0" name="test319" time="0.0">
    <error message="Expecting a stackmap frame at branch target 11
Exception Details:
  Location:
    A.k(J)I @4: ifnonnull
  Reason:
    Expected stackmap frame at this location.
  Bytecode:
    0x0000000: b200 1859 c700 0757 b800 2204 324e 100a
    0x0000010: 2d03 0454 ac                           
" type="java.lang.VerifyError">java.lang.VerifyError: Expecting a stackmap frame at branch target 11
Exception Details:
  Location:
    A.k(J)I @4: ifnonnull
  Reason:
    Expected stackmap frame at this location.
  Bytecode:
    0x0000000: b200 1859 c700 0757 b800 2204 324e 100a
    0x0000010: 2d03 0454 ac                           

	at RandoopTest0.test319(RandoopTest0.java:14167)
</error>
  </testcase>
  <testcase classname="RandoopTest0" name="test320" time="0.0">
    <error message="Expecting a stackmap frame at branch target 11
Exception Details:
  Location:
    A.k(J)I @4: ifnonnull
  Reason:
    Expected stackmap frame at this location.
  Bytecode:
    0x0000000: b200 1859 c700 0757 b800 2204 324e 100a
    0x0000010: 2d03 0454 ac                           
" type="java.lang.VerifyError">java.lang.VerifyError: Expecting a stackmap frame at branch target 11
Exception Details:
  Location:
    A.k(J)I @4: ifnonnull
  Reason:
    Expected stackmap frame at this location.
  Bytecode:
    0x0000000: b200 1859 c700 0757 b800 2204 324e 100a
    0x0000010: 2d03 0454 ac                           

	at RandoopTest0.test320(RandoopTest0.java:14196)
</error>
  </testcase>
  <testcase classname="RandoopTest0" name="test321" time="0.001">
    <error message="Expecting a stackmap frame at branch target 11
Exception Details:
  Location:
    A.k(J)I @4: ifnonnull
  Reason:
    Expected stackmap frame at this location.
  Bytecode:
    0x0000000: b200 1859 c700 0757 b800 2204 324e 100a
    0x0000010: 2d03 0454 ac                           
" type="java.lang.VerifyError">java.lang.VerifyError: Expecting a stackmap frame at branch target 11
Exception Details:
  Location:
    A.k(J)I @4: ifnonnull
  Reason:
    Expected stackmap frame at this location.
  Bytecode:
    0x0000000: b200 1859 c700 0757 b800 2204 324e 100a
    0x0000010: 2d03 0454 ac                           

	at RandoopTest0.test321(RandoopTest0.java:14237)
</error>
  </testcase>
  <testcase classname="RandoopTest0" name="test322" time="0.0">
    <error message="Expecting a stackmap frame at branch target 11
Exception Details:
  Location:
    A.k(J)I @4: ifnonnull
  Reason:
    Expected stackmap frame at this location.
  Bytecode:
    0x0000000: b200 1859 c700 0757 b800 2204 324e 100a
    0x0000010: 2d03 0454 ac                           
" type="java.lang.VerifyError">java.lang.VerifyError: Expecting a stackmap frame at branch target 11
Exception Details:
  Location:
    A.k(J)I @4: ifnonnull
  Reason:
    Expected stackmap frame at this location.
  Bytecode:
    0x0000000: b200 1859 c700 0757 b800 2204 324e 100a
    0x0000010: 2d03 0454 ac                           

	at RandoopTest0.test322(RandoopTest0.java:14306)
</error>
  </testcase>
  <testcase classname="RandoopTest0" name="test323" time="0.0">
    <error message="Expecting a stackmap frame at branch target 11
Exception Details:
  Location:
    A.k(J)I @4: ifnonnull
  Reason:
    Expected stackmap frame at this location.
  Bytecode:
    0x0000000: b200 1859 c700 0757 b800 2204 324e 100a
    0x0000010: 2d03 0454 ac                           
" type="java.lang.VerifyError">java.lang.VerifyError: Expecting a stackmap frame at branch target 11
Exception Details:
  Location:
    A.k(J)I @4: ifnonnull
  Reason:
    Expected stackmap frame at this location.
  Bytecode:
    0x0000000: b200 1859 c700 0757 b800 2204 324e 100a
    0x0000010: 2d03 0454 ac                           

	at RandoopTest0.test323(RandoopTest0.java:14355)
</error>
  </testcase>
  <testcase classname="RandoopTest0" name="test324" time="0.001">
    <error message="Expecting a stackmap frame at branch target 11
Exception Details:
  Location:
    A.k(J)I @4: ifnonnull
  Reason:
    Expected stackmap frame at this location.
  Bytecode:
    0x0000000: b200 1859 c700 0757 b800 2204 324e 100a
    0x0000010: 2d03 0454 ac                           
" type="java.lang.VerifyError">java.lang.VerifyError: Expecting a stackmap frame at branch target 11
Exception Details:
  Location:
    A.k(J)I @4: ifnonnull
  Reason:
    Expected stackmap frame at this location.
  Bytecode:
    0x0000000: b200 1859 c700 0757 b800 2204 324e 100a
    0x0000010: 2d03 0454 ac                           

	at RandoopTest0.test324(RandoopTest0.java:14388)
</error>
  </testcase>
  <testcase classname="RandoopTest0" name="test325" time="0.0">
    <error message="Expecting a stackmap frame at branch target 11
Exception Details:
  Location:
    A.k(J)I @4: ifnonnull
  Reason:
    Expected stackmap frame at this location.
  Bytecode:
    0x0000000: b200 1859 c700 0757 b800 2204 324e 100a
    0x0000010: 2d03 0454 ac                           
" type="java.lang.VerifyError">java.lang.VerifyError: Expecting a stackmap frame at branch target 11
Exception Details:
  Location:
    A.k(J)I @4: ifnonnull
  Reason:
    Expected stackmap frame at this location.
  Bytecode:
    0x0000000: b200 1859 c700 0757 b800 2204 324e 100a
    0x0000010: 2d03 0454 ac                           

	at RandoopTest0.test325(RandoopTest0.java:14425)
</error>
  </testcase>
  <testcase classname="RandoopTest0" name="test326" time="0.001">
    <error message="Expecting a stackmap frame at branch target 11
Exception Details:
  Location:
    A.k(J)I @4: ifnonnull
  Reason:
    Expected stackmap frame at this location.
  Bytecode:
    0x0000000: b200 1859 c700 0757 b800 2204 324e 100a
    0x0000010: 2d03 0454 ac                           
" type="java.lang.VerifyError">java.lang.VerifyError: Expecting a stackmap frame at branch target 11
Exception Details:
  Location:
    A.k(J)I @4: ifnonnull
  Reason:
    Expected stackmap frame at this location.
  Bytecode:
    0x0000000: b200 1859 c700 0757 b800 2204 324e 100a
    0x0000010: 2d03 0454 ac                           

	at RandoopTest0.test326(RandoopTest0.java:14478)
</error>
  </testcase>
  <testcase classname="RandoopTest0" name="test327" time="0.0">
    <error message="Expecting a stackmap frame at branch target 11
Exception Details:
  Location:
    A.k(J)I @4: ifnonnull
  Reason:
    Expected stackmap frame at this location.
  Bytecode:
    0x0000000: b200 1859 c700 0757 b800 2204 324e 100a
    0x0000010: 2d03 0454 ac                           
" type="java.lang.VerifyError">java.lang.VerifyError: Expecting a stackmap frame at branch target 11
Exception Details:
  Location:
    A.k(J)I @4: ifnonnull
  Reason:
    Expected stackmap frame at this location.
  Bytecode:
    0x0000000: b200 1859 c700 0757 b800 2204 324e 100a
    0x0000010: 2d03 0454 ac                           

	at RandoopTest0.test327(RandoopTest0.java:14555)
</error>
  </testcase>
  <testcase classname="RandoopTest0" name="test328" time="0.001">
    <error message="Expecting a stackmap frame at branch target 11
Exception Details:
  Location:
    A.k(J)I @4: ifnonnull
  Reason:
    Expected stackmap frame at this location.
  Bytecode:
    0x0000000: b200 1859 c700 0757 b800 2204 324e 100a
    0x0000010: 2d03 0454 ac                           
" type="java.lang.VerifyError">java.lang.VerifyError: Expecting a stackmap frame at branch target 11
Exception Details:
  Location:
    A.k(J)I @4: ifnonnull
  Reason:
    Expected stackmap frame at this location.
  Bytecode:
    0x0000000: b200 1859 c700 0757 b800 2204 324e 100a
    0x0000010: 2d03 0454 ac                           

	at RandoopTest0.test328(RandoopTest0.java:14616)
</error>
  </testcase>
  <testcase classname="RandoopTest0" name="test329" time="0.0">
    <error message="Expecting a stackmap frame at branch target 11
Exception Details:
  Location:
    A.k(J)I @4: ifnonnull
  Reason:
    Expected stackmap frame at this location.
  Bytecode:
    0x0000000: b200 1859 c700 0757 b800 2204 324e 100a
    0x0000010: 2d03 0454 ac                           
" type="java.lang.VerifyError">java.lang.VerifyError: Expecting a stackmap frame at branch target 11
Exception Details:
  Location:
    A.k(J)I @4: ifnonnull
  Reason:
    Expected stackmap frame at this location.
  Bytecode:
    0x0000000: b200 1859 c700 0757 b800 2204 324e 100a
    0x0000010: 2d03 0454 ac                           

	at RandoopTest0.test329(RandoopTest0.java:14665)
</error>
  </testcase>
  <testcase classname="RandoopTest0" name="test330" time="0.0">
    <error message="Expecting a stackmap frame at branch target 11
Exception Details:
  Location:
    A.k(J)I @4: ifnonnull
  Reason:
    Expected stackmap frame at this location.
  Bytecode:
    0x0000000: b200 1859 c700 0757 b800 2204 324e 100a
    0x0000010: 2d03 0454 ac                           
" type="java.lang.VerifyError">java.lang.VerifyError: Expecting a stackmap frame at branch target 11
Exception Details:
  Location:
    A.k(J)I @4: ifnonnull
  Reason:
    Expected stackmap frame at this location.
  Bytecode:
    0x0000000: b200 1859 c700 0757 b800 2204 324e 100a
    0x0000010: 2d03 0454 ac                           

	at RandoopTest0.test330(RandoopTest0.java:14730)
</error>
  </testcase>
  <testcase classname="RandoopTest0" name="test331" time="0.0">
    <error message="Expecting a stackmap frame at branch target 11
Exception Details:
  Location:
    A.k(J)I @4: ifnonnull
  Reason:
    Expected stackmap frame at this location.
  Bytecode:
    0x0000000: b200 1859 c700 0757 b800 2204 324e 100a
    0x0000010: 2d03 0454 ac                           
" type="java.lang.VerifyError">java.lang.VerifyError: Expecting a stackmap frame at branch target 11
Exception Details:
  Location:
    A.k(J)I @4: ifnonnull
  Reason:
    Expected stackmap frame at this location.
  Bytecode:
    0x0000000: b200 1859 c700 0757 b800 2204 324e 100a
    0x0000010: 2d03 0454 ac                           

	at RandoopTest0.test331(RandoopTest0.java:14767)
</error>
  </testcase>
  <testcase classname="RandoopTest0" name="test332" time="0.001">
    <error message="Expecting a stackmap frame at branch target 11
Exception Details:
  Location:
    A.k(J)I @4: ifnonnull
  Reason:
    Expected stackmap frame at this location.
  Bytecode:
    0x0000000: b200 1859 c700 0757 b800 2204 324e 100a
    0x0000010: 2d03 0454 ac                           
" type="java.lang.VerifyError">java.lang.VerifyError: Expecting a stackmap frame at branch target 11
Exception Details:
  Location:
    A.k(J)I @4: ifnonnull
  Reason:
    Expected stackmap frame at this location.
  Bytecode:
    0x0000000: b200 1859 c700 0757 b800 2204 324e 100a
    0x0000010: 2d03 0454 ac                           

	at RandoopTest0.test332(RandoopTest0.java:14800)
</error>
  </testcase>
  <testcase classname="RandoopTest0" name="test333" time="0.0">
    <error message="Expecting a stackmap frame at branch target 11
Exception Details:
  Location:
    A.k(J)I @4: ifnonnull
  Reason:
    Expected stackmap frame at this location.
  Bytecode:
    0x0000000: b200 1859 c700 0757 b800 2204 324e 100a
    0x0000010: 2d03 0454 ac                           
" type="java.lang.VerifyError">java.lang.VerifyError: Expecting a stackmap frame at branch target 11
Exception Details:
  Location:
    A.k(J)I @4: ifnonnull
  Reason:
    Expected stackmap frame at this location.
  Bytecode:
    0x0000000: b200 1859 c700 0757 b800 2204 324e 100a
    0x0000010: 2d03 0454 ac                           

	at RandoopTest0.test333(RandoopTest0.java:14845)
</error>
  </testcase>
  <testcase classname="RandoopTest0" name="test334" time="0.0">
    <error message="Expecting a stackmap frame at branch target 11
Exception Details:
  Location:
    A.k(J)I @4: ifnonnull
  Reason:
    Expected stackmap frame at this location.
  Bytecode:
    0x0000000: b200 1859 c700 0757 b800 2204 324e 100a
    0x0000010: 2d03 0454 ac                           
" type="java.lang.VerifyError">java.lang.VerifyError: Expecting a stackmap frame at branch target 11
Exception Details:
  Location:
    A.k(J)I @4: ifnonnull
  Reason:
    Expected stackmap frame at this location.
  Bytecode:
    0x0000000: b200 1859 c700 0757 b800 2204 324e 100a
    0x0000010: 2d03 0454 ac                           

	at RandoopTest0.test334(RandoopTest0.java:14886)
</error>
  </testcase>
  <testcase classname="RandoopTest0" name="test335" time="0.001">
    <error message="Expecting a stackmap frame at branch target 11
Exception Details:
  Location:
    A.k(J)I @4: ifnonnull
  Reason:
    Expected stackmap frame at this location.
  Bytecode:
    0x0000000: b200 1859 c700 0757 b800 2204 324e 100a
    0x0000010: 2d03 0454 ac                           
" type="java.lang.VerifyError">java.lang.VerifyError: Expecting a stackmap frame at branch target 11
Exception Details:
  Location:
    A.k(J)I @4: ifnonnull
  Reason:
    Expected stackmap frame at this location.
  Bytecode:
    0x0000000: b200 1859 c700 0757 b800 2204 324e 100a
    0x0000010: 2d03 0454 ac                           

	at RandoopTest0.test335(RandoopTest0.java:14979)
</error>
  </testcase>
  <testcase classname="RandoopTest0" name="test336" time="0.0">
    <error message="Expecting a stackmap frame at branch target 11
Exception Details:
  Location:
    A.k(J)I @4: ifnonnull
  Reason:
    Expected stackmap frame at this location.
  Bytecode:
    0x0000000: b200 1859 c700 0757 b800 2204 324e 100a
    0x0000010: 2d03 0454 ac                           
" type="java.lang.VerifyError">java.lang.VerifyError: Expecting a stackmap frame at branch target 11
Exception Details:
  Location:
    A.k(J)I @4: ifnonnull
  Reason:
    Expected stackmap frame at this location.
  Bytecode:
    0x0000000: b200 1859 c700 0757 b800 2204 324e 100a
    0x0000010: 2d03 0454 ac                           

	at RandoopTest0.test336(RandoopTest0.java:15004)
</error>
  </testcase>
  <testcase classname="RandoopTest0" name="test337" time="0.001">
    <error message="Expecting a stackmap frame at branch target 11
Exception Details:
  Location:
    A.k(J)I @4: ifnonnull
  Reason:
    Expected stackmap frame at this location.
  Bytecode:
    0x0000000: b200 1859 c700 0757 b800 2204 324e 100a
    0x0000010: 2d03 0454 ac                           
" type="java.lang.VerifyError">java.lang.VerifyError: Expecting a stackmap frame at branch target 11
Exception Details:
  Location:
    A.k(J)I @4: ifnonnull
  Reason:
    Expected stackmap frame at this location.
  Bytecode:
    0x0000000: b200 1859 c700 0757 b800 2204 324e 100a
    0x0000010: 2d03 0454 ac                           

	at RandoopTest0.test337(RandoopTest0.java:15041)
</error>
  </testcase>
  <testcase classname="RandoopTest0" name="test338" time="0.0">
    <error message="Expecting a stackmap frame at branch target 11
Exception Details:
  Location:
    A.k(J)I @4: ifnonnull
  Reason:
    Expected stackmap frame at this location.
  Bytecode:
    0x0000000: b200 1859 c700 0757 b800 2204 324e 100a
    0x0000010: 2d03 0454 ac                           
" type="java.lang.VerifyError">java.lang.VerifyError: Expecting a stackmap frame at branch target 11
Exception Details:
  Location:
    A.k(J)I @4: ifnonnull
  Reason:
    Expected stackmap frame at this location.
  Bytecode:
    0x0000000: b200 1859 c700 0757 b800 2204 324e 100a
    0x0000010: 2d03 0454 ac                           

	at RandoopTest0.test338(RandoopTest0.java:15090)
</error>
  </testcase>
  <testcase classname="RandoopTest0" name="test339" time="0.0">
    <error message="Expecting a stackmap frame at branch target 11
Exception Details:
  Location:
    A.k(J)I @4: ifnonnull
  Reason:
    Expected stackmap frame at this location.
  Bytecode:
    0x0000000: b200 1859 c700 0757 b800 2204 324e 100a
    0x0000010: 2d03 0454 ac                           
" type="java.lang.VerifyError">java.lang.VerifyError: Expecting a stackmap frame at branch target 11
Exception Details:
  Location:
    A.k(J)I @4: ifnonnull
  Reason:
    Expected stackmap frame at this location.
  Bytecode:
    0x0000000: b200 1859 c700 0757 b800 2204 324e 100a
    0x0000010: 2d03 0454 ac                           

	at RandoopTest0.test339(RandoopTest0.java:15127)
</error>
  </testcase>
  <testcase classname="RandoopTest0" name="test340" time="0.001">
    <error message="Expecting a stackmap frame at branch target 11
Exception Details:
  Location:
    A.k(J)I @4: ifnonnull
  Reason:
    Expected stackmap frame at this location.
  Bytecode:
    0x0000000: b200 1859 c700 0757 b800 2204 324e 100a
    0x0000010: 2d03 0454 ac                           
" type="java.lang.VerifyError">java.lang.VerifyError: Expecting a stackmap frame at branch target 11
Exception Details:
  Location:
    A.k(J)I @4: ifnonnull
  Reason:
    Expected stackmap frame at this location.
  Bytecode:
    0x0000000: b200 1859 c700 0757 b800 2204 324e 100a
    0x0000010: 2d03 0454 ac                           

	at RandoopTest0.test340(RandoopTest0.java:15196)
</error>
  </testcase>
  <testcase classname="RandoopTest0" name="test341" time="0.0">
    <error message="Expecting a stackmap frame at branch target 11
Exception Details:
  Location:
    A.k(J)I @4: ifnonnull
  Reason:
    Expected stackmap frame at this location.
  Bytecode:
    0x0000000: b200 1859 c700 0757 b800 2204 324e 100a
    0x0000010: 2d03 0454 ac                           
" type="java.lang.VerifyError">java.lang.VerifyError: Expecting a stackmap frame at branch target 11
Exception Details:
  Location:
    A.k(J)I @4: ifnonnull
  Reason:
    Expected stackmap frame at this location.
  Bytecode:
    0x0000000: b200 1859 c700 0757 b800 2204 324e 100a
    0x0000010: 2d03 0454 ac                           

	at RandoopTest0.test341(RandoopTest0.java:15229)
</error>
  </testcase>
  <testcase classname="RandoopTest0" name="test342" time="0.001">
    <error message="Expecting a stackmap frame at branch target 11
Exception Details:
  Location:
    A.k(J)I @4: ifnonnull
  Reason:
    Expected stackmap frame at this location.
  Bytecode:
    0x0000000: b200 1859 c700 0757 b800 2204 324e 100a
    0x0000010: 2d03 0454 ac                           
" type="java.lang.VerifyError">java.lang.VerifyError: Expecting a stackmap frame at branch target 11
Exception Details:
  Location:
    A.k(J)I @4: ifnonnull
  Reason:
    Expected stackmap frame at this location.
  Bytecode:
    0x0000000: b200 1859 c700 0757 b800 2204 324e 100a
    0x0000010: 2d03 0454 ac                           

	at RandoopTest0.test342(RandoopTest0.java:15270)
</error>
  </testcase>
  <testcase classname="RandoopTest0" name="test343" time="0.0">
    <error message="Expecting a stackmap frame at branch target 11
Exception Details:
  Location:
    A.k(J)I @4: ifnonnull
  Reason:
    Expected stackmap frame at this location.
  Bytecode:
    0x0000000: b200 1859 c700 0757 b800 2204 324e 100a
    0x0000010: 2d03 0454 ac                           
" type="java.lang.VerifyError">java.lang.VerifyError: Expecting a stackmap frame at branch target 11
Exception Details:
  Location:
    A.k(J)I @4: ifnonnull
  Reason:
    Expected stackmap frame at this location.
  Bytecode:
    0x0000000: b200 1859 c700 0757 b800 2204 324e 100a
    0x0000010: 2d03 0454 ac                           

	at RandoopTest0.test343(RandoopTest0.java:15299)
</error>
  </testcase>
  <testcase classname="RandoopTest0" name="test344" time="0.0">
    <error message="Expecting a stackmap frame at branch target 11
Exception Details:
  Location:
    A.k(J)I @4: ifnonnull
  Reason:
    Expected stackmap frame at this location.
  Bytecode:
    0x0000000: b200 1859 c700 0757 b800 2204 324e 100a
    0x0000010: 2d03 0454 ac                           
" type="java.lang.VerifyError">java.lang.VerifyError: Expecting a stackmap frame at branch target 11
Exception Details:
  Location:
    A.k(J)I @4: ifnonnull
  Reason:
    Expected stackmap frame at this location.
  Bytecode:
    0x0000000: b200 1859 c700 0757 b800 2204 324e 100a
    0x0000010: 2d03 0454 ac                           

	at RandoopTest0.test344(RandoopTest0.java:15324)
</error>
  </testcase>
  <testcase classname="RandoopTest0" name="test345" time="0.0">
    <error message="Expecting a stackmap frame at branch target 11
Exception Details:
  Location:
    A.k(J)I @4: ifnonnull
  Reason:
    Expected stackmap frame at this location.
  Bytecode:
    0x0000000: b200 1859 c700 0757 b800 2204 324e 100a
    0x0000010: 2d03 0454 ac                           
" type="java.lang.VerifyError">java.lang.VerifyError: Expecting a stackmap frame at branch target 11
Exception Details:
  Location:
    A.k(J)I @4: ifnonnull
  Reason:
    Expected stackmap frame at this location.
  Bytecode:
    0x0000000: b200 1859 c700 0757 b800 2204 324e 100a
    0x0000010: 2d03 0454 ac                           

	at RandoopTest0.test345(RandoopTest0.java:15369)
</error>
  </testcase>
  <testcase classname="RandoopTest0" name="test346" time="0.0">
    <error message="Expecting a stackmap frame at branch target 11
Exception Details:
  Location:
    A.k(J)I @4: ifnonnull
  Reason:
    Expected stackmap frame at this location.
  Bytecode:
    0x0000000: b200 1859 c700 0757 b800 2204 324e 100a
    0x0000010: 2d03 0454 ac                           
" type="java.lang.VerifyError">java.lang.VerifyError: Expecting a stackmap frame at branch target 11
Exception Details:
  Location:
    A.k(J)I @4: ifnonnull
  Reason:
    Expected stackmap frame at this location.
  Bytecode:
    0x0000000: b200 1859 c700 0757 b800 2204 324e 100a
    0x0000010: 2d03 0454 ac                           

	at RandoopTest0.test346(RandoopTest0.java:15430)
</error>
  </testcase>
  <testcase classname="RandoopTest0" name="test347" time="0.0">
    <error message="Expecting a stackmap frame at branch target 11
Exception Details:
  Location:
    A.k(J)I @4: ifnonnull
  Reason:
    Expected stackmap frame at this location.
  Bytecode:
    0x0000000: b200 1859 c700 0757 b800 2204 324e 100a
    0x0000010: 2d03 0454 ac                           
" type="java.lang.VerifyError">java.lang.VerifyError: Expecting a stackmap frame at branch target 11
Exception Details:
  Location:
    A.k(J)I @4: ifnonnull
  Reason:
    Expected stackmap frame at this location.
  Bytecode:
    0x0000000: b200 1859 c700 0757 b800 2204 324e 100a
    0x0000010: 2d03 0454 ac                           

	at RandoopTest0.test347(RandoopTest0.java:15467)
</error>
  </testcase>
  <testcase classname="RandoopTest0" name="test348" time="0.0">
    <error message="Expecting a stackmap frame at branch target 11
Exception Details:
  Location:
    A.k(J)I @4: ifnonnull
  Reason:
    Expected stackmap frame at this location.
  Bytecode:
    0x0000000: b200 1859 c700 0757 b800 2204 324e 100a
    0x0000010: 2d03 0454 ac                           
" type="java.lang.VerifyError">java.lang.VerifyError: Expecting a stackmap frame at branch target 11
Exception Details:
  Location:
    A.k(J)I @4: ifnonnull
  Reason:
    Expected stackmap frame at this location.
  Bytecode:
    0x0000000: b200 1859 c700 0757 b800 2204 324e 100a
    0x0000010: 2d03 0454 ac                           

	at RandoopTest0.test348(RandoopTest0.java:15532)
</error>
  </testcase>
  <testcase classname="RandoopTest0" name="test349" time="0.055">
    <error message="Expecting a stackmap frame at branch target 11
Exception Details:
  Location:
    A.k(J)I @4: ifnonnull
  Reason:
    Expected stackmap frame at this location.
  Bytecode:
    0x0000000: b200 1859 c700 0757 b800 2204 324e 100a
    0x0000010: 2d03 0454 ac                           
" type="java.lang.VerifyError">java.lang.VerifyError: Expecting a stackmap frame at branch target 11
Exception Details:
  Location:
    A.k(J)I @4: ifnonnull
  Reason:
    Expected stackmap frame at this location.
  Bytecode:
    0x0000000: b200 1859 c700 0757 b800 2204 324e 100a
    0x0000010: 2d03 0454 ac                           

	at RandoopTest0.test349(RandoopTest0.java:15561)
</error>
  </testcase>
  <testcase classname="RandoopTest0" name="test350" time="0.0">
    <error message="Expecting a stackmap frame at branch target 11
Exception Details:
  Location:
    A.k(J)I @4: ifnonnull
  Reason:
    Expected stackmap frame at this location.
  Bytecode:
    0x0000000: b200 1859 c700 0757 b800 2204 324e 100a
    0x0000010: 2d03 0454 ac                           
" type="java.lang.VerifyError">java.lang.VerifyError: Expecting a stackmap frame at branch target 11
Exception Details:
  Location:
    A.k(J)I @4: ifnonnull
  Reason:
    Expected stackmap frame at this location.
  Bytecode:
    0x0000000: b200 1859 c700 0757 b800 2204 324e 100a
    0x0000010: 2d03 0454 ac                           

	at RandoopTest0.test350(RandoopTest0.java:15642)
</error>
  </testcase>
  <testcase classname="RandoopTest0" name="test351" time="0.0">
    <error message="Expecting a stackmap frame at branch target 11
Exception Details:
  Location:
    A.k(J)I @4: ifnonnull
  Reason:
    Expected stackmap frame at this location.
  Bytecode:
    0x0000000: b200 1859 c700 0757 b800 2204 324e 100a
    0x0000010: 2d03 0454 ac                           
" type="java.lang.VerifyError">java.lang.VerifyError: Expecting a stackmap frame at branch target 11
Exception Details:
  Location:
    A.k(J)I @4: ifnonnull
  Reason:
    Expected stackmap frame at this location.
  Bytecode:
    0x0000000: b200 1859 c700 0757 b800 2204 324e 100a
    0x0000010: 2d03 0454 ac                           

	at RandoopTest0.test351(RandoopTest0.java:15675)
</error>
  </testcase>
  <testcase classname="RandoopTest0" name="test352" time="0.0">
    <error message="Expecting a stackmap frame at branch target 11
Exception Details:
  Location:
    A.k(J)I @4: ifnonnull
  Reason:
    Expected stackmap frame at this location.
  Bytecode:
    0x0000000: b200 1859 c700 0757 b800 2204 324e 100a
    0x0000010: 2d03 0454 ac                           
" type="java.lang.VerifyError">java.lang.VerifyError: Expecting a stackmap frame at branch target 11
Exception Details:
  Location:
    A.k(J)I @4: ifnonnull
  Reason:
    Expected stackmap frame at this location.
  Bytecode:
    0x0000000: b200 1859 c700 0757 b800 2204 324e 100a
    0x0000010: 2d03 0454 ac                           

	at RandoopTest0.test352(RandoopTest0.java:15724)
</error>
  </testcase>
  <testcase classname="RandoopTest0" name="test353" time="0.001">
    <error message="Expecting a stackmap frame at branch target 11
Exception Details:
  Location:
    A.k(J)I @4: ifnonnull
  Reason:
    Expected stackmap frame at this location.
  Bytecode:
    0x0000000: b200 1859 c700 0757 b800 2204 324e 100a
    0x0000010: 2d03 0454 ac                           
" type="java.lang.VerifyError">java.lang.VerifyError: Expecting a stackmap frame at branch target 11
Exception Details:
  Location:
    A.k(J)I @4: ifnonnull
  Reason:
    Expected stackmap frame at this location.
  Bytecode:
    0x0000000: b200 1859 c700 0757 b800 2204 324e 100a
    0x0000010: 2d03 0454 ac                           

	at RandoopTest0.test353(RandoopTest0.java:15749)
</error>
  </testcase>
  <testcase classname="RandoopTest0" name="test354" time="0.0">
    <error message="Expecting a stackmap frame at branch target 11
Exception Details:
  Location:
    A.k(J)I @4: ifnonnull
  Reason:
    Expected stackmap frame at this location.
  Bytecode:
    0x0000000: b200 1859 c700 0757 b800 2204 324e 100a
    0x0000010: 2d03 0454 ac                           
" type="java.lang.VerifyError">java.lang.VerifyError: Expecting a stackmap frame at branch target 11
Exception Details:
  Location:
    A.k(J)I @4: ifnonnull
  Reason:
    Expected stackmap frame at this location.
  Bytecode:
    0x0000000: b200 1859 c700 0757 b800 2204 324e 100a
    0x0000010: 2d03 0454 ac                           

	at RandoopTest0.test354(RandoopTest0.java:15786)
</error>
  </testcase>
  <testcase classname="RandoopTest0" name="test355" time="0.001">
    <error message="Expecting a stackmap frame at branch target 11
Exception Details:
  Location:
    A.k(J)I @4: ifnonnull
  Reason:
    Expected stackmap frame at this location.
  Bytecode:
    0x0000000: b200 1859 c700 0757 b800 2204 324e 100a
    0x0000010: 2d03 0454 ac                           
" type="java.lang.VerifyError">java.lang.VerifyError: Expecting a stackmap frame at branch target 11
Exception Details:
  Location:
    A.k(J)I @4: ifnonnull
  Reason:
    Expected stackmap frame at this location.
  Bytecode:
    0x0000000: b200 1859 c700 0757 b800 2204 324e 100a
    0x0000010: 2d03 0454 ac                           

	at RandoopTest0.test355(RandoopTest0.java:15851)
</error>
  </testcase>
  <testcase classname="RandoopTest0" name="test356" time="0.0">
    <error message="Expecting a stackmap frame at branch target 11
Exception Details:
  Location:
    A.k(J)I @4: ifnonnull
  Reason:
    Expected stackmap frame at this location.
  Bytecode:
    0x0000000: b200 1859 c700 0757 b800 2204 324e 100a
    0x0000010: 2d03 0454 ac                           
" type="java.lang.VerifyError">java.lang.VerifyError: Expecting a stackmap frame at branch target 11
Exception Details:
  Location:
    A.k(J)I @4: ifnonnull
  Reason:
    Expected stackmap frame at this location.
  Bytecode:
    0x0000000: b200 1859 c700 0757 b800 2204 324e 100a
    0x0000010: 2d03 0454 ac                           

	at RandoopTest0.test356(RandoopTest0.java:15904)
</error>
  </testcase>
  <testcase classname="RandoopTest0" name="test357" time="0.0">
    <error message="Expecting a stackmap frame at branch target 11
Exception Details:
  Location:
    A.k(J)I @4: ifnonnull
  Reason:
    Expected stackmap frame at this location.
  Bytecode:
    0x0000000: b200 1859 c700 0757 b800 2204 324e 100a
    0x0000010: 2d03 0454 ac                           
" type="java.lang.VerifyError">java.lang.VerifyError: Expecting a stackmap frame at branch target 11
Exception Details:
  Location:
    A.k(J)I @4: ifnonnull
  Reason:
    Expected stackmap frame at this location.
  Bytecode:
    0x0000000: b200 1859 c700 0757 b800 2204 324e 100a
    0x0000010: 2d03 0454 ac                           

	at RandoopTest0.test357(RandoopTest0.java:15961)
</error>
  </testcase>
  <testcase classname="RandoopTest0" name="test358" time="0.0">
    <error message="Expecting a stackmap frame at branch target 11
Exception Details:
  Location:
    A.k(J)I @4: ifnonnull
  Reason:
    Expected stackmap frame at this location.
  Bytecode:
    0x0000000: b200 1859 c700 0757 b800 2204 324e 100a
    0x0000010: 2d03 0454 ac                           
" type="java.lang.VerifyError">java.lang.VerifyError: Expecting a stackmap frame at branch target 11
Exception Details:
  Location:
    A.k(J)I @4: ifnonnull
  Reason:
    Expected stackmap frame at this location.
  Bytecode:
    0x0000000: b200 1859 c700 0757 b800 2204 324e 100a
    0x0000010: 2d03 0454 ac                           

	at RandoopTest0.test358(RandoopTest0.java:16026)
</error>
  </testcase>
  <testcase classname="RandoopTest0" name="test359" time="0.001">
    <error message="Expecting a stackmap frame at branch target 11
Exception Details:
  Location:
    A.k(J)I @4: ifnonnull
  Reason:
    Expected stackmap frame at this location.
  Bytecode:
    0x0000000: b200 1859 c700 0757 b800 2204 324e 100a
    0x0000010: 2d03 0454 ac                           
" type="java.lang.VerifyError">java.lang.VerifyError: Expecting a stackmap frame at branch target 11
Exception Details:
  Location:
    A.k(J)I @4: ifnonnull
  Reason:
    Expected stackmap frame at this location.
  Bytecode:
    0x0000000: b200 1859 c700 0757 b800 2204 324e 100a
    0x0000010: 2d03 0454 ac                           

	at RandoopTest0.test359(RandoopTest0.java:16103)
</error>
  </testcase>
  <testcase classname="RandoopTest0" name="test360" time="0.0">
    <error message="Expecting a stackmap frame at branch target 11
Exception Details:
  Location:
    A.k(J)I @4: ifnonnull
  Reason:
    Expected stackmap frame at this location.
  Bytecode:
    0x0000000: b200 1859 c700 0757 b800 2204 324e 100a
    0x0000010: 2d03 0454 ac                           
" type="java.lang.VerifyError">java.lang.VerifyError: Expecting a stackmap frame at branch target 11
Exception Details:
  Location:
    A.k(J)I @4: ifnonnull
  Reason:
    Expected stackmap frame at this location.
  Bytecode:
    0x0000000: b200 1859 c700 0757 b800 2204 324e 100a
    0x0000010: 2d03 0454 ac                           

	at RandoopTest0.test360(RandoopTest0.java:16156)
</error>
  </testcase>
  <testcase classname="RandoopTest0" name="test361" time="0.0">
    <error message="Expecting a stackmap frame at branch target 11
Exception Details:
  Location:
    A.k(J)I @4: ifnonnull
  Reason:
    Expected stackmap frame at this location.
  Bytecode:
    0x0000000: b200 1859 c700 0757 b800 2204 324e 100a
    0x0000010: 2d03 0454 ac                           
" type="java.lang.VerifyError">java.lang.VerifyError: Expecting a stackmap frame at branch target 11
Exception Details:
  Location:
    A.k(J)I @4: ifnonnull
  Reason:
    Expected stackmap frame at this location.
  Bytecode:
    0x0000000: b200 1859 c700 0757 b800 2204 324e 100a
    0x0000010: 2d03 0454 ac                           

	at RandoopTest0.test361(RandoopTest0.java:16193)
</error>
  </testcase>
  <testcase classname="RandoopTest0" name="test362" time="0.0">
    <error message="Expecting a stackmap frame at branch target 11
Exception Details:
  Location:
    A.k(J)I @4: ifnonnull
  Reason:
    Expected stackmap frame at this location.
  Bytecode:
    0x0000000: b200 1859 c700 0757 b800 2204 324e 100a
    0x0000010: 2d03 0454 ac                           
" type="java.lang.VerifyError">java.lang.VerifyError: Expecting a stackmap frame at branch target 11
Exception Details:
  Location:
    A.k(J)I @4: ifnonnull
  Reason:
    Expected stackmap frame at this location.
  Bytecode:
    0x0000000: b200 1859 c700 0757 b800 2204 324e 100a
    0x0000010: 2d03 0454 ac                           

	at RandoopTest0.test362(RandoopTest0.java:16258)
</error>
  </testcase>
  <testcase classname="RandoopTest0" name="test363" time="0.0">
    <error message="Expecting a stackmap frame at branch target 11
Exception Details:
  Location:
    A.k(J)I @4: ifnonnull
  Reason:
    Expected stackmap frame at this location.
  Bytecode:
    0x0000000: b200 1859 c700 0757 b800 2204 324e 100a
    0x0000010: 2d03 0454 ac                           
" type="java.lang.VerifyError">java.lang.VerifyError: Expecting a stackmap frame at branch target 11
Exception Details:
  Location:
    A.k(J)I @4: ifnonnull
  Reason:
    Expected stackmap frame at this location.
  Bytecode:
    0x0000000: b200 1859 c700 0757 b800 2204 324e 100a
    0x0000010: 2d03 0454 ac                           

	at RandoopTest0.test363(RandoopTest0.java:16319)
</error>
  </testcase>
  <testcase classname="RandoopTest0" name="test364" time="0.0">
    <error message="Expecting a stackmap frame at branch target 11
Exception Details:
  Location:
    A.k(J)I @4: ifnonnull
  Reason:
    Expected stackmap frame at this location.
  Bytecode:
    0x0000000: b200 1859 c700 0757 b800 2204 324e 100a
    0x0000010: 2d03 0454 ac                           
" type="java.lang.VerifyError">java.lang.VerifyError: Expecting a stackmap frame at branch target 11
Exception Details:
  Location:
    A.k(J)I @4: ifnonnull
  Reason:
    Expected stackmap frame at this location.
  Bytecode:
    0x0000000: b200 1859 c700 0757 b800 2204 324e 100a
    0x0000010: 2d03 0454 ac                           

	at RandoopTest0.test364(RandoopTest0.java:16364)
</error>
  </testcase>
  <testcase classname="RandoopTest0" name="test365" time="0.001">
    <error message="Expecting a stackmap frame at branch target 11
Exception Details:
  Location:
    A.k(J)I @4: ifnonnull
  Reason:
    Expected stackmap frame at this location.
  Bytecode:
    0x0000000: b200 1859 c700 0757 b800 2204 324e 100a
    0x0000010: 2d03 0454 ac                           
" type="java.lang.VerifyError">java.lang.VerifyError: Expecting a stackmap frame at branch target 11
Exception Details:
  Location:
    A.k(J)I @4: ifnonnull
  Reason:
    Expected stackmap frame at this location.
  Bytecode:
    0x0000000: b200 1859 c700 0757 b800 2204 324e 100a
    0x0000010: 2d03 0454 ac                           

	at RandoopTest0.test365(RandoopTest0.java:16429)
</error>
  </testcase>
  <testcase classname="RandoopTest0" name="test366" time="0.0">
    <error message="Expecting a stackmap frame at branch target 11
Exception Details:
  Location:
    A.k(J)I @4: ifnonnull
  Reason:
    Expected stackmap frame at this location.
  Bytecode:
    0x0000000: b200 1859 c700 0757 b800 2204 324e 100a
    0x0000010: 2d03 0454 ac                           
" type="java.lang.VerifyError">java.lang.VerifyError: Expecting a stackmap frame at branch target 11
Exception Details:
  Location:
    A.k(J)I @4: ifnonnull
  Reason:
    Expected stackmap frame at this location.
  Bytecode:
    0x0000000: b200 1859 c700 0757 b800 2204 324e 100a
    0x0000010: 2d03 0454 ac                           

	at RandoopTest0.test366(RandoopTest0.java:16482)
</error>
  </testcase>
  <testcase classname="RandoopTest0" name="test367" time="0.0">
    <error message="Expecting a stackmap frame at branch target 11
Exception Details:
  Location:
    A.k(J)I @4: ifnonnull
  Reason:
    Expected stackmap frame at this location.
  Bytecode:
    0x0000000: b200 1859 c700 0757 b800 2204 324e 100a
    0x0000010: 2d03 0454 ac                           
" type="java.lang.VerifyError">java.lang.VerifyError: Expecting a stackmap frame at branch target 11
Exception Details:
  Location:
    A.k(J)I @4: ifnonnull
  Reason:
    Expected stackmap frame at this location.
  Bytecode:
    0x0000000: b200 1859 c700 0757 b800 2204 324e 100a
    0x0000010: 2d03 0454 ac                           

	at RandoopTest0.test367(RandoopTest0.java:16535)
</error>
  </testcase>
  <testcase classname="RandoopTest0" name="test368" time="0.0">
    <error message="Expecting a stackmap frame at branch target 11
Exception Details:
  Location:
    A.k(J)I @4: ifnonnull
  Reason:
    Expected stackmap frame at this location.
  Bytecode:
    0x0000000: b200 1859 c700 0757 b800 2204 324e 100a
    0x0000010: 2d03 0454 ac                           
" type="java.lang.VerifyError">java.lang.VerifyError: Expecting a stackmap frame at branch target 11
Exception Details:
  Location:
    A.k(J)I @4: ifnonnull
  Reason:
    Expected stackmap frame at this location.
  Bytecode:
    0x0000000: b200 1859 c700 0757 b800 2204 324e 100a
    0x0000010: 2d03 0454 ac                           

	at RandoopTest0.test368(RandoopTest0.java:16564)
</error>
  </testcase>
  <testcase classname="RandoopTest0" name="test369" time="0.0">
    <error message="Expecting a stackmap frame at branch target 11
Exception Details:
  Location:
    A.k(J)I @4: ifnonnull
  Reason:
    Expected stackmap frame at this location.
  Bytecode:
    0x0000000: b200 1859 c700 0757 b800 2204 324e 100a
    0x0000010: 2d03 0454 ac                           
" type="java.lang.VerifyError">java.lang.VerifyError: Expecting a stackmap frame at branch target 11
Exception Details:
  Location:
    A.k(J)I @4: ifnonnull
  Reason:
    Expected stackmap frame at this location.
  Bytecode:
    0x0000000: b200 1859 c700 0757 b800 2204 324e 100a
    0x0000010: 2d03 0454 ac                           

	at RandoopTest0.test369(RandoopTest0.java:16613)
</error>
  </testcase>
  <testcase classname="RandoopTest0" name="test370" time="0.0">
    <error message="Expecting a stackmap frame at branch target 11
Exception Details:
  Location:
    A.k(J)I @4: ifnonnull
  Reason:
    Expected stackmap frame at this location.
  Bytecode:
    0x0000000: b200 1859 c700 0757 b800 2204 324e 100a
    0x0000010: 2d03 0454 ac                           
" type="java.lang.VerifyError">java.lang.VerifyError: Expecting a stackmap frame at branch target 11
Exception Details:
  Location:
    A.k(J)I @4: ifnonnull
  Reason:
    Expected stackmap frame at this location.
  Bytecode:
    0x0000000: b200 1859 c700 0757 b800 2204 324e 100a
    0x0000010: 2d03 0454 ac                           

	at RandoopTest0.test370(RandoopTest0.java:16666)
</error>
  </testcase>
  <testcase classname="RandoopTest0" name="test371" time="0.0">
    <error message="Expecting a stackmap frame at branch target 11
Exception Details:
  Location:
    A.k(J)I @4: ifnonnull
  Reason:
    Expected stackmap frame at this location.
  Bytecode:
    0x0000000: b200 1859 c700 0757 b800 2204 324e 100a
    0x0000010: 2d03 0454 ac                           
" type="java.lang.VerifyError">java.lang.VerifyError: Expecting a stackmap frame at branch target 11
Exception Details:
  Location:
    A.k(J)I @4: ifnonnull
  Reason:
    Expected stackmap frame at this location.
  Bytecode:
    0x0000000: b200 1859 c700 0757 b800 2204 324e 100a
    0x0000010: 2d03 0454 ac                           

	at RandoopTest0.test371(RandoopTest0.java:16711)
</error>
  </testcase>
  <testcase classname="RandoopTest0" name="test372" time="0.001">
    <error message="Expecting a stackmap frame at branch target 11
Exception Details:
  Location:
    A.k(J)I @4: ifnonnull
  Reason:
    Expected stackmap frame at this location.
  Bytecode:
    0x0000000: b200 1859 c700 0757 b800 2204 324e 100a
    0x0000010: 2d03 0454 ac                           
" type="java.lang.VerifyError">java.lang.VerifyError: Expecting a stackmap frame at branch target 11
Exception Details:
  Location:
    A.k(J)I @4: ifnonnull
  Reason:
    Expected stackmap frame at this location.
  Bytecode:
    0x0000000: b200 1859 c700 0757 b800 2204 324e 100a
    0x0000010: 2d03 0454 ac                           

	at RandoopTest0.test372(RandoopTest0.java:16756)
</error>
  </testcase>
  <testcase classname="RandoopTest0" name="test373" time="0.0">
    <error message="Expecting a stackmap frame at branch target 11
Exception Details:
  Location:
    A.k(J)I @4: ifnonnull
  Reason:
    Expected stackmap frame at this location.
  Bytecode:
    0x0000000: b200 1859 c700 0757 b800 2204 324e 100a
    0x0000010: 2d03 0454 ac                           
" type="java.lang.VerifyError">java.lang.VerifyError: Expecting a stackmap frame at branch target 11
Exception Details:
  Location:
    A.k(J)I @4: ifnonnull
  Reason:
    Expected stackmap frame at this location.
  Bytecode:
    0x0000000: b200 1859 c700 0757 b800 2204 324e 100a
    0x0000010: 2d03 0454 ac                           

	at RandoopTest0.test373(RandoopTest0.java:16829)
</error>
  </testcase>
  <testcase classname="RandoopTest0" name="test374" time="0.0">
    <error message="Expecting a stackmap frame at branch target 11
Exception Details:
  Location:
    A.k(J)I @4: ifnonnull
  Reason:
    Expected stackmap frame at this location.
  Bytecode:
    0x0000000: b200 1859 c700 0757 b800 2204 324e 100a
    0x0000010: 2d03 0454 ac                           
" type="java.lang.VerifyError">java.lang.VerifyError: Expecting a stackmap frame at branch target 11
Exception Details:
  Location:
    A.k(J)I @4: ifnonnull
  Reason:
    Expected stackmap frame at this location.
  Bytecode:
    0x0000000: b200 1859 c700 0757 b800 2204 324e 100a
    0x0000010: 2d03 0454 ac                           

	at RandoopTest0.test374(RandoopTest0.java:16894)
</error>
  </testcase>
  <testcase classname="RandoopTest0" name="test375" time="0.0">
    <error message="Expecting a stackmap frame at branch target 11
Exception Details:
  Location:
    A.k(J)I @4: ifnonnull
  Reason:
    Expected stackmap frame at this location.
  Bytecode:
    0x0000000: b200 1859 c700 0757 b800 2204 324e 100a
    0x0000010: 2d03 0454 ac                           
" type="java.lang.VerifyError">java.lang.VerifyError: Expecting a stackmap frame at branch target 11
Exception Details:
  Location:
    A.k(J)I @4: ifnonnull
  Reason:
    Expected stackmap frame at this location.
  Bytecode:
    0x0000000: b200 1859 c700 0757 b800 2204 324e 100a
    0x0000010: 2d03 0454 ac                           

	at RandoopTest0.test375(RandoopTest0.java:16919)
</error>
  </testcase>
  <testcase classname="RandoopTest0" name="test376" time="0.0">
    <error message="Expecting a stackmap frame at branch target 11
Exception Details:
  Location:
    A.k(J)I @4: ifnonnull
  Reason:
    Expected stackmap frame at this location.
  Bytecode:
    0x0000000: b200 1859 c700 0757 b800 2204 324e 100a
    0x0000010: 2d03 0454 ac                           
" type="java.lang.VerifyError">java.lang.VerifyError: Expecting a stackmap frame at branch target 11
Exception Details:
  Location:
    A.k(J)I @4: ifnonnull
  Reason:
    Expected stackmap frame at this location.
  Bytecode:
    0x0000000: b200 1859 c700 0757 b800 2204 324e 100a
    0x0000010: 2d03 0454 ac                           

	at RandoopTest0.test376(RandoopTest0.java:16988)
</error>
  </testcase>
  <testcase classname="RandoopTest0" name="test377" time="0.0">
    <error message="Expecting a stackmap frame at branch target 11
Exception Details:
  Location:
    A.k(J)I @4: ifnonnull
  Reason:
    Expected stackmap frame at this location.
  Bytecode:
    0x0000000: b200 1859 c700 0757 b800 2204 324e 100a
    0x0000010: 2d03 0454 ac                           
" type="java.lang.VerifyError">java.lang.VerifyError: Expecting a stackmap frame at branch target 11
Exception Details:
  Location:
    A.k(J)I @4: ifnonnull
  Reason:
    Expected stackmap frame at this location.
  Bytecode:
    0x0000000: b200 1859 c700 0757 b800 2204 324e 100a
    0x0000010: 2d03 0454 ac                           

	at RandoopTest0.test377(RandoopTest0.java:17021)
</error>
  </testcase>
  <testcase classname="RandoopTest0" name="test378" time="0.0">
    <error message="Expecting a stackmap frame at branch target 11
Exception Details:
  Location:
    A.k(J)I @4: ifnonnull
  Reason:
    Expected stackmap frame at this location.
  Bytecode:
    0x0000000: b200 1859 c700 0757 b800 2204 324e 100a
    0x0000010: 2d03 0454 ac                           
" type="java.lang.VerifyError">java.lang.VerifyError: Expecting a stackmap frame at branch target 11
Exception Details:
  Location:
    A.k(J)I @4: ifnonnull
  Reason:
    Expected stackmap frame at this location.
  Bytecode:
    0x0000000: b200 1859 c700 0757 b800 2204 324e 100a
    0x0000010: 2d03 0454 ac                           

	at RandoopTest0.test378(RandoopTest0.java:17066)
</error>
  </testcase>
  <testcase classname="RandoopTest0" name="test379" time="0.0">
    <error message="Expecting a stackmap frame at branch target 11
Exception Details:
  Location:
    A.k(J)I @4: ifnonnull
  Reason:
    Expected stackmap frame at this location.
  Bytecode:
    0x0000000: b200 1859 c700 0757 b800 2204 324e 100a
    0x0000010: 2d03 0454 ac                           
" type="java.lang.VerifyError">java.lang.VerifyError: Expecting a stackmap frame at branch target 11
Exception Details:
  Location:
    A.k(J)I @4: ifnonnull
  Reason:
    Expected stackmap frame at this location.
  Bytecode:
    0x0000000: b200 1859 c700 0757 b800 2204 324e 100a
    0x0000010: 2d03 0454 ac                           

	at RandoopTest0.test379(RandoopTest0.java:17115)
</error>
  </testcase>
  <testcase classname="RandoopTest0" name="test380" time="0.0">
    <error message="Expecting a stackmap frame at branch target 11
Exception Details:
  Location:
    A.k(J)I @4: ifnonnull
  Reason:
    Expected stackmap frame at this location.
  Bytecode:
    0x0000000: b200 1859 c700 0757 b800 2204 324e 100a
    0x0000010: 2d03 0454 ac                           
" type="java.lang.VerifyError">java.lang.VerifyError: Expecting a stackmap frame at branch target 11
Exception Details:
  Location:
    A.k(J)I @4: ifnonnull
  Reason:
    Expected stackmap frame at this location.
  Bytecode:
    0x0000000: b200 1859 c700 0757 b800 2204 324e 100a
    0x0000010: 2d03 0454 ac                           

	at RandoopTest0.test380(RandoopTest0.java:17156)
</error>
  </testcase>
  <testcase classname="RandoopTest0" name="test381" time="0.001">
    <error message="Expecting a stackmap frame at branch target 11
Exception Details:
  Location:
    A.k(J)I @4: ifnonnull
  Reason:
    Expected stackmap frame at this location.
  Bytecode:
    0x0000000: b200 1859 c700 0757 b800 2204 324e 100a
    0x0000010: 2d03 0454 ac                           
" type="java.lang.VerifyError">java.lang.VerifyError: Expecting a stackmap frame at branch target 11
Exception Details:
  Location:
    A.k(J)I @4: ifnonnull
  Reason:
    Expected stackmap frame at this location.
  Bytecode:
    0x0000000: b200 1859 c700 0757 b800 2204 324e 100a
    0x0000010: 2d03 0454 ac                           

	at RandoopTest0.test381(RandoopTest0.java:17185)
</error>
  </testcase>
  <testcase classname="RandoopTest0" name="test382" time="0.0">
    <error message="Expecting a stackmap frame at branch target 11
Exception Details:
  Location:
    A.k(J)I @4: ifnonnull
  Reason:
    Expected stackmap frame at this location.
  Bytecode:
    0x0000000: b200 1859 c700 0757 b800 2204 324e 100a
    0x0000010: 2d03 0454 ac                           
" type="java.lang.VerifyError">java.lang.VerifyError: Expecting a stackmap frame at branch target 11
Exception Details:
  Location:
    A.k(J)I @4: ifnonnull
  Reason:
    Expected stackmap frame at this location.
  Bytecode:
    0x0000000: b200 1859 c700 0757 b800 2204 324e 100a
    0x0000010: 2d03 0454 ac                           

	at RandoopTest0.test382(RandoopTest0.java:17254)
</error>
  </testcase>
  <testcase classname="RandoopTest0" name="test383" time="0.001">
    <error message="Expecting a stackmap frame at branch target 11
Exception Details:
  Location:
    A.k(J)I @4: ifnonnull
  Reason:
    Expected stackmap frame at this location.
  Bytecode:
    0x0000000: b200 1859 c700 0757 b800 2204 324e 100a
    0x0000010: 2d03 0454 ac                           
" type="java.lang.VerifyError">java.lang.VerifyError: Expecting a stackmap frame at branch target 11
Exception Details:
  Location:
    A.k(J)I @4: ifnonnull
  Reason:
    Expected stackmap frame at this location.
  Bytecode:
    0x0000000: b200 1859 c700 0757 b800 2204 324e 100a
    0x0000010: 2d03 0454 ac                           

	at RandoopTest0.test383(RandoopTest0.java:17275)
</error>
  </testcase>
  <testcase classname="RandoopTest0" name="test384" time="0.0">
    <error message="Expecting a stackmap frame at branch target 11
Exception Details:
  Location:
    A.k(J)I @4: ifnonnull
  Reason:
    Expected stackmap frame at this location.
  Bytecode:
    0x0000000: b200 1859 c700 0757 b800 2204 324e 100a
    0x0000010: 2d03 0454 ac                           
" type="java.lang.VerifyError">java.lang.VerifyError: Expecting a stackmap frame at branch target 11
Exception Details:
  Location:
    A.k(J)I @4: ifnonnull
  Reason:
    Expected stackmap frame at this location.
  Bytecode:
    0x0000000: b200 1859 c700 0757 b800 2204 324e 100a
    0x0000010: 2d03 0454 ac                           

	at RandoopTest0.test384(RandoopTest0.java:17324)
</error>
  </testcase>
  <testcase classname="RandoopTest0" name="test385" time="0.001">
    <error message="Expecting a stackmap frame at branch target 11
Exception Details:
  Location:
    A.k(J)I @4: ifnonnull
  Reason:
    Expected stackmap frame at this location.
  Bytecode:
    0x0000000: b200 1859 c700 0757 b800 2204 324e 100a
    0x0000010: 2d03 0454 ac                           
" type="java.lang.VerifyError">java.lang.VerifyError: Expecting a stackmap frame at branch target 11
Exception Details:
  Location:
    A.k(J)I @4: ifnonnull
  Reason:
    Expected stackmap frame at this location.
  Bytecode:
    0x0000000: b200 1859 c700 0757 b800 2204 324e 100a
    0x0000010: 2d03 0454 ac                           

	at RandoopTest0.test385(RandoopTest0.java:17357)
</error>
  </testcase>
  <testcase classname="RandoopTest0" name="test386" time="0.001">
    <error message="Expecting a stackmap frame at branch target 11
Exception Details:
  Location:
    A.k(J)I @4: ifnonnull
  Reason:
    Expected stackmap frame at this location.
  Bytecode:
    0x0000000: b200 1859 c700 0757 b800 2204 324e 100a
    0x0000010: 2d03 0454 ac                           
" type="java.lang.VerifyError">java.lang.VerifyError: Expecting a stackmap frame at branch target 11
Exception Details:
  Location:
    A.k(J)I @4: ifnonnull
  Reason:
    Expected stackmap frame at this location.
  Bytecode:
    0x0000000: b200 1859 c700 0757 b800 2204 324e 100a
    0x0000010: 2d03 0454 ac                           

	at RandoopTest0.test386(RandoopTest0.java:17374)
</error>
  </testcase>
  <testcase classname="RandoopTest0" name="test387" time="0.0">
    <error message="Expecting a stackmap frame at branch target 11
Exception Details:
  Location:
    A.k(J)I @4: ifnonnull
  Reason:
    Expected stackmap frame at this location.
  Bytecode:
    0x0000000: b200 1859 c700 0757 b800 2204 324e 100a
    0x0000010: 2d03 0454 ac                           
" type="java.lang.VerifyError">java.lang.VerifyError: Expecting a stackmap frame at branch target 11
Exception Details:
  Location:
    A.k(J)I @4: ifnonnull
  Reason:
    Expected stackmap frame at this location.
  Bytecode:
    0x0000000: b200 1859 c700 0757 b800 2204 324e 100a
    0x0000010: 2d03 0454 ac                           

	at RandoopTest0.test387(RandoopTest0.java:17419)
</error>
  </testcase>
  <testcase classname="RandoopTest0" name="test388" time="0.001">
    <error message="Expecting a stackmap frame at branch target 11
Exception Details:
  Location:
    A.k(J)I @4: ifnonnull
  Reason:
    Expected stackmap frame at this location.
  Bytecode:
    0x0000000: b200 1859 c700 0757 b800 2204 324e 100a
    0x0000010: 2d03 0454 ac                           
" type="java.lang.VerifyError">java.lang.VerifyError: Expecting a stackmap frame at branch target 11
Exception Details:
  Location:
    A.k(J)I @4: ifnonnull
  Reason:
    Expected stackmap frame at this location.
  Bytecode:
    0x0000000: b200 1859 c700 0757 b800 2204 324e 100a
    0x0000010: 2d03 0454 ac                           

	at RandoopTest0.test388(RandoopTest0.java:17456)
</error>
  </testcase>
  <testcase classname="RandoopTest0" name="test389" time="0.0">
    <error message="Expecting a stackmap frame at branch target 11
Exception Details:
  Location:
    A.k(J)I @4: ifnonnull
  Reason:
    Expected stackmap frame at this location.
  Bytecode:
    0x0000000: b200 1859 c700 0757 b800 2204 324e 100a
    0x0000010: 2d03 0454 ac                           
" type="java.lang.VerifyError">java.lang.VerifyError: Expecting a stackmap frame at branch target 11
Exception Details:
  Location:
    A.k(J)I @4: ifnonnull
  Reason:
    Expected stackmap frame at this location.
  Bytecode:
    0x0000000: b200 1859 c700 0757 b800 2204 324e 100a
    0x0000010: 2d03 0454 ac                           

	at RandoopTest0.test389(RandoopTest0.java:17489)
</error>
  </testcase>
  <testcase classname="RandoopTest0" name="test390" time="0.0">
    <error message="Expecting a stackmap frame at branch target 11
Exception Details:
  Location:
    A.k(J)I @4: ifnonnull
  Reason:
    Expected stackmap frame at this location.
  Bytecode:
    0x0000000: b200 1859 c700 0757 b800 2204 324e 100a
    0x0000010: 2d03 0454 ac                           
" type="java.lang.VerifyError">java.lang.VerifyError: Expecting a stackmap frame at branch target 11
Exception Details:
  Location:
    A.k(J)I @4: ifnonnull
  Reason:
    Expected stackmap frame at this location.
  Bytecode:
    0x0000000: b200 1859 c700 0757 b800 2204 324e 100a
    0x0000010: 2d03 0454 ac                           

	at RandoopTest0.test390(RandoopTest0.java:17538)
</error>
  </testcase>
  <testcase classname="RandoopTest0" name="test391" time="0.001">
    <error message="Expecting a stackmap frame at branch target 11
Exception Details:
  Location:
    A.k(J)I @4: ifnonnull
  Reason:
    Expected stackmap frame at this location.
  Bytecode:
    0x0000000: b200 1859 c700 0757 b800 2204 324e 100a
    0x0000010: 2d03 0454 ac                           
" type="java.lang.VerifyError">java.lang.VerifyError: Expecting a stackmap frame at branch target 11
Exception Details:
  Location:
    A.k(J)I @4: ifnonnull
  Reason:
    Expected stackmap frame at this location.
  Bytecode:
    0x0000000: b200 1859 c700 0757 b800 2204 324e 100a
    0x0000010: 2d03 0454 ac                           

	at RandoopTest0.test391(RandoopTest0.java:17587)
</error>
  </testcase>
  <testcase classname="RandoopTest0" name="test392" time="0.0">
    <error message="Expecting a stackmap frame at branch target 11
Exception Details:
  Location:
    A.k(J)I @4: ifnonnull
  Reason:
    Expected stackmap frame at this location.
  Bytecode:
    0x0000000: b200 1859 c700 0757 b800 2204 324e 100a
    0x0000010: 2d03 0454 ac                           
" type="java.lang.VerifyError">java.lang.VerifyError: Expecting a stackmap frame at branch target 11
Exception Details:
  Location:
    A.k(J)I @4: ifnonnull
  Reason:
    Expected stackmap frame at this location.
  Bytecode:
    0x0000000: b200 1859 c700 0757 b800 2204 324e 100a
    0x0000010: 2d03 0454 ac                           

	at RandoopTest0.test392(RandoopTest0.java:17612)
</error>
  </testcase>
  <testcase classname="RandoopTest0" name="test393" time="0.0">
    <error message="Expecting a stackmap frame at branch target 11
Exception Details:
  Location:
    A.k(J)I @4: ifnonnull
  Reason:
    Expected stackmap frame at this location.
  Bytecode:
    0x0000000: b200 1859 c700 0757 b800 2204 324e 100a
    0x0000010: 2d03 0454 ac                           
" type="java.lang.VerifyError">java.lang.VerifyError: Expecting a stackmap frame at branch target 11
Exception Details:
  Location:
    A.k(J)I @4: ifnonnull
  Reason:
    Expected stackmap frame at this location.
  Bytecode:
    0x0000000: b200 1859 c700 0757 b800 2204 324e 100a
    0x0000010: 2d03 0454 ac                           

	at RandoopTest0.test393(RandoopTest0.java:17637)
</error>
  </testcase>
  <testcase classname="RandoopTest0" name="test394" time="0.001">
    <error message="Expecting a stackmap frame at branch target 11
Exception Details:
  Location:
    A.k(J)I @4: ifnonnull
  Reason:
    Expected stackmap frame at this location.
  Bytecode:
    0x0000000: b200 1859 c700 0757 b800 2204 324e 100a
    0x0000010: 2d03 0454 ac                           
" type="java.lang.VerifyError">java.lang.VerifyError: Expecting a stackmap frame at branch target 11
Exception Details:
  Location:
    A.k(J)I @4: ifnonnull
  Reason:
    Expected stackmap frame at this location.
  Bytecode:
    0x0000000: b200 1859 c700 0757 b800 2204 324e 100a
    0x0000010: 2d03 0454 ac                           

	at RandoopTest0.test394(RandoopTest0.java:17698)
</error>
  </testcase>
  <testcase classname="RandoopTest0" name="test395" time="0.0">
    <error message="Expecting a stackmap frame at branch target 11
Exception Details:
  Location:
    A.k(J)I @4: ifnonnull
  Reason:
    Expected stackmap frame at this location.
  Bytecode:
    0x0000000: b200 1859 c700 0757 b800 2204 324e 100a
    0x0000010: 2d03 0454 ac                           
" type="java.lang.VerifyError">java.lang.VerifyError: Expecting a stackmap frame at branch target 11
Exception Details:
  Location:
    A.k(J)I @4: ifnonnull
  Reason:
    Expected stackmap frame at this location.
  Bytecode:
    0x0000000: b200 1859 c700 0757 b800 2204 324e 100a
    0x0000010: 2d03 0454 ac                           

	at RandoopTest0.test395(RandoopTest0.java:17735)
</error>
  </testcase>
  <testcase classname="RandoopTest0" name="test396" time="0.0">
    <error message="Expecting a stackmap frame at branch target 11
Exception Details:
  Location:
    A.k(J)I @4: ifnonnull
  Reason:
    Expected stackmap frame at this location.
  Bytecode:
    0x0000000: b200 1859 c700 0757 b800 2204 324e 100a
    0x0000010: 2d03 0454 ac                           
" type="java.lang.VerifyError">java.lang.VerifyError: Expecting a stackmap frame at branch target 11
Exception Details:
  Location:
    A.k(J)I @4: ifnonnull
  Reason:
    Expected stackmap frame at this location.
  Bytecode:
    0x0000000: b200 1859 c700 0757 b800 2204 324e 100a
    0x0000010: 2d03 0454 ac                           

	at RandoopTest0.test396(RandoopTest0.java:17788)
</error>
  </testcase>
  <testcase classname="RandoopTest0" name="test397" time="0.0">
    <error message="Expecting a stackmap frame at branch target 11
Exception Details:
  Location:
    A.k(J)I @4: ifnonnull
  Reason:
    Expected stackmap frame at this location.
  Bytecode:
    0x0000000: b200 1859 c700 0757 b800 2204 324e 100a
    0x0000010: 2d03 0454 ac                           
" type="java.lang.VerifyError">java.lang.VerifyError: Expecting a stackmap frame at branch target 11
Exception Details:
  Location:
    A.k(J)I @4: ifnonnull
  Reason:
    Expected stackmap frame at this location.
  Bytecode:
    0x0000000: b200 1859 c700 0757 b800 2204 324e 100a
    0x0000010: 2d03 0454 ac                           

	at RandoopTest0.test397(RandoopTest0.java:17845)
</error>
  </testcase>
  <testcase classname="RandoopTest0" name="test398" time="0.0">
    <error message="Expecting a stackmap frame at branch target 11
Exception Details:
  Location:
    A.k(J)I @4: ifnonnull
  Reason:
    Expected stackmap frame at this location.
  Bytecode:
    0x0000000: b200 1859 c700 0757 b800 2204 324e 100a
    0x0000010: 2d03 0454 ac                           
" type="java.lang.VerifyError">java.lang.VerifyError: Expecting a stackmap frame at branch target 11
Exception Details:
  Location:
    A.k(J)I @4: ifnonnull
  Reason:
    Expected stackmap frame at this location.
  Bytecode:
    0x0000000: b200 1859 c700 0757 b800 2204 324e 100a
    0x0000010: 2d03 0454 ac                           

	at RandoopTest0.test398(RandoopTest0.java:17894)
</error>
  </testcase>
  <testcase classname="RandoopTest0" name="test399" time="0.0">
    <error message="Expecting a stackmap frame at branch target 11
Exception Details:
  Location:
    A.k(J)I @4: ifnonnull
  Reason:
    Expected stackmap frame at this location.
  Bytecode:
    0x0000000: b200 1859 c700 0757 b800 2204 324e 100a
    0x0000010: 2d03 0454 ac                           
" type="java.lang.VerifyError">java.lang.VerifyError: Expecting a stackmap frame at branch target 11
Exception Details:
  Location:
    A.k(J)I @4: ifnonnull
  Reason:
    Expected stackmap frame at this location.
  Bytecode:
    0x0000000: b200 1859 c700 0757 b800 2204 324e 100a
    0x0000010: 2d03 0454 ac                           

	at RandoopTest0.test399(RandoopTest0.java:17951)
</error>
  </testcase>
  <testcase classname="RandoopTest0" name="test400" time="0.0">
    <error message="Expecting a stackmap frame at branch target 11
Exception Details:
  Location:
    A.k(J)I @4: ifnonnull
  Reason:
    Expected stackmap frame at this location.
  Bytecode:
    0x0000000: b200 1859 c700 0757 b800 2204 324e 100a
    0x0000010: 2d03 0454 ac                           
" type="java.lang.VerifyError">java.lang.VerifyError: Expecting a stackmap frame at branch target 11
Exception Details:
  Location:
    A.k(J)I @4: ifnonnull
  Reason:
    Expected stackmap frame at this location.
  Bytecode:
    0x0000000: b200 1859 c700 0757 b800 2204 324e 100a
    0x0000010: 2d03 0454 ac                           

	at RandoopTest0.test400(RandoopTest0.java:18028)
</error>
  </testcase>
  <testcase classname="RandoopTest0" name="test401" time="0.0">
    <error message="Expecting a stackmap frame at branch target 11
Exception Details:
  Location:
    A.k(J)I @4: ifnonnull
  Reason:
    Expected stackmap frame at this location.
  Bytecode:
    0x0000000: b200 1859 c700 0757 b800 2204 324e 100a
    0x0000010: 2d03 0454 ac                           
" type="java.lang.VerifyError">java.lang.VerifyError: Expecting a stackmap frame at branch target 11
Exception Details:
  Location:
    A.k(J)I @4: ifnonnull
  Reason:
    Expected stackmap frame at this location.
  Bytecode:
    0x0000000: b200 1859 c700 0757 b800 2204 324e 100a
    0x0000010: 2d03 0454 ac                           

	at RandoopTest0.test401(RandoopTest0.java:18077)
</error>
  </testcase>
  <testcase classname="RandoopTest0" name="test402" time="0.0">
    <error message="Expecting a stackmap frame at branch target 11
Exception Details:
  Location:
    A.k(J)I @4: ifnonnull
  Reason:
    Expected stackmap frame at this location.
  Bytecode:
    0x0000000: b200 1859 c700 0757 b800 2204 324e 100a
    0x0000010: 2d03 0454 ac                           
" type="java.lang.VerifyError">java.lang.VerifyError: Expecting a stackmap frame at branch target 11
Exception Details:
  Location:
    A.k(J)I @4: ifnonnull
  Reason:
    Expected stackmap frame at this location.
  Bytecode:
    0x0000000: b200 1859 c700 0757 b800 2204 324e 100a
    0x0000010: 2d03 0454 ac                           

	at RandoopTest0.test402(RandoopTest0.java:18158)
</error>
  </testcase>
  <testcase classname="RandoopTest0" name="test403" time="0.0">
    <error message="Expecting a stackmap frame at branch target 11
Exception Details:
  Location:
    A.k(J)I @4: ifnonnull
  Reason:
    Expected stackmap frame at this location.
  Bytecode:
    0x0000000: b200 1859 c700 0757 b800 2204 324e 100a
    0x0000010: 2d03 0454 ac                           
" type="java.lang.VerifyError">java.lang.VerifyError: Expecting a stackmap frame at branch target 11
Exception Details:
  Location:
    A.k(J)I @4: ifnonnull
  Reason:
    Expected stackmap frame at this location.
  Bytecode:
    0x0000000: b200 1859 c700 0757 b800 2204 324e 100a
    0x0000010: 2d03 0454 ac                           

	at RandoopTest0.test403(RandoopTest0.java:18183)
</error>
  </testcase>
  <testcase classname="RandoopTest0" name="test404" time="0.0">
    <error message="Expecting a stackmap frame at branch target 11
Exception Details:
  Location:
    A.k(J)I @4: ifnonnull
  Reason:
    Expected stackmap frame at this location.
  Bytecode:
    0x0000000: b200 1859 c700 0757 b800 2204 324e 100a
    0x0000010: 2d03 0454 ac                           
" type="java.lang.VerifyError">java.lang.VerifyError: Expecting a stackmap frame at branch target 11
Exception Details:
  Location:
    A.k(J)I @4: ifnonnull
  Reason:
    Expected stackmap frame at this location.
  Bytecode:
    0x0000000: b200 1859 c700 0757 b800 2204 324e 100a
    0x0000010: 2d03 0454 ac                           

	at RandoopTest0.test404(RandoopTest0.java:18276)
</error>
  </testcase>
  <testcase classname="RandoopTest0" name="test405" time="0.0">
    <error message="Expecting a stackmap frame at branch target 11
Exception Details:
  Location:
    A.k(J)I @4: ifnonnull
  Reason:
    Expected stackmap frame at this location.
  Bytecode:
    0x0000000: b200 1859 c700 0757 b800 2204 324e 100a
    0x0000010: 2d03 0454 ac                           
" type="java.lang.VerifyError">java.lang.VerifyError: Expecting a stackmap frame at branch target 11
Exception Details:
  Location:
    A.k(J)I @4: ifnonnull
  Reason:
    Expected stackmap frame at this location.
  Bytecode:
    0x0000000: b200 1859 c700 0757 b800 2204 324e 100a
    0x0000010: 2d03 0454 ac                           

	at RandoopTest0.test405(RandoopTest0.java:18333)
</error>
  </testcase>
  <testcase classname="RandoopTest0" name="test406" time="0.001">
    <error message="Expecting a stackmap frame at branch target 11
Exception Details:
  Location:
    A.k(J)I @4: ifnonnull
  Reason:
    Expected stackmap frame at this location.
  Bytecode:
    0x0000000: b200 1859 c700 0757 b800 2204 324e 100a
    0x0000010: 2d03 0454 ac                           
" type="java.lang.VerifyError">java.lang.VerifyError: Expecting a stackmap frame at branch target 11
Exception Details:
  Location:
    A.k(J)I @4: ifnonnull
  Reason:
    Expected stackmap frame at this location.
  Bytecode:
    0x0000000: b200 1859 c700 0757 b800 2204 324e 100a
    0x0000010: 2d03 0454 ac                           

	at RandoopTest0.test406(RandoopTest0.java:18414)
</error>
  </testcase>
  <testcase classname="RandoopTest0" name="test407" time="0.0">
    <error message="Expecting a stackmap frame at branch target 11
Exception Details:
  Location:
    A.k(J)I @4: ifnonnull
  Reason:
    Expected stackmap frame at this location.
  Bytecode:
    0x0000000: b200 1859 c700 0757 b800 2204 324e 100a
    0x0000010: 2d03 0454 ac                           
" type="java.lang.VerifyError">java.lang.VerifyError: Expecting a stackmap frame at branch target 11
Exception Details:
  Location:
    A.k(J)I @4: ifnonnull
  Reason:
    Expected stackmap frame at this location.
  Bytecode:
    0x0000000: b200 1859 c700 0757 b800 2204 324e 100a
    0x0000010: 2d03 0454 ac                           

	at RandoopTest0.test407(RandoopTest0.java:18467)
</error>
  </testcase>
  <testcase classname="RandoopTest0" name="test408" time="0.0">
    <error message="Expecting a stackmap frame at branch target 11
Exception Details:
  Location:
    A.k(J)I @4: ifnonnull
  Reason:
    Expected stackmap frame at this location.
  Bytecode:
    0x0000000: b200 1859 c700 0757 b800 2204 324e 100a
    0x0000010: 2d03 0454 ac                           
" type="java.lang.VerifyError">java.lang.VerifyError: Expecting a stackmap frame at branch target 11
Exception Details:
  Location:
    A.k(J)I @4: ifnonnull
  Reason:
    Expected stackmap frame at this location.
  Bytecode:
    0x0000000: b200 1859 c700 0757 b800 2204 324e 100a
    0x0000010: 2d03 0454 ac                           

	at RandoopTest0.test408(RandoopTest0.java:18500)
</error>
  </testcase>
  <testcase classname="RandoopTest0" name="test409" time="0.0">
    <error message="Expecting a stackmap frame at branch target 11
Exception Details:
  Location:
    A.k(J)I @4: ifnonnull
  Reason:
    Expected stackmap frame at this location.
  Bytecode:
    0x0000000: b200 1859 c700 0757 b800 2204 324e 100a
    0x0000010: 2d03 0454 ac                           
" type="java.lang.VerifyError">java.lang.VerifyError: Expecting a stackmap frame at branch target 11
Exception Details:
  Location:
    A.k(J)I @4: ifnonnull
  Reason:
    Expected stackmap frame at this location.
  Bytecode:
    0x0000000: b200 1859 c700 0757 b800 2204 324e 100a
    0x0000010: 2d03 0454 ac                           

	at RandoopTest0.test409(RandoopTest0.java:18545)
</error>
  </testcase>
  <testcase classname="RandoopTest0" name="test410" time="0.001">
    <error message="Expecting a stackmap frame at branch target 11
Exception Details:
  Location:
    A.k(J)I @4: ifnonnull
  Reason:
    Expected stackmap frame at this location.
  Bytecode:
    0x0000000: b200 1859 c700 0757 b800 2204 324e 100a
    0x0000010: 2d03 0454 ac                           
" type="java.lang.VerifyError">java.lang.VerifyError: Expecting a stackmap frame at branch target 11
Exception Details:
  Location:
    A.k(J)I @4: ifnonnull
  Reason:
    Expected stackmap frame at this location.
  Bytecode:
    0x0000000: b200 1859 c700 0757 b800 2204 324e 100a
    0x0000010: 2d03 0454 ac                           

	at RandoopTest0.test410(RandoopTest0.java:18594)
</error>
  </testcase>
  <testcase classname="RandoopTest0" name="test411" time="0.0">
    <error message="Expecting a stackmap frame at branch target 11
Exception Details:
  Location:
    A.k(J)I @4: ifnonnull
  Reason:
    Expected stackmap frame at this location.
  Bytecode:
    0x0000000: b200 1859 c700 0757 b800 2204 324e 100a
    0x0000010: 2d03 0454 ac                           
" type="java.lang.VerifyError">java.lang.VerifyError: Expecting a stackmap frame at branch target 11
Exception Details:
  Location:
    A.k(J)I @4: ifnonnull
  Reason:
    Expected stackmap frame at this location.
  Bytecode:
    0x0000000: b200 1859 c700 0757 b800 2204 324e 100a
    0x0000010: 2d03 0454 ac                           

	at RandoopTest0.test411(RandoopTest0.java:18627)
</error>
  </testcase>
  <testcase classname="RandoopTest0" name="test412" time="0.0">
    <error message="Expecting a stackmap frame at branch target 11
Exception Details:
  Location:
    A.k(J)I @4: ifnonnull
  Reason:
    Expected stackmap frame at this location.
  Bytecode:
    0x0000000: b200 1859 c700 0757 b800 2204 324e 100a
    0x0000010: 2d03 0454 ac                           
" type="java.lang.VerifyError">java.lang.VerifyError: Expecting a stackmap frame at branch target 11
Exception Details:
  Location:
    A.k(J)I @4: ifnonnull
  Reason:
    Expected stackmap frame at this location.
  Bytecode:
    0x0000000: b200 1859 c700 0757 b800 2204 324e 100a
    0x0000010: 2d03 0454 ac                           

	at RandoopTest0.test412(RandoopTest0.java:18708)
</error>
  </testcase>
  <testcase classname="RandoopTest0" name="test413" time="0.0">
    <error message="Expecting a stackmap frame at branch target 11
Exception Details:
  Location:
    A.k(J)I @4: ifnonnull
  Reason:
    Expected stackmap frame at this location.
  Bytecode:
    0x0000000: b200 1859 c700 0757 b800 2204 324e 100a
    0x0000010: 2d03 0454 ac                           
" type="java.lang.VerifyError">java.lang.VerifyError: Expecting a stackmap frame at branch target 11
Exception Details:
  Location:
    A.k(J)I @4: ifnonnull
  Reason:
    Expected stackmap frame at this location.
  Bytecode:
    0x0000000: b200 1859 c700 0757 b800 2204 324e 100a
    0x0000010: 2d03 0454 ac                           

	at RandoopTest0.test413(RandoopTest0.java:18757)
</error>
  </testcase>
  <testcase classname="RandoopTest0" name="test414" time="0.001">
    <error message="Expecting a stackmap frame at branch target 11
Exception Details:
  Location:
    A.k(J)I @4: ifnonnull
  Reason:
    Expected stackmap frame at this location.
  Bytecode:
    0x0000000: b200 1859 c700 0757 b800 2204 324e 100a
    0x0000010: 2d03 0454 ac                           
" type="java.lang.VerifyError">java.lang.VerifyError: Expecting a stackmap frame at branch target 11
Exception Details:
  Location:
    A.k(J)I @4: ifnonnull
  Reason:
    Expected stackmap frame at this location.
  Bytecode:
    0x0000000: b200 1859 c700 0757 b800 2204 324e 100a
    0x0000010: 2d03 0454 ac                           

	at RandoopTest0.test414(RandoopTest0.java:18798)
</error>
  </testcase>
  <testcase classname="RandoopTest0" name="test415" time="0.0">
    <error message="Expecting a stackmap frame at branch target 11
Exception Details:
  Location:
    A.k(J)I @4: ifnonnull
  Reason:
    Expected stackmap frame at this location.
  Bytecode:
    0x0000000: b200 1859 c700 0757 b800 2204 324e 100a
    0x0000010: 2d03 0454 ac                           
" type="java.lang.VerifyError">java.lang.VerifyError: Expecting a stackmap frame at branch target 11
Exception Details:
  Location:
    A.k(J)I @4: ifnonnull
  Reason:
    Expected stackmap frame at this location.
  Bytecode:
    0x0000000: b200 1859 c700 0757 b800 2204 324e 100a
    0x0000010: 2d03 0454 ac                           

	at RandoopTest0.test415(RandoopTest0.java:18863)
</error>
  </testcase>
  <testcase classname="RandoopTest0" name="test416" time="0.0">
    <error message="Expecting a stackmap frame at branch target 11
Exception Details:
  Location:
    A.k(J)I @4: ifnonnull
  Reason:
    Expected stackmap frame at this location.
  Bytecode:
    0x0000000: b200 1859 c700 0757 b800 2204 324e 100a
    0x0000010: 2d03 0454 ac                           
" type="java.lang.VerifyError">java.lang.VerifyError: Expecting a stackmap frame at branch target 11
Exception Details:
  Location:
    A.k(J)I @4: ifnonnull
  Reason:
    Expected stackmap frame at this location.
  Bytecode:
    0x0000000: b200 1859 c700 0757 b800 2204 324e 100a
    0x0000010: 2d03 0454 ac                           

	at RandoopTest0.test416(RandoopTest0.java:18900)
</error>
  </testcase>
  <testcase classname="RandoopTest0" name="test417" time="0.0">
    <error message="Expecting a stackmap frame at branch target 11
Exception Details:
  Location:
    A.k(J)I @4: ifnonnull
  Reason:
    Expected stackmap frame at this location.
  Bytecode:
    0x0000000: b200 1859 c700 0757 b800 2204 324e 100a
    0x0000010: 2d03 0454 ac                           
" type="java.lang.VerifyError">java.lang.VerifyError: Expecting a stackmap frame at branch target 11
Exception Details:
  Location:
    A.k(J)I @4: ifnonnull
  Reason:
    Expected stackmap frame at this location.
  Bytecode:
    0x0000000: b200 1859 c700 0757 b800 2204 324e 100a
    0x0000010: 2d03 0454 ac                           

	at RandoopTest0.test417(RandoopTest0.java:18961)
</error>
  </testcase>
  <testcase classname="RandoopTest0" name="test418" time="0.0">
    <error message="Expecting a stackmap frame at branch target 11
Exception Details:
  Location:
    A.k(J)I @4: ifnonnull
  Reason:
    Expected stackmap frame at this location.
  Bytecode:
    0x0000000: b200 1859 c700 0757 b800 2204 324e 100a
    0x0000010: 2d03 0454 ac                           
" type="java.lang.VerifyError">java.lang.VerifyError: Expecting a stackmap frame at branch target 11
Exception Details:
  Location:
    A.k(J)I @4: ifnonnull
  Reason:
    Expected stackmap frame at this location.
  Bytecode:
    0x0000000: b200 1859 c700 0757 b800 2204 324e 100a
    0x0000010: 2d03 0454 ac                           

	at RandoopTest0.test418(RandoopTest0.java:19014)
</error>
  </testcase>
  <testcase classname="RandoopTest0" name="test419" time="0.001">
    <error message="Expecting a stackmap frame at branch target 11
Exception Details:
  Location:
    A.k(J)I @4: ifnonnull
  Reason:
    Expected stackmap frame at this location.
  Bytecode:
    0x0000000: b200 1859 c700 0757 b800 2204 324e 100a
    0x0000010: 2d03 0454 ac                           
" type="java.lang.VerifyError">java.lang.VerifyError: Expecting a stackmap frame at branch target 11
Exception Details:
  Location:
    A.k(J)I @4: ifnonnull
  Reason:
    Expected stackmap frame at this location.
  Bytecode:
    0x0000000: b200 1859 c700 0757 b800 2204 324e 100a
    0x0000010: 2d03 0454 ac                           

	at RandoopTest0.test419(RandoopTest0.java:19095)
</error>
  </testcase>
  <testcase classname="RandoopTest0" name="test420" time="0.0">
    <error message="Expecting a stackmap frame at branch target 11
Exception Details:
  Location:
    A.k(J)I @4: ifnonnull
  Reason:
    Expected stackmap frame at this location.
  Bytecode:
    0x0000000: b200 1859 c700 0757 b800 2204 324e 100a
    0x0000010: 2d03 0454 ac                           
" type="java.lang.VerifyError">java.lang.VerifyError: Expecting a stackmap frame at branch target 11
Exception Details:
  Location:
    A.k(J)I @4: ifnonnull
  Reason:
    Expected stackmap frame at this location.
  Bytecode:
    0x0000000: b200 1859 c700 0757 b800 2204 324e 100a
    0x0000010: 2d03 0454 ac                           

	at RandoopTest0.test420(RandoopTest0.java:19124)
</error>
  </testcase>
  <testcase classname="RandoopTest0" name="test421" time="0.0">
    <error message="Expecting a stackmap frame at branch target 11
Exception Details:
  Location:
    A.k(J)I @4: ifnonnull
  Reason:
    Expected stackmap frame at this location.
  Bytecode:
    0x0000000: b200 1859 c700 0757 b800 2204 324e 100a
    0x0000010: 2d03 0454 ac                           
" type="java.lang.VerifyError">java.lang.VerifyError: Expecting a stackmap frame at branch target 11
Exception Details:
  Location:
    A.k(J)I @4: ifnonnull
  Reason:
    Expected stackmap frame at this location.
  Bytecode:
    0x0000000: b200 1859 c700 0757 b800 2204 324e 100a
    0x0000010: 2d03 0454 ac                           

	at RandoopTest0.test421(RandoopTest0.java:19157)
</error>
  </testcase>
  <testcase classname="RandoopTest0" name="test422" time="0.0">
    <error message="Expecting a stackmap frame at branch target 11
Exception Details:
  Location:
    A.k(J)I @4: ifnonnull
  Reason:
    Expected stackmap frame at this location.
  Bytecode:
    0x0000000: b200 1859 c700 0757 b800 2204 324e 100a
    0x0000010: 2d03 0454 ac                           
" type="java.lang.VerifyError">java.lang.VerifyError: Expecting a stackmap frame at branch target 11
Exception Details:
  Location:
    A.k(J)I @4: ifnonnull
  Reason:
    Expected stackmap frame at this location.
  Bytecode:
    0x0000000: b200 1859 c700 0757 b800 2204 324e 100a
    0x0000010: 2d03 0454 ac                           

	at RandoopTest0.test422(RandoopTest0.java:19210)
</error>
  </testcase>
  <testcase classname="RandoopTest0" name="test423" time="0.001">
    <error message="Expecting a stackmap frame at branch target 11
Exception Details:
  Location:
    A.k(J)I @4: ifnonnull
  Reason:
    Expected stackmap frame at this location.
  Bytecode:
    0x0000000: b200 1859 c700 0757 b800 2204 324e 100a
    0x0000010: 2d03 0454 ac                           
" type="java.lang.VerifyError">java.lang.VerifyError: Expecting a stackmap frame at branch target 11
Exception Details:
  Location:
    A.k(J)I @4: ifnonnull
  Reason:
    Expected stackmap frame at this location.
  Bytecode:
    0x0000000: b200 1859 c700 0757 b800 2204 324e 100a
    0x0000010: 2d03 0454 ac                           

	at RandoopTest0.test423(RandoopTest0.java:19263)
</error>
  </testcase>
  <testcase classname="RandoopTest0" name="test424" time="0.0">
    <error message="Expecting a stackmap frame at branch target 11
Exception Details:
  Location:
    A.k(J)I @4: ifnonnull
  Reason:
    Expected stackmap frame at this location.
  Bytecode:
    0x0000000: b200 1859 c700 0757 b800 2204 324e 100a
    0x0000010: 2d03 0454 ac                           
" type="java.lang.VerifyError">java.lang.VerifyError: Expecting a stackmap frame at branch target 11
Exception Details:
  Location:
    A.k(J)I @4: ifnonnull
  Reason:
    Expected stackmap frame at this location.
  Bytecode:
    0x0000000: b200 1859 c700 0757 b800 2204 324e 100a
    0x0000010: 2d03 0454 ac                           

	at RandoopTest0.test424(RandoopTest0.java:19316)
</error>
  </testcase>
  <testcase classname="RandoopTest0" name="test425" time="0.0">
    <error message="Expecting a stackmap frame at branch target 11
Exception Details:
  Location:
    A.k(J)I @4: ifnonnull
  Reason:
    Expected stackmap frame at this location.
  Bytecode:
    0x0000000: b200 1859 c700 0757 b800 2204 324e 100a
    0x0000010: 2d03 0454 ac                           
" type="java.lang.VerifyError">java.lang.VerifyError: Expecting a stackmap frame at branch target 11
Exception Details:
  Location:
    A.k(J)I @4: ifnonnull
  Reason:
    Expected stackmap frame at this location.
  Bytecode:
    0x0000000: b200 1859 c700 0757 b800 2204 324e 100a
    0x0000010: 2d03 0454 ac                           

	at RandoopTest0.test425(RandoopTest0.java:19345)
</error>
  </testcase>
  <testcase classname="RandoopTest0" name="test426" time="0.0">
    <error message="Expecting a stackmap frame at branch target 11
Exception Details:
  Location:
    A.k(J)I @4: ifnonnull
  Reason:
    Expected stackmap frame at this location.
  Bytecode:
    0x0000000: b200 1859 c700 0757 b800 2204 324e 100a
    0x0000010: 2d03 0454 ac                           
" type="java.lang.VerifyError">java.lang.VerifyError: Expecting a stackmap frame at branch target 11
Exception Details:
  Location:
    A.k(J)I @4: ifnonnull
  Reason:
    Expected stackmap frame at this location.
  Bytecode:
    0x0000000: b200 1859 c700 0757 b800 2204 324e 100a
    0x0000010: 2d03 0454 ac                           

	at RandoopTest0.test426(RandoopTest0.java:19374)
</error>
  </testcase>
  <testcase classname="RandoopTest0" name="test427" time="0.0">
    <error message="Expecting a stackmap frame at branch target 11
Exception Details:
  Location:
    A.k(J)I @4: ifnonnull
  Reason:
    Expected stackmap frame at this location.
  Bytecode:
    0x0000000: b200 1859 c700 0757 b800 2204 324e 100a
    0x0000010: 2d03 0454 ac                           
" type="java.lang.VerifyError">java.lang.VerifyError: Expecting a stackmap frame at branch target 11
Exception Details:
  Location:
    A.k(J)I @4: ifnonnull
  Reason:
    Expected stackmap frame at this location.
  Bytecode:
    0x0000000: b200 1859 c700 0757 b800 2204 324e 100a
    0x0000010: 2d03 0454 ac                           

	at RandoopTest0.test427(RandoopTest0.java:19415)
</error>
  </testcase>
  <testcase classname="RandoopTest0" name="test428" time="0.001">
    <error message="Expecting a stackmap frame at branch target 11
Exception Details:
  Location:
    A.k(J)I @4: ifnonnull
  Reason:
    Expected stackmap frame at this location.
  Bytecode:
    0x0000000: b200 1859 c700 0757 b800 2204 324e 100a
    0x0000010: 2d03 0454 ac                           
" type="java.lang.VerifyError">java.lang.VerifyError: Expecting a stackmap frame at branch target 11
Exception Details:
  Location:
    A.k(J)I @4: ifnonnull
  Reason:
    Expected stackmap frame at this location.
  Bytecode:
    0x0000000: b200 1859 c700 0757 b800 2204 324e 100a
    0x0000010: 2d03 0454 ac                           

	at RandoopTest0.test428(RandoopTest0.java:19468)
</error>
  </testcase>
  <testcase classname="RandoopTest0" name="test429" time="0.0">
    <error message="Expecting a stackmap frame at branch target 11
Exception Details:
  Location:
    A.k(J)I @4: ifnonnull
  Reason:
    Expected stackmap frame at this location.
  Bytecode:
    0x0000000: b200 1859 c700 0757 b800 2204 324e 100a
    0x0000010: 2d03 0454 ac                           
" type="java.lang.VerifyError">java.lang.VerifyError: Expecting a stackmap frame at branch target 11
Exception Details:
  Location:
    A.k(J)I @4: ifnonnull
  Reason:
    Expected stackmap frame at this location.
  Bytecode:
    0x0000000: b200 1859 c700 0757 b800 2204 324e 100a
    0x0000010: 2d03 0454 ac                           

	at RandoopTest0.test429(RandoopTest0.java:19513)
</error>
  </testcase>
  <testcase classname="RandoopTest0" name="test430" time="0.0">
    <error message="Expecting a stackmap frame at branch target 11
Exception Details:
  Location:
    A.k(J)I @4: ifnonnull
  Reason:
    Expected stackmap frame at this location.
  Bytecode:
    0x0000000: b200 1859 c700 0757 b800 2204 324e 100a
    0x0000010: 2d03 0454 ac                           
" type="java.lang.VerifyError">java.lang.VerifyError: Expecting a stackmap frame at branch target 11
Exception Details:
  Location:
    A.k(J)I @4: ifnonnull
  Reason:
    Expected stackmap frame at this location.
  Bytecode:
    0x0000000: b200 1859 c700 0757 b800 2204 324e 100a
    0x0000010: 2d03 0454 ac                           

	at RandoopTest0.test430(RandoopTest0.java:19550)
</error>
  </testcase>
  <testcase classname="RandoopTest0" name="test431" time="0.0">
    <error message="Expecting a stackmap frame at branch target 11
Exception Details:
  Location:
    A.k(J)I @4: ifnonnull
  Reason:
    Expected stackmap frame at this location.
  Bytecode:
    0x0000000: b200 1859 c700 0757 b800 2204 324e 100a
    0x0000010: 2d03 0454 ac                           
" type="java.lang.VerifyError">java.lang.VerifyError: Expecting a stackmap frame at branch target 11
Exception Details:
  Location:
    A.k(J)I @4: ifnonnull
  Reason:
    Expected stackmap frame at this location.
  Bytecode:
    0x0000000: b200 1859 c700 0757 b800 2204 324e 100a
    0x0000010: 2d03 0454 ac                           

	at RandoopTest0.test431(RandoopTest0.java:19611)
</error>
  </testcase>
  <testcase classname="RandoopTest0" name="test432" time="0.001">
    <error message="Expecting a stackmap frame at branch target 11
Exception Details:
  Location:
    A.k(J)I @4: ifnonnull
  Reason:
    Expected stackmap frame at this location.
  Bytecode:
    0x0000000: b200 1859 c700 0757 b800 2204 324e 100a
    0x0000010: 2d03 0454 ac                           
" type="java.lang.VerifyError">java.lang.VerifyError: Expecting a stackmap frame at branch target 11
Exception Details:
  Location:
    A.k(J)I @4: ifnonnull
  Reason:
    Expected stackmap frame at this location.
  Bytecode:
    0x0000000: b200 1859 c700 0757 b800 2204 324e 100a
    0x0000010: 2d03 0454 ac                           

	at RandoopTest0.test432(RandoopTest0.java:19652)
</error>
  </testcase>
  <testcase classname="RandoopTest0" name="test433" time="0.0">
    <error message="Expecting a stackmap frame at branch target 11
Exception Details:
  Location:
    A.k(J)I @4: ifnonnull
  Reason:
    Expected stackmap frame at this location.
  Bytecode:
    0x0000000: b200 1859 c700 0757 b800 2204 324e 100a
    0x0000010: 2d03 0454 ac                           
" type="java.lang.VerifyError">java.lang.VerifyError: Expecting a stackmap frame at branch target 11
Exception Details:
  Location:
    A.k(J)I @4: ifnonnull
  Reason:
    Expected stackmap frame at this location.
  Bytecode:
    0x0000000: b200 1859 c700 0757 b800 2204 324e 100a
    0x0000010: 2d03 0454 ac                           

	at RandoopTest0.test433(RandoopTest0.java:19701)
</error>
  </testcase>
  <testcase classname="RandoopTest0" name="test434" time="0.0">
    <error message="Expecting a stackmap frame at branch target 11
Exception Details:
  Location:
    A.k(J)I @4: ifnonnull
  Reason:
    Expected stackmap frame at this location.
  Bytecode:
    0x0000000: b200 1859 c700 0757 b800 2204 324e 100a
    0x0000010: 2d03 0454 ac                           
" type="java.lang.VerifyError">java.lang.VerifyError: Expecting a stackmap frame at branch target 11
Exception Details:
  Location:
    A.k(J)I @4: ifnonnull
  Reason:
    Expected stackmap frame at this location.
  Bytecode:
    0x0000000: b200 1859 c700 0757 b800 2204 324e 100a
    0x0000010: 2d03 0454 ac                           

	at RandoopTest0.test434(RandoopTest0.java:19774)
</error>
  </testcase>
  <testcase classname="RandoopTest0" name="test435" time="0.003">
    <error message="Expecting a stackmap frame at branch target 11
Exception Details:
  Location:
    A.k(J)I @4: ifnonnull
  Reason:
    Expected stackmap frame at this location.
  Bytecode:
    0x0000000: b200 1859 c700 0757 b800 2204 324e 100a
    0x0000010: 2d03 0454 ac                           
" type="java.lang.VerifyError">java.lang.VerifyError: Expecting a stackmap frame at branch target 11
Exception Details:
  Location:
    A.k(J)I @4: ifnonnull
  Reason:
    Expected stackmap frame at this location.
  Bytecode:
    0x0000000: b200 1859 c700 0757 b800 2204 324e 100a
    0x0000010: 2d03 0454 ac                           

	at RandoopTest0.test435(RandoopTest0.java:19835)
</error>
  </testcase>
  <testcase classname="RandoopTest0" name="test436" time="0.001">
    <error message="Expecting a stackmap frame at branch target 11
Exception Details:
  Location:
    A.k(J)I @4: ifnonnull
  Reason:
    Expected stackmap frame at this location.
  Bytecode:
    0x0000000: b200 1859 c700 0757 b800 2204 324e 100a
    0x0000010: 2d03 0454 ac                           
" type="java.lang.VerifyError">java.lang.VerifyError: Expecting a stackmap frame at branch target 11
Exception Details:
  Location:
    A.k(J)I @4: ifnonnull
  Reason:
    Expected stackmap frame at this location.
  Bytecode:
    0x0000000: b200 1859 c700 0757 b800 2204 324e 100a
    0x0000010: 2d03 0454 ac                           

	at RandoopTest0.test436(RandoopTest0.java:19900)
</error>
  </testcase>
  <testcase classname="RandoopTest0" name="test437" time="0.0">
    <error message="Expecting a stackmap frame at branch target 11
Exception Details:
  Location:
    A.k(J)I @4: ifnonnull
  Reason:
    Expected stackmap frame at this location.
  Bytecode:
    0x0000000: b200 1859 c700 0757 b800 2204 324e 100a
    0x0000010: 2d03 0454 ac                           
" type="java.lang.VerifyError">java.lang.VerifyError: Expecting a stackmap frame at branch target 11
Exception Details:
  Location:
    A.k(J)I @4: ifnonnull
  Reason:
    Expected stackmap frame at this location.
  Bytecode:
    0x0000000: b200 1859 c700 0757 b800 2204 324e 100a
    0x0000010: 2d03 0454 ac                           

	at RandoopTest0.test437(RandoopTest0.java:19969)
</error>
  </testcase>
  <testcase classname="RandoopTest0" name="test438" time="0.0">
    <error message="Expecting a stackmap frame at branch target 11
Exception Details:
  Location:
    A.k(J)I @4: ifnonnull
  Reason:
    Expected stackmap frame at this location.
  Bytecode:
    0x0000000: b200 1859 c700 0757 b800 2204 324e 100a
    0x0000010: 2d03 0454 ac                           
" type="java.lang.VerifyError">java.lang.VerifyError: Expecting a stackmap frame at branch target 11
Exception Details:
  Location:
    A.k(J)I @4: ifnonnull
  Reason:
    Expected stackmap frame at this location.
  Bytecode:
    0x0000000: b200 1859 c700 0757 b800 2204 324e 100a
    0x0000010: 2d03 0454 ac                           

	at RandoopTest0.test438(RandoopTest0.java:20038)
</error>
  </testcase>
  <testcase classname="RandoopTest0" name="test439" time="0.0">
    <error message="Expecting a stackmap frame at branch target 11
Exception Details:
  Location:
    A.k(J)I @4: ifnonnull
  Reason:
    Expected stackmap frame at this location.
  Bytecode:
    0x0000000: b200 1859 c700 0757 b800 2204 324e 100a
    0x0000010: 2d03 0454 ac                           
" type="java.lang.VerifyError">java.lang.VerifyError: Expecting a stackmap frame at branch target 11
Exception Details:
  Location:
    A.k(J)I @4: ifnonnull
  Reason:
    Expected stackmap frame at this location.
  Bytecode:
    0x0000000: b200 1859 c700 0757 b800 2204 324e 100a
    0x0000010: 2d03 0454 ac                           

	at RandoopTest0.test439(RandoopTest0.java:20079)
</error>
  </testcase>
  <testcase classname="RandoopTest0" name="test440" time="0.0">
    <error message="Expecting a stackmap frame at branch target 11
Exception Details:
  Location:
    A.k(J)I @4: ifnonnull
  Reason:
    Expected stackmap frame at this location.
  Bytecode:
    0x0000000: b200 1859 c700 0757 b800 2204 324e 100a
    0x0000010: 2d03 0454 ac                           
" type="java.lang.VerifyError">java.lang.VerifyError: Expecting a stackmap frame at branch target 11
Exception Details:
  Location:
    A.k(J)I @4: ifnonnull
  Reason:
    Expected stackmap frame at this location.
  Bytecode:
    0x0000000: b200 1859 c700 0757 b800 2204 324e 100a
    0x0000010: 2d03 0454 ac                           

	at RandoopTest0.test440(RandoopTest0.java:20148)
</error>
  </testcase>
  <testcase classname="RandoopTest0" name="test441" time="0.0">
    <error message="Expecting a stackmap frame at branch target 11
Exception Details:
  Location:
    A.k(J)I @4: ifnonnull
  Reason:
    Expected stackmap frame at this location.
  Bytecode:
    0x0000000: b200 1859 c700 0757 b800 2204 324e 100a
    0x0000010: 2d03 0454 ac                           
" type="java.lang.VerifyError">java.lang.VerifyError: Expecting a stackmap frame at branch target 11
Exception Details:
  Location:
    A.k(J)I @4: ifnonnull
  Reason:
    Expected stackmap frame at this location.
  Bytecode:
    0x0000000: b200 1859 c700 0757 b800 2204 324e 100a
    0x0000010: 2d03 0454 ac                           

	at RandoopTest0.test441(RandoopTest0.java:20181)
</error>
  </testcase>
  <testcase classname="RandoopTest0" name="test442" time="0.0">
    <error message="Expecting a stackmap frame at branch target 11
Exception Details:
  Location:
    A.k(J)I @4: ifnonnull
  Reason:
    Expected stackmap frame at this location.
  Bytecode:
    0x0000000: b200 1859 c700 0757 b800 2204 324e 100a
    0x0000010: 2d03 0454 ac                           
" type="java.lang.VerifyError">java.lang.VerifyError: Expecting a stackmap frame at branch target 11
Exception Details:
  Location:
    A.k(J)I @4: ifnonnull
  Reason:
    Expected stackmap frame at this location.
  Bytecode:
    0x0000000: b200 1859 c700 0757 b800 2204 324e 100a
    0x0000010: 2d03 0454 ac                           

	at RandoopTest0.test442(RandoopTest0.java:20234)
</error>
  </testcase>
  <testcase classname="RandoopTest0" name="test443" time="0.065">
    <error message="Expecting a stackmap frame at branch target 11
Exception Details:
  Location:
    A.k(J)I @4: ifnonnull
  Reason:
    Expected stackmap frame at this location.
  Bytecode:
    0x0000000: b200 1859 c700 0757 b800 2204 324e 100a
    0x0000010: 2d03 0454 ac                           
" type="java.lang.VerifyError">java.lang.VerifyError: Expecting a stackmap frame at branch target 11
Exception Details:
  Location:
    A.k(J)I @4: ifnonnull
  Reason:
    Expected stackmap frame at this location.
  Bytecode:
    0x0000000: b200 1859 c700 0757 b800 2204 324e 100a
    0x0000010: 2d03 0454 ac                           

	at RandoopTest0.test443(RandoopTest0.java:20307)
</error>
  </testcase>
  <testcase classname="RandoopTest0" name="test444" time="0.0">
    <error message="Expecting a stackmap frame at branch target 11
Exception Details:
  Location:
    A.k(J)I @4: ifnonnull
  Reason:
    Expected stackmap frame at this location.
  Bytecode:
    0x0000000: b200 1859 c700 0757 b800 2204 324e 100a
    0x0000010: 2d03 0454 ac                           
" type="java.lang.VerifyError">java.lang.VerifyError: Expecting a stackmap frame at branch target 11
Exception Details:
  Location:
    A.k(J)I @4: ifnonnull
  Reason:
    Expected stackmap frame at this location.
  Bytecode:
    0x0000000: b200 1859 c700 0757 b800 2204 324e 100a
    0x0000010: 2d03 0454 ac                           

	at RandoopTest0.test444(RandoopTest0.java:20340)
</error>
  </testcase>
  <testcase classname="RandoopTest0" name="test445" time="0.0">
    <error message="Expecting a stackmap frame at branch target 11
Exception Details:
  Location:
    A.k(J)I @4: ifnonnull
  Reason:
    Expected stackmap frame at this location.
  Bytecode:
    0x0000000: b200 1859 c700 0757 b800 2204 324e 100a
    0x0000010: 2d03 0454 ac                           
" type="java.lang.VerifyError">java.lang.VerifyError: Expecting a stackmap frame at branch target 11
Exception Details:
  Location:
    A.k(J)I @4: ifnonnull
  Reason:
    Expected stackmap frame at this location.
  Bytecode:
    0x0000000: b200 1859 c700 0757 b800 2204 324e 100a
    0x0000010: 2d03 0454 ac                           

	at RandoopTest0.test445(RandoopTest0.java:20429)
</error>
  </testcase>
  <testcase classname="RandoopTest0" name="test446" time="0.0">
    <error message="Expecting a stackmap frame at branch target 11
Exception Details:
  Location:
    A.k(J)I @4: ifnonnull
  Reason:
    Expected stackmap frame at this location.
  Bytecode:
    0x0000000: b200 1859 c700 0757 b800 2204 324e 100a
    0x0000010: 2d03 0454 ac                           
" type="java.lang.VerifyError">java.lang.VerifyError: Expecting a stackmap frame at branch target 11
Exception Details:
  Location:
    A.k(J)I @4: ifnonnull
  Reason:
    Expected stackmap frame at this location.
  Bytecode:
    0x0000000: b200 1859 c700 0757 b800 2204 324e 100a
    0x0000010: 2d03 0454 ac                           

	at RandoopTest0.test446(RandoopTest0.java:20458)
</error>
  </testcase>
  <testcase classname="RandoopTest0" name="test447" time="0.0">
    <error message="Expecting a stackmap frame at branch target 11
Exception Details:
  Location:
    A.k(J)I @4: ifnonnull
  Reason:
    Expected stackmap frame at this location.
  Bytecode:
    0x0000000: b200 1859 c700 0757 b800 2204 324e 100a
    0x0000010: 2d03 0454 ac                           
" type="java.lang.VerifyError">java.lang.VerifyError: Expecting a stackmap frame at branch target 11
Exception Details:
  Location:
    A.k(J)I @4: ifnonnull
  Reason:
    Expected stackmap frame at this location.
  Bytecode:
    0x0000000: b200 1859 c700 0757 b800 2204 324e 100a
    0x0000010: 2d03 0454 ac                           

	at RandoopTest0.test447(RandoopTest0.java:20483)
</error>
  </testcase>
  <testcase classname="RandoopTest0" name="test448" time="0.0">
    <error message="Expecting a stackmap frame at branch target 11
Exception Details:
  Location:
    A.k(J)I @4: ifnonnull
  Reason:
    Expected stackmap frame at this location.
  Bytecode:
    0x0000000: b200 1859 c700 0757 b800 2204 324e 100a
    0x0000010: 2d03 0454 ac                           
" type="java.lang.VerifyError">java.lang.VerifyError: Expecting a stackmap frame at branch target 11
Exception Details:
  Location:
    A.k(J)I @4: ifnonnull
  Reason:
    Expected stackmap frame at this location.
  Bytecode:
    0x0000000: b200 1859 c700 0757 b800 2204 324e 100a
    0x0000010: 2d03 0454 ac                           

	at RandoopTest0.test448(RandoopTest0.java:20536)
</error>
  </testcase>
  <testcase classname="RandoopTest0" name="test449" time="0.001">
    <error message="Expecting a stackmap frame at branch target 11
Exception Details:
  Location:
    A.k(J)I @4: ifnonnull
  Reason:
    Expected stackmap frame at this location.
  Bytecode:
    0x0000000: b200 1859 c700 0757 b800 2204 324e 100a
    0x0000010: 2d03 0454 ac                           
" type="java.lang.VerifyError">java.lang.VerifyError: Expecting a stackmap frame at branch target 11
Exception Details:
  Location:
    A.k(J)I @4: ifnonnull
  Reason:
    Expected stackmap frame at this location.
  Bytecode:
    0x0000000: b200 1859 c700 0757 b800 2204 324e 100a
    0x0000010: 2d03 0454 ac                           

	at RandoopTest0.test449(RandoopTest0.java:20573)
</error>
  </testcase>
  <testcase classname="RandoopTest0" name="test450" time="0.0">
    <error message="Expecting a stackmap frame at branch target 11
Exception Details:
  Location:
    A.k(J)I @4: ifnonnull
  Reason:
    Expected stackmap frame at this location.
  Bytecode:
    0x0000000: b200 1859 c700 0757 b800 2204 324e 100a
    0x0000010: 2d03 0454 ac                           
" type="java.lang.VerifyError">java.lang.VerifyError: Expecting a stackmap frame at branch target 11
Exception Details:
  Location:
    A.k(J)I @4: ifnonnull
  Reason:
    Expected stackmap frame at this location.
  Bytecode:
    0x0000000: b200 1859 c700 0757 b800 2204 324e 100a
    0x0000010: 2d03 0454 ac                           

	at RandoopTest0.test450(RandoopTest0.java:20610)
</error>
  </testcase>
  <testcase classname="RandoopTest0" name="test451" time="0.0">
    <error message="Expecting a stackmap frame at branch target 11
Exception Details:
  Location:
    A.k(J)I @4: ifnonnull
  Reason:
    Expected stackmap frame at this location.
  Bytecode:
    0x0000000: b200 1859 c700 0757 b800 2204 324e 100a
    0x0000010: 2d03 0454 ac                           
" type="java.lang.VerifyError">java.lang.VerifyError: Expecting a stackmap frame at branch target 11
Exception Details:
  Location:
    A.k(J)I @4: ifnonnull
  Reason:
    Expected stackmap frame at this location.
  Bytecode:
    0x0000000: b200 1859 c700 0757 b800 2204 324e 100a
    0x0000010: 2d03 0454 ac                           

	at RandoopTest0.test451(RandoopTest0.java:20683)
</error>
  </testcase>
  <testcase classname="RandoopTest0" name="test452" time="0.0">
    <error message="Expecting a stackmap frame at branch target 11
Exception Details:
  Location:
    A.k(J)I @4: ifnonnull
  Reason:
    Expected stackmap frame at this location.
  Bytecode:
    0x0000000: b200 1859 c700 0757 b800 2204 324e 100a
    0x0000010: 2d03 0454 ac                           
" type="java.lang.VerifyError">java.lang.VerifyError: Expecting a stackmap frame at branch target 11
Exception Details:
  Location:
    A.k(J)I @4: ifnonnull
  Reason:
    Expected stackmap frame at this location.
  Bytecode:
    0x0000000: b200 1859 c700 0757 b800 2204 324e 100a
    0x0000010: 2d03 0454 ac                           

	at RandoopTest0.test452(RandoopTest0.java:20736)
</error>
  </testcase>
  <testcase classname="RandoopTest0" name="test453" time="0.001">
    <error message="Expecting a stackmap frame at branch target 11
Exception Details:
  Location:
    A.k(J)I @4: ifnonnull
  Reason:
    Expected stackmap frame at this location.
  Bytecode:
    0x0000000: b200 1859 c700 0757 b800 2204 324e 100a
    0x0000010: 2d03 0454 ac                           
" type="java.lang.VerifyError">java.lang.VerifyError: Expecting a stackmap frame at branch target 11
Exception Details:
  Location:
    A.k(J)I @4: ifnonnull
  Reason:
    Expected stackmap frame at this location.
  Bytecode:
    0x0000000: b200 1859 c700 0757 b800 2204 324e 100a
    0x0000010: 2d03 0454 ac                           

	at RandoopTest0.test453(RandoopTest0.java:20777)
</error>
  </testcase>
  <testcase classname="RandoopTest0" name="test1" time="0.0">
    <error message="Expecting a stackmap frame at branch target 11
Exception Details:
  Location:
    A.k(J)I @4: ifnonnull
  Reason:
    Expected stackmap frame at this location.
  Bytecode:
    0x0000000: b200 1859 c700 0757 b800 2204 324e 100a
    0x0000010: 2d03 0454 ac                           
" type="java.lang.VerifyError">java.lang.VerifyError: Expecting a stackmap frame at branch target 11
Exception Details:
  Location:
    A.k(J)I @4: ifnonnull
  Reason:
    Expected stackmap frame at this location.
  Bytecode:
    0x0000000: b200 1859 c700 0757 b800 2204 324e 100a
    0x0000010: 2d03 0454 ac                           

	at RandoopTest0.test1(RandoopTest0.java:13)
</error>
  </testcase>
  <testcase classname="RandoopTest0" name="test2" time="0.0">
    <error message="Expecting a stackmap frame at branch target 11
Exception Details:
  Location:
    A.k(J)I @4: ifnonnull
  Reason:
    Expected stackmap frame at this location.
  Bytecode:
    0x0000000: b200 1859 c700 0757 b800 2204 324e 100a
    0x0000010: 2d03 0454 ac                           
" type="java.lang.VerifyError">java.lang.VerifyError: Expecting a stackmap frame at branch target 11
Exception Details:
  Location:
    A.k(J)I @4: ifnonnull
  Reason:
    Expected stackmap frame at this location.
  Bytecode:
    0x0000000: b200 1859 c700 0757 b800 2204 324e 100a
    0x0000010: 2d03 0454 ac                           

	at RandoopTest0.test2(RandoopTest0.java:30)
</error>
  </testcase>
  <testcase classname="RandoopTest0" name="test3" time="0.0">
    <error message="Expecting a stackmap frame at branch target 11
Exception Details:
  Location:
    A.k(J)I @4: ifnonnull
  Reason:
    Expected stackmap frame at this location.
  Bytecode:
    0x0000000: b200 1859 c700 0757 b800 2204 324e 100a
    0x0000010: 2d03 0454 ac                           
" type="java.lang.VerifyError">java.lang.VerifyError: Expecting a stackmap frame at branch target 11
Exception Details:
  Location:
    A.k(J)I @4: ifnonnull
  Reason:
    Expected stackmap frame at this location.
  Bytecode:
    0x0000000: b200 1859 c700 0757 b800 2204 324e 100a
    0x0000010: 2d03 0454 ac                           

	at RandoopTest0.test3(RandoopTest0.java:71)
</error>
  </testcase>
  <testcase classname="RandoopTest0" name="test454" time="0.0">
    <error message="Expecting a stackmap frame at branch target 11
Exception Details:
  Location:
    A.k(J)I @4: ifnonnull
  Reason:
    Expected stackmap frame at this location.
  Bytecode:
    0x0000000: b200 1859 c700 0757 b800 2204 324e 100a
    0x0000010: 2d03 0454 ac                           
" type="java.lang.VerifyError">java.lang.VerifyError: Expecting a stackmap frame at branch target 11
Exception Details:
  Location:
    A.k(J)I @4: ifnonnull
  Reason:
    Expected stackmap frame at this location.
  Bytecode:
    0x0000000: b200 1859 c700 0757 b800 2204 324e 100a
    0x0000010: 2d03 0454 ac                           

	at RandoopTest0.test454(RandoopTest0.java:20874)
</error>
  </testcase>
  <testcase classname="RandoopTest0" name="test455" time="0.0">
    <error message="Expecting a stackmap frame at branch target 11
Exception Details:
  Location:
    A.k(J)I @4: ifnonnull
  Reason:
    Expected stackmap frame at this location.
  Bytecode:
    0x0000000: b200 1859 c700 0757 b800 2204 324e 100a
    0x0000010: 2d03 0454 ac                           
" type="java.lang.VerifyError">java.lang.VerifyError: Expecting a stackmap frame at branch target 11
Exception Details:
  Location:
    A.k(J)I @4: ifnonnull
  Reason:
    Expected stackmap frame at this location.
  Bytecode:
    0x0000000: b200 1859 c700 0757 b800 2204 324e 100a
    0x0000010: 2d03 0454 ac                           

	at RandoopTest0.test455(RandoopTest0.java:20911)
</error>
  </testcase>
  <testcase classname="RandoopTest0" name="test456" time="0.0">
    <error message="Expecting a stackmap frame at branch target 11
Exception Details:
  Location:
    A.k(J)I @4: ifnonnull
  Reason:
    Expected stackmap frame at this location.
  Bytecode:
    0x0000000: b200 1859 c700 0757 b800 2204 324e 100a
    0x0000010: 2d03 0454 ac                           
" type="java.lang.VerifyError">java.lang.VerifyError: Expecting a stackmap frame at branch target 11
Exception Details:
  Location:
    A.k(J)I @4: ifnonnull
  Reason:
    Expected stackmap frame at this location.
  Bytecode:
    0x0000000: b200 1859 c700 0757 b800 2204 324e 100a
    0x0000010: 2d03 0454 ac                           

	at RandoopTest0.test456(RandoopTest0.java:20948)
</error>
  </testcase>
  <testcase classname="RandoopTest0" name="test457" time="0.001">
    <error message="Expecting a stackmap frame at branch target 11
Exception Details:
  Location:
    A.k(J)I @4: ifnonnull
  Reason:
    Expected stackmap frame at this location.
  Bytecode:
    0x0000000: b200 1859 c700 0757 b800 2204 324e 100a
    0x0000010: 2d03 0454 ac                           
" type="java.lang.VerifyError">java.lang.VerifyError: Expecting a stackmap frame at branch target 11
Exception Details:
  Location:
    A.k(J)I @4: ifnonnull
  Reason:
    Expected stackmap frame at this location.
  Bytecode:
    0x0000000: b200 1859 c700 0757 b800 2204 324e 100a
    0x0000010: 2d03 0454 ac                           

	at RandoopTest0.test457(RandoopTest0.java:21005)
</error>
  </testcase>
  <testcase classname="RandoopTest0" name="test458" time="0.0">
    <error message="Expecting a stackmap frame at branch target 11
Exception Details:
  Location:
    A.k(J)I @4: ifnonnull
  Reason:
    Expected stackmap frame at this location.
  Bytecode:
    0x0000000: b200 1859 c700 0757 b800 2204 324e 100a
    0x0000010: 2d03 0454 ac                           
" type="java.lang.VerifyError">java.lang.VerifyError: Expecting a stackmap frame at branch target 11
Exception Details:
  Location:
    A.k(J)I @4: ifnonnull
  Reason:
    Expected stackmap frame at this location.
  Bytecode:
    0x0000000: b200 1859 c700 0757 b800 2204 324e 100a
    0x0000010: 2d03 0454 ac                           

	at RandoopTest0.test458(RandoopTest0.java:21034)
</error>
  </testcase>
  <testcase classname="RandoopTest0" name="test459" time="0.0">
    <error message="Expecting a stackmap frame at branch target 11
Exception Details:
  Location:
    A.k(J)I @4: ifnonnull
  Reason:
    Expected stackmap frame at this location.
  Bytecode:
    0x0000000: b200 1859 c700 0757 b800 2204 324e 100a
    0x0000010: 2d03 0454 ac                           
" type="java.lang.VerifyError">java.lang.VerifyError: Expecting a stackmap frame at branch target 11
Exception Details:
  Location:
    A.k(J)I @4: ifnonnull
  Reason:
    Expected stackmap frame at this location.
  Bytecode:
    0x0000000: b200 1859 c700 0757 b800 2204 324e 100a
    0x0000010: 2d03 0454 ac                           

	at RandoopTest0.test459(RandoopTest0.java:21079)
</error>
  </testcase>
  <testcase classname="RandoopTest0" name="test460" time="0.0">
    <error message="Expecting a stackmap frame at branch target 11
Exception Details:
  Location:
    A.k(J)I @4: ifnonnull
  Reason:
    Expected stackmap frame at this location.
  Bytecode:
    0x0000000: b200 1859 c700 0757 b800 2204 324e 100a
    0x0000010: 2d03 0454 ac                           
" type="java.lang.VerifyError">java.lang.VerifyError: Expecting a stackmap frame at branch target 11
Exception Details:
  Location:
    A.k(J)I @4: ifnonnull
  Reason:
    Expected stackmap frame at this location.
  Bytecode:
    0x0000000: b200 1859 c700 0757 b800 2204 324e 100a
    0x0000010: 2d03 0454 ac                           

	at RandoopTest0.test460(RandoopTest0.java:21116)
</error>
  </testcase>
  <testcase classname="RandoopTest0" name="test461" time="0.001">
    <error message="Expecting a stackmap frame at branch target 11
Exception Details:
  Location:
    A.k(J)I @4: ifnonnull
  Reason:
    Expected stackmap frame at this location.
  Bytecode:
    0x0000000: b200 1859 c700 0757 b800 2204 324e 100a
    0x0000010: 2d03 0454 ac                           
" type="java.lang.VerifyError">java.lang.VerifyError: Expecting a stackmap frame at branch target 11
Exception Details:
  Location:
    A.k(J)I @4: ifnonnull
  Reason:
    Expected stackmap frame at this location.
  Bytecode:
    0x0000000: b200 1859 c700 0757 b800 2204 324e 100a
    0x0000010: 2d03 0454 ac                           

	at RandoopTest0.test461(RandoopTest0.java:21149)
</error>
  </testcase>
  <testcase classname="RandoopTest0" name="test462" time="0.0">
    <error message="Expecting a stackmap frame at branch target 11
Exception Details:
  Location:
    A.k(J)I @4: ifnonnull
  Reason:
    Expected stackmap frame at this location.
  Bytecode:
    0x0000000: b200 1859 c700 0757 b800 2204 324e 100a
    0x0000010: 2d03 0454 ac                           
" type="java.lang.VerifyError">java.lang.VerifyError: Expecting a stackmap frame at branch target 11
Exception Details:
  Location:
    A.k(J)I @4: ifnonnull
  Reason:
    Expected stackmap frame at this location.
  Bytecode:
    0x0000000: b200 1859 c700 0757 b800 2204 324e 100a
    0x0000010: 2d03 0454 ac                           

	at RandoopTest0.test462(RandoopTest0.java:21178)
</error>
  </testcase>
  <testcase classname="RandoopTest0" name="test463" time="0.0">
    <error message="Expecting a stackmap frame at branch target 11
Exception Details:
  Location:
    A.k(J)I @4: ifnonnull
  Reason:
    Expected stackmap frame at this location.
  Bytecode:
    0x0000000: b200 1859 c700 0757 b800 2204 324e 100a
    0x0000010: 2d03 0454 ac                           
" type="java.lang.VerifyError">java.lang.VerifyError: Expecting a stackmap frame at branch target 11
Exception Details:
  Location:
    A.k(J)I @4: ifnonnull
  Reason:
    Expected stackmap frame at this location.
  Bytecode:
    0x0000000: b200 1859 c700 0757 b800 2204 324e 100a
    0x0000010: 2d03 0454 ac                           

	at RandoopTest0.test463(RandoopTest0.java:21255)
</error>
  </testcase>
  <testcase classname="RandoopTest0" name="test464" time="0.0">
    <error message="Expecting a stackmap frame at branch target 11
Exception Details:
  Location:
    A.k(J)I @4: ifnonnull
  Reason:
    Expected stackmap frame at this location.
  Bytecode:
    0x0000000: b200 1859 c700 0757 b800 2204 324e 100a
    0x0000010: 2d03 0454 ac                           
" type="java.lang.VerifyError">java.lang.VerifyError: Expecting a stackmap frame at branch target 11
Exception Details:
  Location:
    A.k(J)I @4: ifnonnull
  Reason:
    Expected stackmap frame at this location.
  Bytecode:
    0x0000000: b200 1859 c700 0757 b800 2204 324e 100a
    0x0000010: 2d03 0454 ac                           

	at RandoopTest0.test464(RandoopTest0.java:21292)
</error>
  </testcase>
  <testcase classname="RandoopTest0" name="test465" time="0.001">
    <error message="Expecting a stackmap frame at branch target 11
Exception Details:
  Location:
    A.k(J)I @4: ifnonnull
  Reason:
    Expected stackmap frame at this location.
  Bytecode:
    0x0000000: b200 1859 c700 0757 b800 2204 324e 100a
    0x0000010: 2d03 0454 ac                           
" type="java.lang.VerifyError">java.lang.VerifyError: Expecting a stackmap frame at branch target 11
Exception Details:
  Location:
    A.k(J)I @4: ifnonnull
  Reason:
    Expected stackmap frame at this location.
  Bytecode:
    0x0000000: b200 1859 c700 0757 b800 2204 324e 100a
    0x0000010: 2d03 0454 ac                           

	at RandoopTest0.test465(RandoopTest0.java:21349)
</error>
  </testcase>
  <testcase classname="RandoopTest0" name="test466" time="0.0">
    <error message="Expecting a stackmap frame at branch target 11
Exception Details:
  Location:
    A.k(J)I @4: ifnonnull
  Reason:
    Expected stackmap frame at this location.
  Bytecode:
    0x0000000: b200 1859 c700 0757 b800 2204 324e 100a
    0x0000010: 2d03 0454 ac                           
" type="java.lang.VerifyError">java.lang.VerifyError: Expecting a stackmap frame at branch target 11
Exception Details:
  Location:
    A.k(J)I @4: ifnonnull
  Reason:
    Expected stackmap frame at this location.
  Bytecode:
    0x0000000: b200 1859 c700 0757 b800 2204 324e 100a
    0x0000010: 2d03 0454 ac                           

	at RandoopTest0.test466(RandoopTest0.java:21398)
</error>
  </testcase>
  <testcase classname="RandoopTest0" name="test467" time="0.0">
    <error message="Expecting a stackmap frame at branch target 11
Exception Details:
  Location:
    A.k(J)I @4: ifnonnull
  Reason:
    Expected stackmap frame at this location.
  Bytecode:
    0x0000000: b200 1859 c700 0757 b800 2204 324e 100a
    0x0000010: 2d03 0454 ac                           
" type="java.lang.VerifyError">java.lang.VerifyError: Expecting a stackmap frame at branch target 11
Exception Details:
  Location:
    A.k(J)I @4: ifnonnull
  Reason:
    Expected stackmap frame at this location.
  Bytecode:
    0x0000000: b200 1859 c700 0757 b800 2204 324e 100a
    0x0000010: 2d03 0454 ac                           

	at RandoopTest0.test467(RandoopTest0.java:21479)
</error>
  </testcase>
  <testcase classname="RandoopTest0" name="test468" time="0.0">
    <error message="Expecting a stackmap frame at branch target 11
Exception Details:
  Location:
    A.k(J)I @4: ifnonnull
  Reason:
    Expected stackmap frame at this location.
  Bytecode:
    0x0000000: b200 1859 c700 0757 b800 2204 324e 100a
    0x0000010: 2d03 0454 ac                           
" type="java.lang.VerifyError">java.lang.VerifyError: Expecting a stackmap frame at branch target 11
Exception Details:
  Location:
    A.k(J)I @4: ifnonnull
  Reason:
    Expected stackmap frame at this location.
  Bytecode:
    0x0000000: b200 1859 c700 0757 b800 2204 324e 100a
    0x0000010: 2d03 0454 ac                           

	at RandoopTest0.test468(RandoopTest0.java:21512)
</error>
  </testcase>
  <testcase classname="RandoopTest0" name="test469" time="0.0">
    <error message="Expecting a stackmap frame at branch target 11
Exception Details:
  Location:
    A.k(J)I @4: ifnonnull
  Reason:
    Expected stackmap frame at this location.
  Bytecode:
    0x0000000: b200 1859 c700 0757 b800 2204 324e 100a
    0x0000010: 2d03 0454 ac                           
" type="java.lang.VerifyError">java.lang.VerifyError: Expecting a stackmap frame at branch target 11
Exception Details:
  Location:
    A.k(J)I @4: ifnonnull
  Reason:
    Expected stackmap frame at this location.
  Bytecode:
    0x0000000: b200 1859 c700 0757 b800 2204 324e 100a
    0x0000010: 2d03 0454 ac                           

	at RandoopTest0.test469(RandoopTest0.java:21605)
</error>
  </testcase>
  <testcase classname="RandoopTest0" name="test470" time="0.0">
    <error message="Expecting a stackmap frame at branch target 11
Exception Details:
  Location:
    A.k(J)I @4: ifnonnull
  Reason:
    Expected stackmap frame at this location.
  Bytecode:
    0x0000000: b200 1859 c700 0757 b800 2204 324e 100a
    0x0000010: 2d03 0454 ac                           
" type="java.lang.VerifyError">java.lang.VerifyError: Expecting a stackmap frame at branch target 11
Exception Details:
  Location:
    A.k(J)I @4: ifnonnull
  Reason:
    Expected stackmap frame at this location.
  Bytecode:
    0x0000000: b200 1859 c700 0757 b800 2204 324e 100a
    0x0000010: 2d03 0454 ac                           

	at RandoopTest0.test470(RandoopTest0.java:21626)
</error>
  </testcase>
  <testcase classname="RandoopTest0" name="test471" time="0.0">
    <error message="Expecting a stackmap frame at branch target 11
Exception Details:
  Location:
    A.k(J)I @4: ifnonnull
  Reason:
    Expected stackmap frame at this location.
  Bytecode:
    0x0000000: b200 1859 c700 0757 b800 2204 324e 100a
    0x0000010: 2d03 0454 ac                           
" type="java.lang.VerifyError">java.lang.VerifyError: Expecting a stackmap frame at branch target 11
Exception Details:
  Location:
    A.k(J)I @4: ifnonnull
  Reason:
    Expected stackmap frame at this location.
  Bytecode:
    0x0000000: b200 1859 c700 0757 b800 2204 324e 100a
    0x0000010: 2d03 0454 ac                           

	at RandoopTest0.test471(RandoopTest0.java:21639)
</error>
  </testcase>
  <testcase classname="RandoopTest0" name="test472" time="0.0">
    <error message="Expecting a stackmap frame at branch target 11
Exception Details:
  Location:
    A.k(J)I @4: ifnonnull
  Reason:
    Expected stackmap frame at this location.
  Bytecode:
    0x0000000: b200 1859 c700 0757 b800 2204 324e 100a
    0x0000010: 2d03 0454 ac                           
" type="java.lang.VerifyError">java.lang.VerifyError: Expecting a stackmap frame at branch target 11
Exception Details:
  Location:
    A.k(J)I @4: ifnonnull
  Reason:
    Expected stackmap frame at this location.
  Bytecode:
    0x0000000: b200 1859 c700 0757 b800 2204 324e 100a
    0x0000010: 2d03 0454 ac                           

	at RandoopTest0.test472(RandoopTest0.java:21676)
</error>
  </testcase>
  <testcase classname="RandoopTest0" name="test473" time="0.0">
    <error message="Expecting a stackmap frame at branch target 11
Exception Details:
  Location:
    A.k(J)I @4: ifnonnull
  Reason:
    Expected stackmap frame at this location.
  Bytecode:
    0x0000000: b200 1859 c700 0757 b800 2204 324e 100a
    0x0000010: 2d03 0454 ac                           
" type="java.lang.VerifyError">java.lang.VerifyError: Expecting a stackmap frame at branch target 11
Exception Details:
  Location:
    A.k(J)I @4: ifnonnull
  Reason:
    Expected stackmap frame at this location.
  Bytecode:
    0x0000000: b200 1859 c700 0757 b800 2204 324e 100a
    0x0000010: 2d03 0454 ac                           

	at RandoopTest0.test473(RandoopTest0.java:21753)
</error>
  </testcase>
  <testcase classname="RandoopTest0" name="test474" time="0.0">
    <error message="Expecting a stackmap frame at branch target 11
Exception Details:
  Location:
    A.k(J)I @4: ifnonnull
  Reason:
    Expected stackmap frame at this location.
  Bytecode:
    0x0000000: b200 1859 c700 0757 b800 2204 324e 100a
    0x0000010: 2d03 0454 ac                           
" type="java.lang.VerifyError">java.lang.VerifyError: Expecting a stackmap frame at branch target 11
Exception Details:
  Location:
    A.k(J)I @4: ifnonnull
  Reason:
    Expected stackmap frame at this location.
  Bytecode:
    0x0000000: b200 1859 c700 0757 b800 2204 324e 100a
    0x0000010: 2d03 0454 ac                           

	at RandoopTest0.test474(RandoopTest0.java:21806)
</error>
  </testcase>
  <testcase classname="RandoopTest0" name="test475" time="0.001">
    <error message="Expecting a stackmap frame at branch target 11
Exception Details:
  Location:
    A.k(J)I @4: ifnonnull
  Reason:
    Expected stackmap frame at this location.
  Bytecode:
    0x0000000: b200 1859 c700 0757 b800 2204 324e 100a
    0x0000010: 2d03 0454 ac                           
" type="java.lang.VerifyError">java.lang.VerifyError: Expecting a stackmap frame at branch target 11
Exception Details:
  Location:
    A.k(J)I @4: ifnonnull
  Reason:
    Expected stackmap frame at this location.
  Bytecode:
    0x0000000: b200 1859 c700 0757 b800 2204 324e 100a
    0x0000010: 2d03 0454 ac                           

	at RandoopTest0.test475(RandoopTest0.java:21831)
</error>
  </testcase>
  <testcase classname="RandoopTest0" name="test476" time="0.0">
    <error message="Expecting a stackmap frame at branch target 11
Exception Details:
  Location:
    A.k(J)I @4: ifnonnull
  Reason:
    Expected stackmap frame at this location.
  Bytecode:
    0x0000000: b200 1859 c700 0757 b800 2204 324e 100a
    0x0000010: 2d03 0454 ac                           
" type="java.lang.VerifyError">java.lang.VerifyError: Expecting a stackmap frame at branch target 11
Exception Details:
  Location:
    A.k(J)I @4: ifnonnull
  Reason:
    Expected stackmap frame at this location.
  Bytecode:
    0x0000000: b200 1859 c700 0757 b800 2204 324e 100a
    0x0000010: 2d03 0454 ac                           

	at RandoopTest0.test476(RandoopTest0.java:21860)
</error>
  </testcase>
  <testcase classname="RandoopTest0" name="test477" time="0.001">
    <error message="Expecting a stackmap frame at branch target 11
Exception Details:
  Location:
    A.k(J)I @4: ifnonnull
  Reason:
    Expected stackmap frame at this location.
  Bytecode:
    0x0000000: b200 1859 c700 0757 b800 2204 324e 100a
    0x0000010: 2d03 0454 ac                           
" type="java.lang.VerifyError">java.lang.VerifyError: Expecting a stackmap frame at branch target 11
Exception Details:
  Location:
    A.k(J)I @4: ifnonnull
  Reason:
    Expected stackmap frame at this location.
  Bytecode:
    0x0000000: b200 1859 c700 0757 b800 2204 324e 100a
    0x0000010: 2d03 0454 ac                           

	at RandoopTest0.test477(RandoopTest0.java:21885)
</error>
  </testcase>
  <testcase classname="RandoopTest0" name="test478" time="0.0">
    <error message="Expecting a stackmap frame at branch target 11
Exception Details:
  Location:
    A.k(J)I @4: ifnonnull
  Reason:
    Expected stackmap frame at this location.
  Bytecode:
    0x0000000: b200 1859 c700 0757 b800 2204 324e 100a
    0x0000010: 2d03 0454 ac                           
" type="java.lang.VerifyError">java.lang.VerifyError: Expecting a stackmap frame at branch target 11
Exception Details:
  Location:
    A.k(J)I @4: ifnonnull
  Reason:
    Expected stackmap frame at this location.
  Bytecode:
    0x0000000: b200 1859 c700 0757 b800 2204 324e 100a
    0x0000010: 2d03 0454 ac                           

	at RandoopTest0.test478(RandoopTest0.java:21918)
</error>
  </testcase>
  <testcase classname="RandoopTest0" name="test479" time="0.0">
    <error message="Expecting a stackmap frame at branch target 11
Exception Details:
  Location:
    A.k(J)I @4: ifnonnull
  Reason:
    Expected stackmap frame at this location.
  Bytecode:
    0x0000000: b200 1859 c700 0757 b800 2204 324e 100a
    0x0000010: 2d03 0454 ac                           
" type="java.lang.VerifyError">java.lang.VerifyError: Expecting a stackmap frame at branch target 11
Exception Details:
  Location:
    A.k(J)I @4: ifnonnull
  Reason:
    Expected stackmap frame at this location.
  Bytecode:
    0x0000000: b200 1859 c700 0757 b800 2204 324e 100a
    0x0000010: 2d03 0454 ac                           

	at RandoopTest0.test479(RandoopTest0.java:21963)
</error>
  </testcase>
  <testcase classname="RandoopTest0" name="test480" time="0.0">
    <error message="Expecting a stackmap frame at branch target 11
Exception Details:
  Location:
    A.k(J)I @4: ifnonnull
  Reason:
    Expected stackmap frame at this location.
  Bytecode:
    0x0000000: b200 1859 c700 0757 b800 2204 324e 100a
    0x0000010: 2d03 0454 ac                           
" type="java.lang.VerifyError">java.lang.VerifyError: Expecting a stackmap frame at branch target 11
Exception Details:
  Location:
    A.k(J)I @4: ifnonnull
  Reason:
    Expected stackmap frame at this location.
  Bytecode:
    0x0000000: b200 1859 c700 0757 b800 2204 324e 100a
    0x0000010: 2d03 0454 ac                           

	at RandoopTest0.test480(RandoopTest0.java:22004)
</error>
  </testcase>
  <testcase classname="RandoopTest0" name="test481" time="0.0">
    <error message="Expecting a stackmap frame at branch target 11
Exception Details:
  Location:
    A.k(J)I @4: ifnonnull
  Reason:
    Expected stackmap frame at this location.
  Bytecode:
    0x0000000: b200 1859 c700 0757 b800 2204 324e 100a
    0x0000010: 2d03 0454 ac                           
" type="java.lang.VerifyError">java.lang.VerifyError: Expecting a stackmap frame at branch target 11
Exception Details:
  Location:
    A.k(J)I @4: ifnonnull
  Reason:
    Expected stackmap frame at this location.
  Bytecode:
    0x0000000: b200 1859 c700 0757 b800 2204 324e 100a
    0x0000010: 2d03 0454 ac                           

	at RandoopTest0.test481(RandoopTest0.java:22053)
</error>
  </testcase>
  <testcase classname="RandoopTest0" name="test482" time="0.0">
    <error message="Expecting a stackmap frame at branch target 11
Exception Details:
  Location:
    A.k(J)I @4: ifnonnull
  Reason:
    Expected stackmap frame at this location.
  Bytecode:
    0x0000000: b200 1859 c700 0757 b800 2204 324e 100a
    0x0000010: 2d03 0454 ac                           
" type="java.lang.VerifyError">java.lang.VerifyError: Expecting a stackmap frame at branch target 11
Exception Details:
  Location:
    A.k(J)I @4: ifnonnull
  Reason:
    Expected stackmap frame at this location.
  Bytecode:
    0x0000000: b200 1859 c700 0757 b800 2204 324e 100a
    0x0000010: 2d03 0454 ac                           

	at RandoopTest0.test482(RandoopTest0.java:22086)
</error>
  </testcase>
  <testcase classname="RandoopTest0" name="test483" time="0.001">
    <error message="Expecting a stackmap frame at branch target 11
Exception Details:
  Location:
    A.k(J)I @4: ifnonnull
  Reason:
    Expected stackmap frame at this location.
  Bytecode:
    0x0000000: b200 1859 c700 0757 b800 2204 324e 100a
    0x0000010: 2d03 0454 ac                           
" type="java.lang.VerifyError">java.lang.VerifyError: Expecting a stackmap frame at branch target 11
Exception Details:
  Location:
    A.k(J)I @4: ifnonnull
  Reason:
    Expected stackmap frame at this location.
  Bytecode:
    0x0000000: b200 1859 c700 0757 b800 2204 324e 100a
    0x0000010: 2d03 0454 ac                           

	at RandoopTest0.test483(RandoopTest0.java:22135)
</error>
  </testcase>
  <testcase classname="RandoopTest0" name="test484" time="0.0">
    <error message="Expecting a stackmap frame at branch target 11
Exception Details:
  Location:
    A.k(J)I @4: ifnonnull
  Reason:
    Expected stackmap frame at this location.
  Bytecode:
    0x0000000: b200 1859 c700 0757 b800 2204 324e 100a
    0x0000010: 2d03 0454 ac                           
" type="java.lang.VerifyError">java.lang.VerifyError: Expecting a stackmap frame at branch target 11
Exception Details:
  Location:
    A.k(J)I @4: ifnonnull
  Reason:
    Expected stackmap frame at this location.
  Bytecode:
    0x0000000: b200 1859 c700 0757 b800 2204 324e 100a
    0x0000010: 2d03 0454 ac                           

	at RandoopTest0.test484(RandoopTest0.java:22212)
</error>
  </testcase>
  <testcase classname="RandoopTest0" name="test485" time="0.0">
    <error message="Expecting a stackmap frame at branch target 11
Exception Details:
  Location:
    A.k(J)I @4: ifnonnull
  Reason:
    Expected stackmap frame at this location.
  Bytecode:
    0x0000000: b200 1859 c700 0757 b800 2204 324e 100a
    0x0000010: 2d03 0454 ac                           
" type="java.lang.VerifyError">java.lang.VerifyError: Expecting a stackmap frame at branch target 11
Exception Details:
  Location:
    A.k(J)I @4: ifnonnull
  Reason:
    Expected stackmap frame at this location.
  Bytecode:
    0x0000000: b200 1859 c700 0757 b800 2204 324e 100a
    0x0000010: 2d03 0454 ac                           

	at RandoopTest0.test485(RandoopTest0.java:22253)
</error>
  </testcase>
  <testcase classname="RandoopTest0" name="test486" time="0.001">
    <error message="Expecting a stackmap frame at branch target 11
Exception Details:
  Location:
    A.k(J)I @4: ifnonnull
  Reason:
    Expected stackmap frame at this location.
  Bytecode:
    0x0000000: b200 1859 c700 0757 b800 2204 324e 100a
    0x0000010: 2d03 0454 ac                           
" type="java.lang.VerifyError">java.lang.VerifyError: Expecting a stackmap frame at branch target 11
Exception Details:
  Location:
    A.k(J)I @4: ifnonnull
  Reason:
    Expected stackmap frame at this location.
  Bytecode:
    0x0000000: b200 1859 c700 0757 b800 2204 324e 100a
    0x0000010: 2d03 0454 ac                           

	at RandoopTest0.test486(RandoopTest0.java:22302)
</error>
  </testcase>
  <testcase classname="RandoopTest0" name="test487" time="0.0">
    <error message="Expecting a stackmap frame at branch target 11
Exception Details:
  Location:
    A.k(J)I @4: ifnonnull
  Reason:
    Expected stackmap frame at this location.
  Bytecode:
    0x0000000: b200 1859 c700 0757 b800 2204 324e 100a
    0x0000010: 2d03 0454 ac                           
" type="java.lang.VerifyError">java.lang.VerifyError: Expecting a stackmap frame at branch target 11
Exception Details:
  Location:
    A.k(J)I @4: ifnonnull
  Reason:
    Expected stackmap frame at this location.
  Bytecode:
    0x0000000: b200 1859 c700 0757 b800 2204 324e 100a
    0x0000010: 2d03 0454 ac                           

	at RandoopTest0.test487(RandoopTest0.java:22331)
</error>
  </testcase>
  <testcase classname="RandoopTest0" name="test488" time="0.0">
    <error message="Expecting a stackmap frame at branch target 11
Exception Details:
  Location:
    A.k(J)I @4: ifnonnull
  Reason:
    Expected stackmap frame at this location.
  Bytecode:
    0x0000000: b200 1859 c700 0757 b800 2204 324e 100a
    0x0000010: 2d03 0454 ac                           
" type="java.lang.VerifyError">java.lang.VerifyError: Expecting a stackmap frame at branch target 11
Exception Details:
  Location:
    A.k(J)I @4: ifnonnull
  Reason:
    Expected stackmap frame at this location.
  Bytecode:
    0x0000000: b200 1859 c700 0757 b800 2204 324e 100a
    0x0000010: 2d03 0454 ac                           

	at RandoopTest0.test488(RandoopTest0.java:22364)
</error>
  </testcase>
  <testcase classname="RandoopTest0" name="test489" time="0.0">
    <error message="Expecting a stackmap frame at branch target 11
Exception Details:
  Location:
    A.k(J)I @4: ifnonnull
  Reason:
    Expected stackmap frame at this location.
  Bytecode:
    0x0000000: b200 1859 c700 0757 b800 2204 324e 100a
    0x0000010: 2d03 0454 ac                           
" type="java.lang.VerifyError">java.lang.VerifyError: Expecting a stackmap frame at branch target 11
Exception Details:
  Location:
    A.k(J)I @4: ifnonnull
  Reason:
    Expected stackmap frame at this location.
  Bytecode:
    0x0000000: b200 1859 c700 0757 b800 2204 324e 100a
    0x0000010: 2d03 0454 ac                           

	at RandoopTest0.test489(RandoopTest0.java:22409)
</error>
  </testcase>
  <testcase classname="RandoopTest0" name="test490" time="0.001">
    <error message="Expecting a stackmap frame at branch target 11
Exception Details:
  Location:
    A.k(J)I @4: ifnonnull
  Reason:
    Expected stackmap frame at this location.
  Bytecode:
    0x0000000: b200 1859 c700 0757 b800 2204 324e 100a
    0x0000010: 2d03 0454 ac                           
" type="java.lang.VerifyError">java.lang.VerifyError: Expecting a stackmap frame at branch target 11
Exception Details:
  Location:
    A.k(J)I @4: ifnonnull
  Reason:
    Expected stackmap frame at this location.
  Bytecode:
    0x0000000: b200 1859 c700 0757 b800 2204 324e 100a
    0x0000010: 2d03 0454 ac                           

	at RandoopTest0.test490(RandoopTest0.java:22474)
</error>
  </testcase>
  <testcase classname="RandoopTest0" name="test491" time="0.0">
    <error message="Expecting a stackmap frame at branch target 11
Exception Details:
  Location:
    A.k(J)I @4: ifnonnull
  Reason:
    Expected stackmap frame at this location.
  Bytecode:
    0x0000000: b200 1859 c700 0757 b800 2204 324e 100a
    0x0000010: 2d03 0454 ac                           
" type="java.lang.VerifyError">java.lang.VerifyError: Expecting a stackmap frame at branch target 11
Exception Details:
  Location:
    A.k(J)I @4: ifnonnull
  Reason:
    Expected stackmap frame at this location.
  Bytecode:
    0x0000000: b200 1859 c700 0757 b800 2204 324e 100a
    0x0000010: 2d03 0454 ac                           

	at RandoopTest0.test491(RandoopTest0.java:22527)
</error>
  </testcase>
  <testcase classname="RandoopTest0" name="test492" time="0.0">
    <error message="Expecting a stackmap frame at branch target 11
Exception Details:
  Location:
    A.k(J)I @4: ifnonnull
  Reason:
    Expected stackmap frame at this location.
  Bytecode:
    0x0000000: b200 1859 c700 0757 b800 2204 324e 100a
    0x0000010: 2d03 0454 ac                           
" type="java.lang.VerifyError">java.lang.VerifyError: Expecting a stackmap frame at branch target 11
Exception Details:
  Location:
    A.k(J)I @4: ifnonnull
  Reason:
    Expected stackmap frame at this location.
  Bytecode:
    0x0000000: b200 1859 c700 0757 b800 2204 324e 100a
    0x0000010: 2d03 0454 ac                           

	at RandoopTest0.test492(RandoopTest0.java:22556)
</error>
  </testcase>
  <testcase classname="RandoopTest0" name="test493" time="0.0">
    <error message="Expecting a stackmap frame at branch target 11
Exception Details:
  Location:
    A.k(J)I @4: ifnonnull
  Reason:
    Expected stackmap frame at this location.
  Bytecode:
    0x0000000: b200 1859 c700 0757 b800 2204 324e 100a
    0x0000010: 2d03 0454 ac                           
" type="java.lang.VerifyError">java.lang.VerifyError: Expecting a stackmap frame at branch target 11
Exception Details:
  Location:
    A.k(J)I @4: ifnonnull
  Reason:
    Expected stackmap frame at this location.
  Bytecode:
    0x0000000: b200 1859 c700 0757 b800 2204 324e 100a
    0x0000010: 2d03 0454 ac                           

	at RandoopTest0.test493(RandoopTest0.java:22609)
</error>
  </testcase>
  <testcase classname="RandoopTest0" name="test494" time="0.001">
    <error message="Expecting a stackmap frame at branch target 11
Exception Details:
  Location:
    A.k(J)I @4: ifnonnull
  Reason:
    Expected stackmap frame at this location.
  Bytecode:
    0x0000000: b200 1859 c700 0757 b800 2204 324e 100a
    0x0000010: 2d03 0454 ac                           
" type="java.lang.VerifyError">java.lang.VerifyError: Expecting a stackmap frame at branch target 11
Exception Details:
  Location:
    A.k(J)I @4: ifnonnull
  Reason:
    Expected stackmap frame at this location.
  Bytecode:
    0x0000000: b200 1859 c700 0757 b800 2204 324e 100a
    0x0000010: 2d03 0454 ac                           

	at RandoopTest0.test494(RandoopTest0.java:22646)
</error>
  </testcase>
  <testcase classname="RandoopTest0" name="test495" time="0.0">
    <error message="Expecting a stackmap frame at branch target 11
Exception Details:
  Location:
    A.k(J)I @4: ifnonnull
  Reason:
    Expected stackmap frame at this location.
  Bytecode:
    0x0000000: b200 1859 c700 0757 b800 2204 324e 100a
    0x0000010: 2d03 0454 ac                           
" type="java.lang.VerifyError">java.lang.VerifyError: Expecting a stackmap frame at branch target 11
Exception Details:
  Location:
    A.k(J)I @4: ifnonnull
  Reason:
    Expected stackmap frame at this location.
  Bytecode:
    0x0000000: b200 1859 c700 0757 b800 2204 324e 100a
    0x0000010: 2d03 0454 ac                           

	at RandoopTest0.test495(RandoopTest0.java:22699)
</error>
  </testcase>
  <testcase classname="RandoopTest0" name="test496" time="0.0">
    <error message="Expecting a stackmap frame at branch target 11
Exception Details:
  Location:
    A.k(J)I @4: ifnonnull
  Reason:
    Expected stackmap frame at this location.
  Bytecode:
    0x0000000: b200 1859 c700 0757 b800 2204 324e 100a
    0x0000010: 2d03 0454 ac                           
" type="java.lang.VerifyError">java.lang.VerifyError: Expecting a stackmap frame at branch target 11
Exception Details:
  Location:
    A.k(J)I @4: ifnonnull
  Reason:
    Expected stackmap frame at this location.
  Bytecode:
    0x0000000: b200 1859 c700 0757 b800 2204 324e 100a
    0x0000010: 2d03 0454 ac                           

	at RandoopTest0.test496(RandoopTest0.java:22748)
</error>
  </testcase>
  <testcase classname="RandoopTest0" name="test497" time="0.001">
    <error message="Expecting a stackmap frame at branch target 11
Exception Details:
  Location:
    A.k(J)I @4: ifnonnull
  Reason:
    Expected stackmap frame at this location.
  Bytecode:
    0x0000000: b200 1859 c700 0757 b800 2204 324e 100a
    0x0000010: 2d03 0454 ac                           
" type="java.lang.VerifyError">java.lang.VerifyError: Expecting a stackmap frame at branch target 11
Exception Details:
  Location:
    A.k(J)I @4: ifnonnull
  Reason:
    Expected stackmap frame at this location.
  Bytecode:
    0x0000000: b200 1859 c700 0757 b800 2204 324e 100a
    0x0000010: 2d03 0454 ac                           

	at RandoopTest0.test497(RandoopTest0.java:22777)
</error>
  </testcase>
  <testcase classname="RandoopTest0" name="test498" time="0.0">
    <error message="Expecting a stackmap frame at branch target 11
Exception Details:
  Location:
    A.k(J)I @4: ifnonnull
  Reason:
    Expected stackmap frame at this location.
  Bytecode:
    0x0000000: b200 1859 c700 0757 b800 2204 324e 100a
    0x0000010: 2d03 0454 ac                           
" type="java.lang.VerifyError">java.lang.VerifyError: Expecting a stackmap frame at branch target 11
Exception Details:
  Location:
    A.k(J)I @4: ifnonnull
  Reason:
    Expected stackmap frame at this location.
  Bytecode:
    0x0000000: b200 1859 c700 0757 b800 2204 324e 100a
    0x0000010: 2d03 0454 ac                           

	at RandoopTest0.test498(RandoopTest0.java:22838)
</error>
  </testcase>
  <testcase classname="RandoopTest0" name="test499" time="0.0">
    <error message="Expecting a stackmap frame at branch target 11
Exception Details:
  Location:
    A.k(J)I @4: ifnonnull
  Reason:
    Expected stackmap frame at this location.
  Bytecode:
    0x0000000: b200 1859 c700 0757 b800 2204 324e 100a
    0x0000010: 2d03 0454 ac                           
" type="java.lang.VerifyError">java.lang.VerifyError: Expecting a stackmap frame at branch target 11
Exception Details:
  Location:
    A.k(J)I @4: ifnonnull
  Reason:
    Expected stackmap frame at this location.
  Bytecode:
    0x0000000: b200 1859 c700 0757 b800 2204 324e 100a
    0x0000010: 2d03 0454 ac                           

	at RandoopTest0.test499(RandoopTest0.java:22867)
</error>
  </testcase>
  <testcase classname="RandoopTest0" name="test500" time="0.0">
    <error message="Expecting a stackmap frame at branch target 11
Exception Details:
  Location:
    A.k(J)I @4: ifnonnull
  Reason:
    Expected stackmap frame at this location.
  Bytecode:
    0x0000000: b200 1859 c700 0757 b800 2204 324e 100a
    0x0000010: 2d03 0454 ac                           
" type="java.lang.VerifyError">java.lang.VerifyError: Expecting a stackmap frame at branch target 11
Exception Details:
  Location:
    A.k(J)I @4: ifnonnull
  Reason:
    Expected stackmap frame at this location.
  Bytecode:
    0x0000000: b200 1859 c700 0757 b800 2204 324e 100a
    0x0000010: 2d03 0454 ac                           

	at RandoopTest0.test500(RandoopTest0.java:22896)
</error>
  </testcase>
  <testcase classname="RandoopTest1" name="test4" time="0.0">
    <error message="Expecting a stackmap frame at branch target 11
Exception Details:
  Location:
    A.k(J)I @4: ifnonnull
  Reason:
    Expected stackmap frame at this location.
  Bytecode:
    0x0000000: b200 1859 c700 0757 b800 2204 324e 100a
    0x0000010: 2d03 0454 ac                           
" type="java.lang.VerifyError">java.lang.VerifyError: Expecting a stackmap frame at branch target 11
Exception Details:
  Location:
    A.k(J)I @4: ifnonnull
  Reason:
    Expected stackmap frame at this location.
  Bytecode:
    0x0000000: b200 1859 c700 0757 b800 2204 324e 100a
    0x0000010: 2d03 0454 ac                           

	at RandoopTest1.test4(RandoopTest1.java:112)
</error>
  </testcase>
  <testcase classname="RandoopTest1" name="test5" time="0.0">
    <error message="Expecting a stackmap frame at branch target 11
Exception Details:
  Location:
    A.k(J)I @4: ifnonnull
  Reason:
    Expected stackmap frame at this location.
  Bytecode:
    0x0000000: b200 1859 c700 0757 b800 2204 324e 100a
    0x0000010: 2d03 0454 ac                           
" type="java.lang.VerifyError">java.lang.VerifyError: Expecting a stackmap frame at branch target 11
Exception Details:
  Location:
    A.k(J)I @4: ifnonnull
  Reason:
    Expected stackmap frame at this location.
  Bytecode:
    0x0000000: b200 1859 c700 0757 b800 2204 324e 100a
    0x0000010: 2d03 0454 ac                           

	at RandoopTest1.test5(RandoopTest1.java:169)
</error>
  </testcase>
  <testcase classname="RandoopTest1" name="test6" time="0.0">
    <error message="Expecting a stackmap frame at branch target 11
Exception Details:
  Location:
    A.k(J)I @4: ifnonnull
  Reason:
    Expected stackmap frame at this location.
  Bytecode:
    0x0000000: b200 1859 c700 0757 b800 2204 324e 100a
    0x0000010: 2d03 0454 ac                           
" type="java.lang.VerifyError">java.lang.VerifyError: Expecting a stackmap frame at branch target 11
Exception Details:
  Location:
    A.k(J)I @4: ifnonnull
  Reason:
    Expected stackmap frame at this location.
  Bytecode:
    0x0000000: b200 1859 c700 0757 b800 2204 324e 100a
    0x0000010: 2d03 0454 ac                           

	at RandoopTest1.test6(RandoopTest1.java:230)
</error>
  </testcase>
  <testcase classname="RandoopTest1" name="test7" time="0.001">
    <error message="Expecting a stackmap frame at branch target 11
Exception Details:
  Location:
    A.k(J)I @4: ifnonnull
  Reason:
    Expected stackmap frame at this location.
  Bytecode:
    0x0000000: b200 1859 c700 0757 b800 2204 324e 100a
    0x0000010: 2d03 0454 ac                           
" type="java.lang.VerifyError">java.lang.VerifyError: Expecting a stackmap frame at branch target 11
Exception Details:
  Location:
    A.k(J)I @4: ifnonnull
  Reason:
    Expected stackmap frame at this location.
  Bytecode:
    0x0000000: b200 1859 c700 0757 b800 2204 324e 100a
    0x0000010: 2d03 0454 ac                           

	at RandoopTest1.test7(RandoopTest1.java:271)
</error>
  </testcase>
  <testcase classname="RandoopTest1" name="test8" time="0.0">
    <error message="Expecting a stackmap frame at branch target 11
Exception Details:
  Location:
    A.k(J)I @4: ifnonnull
  Reason:
    Expected stackmap frame at this location.
  Bytecode:
    0x0000000: b200 1859 c700 0757 b800 2204 324e 100a
    0x0000010: 2d03 0454 ac                           
" type="java.lang.VerifyError">java.lang.VerifyError: Expecting a stackmap frame at branch target 11
Exception Details:
  Location:
    A.k(J)I @4: ifnonnull
  Reason:
    Expected stackmap frame at this location.
  Bytecode:
    0x0000000: b200 1859 c700 0757 b800 2204 324e 100a
    0x0000010: 2d03 0454 ac                           

	at RandoopTest1.test8(RandoopTest1.java:304)
</error>
  </testcase>
  <testcase classname="RandoopTest1" name="test9" time="0.0">
    <error message="Expecting a stackmap frame at branch target 11
Exception Details:
  Location:
    A.k(J)I @4: ifnonnull
  Reason:
    Expected stackmap frame at this location.
  Bytecode:
    0x0000000: b200 1859 c700 0757 b800 2204 324e 100a
    0x0000010: 2d03 0454 ac                           
" type="java.lang.VerifyError">java.lang.VerifyError: Expecting a stackmap frame at branch target 11
Exception Details:
  Location:
    A.k(J)I @4: ifnonnull
  Reason:
    Expected stackmap frame at this location.
  Bytecode:
    0x0000000: b200 1859 c700 0757 b800 2204 324e 100a
    0x0000010: 2d03 0454 ac                           

	at RandoopTest1.test9(RandoopTest1.java:357)
</error>
  </testcase>
  <testcase classname="RandoopTest1" name="test10" time="0.0">
    <error message="Expecting a stackmap frame at branch target 11
Exception Details:
  Location:
    A.k(J)I @4: ifnonnull
  Reason:
    Expected stackmap frame at this location.
  Bytecode:
    0x0000000: b200 1859 c700 0757 b800 2204 324e 100a
    0x0000010: 2d03 0454 ac                           
" type="java.lang.VerifyError">java.lang.VerifyError: Expecting a stackmap frame at branch target 11
Exception Details:
  Location:
    A.k(J)I @4: ifnonnull
  Reason:
    Expected stackmap frame at this location.
  Bytecode:
    0x0000000: b200 1859 c700 0757 b800 2204 324e 100a
    0x0000010: 2d03 0454 ac                           

	at RandoopTest1.test10(RandoopTest1.java:418)
</error>
  </testcase>
  <testcase classname="RandoopTest1" name="test59" time="0.001">
    <error message="Expecting a stackmap frame at branch target 11
Exception Details:
  Location:
    A.k(J)I @4: ifnonnull
  Reason:
    Expected stackmap frame at this location.
  Bytecode:
    0x0000000: b200 1859 c700 0757 b800 2204 324e 100a
    0x0000010: 2d03 0454 ac                           
" type="java.lang.VerifyError">java.lang.VerifyError: Expecting a stackmap frame at branch target 11
Exception Details:
  Location:
    A.k(J)I @4: ifnonnull
  Reason:
    Expected stackmap frame at this location.
  Bytecode:
    0x0000000: b200 1859 c700 0757 b800 2204 324e 100a
    0x0000010: 2d03 0454 ac                           

	at RandoopTest1.test59(RandoopTest1.java:2627)
</error>
  </testcase>
  <testcase classname="RandoopTest1" name="test60" time="0.0">
    <error message="Expecting a stackmap frame at branch target 11
Exception Details:
  Location:
    A.k(J)I @4: ifnonnull
  Reason:
    Expected stackmap frame at this location.
  Bytecode:
    0x0000000: b200 1859 c700 0757 b800 2204 324e 100a
    0x0000010: 2d03 0454 ac                           
" type="java.lang.VerifyError">java.lang.VerifyError: Expecting a stackmap frame at branch target 11
Exception Details:
  Location:
    A.k(J)I @4: ifnonnull
  Reason:
    Expected stackmap frame at this location.
  Bytecode:
    0x0000000: b200 1859 c700 0757 b800 2204 324e 100a
    0x0000010: 2d03 0454 ac                           

	at RandoopTest1.test60(RandoopTest1.java:2668)
</error>
  </testcase>
  <testcase classname="RandoopTest1" name="test61" time="0.0">
    <error message="Expecting a stackmap frame at branch target 11
Exception Details:
  Location:
    A.k(J)I @4: ifnonnull
  Reason:
    Expected stackmap frame at this location.
  Bytecode:
    0x0000000: b200 1859 c700 0757 b800 2204 324e 100a
    0x0000010: 2d03 0454 ac                           
" type="java.lang.VerifyError">java.lang.VerifyError: Expecting a stackmap frame at branch target 11
Exception Details:
  Location:
    A.k(J)I @4: ifnonnull
  Reason:
    Expected stackmap frame at this location.
  Bytecode:
    0x0000000: b200 1859 c700 0757 b800 2204 324e 100a
    0x0000010: 2d03 0454 ac                           

	at RandoopTest1.test61(RandoopTest1.java:2713)
</error>
  </testcase>
  <testcase classname="RandoopTest1" name="test62" time="0.0">
    <error message="Expecting a stackmap frame at branch target 11
Exception Details:
  Location:
    A.k(J)I @4: ifnonnull
  Reason:
    Expected stackmap frame at this location.
  Bytecode:
    0x0000000: b200 1859 c700 0757 b800 2204 324e 100a
    0x0000010: 2d03 0454 ac                           
" type="java.lang.VerifyError">java.lang.VerifyError: Expecting a stackmap frame at branch target 11
Exception Details:
  Location:
    A.k(J)I @4: ifnonnull
  Reason:
    Expected stackmap frame at this location.
  Bytecode:
    0x0000000: b200 1859 c700 0757 b800 2204 324e 100a
    0x0000010: 2d03 0454 ac                           

	at RandoopTest1.test62(RandoopTest1.java:2746)
</error>
  </testcase>
  <testcase classname="RandoopTest1" name="test63" time="0.0">
    <error message="Expecting a stackmap frame at branch target 11
Exception Details:
  Location:
    A.k(J)I @4: ifnonnull
  Reason:
    Expected stackmap frame at this location.
  Bytecode:
    0x0000000: b200 1859 c700 0757 b800 2204 324e 100a
    0x0000010: 2d03 0454 ac                           
" type="java.lang.VerifyError">java.lang.VerifyError: Expecting a stackmap frame at branch target 11
Exception Details:
  Location:
    A.k(J)I @4: ifnonnull
  Reason:
    Expected stackmap frame at this location.
  Bytecode:
    0x0000000: b200 1859 c700 0757 b800 2204 324e 100a
    0x0000010: 2d03 0454 ac                           

	at RandoopTest1.test63(RandoopTest1.java:2795)
</error>
  </testcase>
  <testcase classname="RandoopTest1" name="test64" time="0.001">
    <error message="Expecting a stackmap frame at branch target 11
Exception Details:
  Location:
    A.k(J)I @4: ifnonnull
  Reason:
    Expected stackmap frame at this location.
  Bytecode:
    0x0000000: b200 1859 c700 0757 b800 2204 324e 100a
    0x0000010: 2d03 0454 ac                           
" type="java.lang.VerifyError">java.lang.VerifyError: Expecting a stackmap frame at branch target 11
Exception Details:
  Location:
    A.k(J)I @4: ifnonnull
  Reason:
    Expected stackmap frame at this location.
  Bytecode:
    0x0000000: b200 1859 c700 0757 b800 2204 324e 100a
    0x0000010: 2d03 0454 ac                           

	at RandoopTest1.test64(RandoopTest1.java:2824)
</error>
  </testcase>
  <testcase classname="RandoopTest1" name="test65" time="0.0">
    <error message="Expecting a stackmap frame at branch target 11
Exception Details:
  Location:
    A.k(J)I @4: ifnonnull
  Reason:
    Expected stackmap frame at this location.
  Bytecode:
    0x0000000: b200 1859 c700 0757 b800 2204 324e 100a
    0x0000010: 2d03 0454 ac                           
" type="java.lang.VerifyError">java.lang.VerifyError: Expecting a stackmap frame at branch target 11
Exception Details:
  Location:
    A.k(J)I @4: ifnonnull
  Reason:
    Expected stackmap frame at this location.
  Bytecode:
    0x0000000: b200 1859 c700 0757 b800 2204 324e 100a
    0x0000010: 2d03 0454 ac                           

	at RandoopTest1.test65(RandoopTest1.java:2873)
</error>
  </testcase>
  <testcase classname="RandoopTest1" name="test66" time="0.001">
    <error message="Expecting a stackmap frame at branch target 11
Exception Details:
  Location:
    A.k(J)I @4: ifnonnull
  Reason:
    Expected stackmap frame at this location.
  Bytecode:
    0x0000000: b200 1859 c700 0757 b800 2204 324e 100a
    0x0000010: 2d03 0454 ac                           
" type="java.lang.VerifyError">java.lang.VerifyError: Expecting a stackmap frame at branch target 11
Exception Details:
  Location:
    A.k(J)I @4: ifnonnull
  Reason:
    Expected stackmap frame at this location.
  Bytecode:
    0x0000000: b200 1859 c700 0757 b800 2204 324e 100a
    0x0000010: 2d03 0454 ac                           

	at RandoopTest1.test66(RandoopTest1.java:2894)
</error>
  </testcase>
  <testcase classname="RandoopTest1" name="test67" time="0.0">
    <error message="Expecting a stackmap frame at branch target 11
Exception Details:
  Location:
    A.k(J)I @4: ifnonnull
  Reason:
    Expected stackmap frame at this location.
  Bytecode:
    0x0000000: b200 1859 c700 0757 b800 2204 324e 100a
    0x0000010: 2d03 0454 ac                           
" type="java.lang.VerifyError">java.lang.VerifyError: Expecting a stackmap frame at branch target 11
Exception Details:
  Location:
    A.k(J)I @4: ifnonnull
  Reason:
    Expected stackmap frame at this location.
  Bytecode:
    0x0000000: b200 1859 c700 0757 b800 2204 324e 100a
    0x0000010: 2d03 0454 ac                           

	at RandoopTest1.test67(RandoopTest1.java:2951)
</error>
  </testcase>
  <testcase classname="RandoopTest1" name="test68" time="0.001">
    <error message="Expecting a stackmap frame at branch target 11
Exception Details:
  Location:
    A.k(J)I @4: ifnonnull
  Reason:
    Expected stackmap frame at this location.
  Bytecode:
    0x0000000: b200 1859 c700 0757 b800 2204 324e 100a
    0x0000010: 2d03 0454 ac                           
" type="java.lang.VerifyError">java.lang.VerifyError: Expecting a stackmap frame at branch target 11
Exception Details:
  Location:
    A.k(J)I @4: ifnonnull
  Reason:
    Expected stackmap frame at this location.
  Bytecode:
    0x0000000: b200 1859 c700 0757 b800 2204 324e 100a
    0x0000010: 2d03 0454 ac                           

	at RandoopTest1.test68(RandoopTest1.java:3004)
</error>
  </testcase>
  <testcase classname="RandoopTest1" name="test69" time="0.0">
    <error message="Expecting a stackmap frame at branch target 11
Exception Details:
  Location:
    A.k(J)I @4: ifnonnull
  Reason:
    Expected stackmap frame at this location.
  Bytecode:
    0x0000000: b200 1859 c700 0757 b800 2204 324e 100a
    0x0000010: 2d03 0454 ac                           
" type="java.lang.VerifyError">java.lang.VerifyError: Expecting a stackmap frame at branch target 11
Exception Details:
  Location:
    A.k(J)I @4: ifnonnull
  Reason:
    Expected stackmap frame at this location.
  Bytecode:
    0x0000000: b200 1859 c700 0757 b800 2204 324e 100a
    0x0000010: 2d03 0454 ac                           

	at RandoopTest1.test69(RandoopTest1.java:3057)
</error>
  </testcase>
  <testcase classname="RandoopTest1" name="test70" time="0.001">
    <error message="Expecting a stackmap frame at branch target 11
Exception Details:
  Location:
    A.k(J)I @4: ifnonnull
  Reason:
    Expected stackmap frame at this location.
  Bytecode:
    0x0000000: b200 1859 c700 0757 b800 2204 324e 100a
    0x0000010: 2d03 0454 ac                           
" type="java.lang.VerifyError">java.lang.VerifyError: Expecting a stackmap frame at branch target 11
Exception Details:
  Location:
    A.k(J)I @4: ifnonnull
  Reason:
    Expected stackmap frame at this location.
  Bytecode:
    0x0000000: b200 1859 c700 0757 b800 2204 324e 100a
    0x0000010: 2d03 0454 ac                           

	at RandoopTest1.test70(RandoopTest1.java:3094)
</error>
  </testcase>
  <testcase classname="RandoopTest1" name="test71" time="0.0">
    <error message="Expecting a stackmap frame at branch target 11
Exception Details:
  Location:
    A.k(J)I @4: ifnonnull
  Reason:
    Expected stackmap frame at this location.
  Bytecode:
    0x0000000: b200 1859 c700 0757 b800 2204 324e 100a
    0x0000010: 2d03 0454 ac                           
" type="java.lang.VerifyError">java.lang.VerifyError: Expecting a stackmap frame at branch target 11
Exception Details:
  Location:
    A.k(J)I @4: ifnonnull
  Reason:
    Expected stackmap frame at this location.
  Bytecode:
    0x0000000: b200 1859 c700 0757 b800 2204 324e 100a
    0x0000010: 2d03 0454 ac                           

	at RandoopTest1.test71(RandoopTest1.java:3135)
</error>
  </testcase>
  <testcase classname="RandoopTest1" name="test72" time="0.001">
    <error message="Expecting a stackmap frame at branch target 11
Exception Details:
  Location:
    A.k(J)I @4: ifnonnull
  Reason:
    Expected stackmap frame at this location.
  Bytecode:
    0x0000000: b200 1859 c700 0757 b800 2204 324e 100a
    0x0000010: 2d03 0454 ac                           
" type="java.lang.VerifyError">java.lang.VerifyError: Expecting a stackmap frame at branch target 11
Exception Details:
  Location:
    A.k(J)I @4: ifnonnull
  Reason:
    Expected stackmap frame at this location.
  Bytecode:
    0x0000000: b200 1859 c700 0757 b800 2204 324e 100a
    0x0000010: 2d03 0454 ac                           

	at RandoopTest1.test72(RandoopTest1.java:3224)
</error>
  </testcase>
  <testcase classname="RandoopTest1" name="test73" time="0.0">
    <error message="Expecting a stackmap frame at branch target 11
Exception Details:
  Location:
    A.k(J)I @4: ifnonnull
  Reason:
    Expected stackmap frame at this location.
  Bytecode:
    0x0000000: b200 1859 c700 0757 b800 2204 324e 100a
    0x0000010: 2d03 0454 ac                           
" type="java.lang.VerifyError">java.lang.VerifyError: Expecting a stackmap frame at branch target 11
Exception Details:
  Location:
    A.k(J)I @4: ifnonnull
  Reason:
    Expected stackmap frame at this location.
  Bytecode:
    0x0000000: b200 1859 c700 0757 b800 2204 324e 100a
    0x0000010: 2d03 0454 ac                           

	at RandoopTest1.test73(RandoopTest1.java:3261)
</error>
  </testcase>
  <testcase classname="RandoopTest1" name="test74" time="0.001">
    <error message="Expecting a stackmap frame at branch target 11
Exception Details:
  Location:
    A.k(J)I @4: ifnonnull
  Reason:
    Expected stackmap frame at this location.
  Bytecode:
    0x0000000: b200 1859 c700 0757 b800 2204 324e 100a
    0x0000010: 2d03 0454 ac                           
" type="java.lang.VerifyError">java.lang.VerifyError: Expecting a stackmap frame at branch target 11
Exception Details:
  Location:
    A.k(J)I @4: ifnonnull
  Reason:
    Expected stackmap frame at this location.
  Bytecode:
    0x0000000: b200 1859 c700 0757 b800 2204 324e 100a
    0x0000010: 2d03 0454 ac                           

	at RandoopTest1.test74(RandoopTest1.java:3302)
</error>
  </testcase>
  <testcase classname="RandoopTest1" name="test75" time="0.0">
    <error message="Expecting a stackmap frame at branch target 11
Exception Details:
  Location:
    A.k(J)I @4: ifnonnull
  Reason:
    Expected stackmap frame at this location.
  Bytecode:
    0x0000000: b200 1859 c700 0757 b800 2204 324e 100a
    0x0000010: 2d03 0454 ac                           
" type="java.lang.VerifyError">java.lang.VerifyError: Expecting a stackmap frame at branch target 11
Exception Details:
  Location:
    A.k(J)I @4: ifnonnull
  Reason:
    Expected stackmap frame at this location.
  Bytecode:
    0x0000000: b200 1859 c700 0757 b800 2204 324e 100a
    0x0000010: 2d03 0454 ac                           

	at RandoopTest1.test75(RandoopTest1.java:3375)
</error>
  </testcase>
  <testcase classname="RandoopTest1" name="test76" time="0.001">
    <error message="Expecting a stackmap frame at branch target 11
Exception Details:
  Location:
    A.k(J)I @4: ifnonnull
  Reason:
    Expected stackmap frame at this location.
  Bytecode:
    0x0000000: b200 1859 c700 0757 b800 2204 324e 100a
    0x0000010: 2d03 0454 ac                           
" type="java.lang.VerifyError">java.lang.VerifyError: Expecting a stackmap frame at branch target 11
Exception Details:
  Location:
    A.k(J)I @4: ifnonnull
  Reason:
    Expected stackmap frame at this location.
  Bytecode:
    0x0000000: b200 1859 c700 0757 b800 2204 324e 100a
    0x0000010: 2d03 0454 ac                           

	at RandoopTest1.test76(RandoopTest1.java:3412)
</error>
  </testcase>
  <testcase classname="RandoopTest1" name="test77" time="0.0">
    <error message="Expecting a stackmap frame at branch target 11
Exception Details:
  Location:
    A.k(J)I @4: ifnonnull
  Reason:
    Expected stackmap frame at this location.
  Bytecode:
    0x0000000: b200 1859 c700 0757 b800 2204 324e 100a
    0x0000010: 2d03 0454 ac                           
" type="java.lang.VerifyError">java.lang.VerifyError: Expecting a stackmap frame at branch target 11
Exception Details:
  Location:
    A.k(J)I @4: ifnonnull
  Reason:
    Expected stackmap frame at this location.
  Bytecode:
    0x0000000: b200 1859 c700 0757 b800 2204 324e 100a
    0x0000010: 2d03 0454 ac                           

	at RandoopTest1.test77(RandoopTest1.java:3497)
</error>
  </testcase>
  <testcase classname="RandoopTest1" name="test78" time="0.0">
    <error message="Expecting a stackmap frame at branch target 11
Exception Details:
  Location:
    A.k(J)I @4: ifnonnull
  Reason:
    Expected stackmap frame at this location.
  Bytecode:
    0x0000000: b200 1859 c700 0757 b800 2204 324e 100a
    0x0000010: 2d03 0454 ac                           
" type="java.lang.VerifyError">java.lang.VerifyError: Expecting a stackmap frame at branch target 11
Exception Details:
  Location:
    A.k(J)I @4: ifnonnull
  Reason:
    Expected stackmap frame at this location.
  Bytecode:
    0x0000000: b200 1859 c700 0757 b800 2204 324e 100a
    0x0000010: 2d03 0454 ac                           

	at RandoopTest1.test78(RandoopTest1.java:3538)
</error>
  </testcase>
  <testcase classname="RandoopTest1" name="test79" time="0.0">
    <error message="Expecting a stackmap frame at branch target 11
Exception Details:
  Location:
    A.k(J)I @4: ifnonnull
  Reason:
    Expected stackmap frame at this location.
  Bytecode:
    0x0000000: b200 1859 c700 0757 b800 2204 324e 100a
    0x0000010: 2d03 0454 ac                           
" type="java.lang.VerifyError">java.lang.VerifyError: Expecting a stackmap frame at branch target 11
Exception Details:
  Location:
    A.k(J)I @4: ifnonnull
  Reason:
    Expected stackmap frame at this location.
  Bytecode:
    0x0000000: b200 1859 c700 0757 b800 2204 324e 100a
    0x0000010: 2d03 0454 ac                           

	at RandoopTest1.test79(RandoopTest1.java:3607)
</error>
  </testcase>
  <testcase classname="RandoopTest1" name="test80" time="0.0">
    <error message="Expecting a stackmap frame at branch target 11
Exception Details:
  Location:
    A.k(J)I @4: ifnonnull
  Reason:
    Expected stackmap frame at this location.
  Bytecode:
    0x0000000: b200 1859 c700 0757 b800 2204 324e 100a
    0x0000010: 2d03 0454 ac                           
" type="java.lang.VerifyError">java.lang.VerifyError: Expecting a stackmap frame at branch target 11
Exception Details:
  Location:
    A.k(J)I @4: ifnonnull
  Reason:
    Expected stackmap frame at this location.
  Bytecode:
    0x0000000: b200 1859 c700 0757 b800 2204 324e 100a
    0x0000010: 2d03 0454 ac                           

	at RandoopTest1.test80(RandoopTest1.java:3676)
</error>
  </testcase>
  <testcase classname="RandoopTest1" name="test81" time="0.0">
    <error message="Expecting a stackmap frame at branch target 11
Exception Details:
  Location:
    A.k(J)I @4: ifnonnull
  Reason:
    Expected stackmap frame at this location.
  Bytecode:
    0x0000000: b200 1859 c700 0757 b800 2204 324e 100a
    0x0000010: 2d03 0454 ac                           
" type="java.lang.VerifyError">java.lang.VerifyError: Expecting a stackmap frame at branch target 11
Exception Details:
  Location:
    A.k(J)I @4: ifnonnull
  Reason:
    Expected stackmap frame at this location.
  Bytecode:
    0x0000000: b200 1859 c700 0757 b800 2204 324e 100a
    0x0000010: 2d03 0454 ac                           

	at RandoopTest1.test81(RandoopTest1.java:3713)
</error>
  </testcase>
  <testcase classname="RandoopTest1" name="test82" time="0.001">
    <error message="Expecting a stackmap frame at branch target 11
Exception Details:
  Location:
    A.k(J)I @4: ifnonnull
  Reason:
    Expected stackmap frame at this location.
  Bytecode:
    0x0000000: b200 1859 c700 0757 b800 2204 324e 100a
    0x0000010: 2d03 0454 ac                           
" type="java.lang.VerifyError">java.lang.VerifyError: Expecting a stackmap frame at branch target 11
Exception Details:
  Location:
    A.k(J)I @4: ifnonnull
  Reason:
    Expected stackmap frame at this location.
  Bytecode:
    0x0000000: b200 1859 c700 0757 b800 2204 324e 100a
    0x0000010: 2d03 0454 ac                           

	at RandoopTest1.test82(RandoopTest1.java:3746)
</error>
  </testcase>
  <testcase classname="RandoopTest1" name="test83" time="0.0">
    <error message="Expecting a stackmap frame at branch target 11
Exception Details:
  Location:
    A.k(J)I @4: ifnonnull
  Reason:
    Expected stackmap frame at this location.
  Bytecode:
    0x0000000: b200 1859 c700 0757 b800 2204 324e 100a
    0x0000010: 2d03 0454 ac                           
" type="java.lang.VerifyError">java.lang.VerifyError: Expecting a stackmap frame at branch target 11
Exception Details:
  Location:
    A.k(J)I @4: ifnonnull
  Reason:
    Expected stackmap frame at this location.
  Bytecode:
    0x0000000: b200 1859 c700 0757 b800 2204 324e 100a
    0x0000010: 2d03 0454 ac                           

	at RandoopTest1.test83(RandoopTest1.java:3775)
</error>
  </testcase>
  <testcase classname="RandoopTest1" name="test84" time="0.0">
    <error message="Expecting a stackmap frame at branch target 11
Exception Details:
  Location:
    A.k(J)I @4: ifnonnull
  Reason:
    Expected stackmap frame at this location.
  Bytecode:
    0x0000000: b200 1859 c700 0757 b800 2204 324e 100a
    0x0000010: 2d03 0454 ac                           
" type="java.lang.VerifyError">java.lang.VerifyError: Expecting a stackmap frame at branch target 11
Exception Details:
  Location:
    A.k(J)I @4: ifnonnull
  Reason:
    Expected stackmap frame at this location.
  Bytecode:
    0x0000000: b200 1859 c700 0757 b800 2204 324e 100a
    0x0000010: 2d03 0454 ac                           

	at RandoopTest1.test84(RandoopTest1.java:3808)
</error>
  </testcase>
  <testcase classname="RandoopTest1" name="test85" time="0.0">
    <error message="Expecting a stackmap frame at branch target 11
Exception Details:
  Location:
    A.k(J)I @4: ifnonnull
  Reason:
    Expected stackmap frame at this location.
  Bytecode:
    0x0000000: b200 1859 c700 0757 b800 2204 324e 100a
    0x0000010: 2d03 0454 ac                           
" type="java.lang.VerifyError">java.lang.VerifyError: Expecting a stackmap frame at branch target 11
Exception Details:
  Location:
    A.k(J)I @4: ifnonnull
  Reason:
    Expected stackmap frame at this location.
  Bytecode:
    0x0000000: b200 1859 c700 0757 b800 2204 324e 100a
    0x0000010: 2d03 0454 ac                           

	at RandoopTest1.test85(RandoopTest1.java:3853)
</error>
  </testcase>
  <testcase classname="RandoopTest1" name="test86" time="0.0">
    <error message="Expecting a stackmap frame at branch target 11
Exception Details:
  Location:
    A.k(J)I @4: ifnonnull
  Reason:
    Expected stackmap frame at this location.
  Bytecode:
    0x0000000: b200 1859 c700 0757 b800 2204 324e 100a
    0x0000010: 2d03 0454 ac                           
" type="java.lang.VerifyError">java.lang.VerifyError: Expecting a stackmap frame at branch target 11
Exception Details:
  Location:
    A.k(J)I @4: ifnonnull
  Reason:
    Expected stackmap frame at this location.
  Bytecode:
    0x0000000: b200 1859 c700 0757 b800 2204 324e 100a
    0x0000010: 2d03 0454 ac                           

	at RandoopTest1.test86(RandoopTest1.java:3902)
</error>
  </testcase>
  <testcase classname="RandoopTest1" name="test87" time="0.067">
    <error message="Expecting a stackmap frame at branch target 11
Exception Details:
  Location:
    A.k(J)I @4: ifnonnull
  Reason:
    Expected stackmap frame at this location.
  Bytecode:
    0x0000000: b200 1859 c700 0757 b800 2204 324e 100a
    0x0000010: 2d03 0454 ac                           
" type="java.lang.VerifyError">java.lang.VerifyError: Expecting a stackmap frame at branch target 11
Exception Details:
  Location:
    A.k(J)I @4: ifnonnull
  Reason:
    Expected stackmap frame at this location.
  Bytecode:
    0x0000000: b200 1859 c700 0757 b800 2204 324e 100a
    0x0000010: 2d03 0454 ac                           

	at RandoopTest1.test87(RandoopTest1.java:3939)
</error>
  </testcase>
  <testcase classname="RandoopTest1" name="test88" time="0.0">
    <error message="Expecting a stackmap frame at branch target 11
Exception Details:
  Location:
    A.k(J)I @4: ifnonnull
  Reason:
    Expected stackmap frame at this location.
  Bytecode:
    0x0000000: b200 1859 c700 0757 b800 2204 324e 100a
    0x0000010: 2d03 0454 ac                           
" type="java.lang.VerifyError">java.lang.VerifyError: Expecting a stackmap frame at branch target 11
Exception Details:
  Location:
    A.k(J)I @4: ifnonnull
  Reason:
    Expected stackmap frame at this location.
  Bytecode:
    0x0000000: b200 1859 c700 0757 b800 2204 324e 100a
    0x0000010: 2d03 0454 ac                           

	at RandoopTest1.test88(RandoopTest1.java:3960)
</error>
  </testcase>
  <testcase classname="RandoopTest1" name="test89" time="0.001">
    <error message="Expecting a stackmap frame at branch target 11
Exception Details:
  Location:
    A.k(J)I @4: ifnonnull
  Reason:
    Expected stackmap frame at this location.
  Bytecode:
    0x0000000: b200 1859 c700 0757 b800 2204 324e 100a
    0x0000010: 2d03 0454 ac                           
" type="java.lang.VerifyError">java.lang.VerifyError: Expecting a stackmap frame at branch target 11
Exception Details:
  Location:
    A.k(J)I @4: ifnonnull
  Reason:
    Expected stackmap frame at this location.
  Bytecode:
    0x0000000: b200 1859 c700 0757 b800 2204 324e 100a
    0x0000010: 2d03 0454 ac                           

	at RandoopTest1.test89(RandoopTest1.java:3997)
</error>
  </testcase>
  <testcase classname="RandoopTest1" name="test90" time="0.0">
    <error message="Expecting a stackmap frame at branch target 11
Exception Details:
  Location:
    A.k(J)I @4: ifnonnull
  Reason:
    Expected stackmap frame at this location.
  Bytecode:
    0x0000000: b200 1859 c700 0757 b800 2204 324e 100a
    0x0000010: 2d03 0454 ac                           
" type="java.lang.VerifyError">java.lang.VerifyError: Expecting a stackmap frame at branch target 11
Exception Details:
  Location:
    A.k(J)I @4: ifnonnull
  Reason:
    Expected stackmap frame at this location.
  Bytecode:
    0x0000000: b200 1859 c700 0757 b800 2204 324e 100a
    0x0000010: 2d03 0454 ac                           

	at RandoopTest1.test90(RandoopTest1.java:4066)
</error>
  </testcase>
  <testcase classname="RandoopTest1" name="test91" time="0.0">
    <error message="Expecting a stackmap frame at branch target 11
Exception Details:
  Location:
    A.k(J)I @4: ifnonnull
  Reason:
    Expected stackmap frame at this location.
  Bytecode:
    0x0000000: b200 1859 c700 0757 b800 2204 324e 100a
    0x0000010: 2d03 0454 ac                           
" type="java.lang.VerifyError">java.lang.VerifyError: Expecting a stackmap frame at branch target 11
Exception Details:
  Location:
    A.k(J)I @4: ifnonnull
  Reason:
    Expected stackmap frame at this location.
  Bytecode:
    0x0000000: b200 1859 c700 0757 b800 2204 324e 100a
    0x0000010: 2d03 0454 ac                           

	at RandoopTest1.test91(RandoopTest1.java:4095)
</error>
  </testcase>
  <testcase classname="RandoopTest1" name="test92" time="0.001">
    <error message="Expecting a stackmap frame at branch target 11
Exception Details:
  Location:
    A.k(J)I @4: ifnonnull
  Reason:
    Expected stackmap frame at this location.
  Bytecode:
    0x0000000: b200 1859 c700 0757 b800 2204 324e 100a
    0x0000010: 2d03 0454 ac                           
" type="java.lang.VerifyError">java.lang.VerifyError: Expecting a stackmap frame at branch target 11
Exception Details:
  Location:
    A.k(J)I @4: ifnonnull
  Reason:
    Expected stackmap frame at this location.
  Bytecode:
    0x0000000: b200 1859 c700 0757 b800 2204 324e 100a
    0x0000010: 2d03 0454 ac                           

	at RandoopTest1.test92(RandoopTest1.java:4156)
</error>
  </testcase>
  <testcase classname="RandoopTest1" name="test93" time="0.0">
    <error message="Expecting a stackmap frame at branch target 11
Exception Details:
  Location:
    A.k(J)I @4: ifnonnull
  Reason:
    Expected stackmap frame at this location.
  Bytecode:
    0x0000000: b200 1859 c700 0757 b800 2204 324e 100a
    0x0000010: 2d03 0454 ac                           
" type="java.lang.VerifyError">java.lang.VerifyError: Expecting a stackmap frame at branch target 11
Exception Details:
  Location:
    A.k(J)I @4: ifnonnull
  Reason:
    Expected stackmap frame at this location.
  Bytecode:
    0x0000000: b200 1859 c700 0757 b800 2204 324e 100a
    0x0000010: 2d03 0454 ac                           

	at RandoopTest1.test93(RandoopTest1.java:4205)
</error>
  </testcase>
  <testcase classname="RandoopTest1" name="test94" time="0.0">
    <error message="Expecting a stackmap frame at branch target 11
Exception Details:
  Location:
    A.k(J)I @4: ifnonnull
  Reason:
    Expected stackmap frame at this location.
  Bytecode:
    0x0000000: b200 1859 c700 0757 b800 2204 324e 100a
    0x0000010: 2d03 0454 ac                           
" type="java.lang.VerifyError">java.lang.VerifyError: Expecting a stackmap frame at branch target 11
Exception Details:
  Location:
    A.k(J)I @4: ifnonnull
  Reason:
    Expected stackmap frame at this location.
  Bytecode:
    0x0000000: b200 1859 c700 0757 b800 2204 324e 100a
    0x0000010: 2d03 0454 ac                           

	at RandoopTest1.test94(RandoopTest1.java:4290)
</error>
  </testcase>
  <testcase classname="RandoopTest1" name="test95" time="0.0">
    <error message="Expecting a stackmap frame at branch target 11
Exception Details:
  Location:
    A.k(J)I @4: ifnonnull
  Reason:
    Expected stackmap frame at this location.
  Bytecode:
    0x0000000: b200 1859 c700 0757 b800 2204 324e 100a
    0x0000010: 2d03 0454 ac                           
" type="java.lang.VerifyError">java.lang.VerifyError: Expecting a stackmap frame at branch target 11
Exception Details:
  Location:
    A.k(J)I @4: ifnonnull
  Reason:
    Expected stackmap frame at this location.
  Bytecode:
    0x0000000: b200 1859 c700 0757 b800 2204 324e 100a
    0x0000010: 2d03 0454 ac                           

	at RandoopTest1.test95(RandoopTest1.java:4311)
</error>
  </testcase>
  <testcase classname="RandoopTest1" name="test96" time="0.0">
    <error message="Expecting a stackmap frame at branch target 11
Exception Details:
  Location:
    A.k(J)I @4: ifnonnull
  Reason:
    Expected stackmap frame at this location.
  Bytecode:
    0x0000000: b200 1859 c700 0757 b800 2204 324e 100a
    0x0000010: 2d03 0454 ac                           
" type="java.lang.VerifyError">java.lang.VerifyError: Expecting a stackmap frame at branch target 11
Exception Details:
  Location:
    A.k(J)I @4: ifnonnull
  Reason:
    Expected stackmap frame at this location.
  Bytecode:
    0x0000000: b200 1859 c700 0757 b800 2204 324e 100a
    0x0000010: 2d03 0454 ac                           

	at RandoopTest1.test96(RandoopTest1.java:4336)
</error>
  </testcase>
  <testcase classname="RandoopTest1" name="test97" time="0.0">
    <error message="Expecting a stackmap frame at branch target 11
Exception Details:
  Location:
    A.k(J)I @4: ifnonnull
  Reason:
    Expected stackmap frame at this location.
  Bytecode:
    0x0000000: b200 1859 c700 0757 b800 2204 324e 100a
    0x0000010: 2d03 0454 ac                           
" type="java.lang.VerifyError">java.lang.VerifyError: Expecting a stackmap frame at branch target 11
Exception Details:
  Location:
    A.k(J)I @4: ifnonnull
  Reason:
    Expected stackmap frame at this location.
  Bytecode:
    0x0000000: b200 1859 c700 0757 b800 2204 324e 100a
    0x0000010: 2d03 0454 ac                           

	at RandoopTest1.test97(RandoopTest1.java:4397)
</error>
  </testcase>
  <testcase classname="RandoopTest1" name="test98" time="0.0">
    <error message="Expecting a stackmap frame at branch target 11
Exception Details:
  Location:
    A.k(J)I @4: ifnonnull
  Reason:
    Expected stackmap frame at this location.
  Bytecode:
    0x0000000: b200 1859 c700 0757 b800 2204 324e 100a
    0x0000010: 2d03 0454 ac                           
" type="java.lang.VerifyError">java.lang.VerifyError: Expecting a stackmap frame at branch target 11
Exception Details:
  Location:
    A.k(J)I @4: ifnonnull
  Reason:
    Expected stackmap frame at this location.
  Bytecode:
    0x0000000: b200 1859 c700 0757 b800 2204 324e 100a
    0x0000010: 2d03 0454 ac                           

	at RandoopTest1.test98(RandoopTest1.java:4442)
</error>
  </testcase>
  <testcase classname="RandoopTest1" name="test99" time="0.0">
    <error message="Expecting a stackmap frame at branch target 11
Exception Details:
  Location:
    A.k(J)I @4: ifnonnull
  Reason:
    Expected stackmap frame at this location.
  Bytecode:
    0x0000000: b200 1859 c700 0757 b800 2204 324e 100a
    0x0000010: 2d03 0454 ac                           
" type="java.lang.VerifyError">java.lang.VerifyError: Expecting a stackmap frame at branch target 11
Exception Details:
  Location:
    A.k(J)I @4: ifnonnull
  Reason:
    Expected stackmap frame at this location.
  Bytecode:
    0x0000000: b200 1859 c700 0757 b800 2204 324e 100a
    0x0000010: 2d03 0454 ac                           

	at RandoopTest1.test99(RandoopTest1.java:4487)
</error>
  </testcase>
  <testcase classname="RandoopTest1" name="test100" time="0.001">
    <error message="Expecting a stackmap frame at branch target 11
Exception Details:
  Location:
    A.k(J)I @4: ifnonnull
  Reason:
    Expected stackmap frame at this location.
  Bytecode:
    0x0000000: b200 1859 c700 0757 b800 2204 324e 100a
    0x0000010: 2d03 0454 ac                           
" type="java.lang.VerifyError">java.lang.VerifyError: Expecting a stackmap frame at branch target 11
Exception Details:
  Location:
    A.k(J)I @4: ifnonnull
  Reason:
    Expected stackmap frame at this location.
  Bytecode:
    0x0000000: b200 1859 c700 0757 b800 2204 324e 100a
    0x0000010: 2d03 0454 ac                           

	at RandoopTest1.test100(RandoopTest1.java:4552)
</error>
  </testcase>
  <testcase classname="RandoopTest1" name="test101" time="0.0">
    <error message="Expecting a stackmap frame at branch target 11
Exception Details:
  Location:
    A.k(J)I @4: ifnonnull
  Reason:
    Expected stackmap frame at this location.
  Bytecode:
    0x0000000: b200 1859 c700 0757 b800 2204 324e 100a
    0x0000010: 2d03 0454 ac                           
" type="java.lang.VerifyError">java.lang.VerifyError: Expecting a stackmap frame at branch target 11
Exception Details:
  Location:
    A.k(J)I @4: ifnonnull
  Reason:
    Expected stackmap frame at this location.
  Bytecode:
    0x0000000: b200 1859 c700 0757 b800 2204 324e 100a
    0x0000010: 2d03 0454 ac                           

	at RandoopTest1.test101(RandoopTest1.java:4597)
</error>
  </testcase>
  <testcase classname="RandoopTest1" name="test102" time="0.0">
    <error message="Expecting a stackmap frame at branch target 11
Exception Details:
  Location:
    A.k(J)I @4: ifnonnull
  Reason:
    Expected stackmap frame at this location.
  Bytecode:
    0x0000000: b200 1859 c700 0757 b800 2204 324e 100a
    0x0000010: 2d03 0454 ac                           
" type="java.lang.VerifyError">java.lang.VerifyError: Expecting a stackmap frame at branch target 11
Exception Details:
  Location:
    A.k(J)I @4: ifnonnull
  Reason:
    Expected stackmap frame at this location.
  Bytecode:
    0x0000000: b200 1859 c700 0757 b800 2204 324e 100a
    0x0000010: 2d03 0454 ac                           

	at RandoopTest1.test102(RandoopTest1.java:4646)
</error>
  </testcase>
  <testcase classname="RandoopTest1" name="test103" time="0.0">
    <error message="Expecting a stackmap frame at branch target 11
Exception Details:
  Location:
    A.k(J)I @4: ifnonnull
  Reason:
    Expected stackmap frame at this location.
  Bytecode:
    0x0000000: b200 1859 c700 0757 b800 2204 324e 100a
    0x0000010: 2d03 0454 ac                           
" type="java.lang.VerifyError">java.lang.VerifyError: Expecting a stackmap frame at branch target 11
Exception Details:
  Location:
    A.k(J)I @4: ifnonnull
  Reason:
    Expected stackmap frame at this location.
  Bytecode:
    0x0000000: b200 1859 c700 0757 b800 2204 324e 100a
    0x0000010: 2d03 0454 ac                           

	at RandoopTest1.test103(RandoopTest1.java:4707)
</error>
  </testcase>
  <testcase classname="RandoopTest1" name="test104" time="0.001">
    <error message="Expecting a stackmap frame at branch target 11
Exception Details:
  Location:
    A.k(J)I @4: ifnonnull
  Reason:
    Expected stackmap frame at this location.
  Bytecode:
    0x0000000: b200 1859 c700 0757 b800 2204 324e 100a
    0x0000010: 2d03 0454 ac                           
" type="java.lang.VerifyError">java.lang.VerifyError: Expecting a stackmap frame at branch target 11
Exception Details:
  Location:
    A.k(J)I @4: ifnonnull
  Reason:
    Expected stackmap frame at this location.
  Bytecode:
    0x0000000: b200 1859 c700 0757 b800 2204 324e 100a
    0x0000010: 2d03 0454 ac                           

	at RandoopTest1.test104(RandoopTest1.java:4736)
</error>
  </testcase>
  <testcase classname="RandoopTest1" name="test105" time="0.0">
    <error message="Expecting a stackmap frame at branch target 11
Exception Details:
  Location:
    A.k(J)I @4: ifnonnull
  Reason:
    Expected stackmap frame at this location.
  Bytecode:
    0x0000000: b200 1859 c700 0757 b800 2204 324e 100a
    0x0000010: 2d03 0454 ac                           
" type="java.lang.VerifyError">java.lang.VerifyError: Expecting a stackmap frame at branch target 11
Exception Details:
  Location:
    A.k(J)I @4: ifnonnull
  Reason:
    Expected stackmap frame at this location.
  Bytecode:
    0x0000000: b200 1859 c700 0757 b800 2204 324e 100a
    0x0000010: 2d03 0454 ac                           

	at RandoopTest1.test105(RandoopTest1.java:4825)
</error>
  </testcase>
  <testcase classname="RandoopTest1" name="test106" time="0.0">
    <error message="Expecting a stackmap frame at branch target 11
Exception Details:
  Location:
    A.k(J)I @4: ifnonnull
  Reason:
    Expected stackmap frame at this location.
  Bytecode:
    0x0000000: b200 1859 c700 0757 b800 2204 324e 100a
    0x0000010: 2d03 0454 ac                           
" type="java.lang.VerifyError">java.lang.VerifyError: Expecting a stackmap frame at branch target 11
Exception Details:
  Location:
    A.k(J)I @4: ifnonnull
  Reason:
    Expected stackmap frame at this location.
  Bytecode:
    0x0000000: b200 1859 c700 0757 b800 2204 324e 100a
    0x0000010: 2d03 0454 ac                           

	at RandoopTest1.test106(RandoopTest1.java:4870)
</error>
  </testcase>
  <testcase classname="RandoopTest1" name="test107" time="0.0">
    <error message="Expecting a stackmap frame at branch target 11
Exception Details:
  Location:
    A.k(J)I @4: ifnonnull
  Reason:
    Expected stackmap frame at this location.
  Bytecode:
    0x0000000: b200 1859 c700 0757 b800 2204 324e 100a
    0x0000010: 2d03 0454 ac                           
" type="java.lang.VerifyError">java.lang.VerifyError: Expecting a stackmap frame at branch target 11
Exception Details:
  Location:
    A.k(J)I @4: ifnonnull
  Reason:
    Expected stackmap frame at this location.
  Bytecode:
    0x0000000: b200 1859 c700 0757 b800 2204 324e 100a
    0x0000010: 2d03 0454 ac                           

	at RandoopTest1.test107(RandoopTest1.java:4903)
</error>
  </testcase>
  <testcase classname="RandoopTest1" name="test108" time="0.001">
    <error message="Expecting a stackmap frame at branch target 11
Exception Details:
  Location:
    A.k(J)I @4: ifnonnull
  Reason:
    Expected stackmap frame at this location.
  Bytecode:
    0x0000000: b200 1859 c700 0757 b800 2204 324e 100a
    0x0000010: 2d03 0454 ac                           
" type="java.lang.VerifyError">java.lang.VerifyError: Expecting a stackmap frame at branch target 11
Exception Details:
  Location:
    A.k(J)I @4: ifnonnull
  Reason:
    Expected stackmap frame at this location.
  Bytecode:
    0x0000000: b200 1859 c700 0757 b800 2204 324e 100a
    0x0000010: 2d03 0454 ac                           

	at RandoopTest1.test108(RandoopTest1.java:4940)
</error>
  </testcase>
  <testcase classname="RandoopTest1" name="test109" time="0.0">
    <error message="Expecting a stackmap frame at branch target 11
Exception Details:
  Location:
    A.k(J)I @4: ifnonnull
  Reason:
    Expected stackmap frame at this location.
  Bytecode:
    0x0000000: b200 1859 c700 0757 b800 2204 324e 100a
    0x0000010: 2d03 0454 ac                           
" type="java.lang.VerifyError">java.lang.VerifyError: Expecting a stackmap frame at branch target 11
Exception Details:
  Location:
    A.k(J)I @4: ifnonnull
  Reason:
    Expected stackmap frame at this location.
  Bytecode:
    0x0000000: b200 1859 c700 0757 b800 2204 324e 100a
    0x0000010: 2d03 0454 ac                           

	at RandoopTest1.test109(RandoopTest1.java:4981)
</error>
  </testcase>
  <testcase classname="RandoopTest1" name="test110" time="0.0">
    <error message="Expecting a stackmap frame at branch target 11
Exception Details:
  Location:
    A.k(J)I @4: ifnonnull
  Reason:
    Expected stackmap frame at this location.
  Bytecode:
    0x0000000: b200 1859 c700 0757 b800 2204 324e 100a
    0x0000010: 2d03 0454 ac                           
" type="java.lang.VerifyError">java.lang.VerifyError: Expecting a stackmap frame at branch target 11
Exception Details:
  Location:
    A.k(J)I @4: ifnonnull
  Reason:
    Expected stackmap frame at this location.
  Bytecode:
    0x0000000: b200 1859 c700 0757 b800 2204 324e 100a
    0x0000010: 2d03 0454 ac                           

	at RandoopTest1.test110(RandoopTest1.java:5070)
</error>
  </testcase>
  <testcase classname="RandoopTest1" name="test111" time="0.0">
    <error message="Expecting a stackmap frame at branch target 11
Exception Details:
  Location:
    A.k(J)I @4: ifnonnull
  Reason:
    Expected stackmap frame at this location.
  Bytecode:
    0x0000000: b200 1859 c700 0757 b800 2204 324e 100a
    0x0000010: 2d03 0454 ac                           
" type="java.lang.VerifyError">java.lang.VerifyError: Expecting a stackmap frame at branch target 11
Exception Details:
  Location:
    A.k(J)I @4: ifnonnull
  Reason:
    Expected stackmap frame at this location.
  Bytecode:
    0x0000000: b200 1859 c700 0757 b800 2204 324e 100a
    0x0000010: 2d03 0454 ac                           

	at RandoopTest1.test111(RandoopTest1.java:5147)
</error>
  </testcase>
  <testcase classname="RandoopTest1" name="test112" time="0.001">
    <error message="Expecting a stackmap frame at branch target 11
Exception Details:
  Location:
    A.k(J)I @4: ifnonnull
  Reason:
    Expected stackmap frame at this location.
  Bytecode:
    0x0000000: b200 1859 c700 0757 b800 2204 324e 100a
    0x0000010: 2d03 0454 ac                           
" type="java.lang.VerifyError">java.lang.VerifyError: Expecting a stackmap frame at branch target 11
Exception Details:
  Location:
    A.k(J)I @4: ifnonnull
  Reason:
    Expected stackmap frame at this location.
  Bytecode:
    0x0000000: b200 1859 c700 0757 b800 2204 324e 100a
    0x0000010: 2d03 0454 ac                           

	at RandoopTest1.test112(RandoopTest1.java:5180)
</error>
  </testcase>
  <testcase classname="RandoopTest1" name="test113" time="0.0">
    <error message="Expecting a stackmap frame at branch target 11
Exception Details:
  Location:
    A.k(J)I @4: ifnonnull
  Reason:
    Expected stackmap frame at this location.
  Bytecode:
    0x0000000: b200 1859 c700 0757 b800 2204 324e 100a
    0x0000010: 2d03 0454 ac                           
" type="java.lang.VerifyError">java.lang.VerifyError: Expecting a stackmap frame at branch target 11
Exception Details:
  Location:
    A.k(J)I @4: ifnonnull
  Reason:
    Expected stackmap frame at this location.
  Bytecode:
    0x0000000: b200 1859 c700 0757 b800 2204 324e 100a
    0x0000010: 2d03 0454 ac                           

	at RandoopTest1.test113(RandoopTest1.java:5233)
</error>
  </testcase>
  <testcase classname="RandoopTest1" name="test114" time="0.0">
    <error message="Expecting a stackmap frame at branch target 11
Exception Details:
  Location:
    A.k(J)I @4: ifnonnull
  Reason:
    Expected stackmap frame at this location.
  Bytecode:
    0x0000000: b200 1859 c700 0757 b800 2204 324e 100a
    0x0000010: 2d03 0454 ac                           
" type="java.lang.VerifyError">java.lang.VerifyError: Expecting a stackmap frame at branch target 11
Exception Details:
  Location:
    A.k(J)I @4: ifnonnull
  Reason:
    Expected stackmap frame at this location.
  Bytecode:
    0x0000000: b200 1859 c700 0757 b800 2204 324e 100a
    0x0000010: 2d03 0454 ac                           

	at RandoopTest1.test114(RandoopTest1.java:5286)
</error>
  </testcase>
  <testcase classname="RandoopTest1" name="test115" time="0.0">
    <error message="Expecting a stackmap frame at branch target 11
Exception Details:
  Location:
    A.k(J)I @4: ifnonnull
  Reason:
    Expected stackmap frame at this location.
  Bytecode:
    0x0000000: b200 1859 c700 0757 b800 2204 324e 100a
    0x0000010: 2d03 0454 ac                           
" type="java.lang.VerifyError">java.lang.VerifyError: Expecting a stackmap frame at branch target 11
Exception Details:
  Location:
    A.k(J)I @4: ifnonnull
  Reason:
    Expected stackmap frame at this location.
  Bytecode:
    0x0000000: b200 1859 c700 0757 b800 2204 324e 100a
    0x0000010: 2d03 0454 ac                           

	at RandoopTest1.test115(RandoopTest1.java:5311)
</error>
  </testcase>
  <testcase classname="RandoopTest1" name="test116" time="0.001">
    <error message="Expecting a stackmap frame at branch target 11
Exception Details:
  Location:
    A.k(J)I @4: ifnonnull
  Reason:
    Expected stackmap frame at this location.
  Bytecode:
    0x0000000: b200 1859 c700 0757 b800 2204 324e 100a
    0x0000010: 2d03 0454 ac                           
" type="java.lang.VerifyError">java.lang.VerifyError: Expecting a stackmap frame at branch target 11
Exception Details:
  Location:
    A.k(J)I @4: ifnonnull
  Reason:
    Expected stackmap frame at this location.
  Bytecode:
    0x0000000: b200 1859 c700 0757 b800 2204 324e 100a
    0x0000010: 2d03 0454 ac                           

	at RandoopTest1.test116(RandoopTest1.java:5348)
</error>
  </testcase>
  <testcase classname="RandoopTest1" name="test117" time="0.0">
    <error message="Expecting a stackmap frame at branch target 11
Exception Details:
  Location:
    A.k(J)I @4: ifnonnull
  Reason:
    Expected stackmap frame at this location.
  Bytecode:
    0x0000000: b200 1859 c700 0757 b800 2204 324e 100a
    0x0000010: 2d03 0454 ac                           
" type="java.lang.VerifyError">java.lang.VerifyError: Expecting a stackmap frame at branch target 11
Exception Details:
  Location:
    A.k(J)I @4: ifnonnull
  Reason:
    Expected stackmap frame at this location.
  Bytecode:
    0x0000000: b200 1859 c700 0757 b800 2204 324e 100a
    0x0000010: 2d03 0454 ac                           

	at RandoopTest1.test117(RandoopTest1.java:5409)
</error>
  </testcase>
  <testcase classname="RandoopTest1" name="test11" time="0.0">
    <error message="Expecting a stackmap frame at branch target 11
Exception Details:
  Location:
    A.k(J)I @4: ifnonnull
  Reason:
    Expected stackmap frame at this location.
  Bytecode:
    0x0000000: b200 1859 c700 0757 b800 2204 324e 100a
    0x0000010: 2d03 0454 ac                           
" type="java.lang.VerifyError">java.lang.VerifyError: Expecting a stackmap frame at branch target 11
Exception Details:
  Location:
    A.k(J)I @4: ifnonnull
  Reason:
    Expected stackmap frame at this location.
  Bytecode:
    0x0000000: b200 1859 c700 0757 b800 2204 324e 100a
    0x0000010: 2d03 0454 ac                           

	at RandoopTest1.test11(RandoopTest1.java:443)
</error>
  </testcase>
  <testcase classname="RandoopTest1" name="test12" time="0.0">
    <error message="Expecting a stackmap frame at branch target 11
Exception Details:
  Location:
    A.k(J)I @4: ifnonnull
  Reason:
    Expected stackmap frame at this location.
  Bytecode:
    0x0000000: b200 1859 c700 0757 b800 2204 324e 100a
    0x0000010: 2d03 0454 ac                           
" type="java.lang.VerifyError">java.lang.VerifyError: Expecting a stackmap frame at branch target 11
Exception Details:
  Location:
    A.k(J)I @4: ifnonnull
  Reason:
    Expected stackmap frame at this location.
  Bytecode:
    0x0000000: b200 1859 c700 0757 b800 2204 324e 100a
    0x0000010: 2d03 0454 ac                           

	at RandoopTest1.test12(RandoopTest1.java:500)
</error>
  </testcase>
  <testcase classname="RandoopTest1" name="test13" time="0.0">
    <error message="Expecting a stackmap frame at branch target 11
Exception Details:
  Location:
    A.k(J)I @4: ifnonnull
  Reason:
    Expected stackmap frame at this location.
  Bytecode:
    0x0000000: b200 1859 c700 0757 b800 2204 324e 100a
    0x0000010: 2d03 0454 ac                           
" type="java.lang.VerifyError">java.lang.VerifyError: Expecting a stackmap frame at branch target 11
Exception Details:
  Location:
    A.k(J)I @4: ifnonnull
  Reason:
    Expected stackmap frame at this location.
  Bytecode:
    0x0000000: b200 1859 c700 0757 b800 2204 324e 100a
    0x0000010: 2d03 0454 ac                           

	at RandoopTest1.test13(RandoopTest1.java:577)
</error>
  </testcase>
  <testcase classname="RandoopTest1" name="test14" time="0.0">
    <error message="Expecting a stackmap frame at branch target 11
Exception Details:
  Location:
    A.k(J)I @4: ifnonnull
  Reason:
    Expected stackmap frame at this location.
  Bytecode:
    0x0000000: b200 1859 c700 0757 b800 2204 324e 100a
    0x0000010: 2d03 0454 ac                           
" type="java.lang.VerifyError">java.lang.VerifyError: Expecting a stackmap frame at branch target 11
Exception Details:
  Location:
    A.k(J)I @4: ifnonnull
  Reason:
    Expected stackmap frame at this location.
  Bytecode:
    0x0000000: b200 1859 c700 0757 b800 2204 324e 100a
    0x0000010: 2d03 0454 ac                           

	at RandoopTest1.test14(RandoopTest1.java:658)
</error>
  </testcase>
  <testcase classname="RandoopTest1" name="test15" time="0.0">
    <error message="Expecting a stackmap frame at branch target 11
Exception Details:
  Location:
    A.k(J)I @4: ifnonnull
  Reason:
    Expected stackmap frame at this location.
  Bytecode:
    0x0000000: b200 1859 c700 0757 b800 2204 324e 100a
    0x0000010: 2d03 0454 ac                           
" type="java.lang.VerifyError">java.lang.VerifyError: Expecting a stackmap frame at branch target 11
Exception Details:
  Location:
    A.k(J)I @4: ifnonnull
  Reason:
    Expected stackmap frame at this location.
  Bytecode:
    0x0000000: b200 1859 c700 0757 b800 2204 324e 100a
    0x0000010: 2d03 0454 ac                           

	at RandoopTest1.test15(RandoopTest1.java:691)
</error>
  </testcase>
  <testcase classname="RandoopTest1" name="test16" time="0.0">
    <error message="Expecting a stackmap frame at branch target 11
Exception Details:
  Location:
    A.k(J)I @4: ifnonnull
  Reason:
    Expected stackmap frame at this location.
  Bytecode:
    0x0000000: b200 1859 c700 0757 b800 2204 324e 100a
    0x0000010: 2d03 0454 ac                           
" type="java.lang.VerifyError">java.lang.VerifyError: Expecting a stackmap frame at branch target 11
Exception Details:
  Location:
    A.k(J)I @4: ifnonnull
  Reason:
    Expected stackmap frame at this location.
  Bytecode:
    0x0000000: b200 1859 c700 0757 b800 2204 324e 100a
    0x0000010: 2d03 0454 ac                           

	at RandoopTest1.test16(RandoopTest1.java:732)
</error>
  </testcase>
  <testcase classname="RandoopTest1" name="test17" time="0.0">
    <error message="Expecting a stackmap frame at branch target 11
Exception Details:
  Location:
    A.k(J)I @4: ifnonnull
  Reason:
    Expected stackmap frame at this location.
  Bytecode:
    0x0000000: b200 1859 c700 0757 b800 2204 324e 100a
    0x0000010: 2d03 0454 ac                           
" type="java.lang.VerifyError">java.lang.VerifyError: Expecting a stackmap frame at branch target 11
Exception Details:
  Location:
    A.k(J)I @4: ifnonnull
  Reason:
    Expected stackmap frame at this location.
  Bytecode:
    0x0000000: b200 1859 c700 0757 b800 2204 324e 100a
    0x0000010: 2d03 0454 ac                           

	at RandoopTest1.test17(RandoopTest1.java:777)
</error>
  </testcase>
  <testcase classname="RandoopTest1" name="test18" time="0.0">
    <error message="Expecting a stackmap frame at branch target 11
Exception Details:
  Location:
    A.k(J)I @4: ifnonnull
  Reason:
    Expected stackmap frame at this location.
  Bytecode:
    0x0000000: b200 1859 c700 0757 b800 2204 324e 100a
    0x0000010: 2d03 0454 ac                           
" type="java.lang.VerifyError">java.lang.VerifyError: Expecting a stackmap frame at branch target 11
Exception Details:
  Location:
    A.k(J)I @4: ifnonnull
  Reason:
    Expected stackmap frame at this location.
  Bytecode:
    0x0000000: b200 1859 c700 0757 b800 2204 324e 100a
    0x0000010: 2d03 0454 ac                           

	at RandoopTest1.test18(RandoopTest1.java:822)
</error>
  </testcase>
  <testcase classname="RandoopTest1" name="test19" time="0.0">
    <error message="Expecting a stackmap frame at branch target 11
Exception Details:
  Location:
    A.k(J)I @4: ifnonnull
  Reason:
    Expected stackmap frame at this location.
  Bytecode:
    0x0000000: b200 1859 c700 0757 b800 2204 324e 100a
    0x0000010: 2d03 0454 ac                           
" type="java.lang.VerifyError">java.lang.VerifyError: Expecting a stackmap frame at branch target 11
Exception Details:
  Location:
    A.k(J)I @4: ifnonnull
  Reason:
    Expected stackmap frame at this location.
  Bytecode:
    0x0000000: b200 1859 c700 0757 b800 2204 324e 100a
    0x0000010: 2d03 0454 ac                           

	at RandoopTest1.test19(RandoopTest1.java:871)
</error>
  </testcase>
  <testcase classname="RandoopTest1" name="test20" time="0.0">
    <error message="Expecting a stackmap frame at branch target 11
Exception Details:
  Location:
    A.k(J)I @4: ifnonnull
  Reason:
    Expected stackmap frame at this location.
  Bytecode:
    0x0000000: b200 1859 c700 0757 b800 2204 324e 100a
    0x0000010: 2d03 0454 ac                           
" type="java.lang.VerifyError">java.lang.VerifyError: Expecting a stackmap frame at branch target 11
Exception Details:
  Location:
    A.k(J)I @4: ifnonnull
  Reason:
    Expected stackmap frame at this location.
  Bytecode:
    0x0000000: b200 1859 c700 0757 b800 2204 324e 100a
    0x0000010: 2d03 0454 ac                           

	at RandoopTest1.test20(RandoopTest1.java:900)
</error>
  </testcase>
  <testcase classname="RandoopTest1" name="test21" time="0.0">
    <error message="Expecting a stackmap frame at branch target 11
Exception Details:
  Location:
    A.k(J)I @4: ifnonnull
  Reason:
    Expected stackmap frame at this location.
  Bytecode:
    0x0000000: b200 1859 c700 0757 b800 2204 324e 100a
    0x0000010: 2d03 0454 ac                           
" type="java.lang.VerifyError">java.lang.VerifyError: Expecting a stackmap frame at branch target 11
Exception Details:
  Location:
    A.k(J)I @4: ifnonnull
  Reason:
    Expected stackmap frame at this location.
  Bytecode:
    0x0000000: b200 1859 c700 0757 b800 2204 324e 100a
    0x0000010: 2d03 0454 ac                           

	at RandoopTest1.test21(RandoopTest1.java:949)
</error>
  </testcase>
  <testcase classname="RandoopTest1" name="test22" time="0.0">
    <error message="Expecting a stackmap frame at branch target 11
Exception Details:
  Location:
    A.k(J)I @4: ifnonnull
  Reason:
    Expected stackmap frame at this location.
  Bytecode:
    0x0000000: b200 1859 c700 0757 b800 2204 324e 100a
    0x0000010: 2d03 0454 ac                           
" type="java.lang.VerifyError">java.lang.VerifyError: Expecting a stackmap frame at branch target 11
Exception Details:
  Location:
    A.k(J)I @4: ifnonnull
  Reason:
    Expected stackmap frame at this location.
  Bytecode:
    0x0000000: b200 1859 c700 0757 b800 2204 324e 100a
    0x0000010: 2d03 0454 ac                           

	at RandoopTest1.test22(RandoopTest1.java:1006)
</error>
  </testcase>
  <testcase classname="RandoopTest1" name="test23" time="0.0">
    <error message="Expecting a stackmap frame at branch target 11
Exception Details:
  Location:
    A.k(J)I @4: ifnonnull
  Reason:
    Expected stackmap frame at this location.
  Bytecode:
    0x0000000: b200 1859 c700 0757 b800 2204 324e 100a
    0x0000010: 2d03 0454 ac                           
" type="java.lang.VerifyError">java.lang.VerifyError: Expecting a stackmap frame at branch target 11
Exception Details:
  Location:
    A.k(J)I @4: ifnonnull
  Reason:
    Expected stackmap frame at this location.
  Bytecode:
    0x0000000: b200 1859 c700 0757 b800 2204 324e 100a
    0x0000010: 2d03 0454 ac                           

	at RandoopTest1.test23(RandoopTest1.java:1071)
</error>
  </testcase>
  <testcase classname="RandoopTest1" name="test24" time="0.0">
    <error message="Expecting a stackmap frame at branch target 11
Exception Details:
  Location:
    A.k(J)I @4: ifnonnull
  Reason:
    Expected stackmap frame at this location.
  Bytecode:
    0x0000000: b200 1859 c700 0757 b800 2204 324e 100a
    0x0000010: 2d03 0454 ac                           
" type="java.lang.VerifyError">java.lang.VerifyError: Expecting a stackmap frame at branch target 11
Exception Details:
  Location:
    A.k(J)I @4: ifnonnull
  Reason:
    Expected stackmap frame at this location.
  Bytecode:
    0x0000000: b200 1859 c700 0757 b800 2204 324e 100a
    0x0000010: 2d03 0454 ac                           

	at RandoopTest1.test24(RandoopTest1.java:1124)
</error>
  </testcase>
  <testcase classname="RandoopTest1" name="test25" time="0.0">
    <error message="Expecting a stackmap frame at branch target 11
Exception Details:
  Location:
    A.k(J)I @4: ifnonnull
  Reason:
    Expected stackmap frame at this location.
  Bytecode:
    0x0000000: b200 1859 c700 0757 b800 2204 324e 100a
    0x0000010: 2d03 0454 ac                           
" type="java.lang.VerifyError">java.lang.VerifyError: Expecting a stackmap frame at branch target 11
Exception Details:
  Location:
    A.k(J)I @4: ifnonnull
  Reason:
    Expected stackmap frame at this location.
  Bytecode:
    0x0000000: b200 1859 c700 0757 b800 2204 324e 100a
    0x0000010: 2d03 0454 ac                           

	at RandoopTest1.test25(RandoopTest1.java:1169)
</error>
  </testcase>
  <testcase classname="RandoopTest1" name="test26" time="0.0">
    <error message="Expecting a stackmap frame at branch target 11
Exception Details:
  Location:
    A.k(J)I @4: ifnonnull
  Reason:
    Expected stackmap frame at this location.
  Bytecode:
    0x0000000: b200 1859 c700 0757 b800 2204 324e 100a
    0x0000010: 2d03 0454 ac                           
" type="java.lang.VerifyError">java.lang.VerifyError: Expecting a stackmap frame at branch target 11
Exception Details:
  Location:
    A.k(J)I @4: ifnonnull
  Reason:
    Expected stackmap frame at this location.
  Bytecode:
    0x0000000: b200 1859 c700 0757 b800 2204 324e 100a
    0x0000010: 2d03 0454 ac                           

	at RandoopTest1.test26(RandoopTest1.java:1198)
</error>
  </testcase>
  <testcase classname="RandoopTest1" name="test27" time="0.0">
    <error message="Expecting a stackmap frame at branch target 11
Exception Details:
  Location:
    A.k(J)I @4: ifnonnull
  Reason:
    Expected stackmap frame at this location.
  Bytecode:
    0x0000000: b200 1859 c700 0757 b800 2204 324e 100a
    0x0000010: 2d03 0454 ac                           
" type="java.lang.VerifyError">java.lang.VerifyError: Expecting a stackmap frame at branch target 11
Exception Details:
  Location:
    A.k(J)I @4: ifnonnull
  Reason:
    Expected stackmap frame at this location.
  Bytecode:
    0x0000000: b200 1859 c700 0757 b800 2204 324e 100a
    0x0000010: 2d03 0454 ac                           

	at RandoopTest1.test27(RandoopTest1.java:1239)
</error>
  </testcase>
  <testcase classname="RandoopTest1" name="test28" time="0.0">
    <error message="Expecting a stackmap frame at branch target 11
Exception Details:
  Location:
    A.k(J)I @4: ifnonnull
  Reason:
    Expected stackmap frame at this location.
  Bytecode:
    0x0000000: b200 1859 c700 0757 b800 2204 324e 100a
    0x0000010: 2d03 0454 ac                           
" type="java.lang.VerifyError">java.lang.VerifyError: Expecting a stackmap frame at branch target 11
Exception Details:
  Location:
    A.k(J)I @4: ifnonnull
  Reason:
    Expected stackmap frame at this location.
  Bytecode:
    0x0000000: b200 1859 c700 0757 b800 2204 324e 100a
    0x0000010: 2d03 0454 ac                           

	at RandoopTest1.test28(RandoopTest1.java:1284)
</error>
  </testcase>
  <testcase classname="RandoopTest1" name="test29" time="0.001">
    <error message="Expecting a stackmap frame at branch target 11
Exception Details:
  Location:
    A.k(J)I @4: ifnonnull
  Reason:
    Expected stackmap frame at this location.
  Bytecode:
    0x0000000: b200 1859 c700 0757 b800 2204 324e 100a
    0x0000010: 2d03 0454 ac                           
" type="java.lang.VerifyError">java.lang.VerifyError: Expecting a stackmap frame at branch target 11
Exception Details:
  Location:
    A.k(J)I @4: ifnonnull
  Reason:
    Expected stackmap frame at this location.
  Bytecode:
    0x0000000: b200 1859 c700 0757 b800 2204 324e 100a
    0x0000010: 2d03 0454 ac                           

	at RandoopTest1.test29(RandoopTest1.java:1317)
</error>
  </testcase>
  <testcase classname="RandoopTest1" name="test30" time="0.0">
    <error message="Expecting a stackmap frame at branch target 11
Exception Details:
  Location:
    A.k(J)I @4: ifnonnull
  Reason:
    Expected stackmap frame at this location.
  Bytecode:
    0x0000000: b200 1859 c700 0757 b800 2204 324e 100a
    0x0000010: 2d03 0454 ac                           
" type="java.lang.VerifyError">java.lang.VerifyError: Expecting a stackmap frame at branch target 11
Exception Details:
  Location:
    A.k(J)I @4: ifnonnull
  Reason:
    Expected stackmap frame at this location.
  Bytecode:
    0x0000000: b200 1859 c700 0757 b800 2204 324e 100a
    0x0000010: 2d03 0454 ac                           

	at RandoopTest1.test30(RandoopTest1.java:1370)
</error>
  </testcase>
  <testcase classname="RandoopTest1" name="test31" time="0.0">
    <error message="Expecting a stackmap frame at branch target 11
Exception Details:
  Location:
    A.k(J)I @4: ifnonnull
  Reason:
    Expected stackmap frame at this location.
  Bytecode:
    0x0000000: b200 1859 c700 0757 b800 2204 324e 100a
    0x0000010: 2d03 0454 ac                           
" type="java.lang.VerifyError">java.lang.VerifyError: Expecting a stackmap frame at branch target 11
Exception Details:
  Location:
    A.k(J)I @4: ifnonnull
  Reason:
    Expected stackmap frame at this location.
  Bytecode:
    0x0000000: b200 1859 c700 0757 b800 2204 324e 100a
    0x0000010: 2d03 0454 ac                           

	at RandoopTest1.test31(RandoopTest1.java:1423)
</error>
  </testcase>
  <testcase classname="RandoopTest1" name="test32" time="0.0">
    <error message="Expecting a stackmap frame at branch target 11
Exception Details:
  Location:
    A.k(J)I @4: ifnonnull
  Reason:
    Expected stackmap frame at this location.
  Bytecode:
    0x0000000: b200 1859 c700 0757 b800 2204 324e 100a
    0x0000010: 2d03 0454 ac                           
" type="java.lang.VerifyError">java.lang.VerifyError: Expecting a stackmap frame at branch target 11
Exception Details:
  Location:
    A.k(J)I @4: ifnonnull
  Reason:
    Expected stackmap frame at this location.
  Bytecode:
    0x0000000: b200 1859 c700 0757 b800 2204 324e 100a
    0x0000010: 2d03 0454 ac                           

	at RandoopTest1.test32(RandoopTest1.java:1476)
</error>
  </testcase>
  <testcase classname="RandoopTest1" name="test33" time="0.001">
    <error message="Expecting a stackmap frame at branch target 11
Exception Details:
  Location:
    A.k(J)I @4: ifnonnull
  Reason:
    Expected stackmap frame at this location.
  Bytecode:
    0x0000000: b200 1859 c700 0757 b800 2204 324e 100a
    0x0000010: 2d03 0454 ac                           
" type="java.lang.VerifyError">java.lang.VerifyError: Expecting a stackmap frame at branch target 11
Exception Details:
  Location:
    A.k(J)I @4: ifnonnull
  Reason:
    Expected stackmap frame at this location.
  Bytecode:
    0x0000000: b200 1859 c700 0757 b800 2204 324e 100a
    0x0000010: 2d03 0454 ac                           

	at RandoopTest1.test33(RandoopTest1.java:1525)
</error>
  </testcase>
  <testcase classname="RandoopTest1" name="test34" time="0.0">
    <error message="Expecting a stackmap frame at branch target 11
Exception Details:
  Location:
    A.k(J)I @4: ifnonnull
  Reason:
    Expected stackmap frame at this location.
  Bytecode:
    0x0000000: b200 1859 c700 0757 b800 2204 324e 100a
    0x0000010: 2d03 0454 ac                           
" type="java.lang.VerifyError">java.lang.VerifyError: Expecting a stackmap frame at branch target 11
Exception Details:
  Location:
    A.k(J)I @4: ifnonnull
  Reason:
    Expected stackmap frame at this location.
  Bytecode:
    0x0000000: b200 1859 c700 0757 b800 2204 324e 100a
    0x0000010: 2d03 0454 ac                           

	at RandoopTest1.test34(RandoopTest1.java:1566)
</error>
  </testcase>
  <testcase classname="RandoopTest1" name="test35" time="0.0">
    <error message="Expecting a stackmap frame at branch target 11
Exception Details:
  Location:
    A.k(J)I @4: ifnonnull
  Reason:
    Expected stackmap frame at this location.
  Bytecode:
    0x0000000: b200 1859 c700 0757 b800 2204 324e 100a
    0x0000010: 2d03 0454 ac                           
" type="java.lang.VerifyError">java.lang.VerifyError: Expecting a stackmap frame at branch target 11
Exception Details:
  Location:
    A.k(J)I @4: ifnonnull
  Reason:
    Expected stackmap frame at this location.
  Bytecode:
    0x0000000: b200 1859 c700 0757 b800 2204 324e 100a
    0x0000010: 2d03 0454 ac                           

	at RandoopTest1.test35(RandoopTest1.java:1607)
</error>
  </testcase>
  <testcase classname="RandoopTest1" name="test36" time="0.0">
    <error message="Expecting a stackmap frame at branch target 11
Exception Details:
  Location:
    A.k(J)I @4: ifnonnull
  Reason:
    Expected stackmap frame at this location.
  Bytecode:
    0x0000000: b200 1859 c700 0757 b800 2204 324e 100a
    0x0000010: 2d03 0454 ac                           
" type="java.lang.VerifyError">java.lang.VerifyError: Expecting a stackmap frame at branch target 11
Exception Details:
  Location:
    A.k(J)I @4: ifnonnull
  Reason:
    Expected stackmap frame at this location.
  Bytecode:
    0x0000000: b200 1859 c700 0757 b800 2204 324e 100a
    0x0000010: 2d03 0454 ac                           

	at RandoopTest1.test36(RandoopTest1.java:1640)
</error>
  </testcase>
  <testcase classname="RandoopTest1" name="test37" time="0.001">
    <error message="Expecting a stackmap frame at branch target 11
Exception Details:
  Location:
    A.k(J)I @4: ifnonnull
  Reason:
    Expected stackmap frame at this location.
  Bytecode:
    0x0000000: b200 1859 c700 0757 b800 2204 324e 100a
    0x0000010: 2d03 0454 ac                           
" type="java.lang.VerifyError">java.lang.VerifyError: Expecting a stackmap frame at branch target 11
Exception Details:
  Location:
    A.k(J)I @4: ifnonnull
  Reason:
    Expected stackmap frame at this location.
  Bytecode:
    0x0000000: b200 1859 c700 0757 b800 2204 324e 100a
    0x0000010: 2d03 0454 ac                           

	at RandoopTest1.test37(RandoopTest1.java:1673)
</error>
  </testcase>
  <testcase classname="RandoopTest1" name="test38" time="0.0">
    <error message="Expecting a stackmap frame at branch target 11
Exception Details:
  Location:
    A.k(J)I @4: ifnonnull
  Reason:
    Expected stackmap frame at this location.
  Bytecode:
    0x0000000: b200 1859 c700 0757 b800 2204 324e 100a
    0x0000010: 2d03 0454 ac                           
" type="java.lang.VerifyError">java.lang.VerifyError: Expecting a stackmap frame at branch target 11
Exception Details:
  Location:
    A.k(J)I @4: ifnonnull
  Reason:
    Expected stackmap frame at this location.
  Bytecode:
    0x0000000: b200 1859 c700 0757 b800 2204 324e 100a
    0x0000010: 2d03 0454 ac                           

	at RandoopTest1.test38(RandoopTest1.java:1706)
</error>
  </testcase>
  <testcase classname="RandoopTest1" name="test39" time="0.0">
    <error message="Expecting a stackmap frame at branch target 11
Exception Details:
  Location:
    A.k(J)I @4: ifnonnull
  Reason:
    Expected stackmap frame at this location.
  Bytecode:
    0x0000000: b200 1859 c700 0757 b800 2204 324e 100a
    0x0000010: 2d03 0454 ac                           
" type="java.lang.VerifyError">java.lang.VerifyError: Expecting a stackmap frame at branch target 11
Exception Details:
  Location:
    A.k(J)I @4: ifnonnull
  Reason:
    Expected stackmap frame at this location.
  Bytecode:
    0x0000000: b200 1859 c700 0757 b800 2204 324e 100a
    0x0000010: 2d03 0454 ac                           

	at RandoopTest1.test39(RandoopTest1.java:1751)
</error>
  </testcase>
  <testcase classname="RandoopTest1" name="test40" time="0.001">
    <error message="Expecting a stackmap frame at branch target 11
Exception Details:
  Location:
    A.k(J)I @4: ifnonnull
  Reason:
    Expected stackmap frame at this location.
  Bytecode:
    0x0000000: b200 1859 c700 0757 b800 2204 324e 100a
    0x0000010: 2d03 0454 ac                           
" type="java.lang.VerifyError">java.lang.VerifyError: Expecting a stackmap frame at branch target 11
Exception Details:
  Location:
    A.k(J)I @4: ifnonnull
  Reason:
    Expected stackmap frame at this location.
  Bytecode:
    0x0000000: b200 1859 c700 0757 b800 2204 324e 100a
    0x0000010: 2d03 0454 ac                           

	at RandoopTest1.test40(RandoopTest1.java:1792)
</error>
  </testcase>
  <testcase classname="RandoopTest1" name="test41" time="0.0">
    <error message="Expecting a stackmap frame at branch target 11
Exception Details:
  Location:
    A.k(J)I @4: ifnonnull
  Reason:
    Expected stackmap frame at this location.
  Bytecode:
    0x0000000: b200 1859 c700 0757 b800 2204 324e 100a
    0x0000010: 2d03 0454 ac                           
" type="java.lang.VerifyError">java.lang.VerifyError: Expecting a stackmap frame at branch target 11
Exception Details:
  Location:
    A.k(J)I @4: ifnonnull
  Reason:
    Expected stackmap frame at this location.
  Bytecode:
    0x0000000: b200 1859 c700 0757 b800 2204 324e 100a
    0x0000010: 2d03 0454 ac                           

	at RandoopTest1.test41(RandoopTest1.java:1849)
</error>
  </testcase>
  <testcase classname="RandoopTest1" name="test42" time="0.0">
    <error message="Expecting a stackmap frame at branch target 11
Exception Details:
  Location:
    A.k(J)I @4: ifnonnull
  Reason:
    Expected stackmap frame at this location.
  Bytecode:
    0x0000000: b200 1859 c700 0757 b800 2204 324e 100a
    0x0000010: 2d03 0454 ac                           
" type="java.lang.VerifyError">java.lang.VerifyError: Expecting a stackmap frame at branch target 11
Exception Details:
  Location:
    A.k(J)I @4: ifnonnull
  Reason:
    Expected stackmap frame at this location.
  Bytecode:
    0x0000000: b200 1859 c700 0757 b800 2204 324e 100a
    0x0000010: 2d03 0454 ac                           

	at RandoopTest1.test42(RandoopTest1.java:1898)
</error>
  </testcase>
  <testcase classname="RandoopTest1" name="test43" time="0.0">
    <error message="Expecting a stackmap frame at branch target 11
Exception Details:
  Location:
    A.k(J)I @4: ifnonnull
  Reason:
    Expected stackmap frame at this location.
  Bytecode:
    0x0000000: b200 1859 c700 0757 b800 2204 324e 100a
    0x0000010: 2d03 0454 ac                           
" type="java.lang.VerifyError">java.lang.VerifyError: Expecting a stackmap frame at branch target 11
Exception Details:
  Location:
    A.k(J)I @4: ifnonnull
  Reason:
    Expected stackmap frame at this location.
  Bytecode:
    0x0000000: b200 1859 c700 0757 b800 2204 324e 100a
    0x0000010: 2d03 0454 ac                           

	at RandoopTest1.test43(RandoopTest1.java:1935)
</error>
  </testcase>
  <testcase classname="RandoopTest1" name="test44" time="0.006">
    <error message="Expecting a stackmap frame at branch target 11
Exception Details:
  Location:
    A.k(J)I @4: ifnonnull
  Reason:
    Expected stackmap frame at this location.
  Bytecode:
    0x0000000: b200 1859 c700 0757 b800 2204 324e 100a
    0x0000010: 2d03 0454 ac                           
" type="java.lang.VerifyError">java.lang.VerifyError: Expecting a stackmap frame at branch target 11
Exception Details:
  Location:
    A.k(J)I @4: ifnonnull
  Reason:
    Expected stackmap frame at this location.
  Bytecode:
    0x0000000: b200 1859 c700 0757 b800 2204 324e 100a
    0x0000010: 2d03 0454 ac                           

	at RandoopTest1.test44(RandoopTest1.java:1972)
</error>
  </testcase>
  <testcase classname="RandoopTest1" name="test45" time="0.001">
    <error message="Expecting a stackmap frame at branch target 11
Exception Details:
  Location:
    A.k(J)I @4: ifnonnull
  Reason:
    Expected stackmap frame at this location.
  Bytecode:
    0x0000000: b200 1859 c700 0757 b800 2204 324e 100a
    0x0000010: 2d03 0454 ac                           
" type="java.lang.VerifyError">java.lang.VerifyError: Expecting a stackmap frame at branch target 11
Exception Details:
  Location:
    A.k(J)I @4: ifnonnull
  Reason:
    Expected stackmap frame at this location.
  Bytecode:
    0x0000000: b200 1859 c700 0757 b800 2204 324e 100a
    0x0000010: 2d03 0454 ac                           

	at RandoopTest1.test45(RandoopTest1.java:2005)
</error>
  </testcase>
  <testcase classname="RandoopTest1" name="test46" time="0.0">
    <error message="Expecting a stackmap frame at branch target 11
Exception Details:
  Location:
    A.k(J)I @4: ifnonnull
  Reason:
    Expected stackmap frame at this location.
  Bytecode:
    0x0000000: b200 1859 c700 0757 b800 2204 324e 100a
    0x0000010: 2d03 0454 ac                           
" type="java.lang.VerifyError">java.lang.VerifyError: Expecting a stackmap frame at branch target 11
Exception Details:
  Location:
    A.k(J)I @4: ifnonnull
  Reason:
    Expected stackmap frame at this location.
  Bytecode:
    0x0000000: b200 1859 c700 0757 b800 2204 324e 100a
    0x0000010: 2d03 0454 ac                           

	at RandoopTest1.test46(RandoopTest1.java:2042)
</error>
  </testcase>
  <testcase classname="RandoopTest1" name="test47" time="0.0">
    <error message="Expecting a stackmap frame at branch target 11
Exception Details:
  Location:
    A.k(J)I @4: ifnonnull
  Reason:
    Expected stackmap frame at this location.
  Bytecode:
    0x0000000: b200 1859 c700 0757 b800 2204 324e 100a
    0x0000010: 2d03 0454 ac                           
" type="java.lang.VerifyError">java.lang.VerifyError: Expecting a stackmap frame at branch target 11
Exception Details:
  Location:
    A.k(J)I @4: ifnonnull
  Reason:
    Expected stackmap frame at this location.
  Bytecode:
    0x0000000: b200 1859 c700 0757 b800 2204 324e 100a
    0x0000010: 2d03 0454 ac                           

	at RandoopTest1.test47(RandoopTest1.java:2079)
</error>
  </testcase>
  <testcase classname="RandoopTest1" name="test48" time="0.0">
    <error message="Expecting a stackmap frame at branch target 11
Exception Details:
  Location:
    A.k(J)I @4: ifnonnull
  Reason:
    Expected stackmap frame at this location.
  Bytecode:
    0x0000000: b200 1859 c700 0757 b800 2204 324e 100a
    0x0000010: 2d03 0454 ac                           
" type="java.lang.VerifyError">java.lang.VerifyError: Expecting a stackmap frame at branch target 11
Exception Details:
  Location:
    A.k(J)I @4: ifnonnull
  Reason:
    Expected stackmap frame at this location.
  Bytecode:
    0x0000000: b200 1859 c700 0757 b800 2204 324e 100a
    0x0000010: 2d03 0454 ac                           

	at RandoopTest1.test48(RandoopTest1.java:2120)
</error>
  </testcase>
  <testcase classname="RandoopTest1" name="test49" time="0.001">
    <error message="Expecting a stackmap frame at branch target 11
Exception Details:
  Location:
    A.k(J)I @4: ifnonnull
  Reason:
    Expected stackmap frame at this location.
  Bytecode:
    0x0000000: b200 1859 c700 0757 b800 2204 324e 100a
    0x0000010: 2d03 0454 ac                           
" type="java.lang.VerifyError">java.lang.VerifyError: Expecting a stackmap frame at branch target 11
Exception Details:
  Location:
    A.k(J)I @4: ifnonnull
  Reason:
    Expected stackmap frame at this location.
  Bytecode:
    0x0000000: b200 1859 c700 0757 b800 2204 324e 100a
    0x0000010: 2d03 0454 ac                           

	at RandoopTest1.test49(RandoopTest1.java:2173)
</error>
  </testcase>
  <testcase classname="RandoopTest1" name="test50" time="0.0">
    <error message="Expecting a stackmap frame at branch target 11
Exception Details:
  Location:
    A.k(J)I @4: ifnonnull
  Reason:
    Expected stackmap frame at this location.
  Bytecode:
    0x0000000: b200 1859 c700 0757 b800 2204 324e 100a
    0x0000010: 2d03 0454 ac                           
" type="java.lang.VerifyError">java.lang.VerifyError: Expecting a stackmap frame at branch target 11
Exception Details:
  Location:
    A.k(J)I @4: ifnonnull
  Reason:
    Expected stackmap frame at this location.
  Bytecode:
    0x0000000: b200 1859 c700 0757 b800 2204 324e 100a
    0x0000010: 2d03 0454 ac                           

	at RandoopTest1.test50(RandoopTest1.java:2238)
</error>
  </testcase>
  <testcase classname="RandoopTest1" name="test51" time="0.0">
    <error message="Expecting a stackmap frame at branch target 11
Exception Details:
  Location:
    A.k(J)I @4: ifnonnull
  Reason:
    Expected stackmap frame at this location.
  Bytecode:
    0x0000000: b200 1859 c700 0757 b800 2204 324e 100a
    0x0000010: 2d03 0454 ac                           
" type="java.lang.VerifyError">java.lang.VerifyError: Expecting a stackmap frame at branch target 11
Exception Details:
  Location:
    A.k(J)I @4: ifnonnull
  Reason:
    Expected stackmap frame at this location.
  Bytecode:
    0x0000000: b200 1859 c700 0757 b800 2204 324e 100a
    0x0000010: 2d03 0454 ac                           

	at RandoopTest1.test51(RandoopTest1.java:2315)
</error>
  </testcase>
  <testcase classname="RandoopTest1" name="test52" time="0.0">
    <error message="Expecting a stackmap frame at branch target 11
Exception Details:
  Location:
    A.k(J)I @4: ifnonnull
  Reason:
    Expected stackmap frame at this location.
  Bytecode:
    0x0000000: b200 1859 c700 0757 b800 2204 324e 100a
    0x0000010: 2d03 0454 ac                           
" type="java.lang.VerifyError">java.lang.VerifyError: Expecting a stackmap frame at branch target 11
Exception Details:
  Location:
    A.k(J)I @4: ifnonnull
  Reason:
    Expected stackmap frame at this location.
  Bytecode:
    0x0000000: b200 1859 c700 0757 b800 2204 324e 100a
    0x0000010: 2d03 0454 ac                           

	at RandoopTest1.test52(RandoopTest1.java:2352)
</error>
  </testcase>
  <testcase classname="RandoopTest1" name="test53" time="0.0">
    <error message="Expecting a stackmap frame at branch target 11
Exception Details:
  Location:
    A.k(J)I @4: ifnonnull
  Reason:
    Expected stackmap frame at this location.
  Bytecode:
    0x0000000: b200 1859 c700 0757 b800 2204 324e 100a
    0x0000010: 2d03 0454 ac                           
" type="java.lang.VerifyError">java.lang.VerifyError: Expecting a stackmap frame at branch target 11
Exception Details:
  Location:
    A.k(J)I @4: ifnonnull
  Reason:
    Expected stackmap frame at this location.
  Bytecode:
    0x0000000: b200 1859 c700 0757 b800 2204 324e 100a
    0x0000010: 2d03 0454 ac                           

	at RandoopTest1.test53(RandoopTest1.java:2385)
</error>
  </testcase>
  <testcase classname="RandoopTest1" name="test54" time="0.0">
    <error message="Expecting a stackmap frame at branch target 11
Exception Details:
  Location:
    A.k(J)I @4: ifnonnull
  Reason:
    Expected stackmap frame at this location.
  Bytecode:
    0x0000000: b200 1859 c700 0757 b800 2204 324e 100a
    0x0000010: 2d03 0454 ac                           
" type="java.lang.VerifyError">java.lang.VerifyError: Expecting a stackmap frame at branch target 11
Exception Details:
  Location:
    A.k(J)I @4: ifnonnull
  Reason:
    Expected stackmap frame at this location.
  Bytecode:
    0x0000000: b200 1859 c700 0757 b800 2204 324e 100a
    0x0000010: 2d03 0454 ac                           

	at RandoopTest1.test54(RandoopTest1.java:2422)
</error>
  </testcase>
  <testcase classname="RandoopTest1" name="test55" time="0.0">
    <error message="Expecting a stackmap frame at branch target 11
Exception Details:
  Location:
    A.k(J)I @4: ifnonnull
  Reason:
    Expected stackmap frame at this location.
  Bytecode:
    0x0000000: b200 1859 c700 0757 b800 2204 324e 100a
    0x0000010: 2d03 0454 ac                           
" type="java.lang.VerifyError">java.lang.VerifyError: Expecting a stackmap frame at branch target 11
Exception Details:
  Location:
    A.k(J)I @4: ifnonnull
  Reason:
    Expected stackmap frame at this location.
  Bytecode:
    0x0000000: b200 1859 c700 0757 b800 2204 324e 100a
    0x0000010: 2d03 0454 ac                           

	at RandoopTest1.test55(RandoopTest1.java:2471)
</error>
  </testcase>
  <testcase classname="RandoopTest1" name="test56" time="0.0">
    <error message="Expecting a stackmap frame at branch target 11
Exception Details:
  Location:
    A.k(J)I @4: ifnonnull
  Reason:
    Expected stackmap frame at this location.
  Bytecode:
    0x0000000: b200 1859 c700 0757 b800 2204 324e 100a
    0x0000010: 2d03 0454 ac                           
" type="java.lang.VerifyError">java.lang.VerifyError: Expecting a stackmap frame at branch target 11
Exception Details:
  Location:
    A.k(J)I @4: ifnonnull
  Reason:
    Expected stackmap frame at this location.
  Bytecode:
    0x0000000: b200 1859 c700 0757 b800 2204 324e 100a
    0x0000010: 2d03 0454 ac                           

	at RandoopTest1.test56(RandoopTest1.java:2520)
</error>
  </testcase>
  <testcase classname="RandoopTest1" name="test57" time="0.001">
    <error message="Expecting a stackmap frame at branch target 11
Exception Details:
  Location:
    A.k(J)I @4: ifnonnull
  Reason:
    Expected stackmap frame at this location.
  Bytecode:
    0x0000000: b200 1859 c700 0757 b800 2204 324e 100a
    0x0000010: 2d03 0454 ac                           
" type="java.lang.VerifyError">java.lang.VerifyError: Expecting a stackmap frame at branch target 11
Exception Details:
  Location:
    A.k(J)I @4: ifnonnull
  Reason:
    Expected stackmap frame at this location.
  Bytecode:
    0x0000000: b200 1859 c700 0757 b800 2204 324e 100a
    0x0000010: 2d03 0454 ac                           

	at RandoopTest1.test57(RandoopTest1.java:2577)
</error>
  </testcase>
  <testcase classname="RandoopTest1" name="test58" time="0.0">
    <error message="Expecting a stackmap frame at branch target 11
Exception Details:
  Location:
    A.k(J)I @4: ifnonnull
  Reason:
    Expected stackmap frame at this location.
  Bytecode:
    0x0000000: b200 1859 c700 0757 b800 2204 324e 100a
    0x0000010: 2d03 0454 ac                           
" type="java.lang.VerifyError">java.lang.VerifyError: Expecting a stackmap frame at branch target 11
Exception Details:
  Location:
    A.k(J)I @4: ifnonnull
  Reason:
    Expected stackmap frame at this location.
  Bytecode:
    0x0000000: b200 1859 c700 0757 b800 2204 324e 100a
    0x0000010: 2d03 0454 ac                           

	at RandoopTest1.test58(RandoopTest1.java:2594)
</error>
  </testcase>
  <testcase classname="RandoopTest1" name="test118" time="0.0">
    <error message="Expecting a stackmap frame at branch target 11
Exception Details:
  Location:
    A.k(J)I @4: ifnonnull
  Reason:
    Expected stackmap frame at this location.
  Bytecode:
    0x0000000: b200 1859 c700 0757 b800 2204 324e 100a
    0x0000010: 2d03 0454 ac                           
" type="java.lang.VerifyError">java.lang.VerifyError: Expecting a stackmap frame at branch target 11
Exception Details:
  Location:
    A.k(J)I @4: ifnonnull
  Reason:
    Expected stackmap frame at this location.
  Bytecode:
    0x0000000: b200 1859 c700 0757 b800 2204 324e 100a
    0x0000010: 2d03 0454 ac                           

	at RandoopTest1.test118(RandoopTest1.java:5454)
</error>
  </testcase>
  <testcase classname="RandoopTest1" name="test119" time="0.0">
    <error message="Expecting a stackmap frame at branch target 11
Exception Details:
  Location:
    A.k(J)I @4: ifnonnull
  Reason:
    Expected stackmap frame at this location.
  Bytecode:
    0x0000000: b200 1859 c700 0757 b800 2204 324e 100a
    0x0000010: 2d03 0454 ac                           
" type="java.lang.VerifyError">java.lang.VerifyError: Expecting a stackmap frame at branch target 11
Exception Details:
  Location:
    A.k(J)I @4: ifnonnull
  Reason:
    Expected stackmap frame at this location.
  Bytecode:
    0x0000000: b200 1859 c700 0757 b800 2204 324e 100a
    0x0000010: 2d03 0454 ac                           

	at RandoopTest1.test119(RandoopTest1.java:5495)
</error>
  </testcase>
  <testcase classname="RandoopTest1" name="test1" time="0.0">
    <error message="Expecting a stackmap frame at branch target 11
Exception Details:
  Location:
    A.k(J)I @4: ifnonnull
  Reason:
    Expected stackmap frame at this location.
  Bytecode:
    0x0000000: b200 1859 c700 0757 b800 2204 324e 100a
    0x0000010: 2d03 0454 ac                           
" type="java.lang.VerifyError">java.lang.VerifyError: Expecting a stackmap frame at branch target 11
Exception Details:
  Location:
    A.k(J)I @4: ifnonnull
  Reason:
    Expected stackmap frame at this location.
  Bytecode:
    0x0000000: b200 1859 c700 0757 b800 2204 324e 100a
    0x0000010: 2d03 0454 ac                           

	at RandoopTest1.test1(RandoopTest1.java:13)
</error>
  </testcase>
  <testcase classname="RandoopTest1" name="test2" time="0.0">
    <error message="Expecting a stackmap frame at branch target 11
Exception Details:
  Location:
    A.k(J)I @4: ifnonnull
  Reason:
    Expected stackmap frame at this location.
  Bytecode:
    0x0000000: b200 1859 c700 0757 b800 2204 324e 100a
    0x0000010: 2d03 0454 ac                           
" type="java.lang.VerifyError">java.lang.VerifyError: Expecting a stackmap frame at branch target 11
Exception Details:
  Location:
    A.k(J)I @4: ifnonnull
  Reason:
    Expected stackmap frame at this location.
  Bytecode:
    0x0000000: b200 1859 c700 0757 b800 2204 324e 100a
    0x0000010: 2d03 0454 ac                           

	at RandoopTest1.test2(RandoopTest1.java:42)
</error>
  </testcase>
  <testcase classname="RandoopTest1" name="test3" time="0.0">
    <error message="Expecting a stackmap frame at branch target 11
Exception Details:
  Location:
    A.k(J)I @4: ifnonnull
  Reason:
    Expected stackmap frame at this location.
  Bytecode:
    0x0000000: b200 1859 c700 0757 b800 2204 324e 100a
    0x0000010: 2d03 0454 ac                           
" type="java.lang.VerifyError">java.lang.VerifyError: Expecting a stackmap frame at branch target 11
Exception Details:
  Location:
    A.k(J)I @4: ifnonnull
  Reason:
    Expected stackmap frame at this location.
  Bytecode:
    0x0000000: b200 1859 c700 0757 b800 2204 324e 100a
    0x0000010: 2d03 0454 ac                           

	at RandoopTest1.test3(RandoopTest1.java:63)
</error>
  </testcase>
  <system-out><![CDATA[]]></system-out>
  <system-err><![CDATA[]]></system-err>
</testsuite>
